ARM GAS  /tmp/ccDpX9Rb.s 			page 1


   1              		.syntax unified
   2              		.cpu cortex-m3
   3              		.fpu softvfp
   4              		.eabi_attribute 20, 1
   5              		.eabi_attribute 21, 1
   6              		.eabi_attribute 23, 3
   7              		.eabi_attribute 24, 1
   8              		.eabi_attribute 25, 1
   9              		.eabi_attribute 26, 1
  10              		.eabi_attribute 30, 2
  11              		.eabi_attribute 34, 1
  12              		.eabi_attribute 18, 4
  13              		.thumb
  14              		.file	"board.c"
  15              		.text
  16              	.Ltext0:
  17              		.cfi_sections	.debug_frame
  18              		.section	.text.__early_init,"ax",%progbits
  19              		.align	2
  20              		.global	__early_init
  21              		.thumb
  22              		.thumb_func
  23              		.type	__early_init, %function
  24              	__early_init:
  25              	.LFB63:
  26              		.file 1 "../../boards/AKAIKABA_LPC1768/board.c"
  27              		.loc 1 42 0
  28              		.cfi_startproc
  29              		@ args = 0, pretend = 0, frame = 0
  30              		@ frame_needed = 0, uses_anonymous_args = 0
  31 0000 38B5     		push	{r3, r4, r5, lr}
  32              		.cfi_def_cfa_offset 16
  33              		.cfi_offset 3, -16
  34              		.cfi_offset 4, -12
  35              		.cfi_offset 5, -8
  36              		.cfi_offset 14, -4
  37              		.loc 1 45 0
  38 0002 FFF7FEFF 		bl	SystemInit
  39              	.LVL0:
  40              	.LBB8:
  41              	.LBB9:
  42              		.file 2 "../../os/ports/common/ARMCMx/CMSIS/include/core_cm3.h"
  43              		.loc 2 1521 0
  44 0006 4EF21003 		movw	r3, #57360
  45 000a 48F29F61 		movw	r1, #34463
  46              	.LBB10:
  47              	.LBB11:
  48              		.loc 2 1393 0
  49 000e 4FF46D42 		mov	r2, #60672
  50              	.LBE11:
  51              	.LBE10:
  52              		.loc 2 1521 0
  53 0012 CEF20003 		movt	r3, 57344
  54 0016 C0F20101 		movt	r1, 1
  55              	.LBB14:
  56              	.LBB12:
  57              		.loc 2 1393 0
ARM GAS  /tmp/ccDpX9Rb.s 			page 2


  58 001a CEF20002 		movt	r2, 57344
  59 001e F825     		movs	r5, #248
  60              	.LBE12:
  61              	.LBE14:
  62              		.loc 2 1521 0
  63 0020 5960     		str	r1, [r3, #4]
  64              	.LVL1:
  65              		.loc 2 1523 0
  66 0022 0024     		movs	r4, #0
  67              	.LBB15:
  68              	.LBB13:
  69              		.loc 2 1393 0
  70 0024 82F82350 		strb	r5, [r2, #35]
  71              	.LBE13:
  72              	.LBE15:
  73              		.loc 2 1524 0
  74 0028 0720     		movs	r0, #7
  75              		.loc 2 1523 0
  76 002a 9C60     		str	r4, [r3, #8]
  77              		.loc 2 1524 0
  78 002c 1860     		str	r0, [r3]
  79 002e 38BD     		pop	{r3, r4, r5, pc}
  80              	.LBE9:
  81              	.LBE8:
  82              		.cfi_endproc
  83              	.LFE63:
  84              		.size	__early_init, .-__early_init
  85              		.section	.text.boardInit,"ax",%progbits
  86              		.align	2
  87              		.global	boardInit
  88              		.thumb
  89              		.thumb_func
  90              		.type	boardInit, %function
  91              	boardInit:
  92              	.LFB64:
  93              		.loc 1 52 0
  94              		.cfi_startproc
  95              		@ args = 0, pretend = 0, frame = 0
  96              		@ frame_needed = 0, uses_anonymous_args = 0
  97              		@ link register save eliminated.
  98 0000 7047     		bx	lr
  99              		.cfi_endproc
 100              	.LFE64:
 101              		.size	boardInit, .-boardInit
 102 0002 00BF     		.text
 103              	.Letext0:
 104              		.file 3 "/home/daniofb/arm-cm3-eabi/arm-cm3-eabi/sys-include/stdint.h"
 105              		.file 4 "../../boards/AKAIKABA_LPC1768/LPC17xx.h"
 106              		.file 5 "../../boards/AKAIKABA_LPC1768/system_LPC17xx.h"
 107              		.section	.debug_info,"",%progbits
 108              	.Ldebug_info0:
 109 0000 87050000 		.4byte	0x587
 110 0004 0400     		.2byte	0x4
 111 0006 00000000 		.4byte	.Ldebug_abbrev0
 112 000a 04       		.byte	0x4
 113 000b 01       		.uleb128 0x1
 114 000c BD030000 		.4byte	.LASF92
ARM GAS  /tmp/ccDpX9Rb.s 			page 3


 115 0010 01       		.byte	0x1
 116 0011 18000000 		.4byte	.LASF93
 117 0015 75030000 		.4byte	.LASF94
 118 0019 20000000 		.4byte	.Ldebug_ranges0+0x20
 119 001d 00000000 		.4byte	0
 120 0021 00000000 		.4byte	.Ldebug_line0
 121 0025 02       		.uleb128 0x2
 122 0026 04       		.byte	0x4
 123 0027 05       		.byte	0x5
 124 0028 696E7400 		.ascii	"int\000"
 125 002c 03       		.uleb128 0x3
 126 002d 04       		.byte	0x4
 127 002e 07       		.byte	0x7
 128 002f 9B040000 		.4byte	.LASF0
 129 0033 03       		.uleb128 0x3
 130 0034 01       		.byte	0x1
 131 0035 06       		.byte	0x6
 132 0036 F2010000 		.4byte	.LASF1
 133 003a 04       		.uleb128 0x4
 134 003b C6000000 		.4byte	.LASF5
 135 003f 03       		.byte	0x3
 136 0040 2A       		.byte	0x2a
 137 0041 45000000 		.4byte	0x45
 138 0045 03       		.uleb128 0x3
 139 0046 01       		.byte	0x1
 140 0047 08       		.byte	0x8
 141 0048 B7010000 		.4byte	.LASF2
 142 004c 03       		.uleb128 0x3
 143 004d 02       		.byte	0x2
 144 004e 05       		.byte	0x5
 145 004f 62000000 		.4byte	.LASF3
 146 0053 03       		.uleb128 0x3
 147 0054 02       		.byte	0x2
 148 0055 07       		.byte	0x7
 149 0056 7A020000 		.4byte	.LASF4
 150 005a 04       		.uleb128 0x4
 151 005b 97020000 		.4byte	.LASF6
 152 005f 03       		.byte	0x3
 153 0060 4F       		.byte	0x4f
 154 0061 65000000 		.4byte	0x65
 155 0065 03       		.uleb128 0x3
 156 0066 04       		.byte	0x4
 157 0067 05       		.byte	0x5
 158 0068 48010000 		.4byte	.LASF7
 159 006c 04       		.uleb128 0x4
 160 006d A8010000 		.4byte	.LASF8
 161 0071 03       		.byte	0x3
 162 0072 50       		.byte	0x50
 163 0073 77000000 		.4byte	0x77
 164 0077 03       		.uleb128 0x3
 165 0078 04       		.byte	0x4
 166 0079 07       		.byte	0x7
 167 007a 11030000 		.4byte	.LASF9
 168 007e 03       		.uleb128 0x3
 169 007f 08       		.byte	0x8
 170 0080 05       		.byte	0x5
 171 0081 1E010000 		.4byte	.LASF10
ARM GAS  /tmp/ccDpX9Rb.s 			page 4


 172 0085 03       		.uleb128 0x3
 173 0086 08       		.byte	0x8
 174 0087 07       		.byte	0x7
 175 0088 0B020000 		.4byte	.LASF11
 176 008c 03       		.uleb128 0x3
 177 008d 01       		.byte	0x1
 178 008e 02       		.byte	0x2
 179 008f AE020000 		.4byte	.LASF12
 180 0093 05       		.uleb128 0x5
 181 0094 6C000000 		.4byte	0x6c
 182 0098 03       		.uleb128 0x3
 183 0099 04       		.byte	0x4
 184 009a 07       		.byte	0x7
 185 009b 6C000000 		.4byte	.LASF13
 186 009f 03       		.uleb128 0x3
 187 00a0 01       		.byte	0x1
 188 00a1 08       		.byte	0x8
 189 00a2 8D020000 		.4byte	.LASF14
 190 00a6 06       		.uleb128 0x6
 191 00a7 9C000000 		.4byte	.LASF89
 192 00ab 01       		.byte	0x1
 193 00ac 04       		.byte	0x4
 194 00ad 23       		.byte	0x23
 195 00ae A9010000 		.4byte	0x1a9
 196 00b2 07       		.uleb128 0x7
 197 00b3 61030000 		.4byte	.LASF15
 198 00b7 72       		.sleb128 -14
 199 00b8 07       		.uleb128 0x7
 200 00b9 23030000 		.4byte	.LASF16
 201 00bd 74       		.sleb128 -12
 202 00be 07       		.uleb128 0x7
 203 00bf 43020000 		.4byte	.LASF17
 204 00c3 75       		.sleb128 -11
 205 00c4 07       		.uleb128 0x7
 206 00c5 E5000000 		.4byte	.LASF18
 207 00c9 76       		.sleb128 -10
 208 00ca 07       		.uleb128 0x7
 209 00cb 56020000 		.4byte	.LASF19
 210 00cf 7B       		.sleb128 -5
 211 00d0 07       		.uleb128 0x7
 212 00d1 8A000000 		.4byte	.LASF20
 213 00d5 7C       		.sleb128 -4
 214 00d6 07       		.uleb128 0x7
 215 00d7 3C010000 		.4byte	.LASF21
 216 00db 7E       		.sleb128 -2
 217 00dc 07       		.uleb128 0x7
 218 00dd 0B000000 		.4byte	.LASF22
 219 00e1 7F       		.sleb128 -1
 220 00e2 07       		.uleb128 0x7
 221 00e3 BD020000 		.4byte	.LASF23
 222 00e7 00       		.sleb128 0
 223 00e8 07       		.uleb128 0x7
 224 00e9 7E000000 		.4byte	.LASF24
 225 00ed 01       		.sleb128 1
 226 00ee 07       		.uleb128 0x7
 227 00ef 2E020000 		.4byte	.LASF25
 228 00f3 02       		.sleb128 2
ARM GAS  /tmp/ccDpX9Rb.s 			page 5


 229 00f4 07       		.uleb128 0x7
 230 00f5 F5000000 		.4byte	.LASF26
 231 00f9 03       		.sleb128 3
 232 00fa 07       		.uleb128 0x7
 233 00fb 4B030000 		.4byte	.LASF27
 234 00ff 04       		.sleb128 4
 235 0100 07       		.uleb128 0x7
 236 0101 A8040000 		.4byte	.LASF28
 237 0105 05       		.sleb128 5
 238 0106 07       		.uleb128 0x7
 239 0107 5B010000 		.4byte	.LASF29
 240 010b 06       		.sleb128 6
 241 010c 07       		.uleb128 0x7
 242 010d 76010000 		.4byte	.LASF30
 243 0111 07       		.sleb128 7
 244 0112 07       		.uleb128 0x7
 245 0113 78040000 		.4byte	.LASF31
 246 0117 08       		.sleb128 8
 247 0118 07       		.uleb128 0x7
 248 0119 B9040000 		.4byte	.LASF32
 249 011d 09       		.sleb128 9
 250 011e 07       		.uleb128 0x7
 251 011f 57030000 		.4byte	.LASF33
 252 0123 0A       		.sleb128 10
 253 0124 07       		.uleb128 0x7
 254 0125 81010000 		.4byte	.LASF34
 255 0129 0B       		.sleb128 11
 256 012a 07       		.uleb128 0x7
 257 012b DF020000 		.4byte	.LASF35
 258 012f 0C       		.sleb128 12
 259 0130 07       		.uleb128 0x7
 260 0131 5B040000 		.4byte	.LASF36
 261 0135 0D       		.sleb128 13
 262 0136 07       		.uleb128 0x7
 263 0137 95010000 		.4byte	.LASF37
 264 013b 0E       		.sleb128 14
 265 013c 07       		.uleb128 0x7
 266 013d CF010000 		.4byte	.LASF38
 267 0141 0F       		.sleb128 15
 268 0142 07       		.uleb128 0x7
 269 0143 C5010000 		.4byte	.LASF39
 270 0147 10       		.sleb128 16
 271 0148 07       		.uleb128 0x7
 272 0149 42030000 		.4byte	.LASF40
 273 014d 11       		.sleb128 17
 274 014e 07       		.uleb128 0x7
 275 014f 90040000 		.4byte	.LASF41
 276 0153 12       		.sleb128 18
 277 0154 07       		.uleb128 0x7
 278 0155 6B010000 		.4byte	.LASF42
 279 0159 13       		.sleb128 19
 280 015a 07       		.uleb128 0x7
 281 015b 2C010000 		.4byte	.LASF43
 282 015f 14       		.sleb128 20
 283 0160 07       		.uleb128 0x7
 284 0161 64040000 		.4byte	.LASF44
 285 0165 15       		.sleb128 21
ARM GAS  /tmp/ccDpX9Rb.s 			page 6


 286 0166 07       		.uleb128 0x7
 287 0167 9F010000 		.4byte	.LASF45
 288 016b 16       		.sleb128 22
 289 016c 07       		.uleb128 0x7
 290 016d 3A020000 		.4byte	.LASF46
 291 0171 17       		.sleb128 23
 292 0172 07       		.uleb128 0x7
 293 0173 39030000 		.4byte	.LASF47
 294 0177 18       		.sleb128 24
 295 0178 07       		.uleb128 0x7
 296 0179 CE000000 		.4byte	.LASF48
 297 017d 19       		.sleb128 25
 298 017e 07       		.uleb128 0x7
 299 017f A1000000 		.4byte	.LASF49
 300 0183 1A       		.sleb128 26
 301 0184 07       		.uleb128 0x7
 302 0185 75000000 		.4byte	.LASF50
 303 0189 1B       		.sleb128 27
 304 018a 07       		.uleb128 0x7
 305 018b 52000000 		.4byte	.LASF51
 306 018f 1C       		.sleb128 28
 307 0190 07       		.uleb128 0x7
 308 0191 B4020000 		.4byte	.LASF52
 309 0195 1D       		.sleb128 29
 310 0196 07       		.uleb128 0x7
 311 0197 3E000000 		.4byte	.LASF53
 312 019b 1E       		.sleb128 30
 313 019c 07       		.uleb128 0x7
 314 019d 6F040000 		.4byte	.LASF54
 315 01a1 1F       		.sleb128 31
 316 01a2 07       		.uleb128 0x7
 317 01a3 8B010000 		.4byte	.LASF55
 318 01a7 20       		.sleb128 32
 319 01a8 00       		.byte	0
 320 01a9 04       		.uleb128 0x4
 321 01aa D9010000 		.4byte	.LASF56
 322 01ae 04       		.byte	0x4
 323 01af 51       		.byte	0x51
 324 01b0 A6000000 		.4byte	0xa6
 325 01b4 08       		.uleb128 0x8
 326 01b5 040E     		.2byte	0xe04
 327 01b7 02       		.byte	0x2
 328 01b8 1901     		.2byte	0x119
 329 01ba 70020000 		.4byte	0x270
 330 01be 09       		.uleb128 0x9
 331 01bf CB020000 		.4byte	.LASF57
 332 01c3 02       		.byte	0x2
 333 01c4 1B01     		.2byte	0x11b
 334 01c6 80020000 		.4byte	0x280
 335 01ca 00       		.byte	0
 336 01cb 09       		.uleb128 0x9
 337 01cc D5020000 		.4byte	.LASF58
 338 01d0 02       		.byte	0x2
 339 01d1 1C01     		.2byte	0x11c
 340 01d3 85020000 		.4byte	0x285
 341 01d7 20       		.byte	0x20
 342 01d8 09       		.uleb128 0x9
ARM GAS  /tmp/ccDpX9Rb.s 			page 7


 343 01d9 51020000 		.4byte	.LASF59
 344 01dd 02       		.byte	0x2
 345 01de 1D01     		.2byte	0x11d
 346 01e0 95020000 		.4byte	0x295
 347 01e4 80       		.byte	0x80
 348 01e5 09       		.uleb128 0x9
 349 01e6 15010000 		.4byte	.LASF60
 350 01ea 02       		.byte	0x2
 351 01eb 1E01     		.2byte	0x11e
 352 01ed 85020000 		.4byte	0x285
 353 01f1 A0       		.byte	0xa0
 354 01f2 0A       		.uleb128 0xa
 355 01f3 A4020000 		.4byte	.LASF61
 356 01f7 02       		.byte	0x2
 357 01f8 1F01     		.2byte	0x11f
 358 01fa 9A020000 		.4byte	0x29a
 359 01fe 0001     		.2byte	0x100
 360 0200 0A       		.uleb128 0xa
 361 0201 E9020000 		.4byte	.LASF62
 362 0205 02       		.byte	0x2
 363 0206 2001     		.2byte	0x120
 364 0208 85020000 		.4byte	0x285
 365 020c 2001     		.2byte	0x120
 366 020e 0A       		.uleb128 0xa
 367 020f ED010000 		.4byte	.LASF63
 368 0213 02       		.byte	0x2
 369 0214 2101     		.2byte	0x121
 370 0216 9F020000 		.4byte	0x29f
 371 021a 8001     		.2byte	0x180
 372 021c 0A       		.uleb128 0xa
 373 021d F3020000 		.4byte	.LASF64
 374 0221 02       		.byte	0x2
 375 0222 2201     		.2byte	0x122
 376 0224 85020000 		.4byte	0x285
 377 0228 A001     		.2byte	0x1a0
 378 022a 0A       		.uleb128 0xa
 379 022b 06000000 		.4byte	.LASF65
 380 022f 02       		.byte	0x2
 381 0230 2301     		.2byte	0x123
 382 0232 A4020000 		.4byte	0x2a4
 383 0236 0002     		.2byte	0x200
 384 0238 0A       		.uleb128 0xa
 385 0239 FD020000 		.4byte	.LASF66
 386 023d 02       		.byte	0x2
 387 023e 2401     		.2byte	0x124
 388 0240 A9020000 		.4byte	0x2a9
 389 0244 2002     		.2byte	0x220
 390 0246 0B       		.uleb128 0xb
 391 0247 495000   		.ascii	"IP\000"
 392 024a 02       		.byte	0x2
 393 024b 2501     		.2byte	0x125
 394 024d C9020000 		.4byte	0x2c9
 395 0251 0003     		.2byte	0x300
 396 0253 0A       		.uleb128 0xa
 397 0254 07030000 		.4byte	.LASF67
 398 0258 02       		.byte	0x2
 399 0259 2601     		.2byte	0x126
ARM GAS  /tmp/ccDpX9Rb.s 			page 8


 400 025b CE020000 		.4byte	0x2ce
 401 025f F003     		.2byte	0x3f0
 402 0261 0A       		.uleb128 0xa
 403 0262 E0000000 		.4byte	.LASF68
 404 0266 02       		.byte	0x2
 405 0267 2701     		.2byte	0x127
 406 0269 93000000 		.4byte	0x93
 407 026d 000E     		.2byte	0xe00
 408 026f 00       		.byte	0
 409 0270 0C       		.uleb128 0xc
 410 0271 6C000000 		.4byte	0x6c
 411 0275 80020000 		.4byte	0x280
 412 0279 0D       		.uleb128 0xd
 413 027a 98000000 		.4byte	0x98
 414 027e 07       		.byte	0x7
 415 027f 00       		.byte	0
 416 0280 05       		.uleb128 0x5
 417 0281 70020000 		.4byte	0x270
 418 0285 0C       		.uleb128 0xc
 419 0286 6C000000 		.4byte	0x6c
 420 028a 95020000 		.4byte	0x295
 421 028e 0D       		.uleb128 0xd
 422 028f 98000000 		.4byte	0x98
 423 0293 17       		.byte	0x17
 424 0294 00       		.byte	0
 425 0295 05       		.uleb128 0x5
 426 0296 70020000 		.4byte	0x270
 427 029a 05       		.uleb128 0x5
 428 029b 70020000 		.4byte	0x270
 429 029f 05       		.uleb128 0x5
 430 02a0 70020000 		.4byte	0x270
 431 02a4 05       		.uleb128 0x5
 432 02a5 70020000 		.4byte	0x270
 433 02a9 0C       		.uleb128 0xc
 434 02aa 6C000000 		.4byte	0x6c
 435 02ae B9020000 		.4byte	0x2b9
 436 02b2 0D       		.uleb128 0xd
 437 02b3 98000000 		.4byte	0x98
 438 02b7 37       		.byte	0x37
 439 02b8 00       		.byte	0
 440 02b9 0C       		.uleb128 0xc
 441 02ba 3A000000 		.4byte	0x3a
 442 02be C9020000 		.4byte	0x2c9
 443 02c2 0D       		.uleb128 0xd
 444 02c3 98000000 		.4byte	0x98
 445 02c7 EF       		.byte	0xef
 446 02c8 00       		.byte	0
 447 02c9 05       		.uleb128 0x5
 448 02ca B9020000 		.4byte	0x2b9
 449 02ce 0C       		.uleb128 0xc
 450 02cf 6C000000 		.4byte	0x6c
 451 02d3 DF020000 		.4byte	0x2df
 452 02d7 0E       		.uleb128 0xe
 453 02d8 98000000 		.4byte	0x98
 454 02dc 8302     		.2byte	0x283
 455 02de 00       		.byte	0
 456 02df 0F       		.uleb128 0xf
ARM GAS  /tmp/ccDpX9Rb.s 			page 9


 457 02e0 E3010000 		.4byte	.LASF69
 458 02e4 02       		.byte	0x2
 459 02e5 2801     		.2byte	0x128
 460 02e7 B4010000 		.4byte	0x1b4
 461 02eb 10       		.uleb128 0x10
 462 02ec 8C       		.byte	0x8c
 463 02ed 02       		.byte	0x2
 464 02ee 3901     		.2byte	0x139
 465 02f0 06040000 		.4byte	0x406
 466 02f4 09       		.uleb128 0x9
 467 02f5 AA000000 		.4byte	.LASF70
 468 02f9 02       		.byte	0x2
 469 02fa 3B01     		.2byte	0x13b
 470 02fc 06040000 		.4byte	0x406
 471 0300 00       		.byte	0
 472 0301 09       		.uleb128 0x9
 473 0302 10010000 		.4byte	.LASF71
 474 0306 02       		.byte	0x2
 475 0307 3C01     		.2byte	0x13c
 476 0309 93000000 		.4byte	0x93
 477 030d 04       		.byte	0x4
 478 030e 09       		.uleb128 0x9
 479 030f 92020000 		.4byte	.LASF72
 480 0313 02       		.byte	0x2
 481 0314 3D01     		.2byte	0x13d
 482 0316 93000000 		.4byte	0x93
 483 031a 08       		.byte	0x8
 484 031b 09       		.uleb128 0x9
 485 031c B1010000 		.4byte	.LASF73
 486 0320 02       		.byte	0x2
 487 0321 3E01     		.2byte	0x13e
 488 0323 93000000 		.4byte	0x93
 489 0327 0C       		.byte	0xc
 490 0328 11       		.uleb128 0x11
 491 0329 53435200 		.ascii	"SCR\000"
 492 032d 02       		.byte	0x2
 493 032e 3F01     		.2byte	0x13f
 494 0330 93000000 		.4byte	0x93
 495 0334 10       		.byte	0x10
 496 0335 11       		.uleb128 0x11
 497 0336 43435200 		.ascii	"CCR\000"
 498 033a 02       		.byte	0x2
 499 033b 4001     		.2byte	0x140
 500 033d 93000000 		.4byte	0x93
 501 0341 14       		.byte	0x14
 502 0342 11       		.uleb128 0x11
 503 0343 53485000 		.ascii	"SHP\000"
 504 0347 02       		.byte	0x2
 505 0348 4101     		.2byte	0x141
 506 034a 1B040000 		.4byte	0x41b
 507 034e 18       		.byte	0x18
 508 034f 09       		.uleb128 0x9
 509 0350 28020000 		.4byte	.LASF74
 510 0354 02       		.byte	0x2
 511 0355 4201     		.2byte	0x142
 512 0357 93000000 		.4byte	0x93
 513 035b 24       		.byte	0x24
ARM GAS  /tmp/ccDpX9Rb.s 			page 10


 514 035c 09       		.uleb128 0x9
 515 035d 66010000 		.4byte	.LASF75
 516 0361 02       		.byte	0x2
 517 0362 4301     		.2byte	0x143
 518 0364 93000000 		.4byte	0x93
 519 0368 28       		.byte	0x28
 520 0369 09       		.uleb128 0x9
 521 036a C6020000 		.4byte	.LASF76
 522 036e 02       		.byte	0x2
 523 036f 4401     		.2byte	0x144
 524 0371 93000000 		.4byte	0x93
 525 0375 2C       		.byte	0x2c
 526 0376 09       		.uleb128 0x9
 527 0377 A9020000 		.4byte	.LASF77
 528 037b 02       		.byte	0x2
 529 037c 4501     		.2byte	0x145
 530 037e 93000000 		.4byte	0x93
 531 0382 30       		.byte	0x30
 532 0383 09       		.uleb128 0x9
 533 0384 5C000000 		.4byte	.LASF78
 534 0388 02       		.byte	0x2
 535 0389 4601     		.2byte	0x146
 536 038b 93000000 		.4byte	0x93
 537 038f 34       		.byte	0x34
 538 0390 09       		.uleb128 0x9
 539 0391 37010000 		.4byte	.LASF79
 540 0395 02       		.byte	0x2
 541 0396 4701     		.2byte	0x147
 542 0398 93000000 		.4byte	0x93
 543 039c 38       		.byte	0x38
 544 039d 09       		.uleb128 0x9
 545 039e 56040000 		.4byte	.LASF80
 546 03a2 02       		.byte	0x2
 547 03a3 4801     		.2byte	0x148
 548 03a5 93000000 		.4byte	0x93
 549 03a9 3C       		.byte	0x3c
 550 03aa 11       		.uleb128 0x11
 551 03ab 50465200 		.ascii	"PFR\000"
 552 03af 02       		.byte	0x2
 553 03b0 4901     		.2byte	0x149
 554 03b2 30040000 		.4byte	0x430
 555 03b6 40       		.byte	0x40
 556 03b7 11       		.uleb128 0x11
 557 03b8 44465200 		.ascii	"DFR\000"
 558 03bc 02       		.byte	0x2
 559 03bd 4A01     		.2byte	0x14a
 560 03bf 06040000 		.4byte	0x406
 561 03c3 48       		.byte	0x48
 562 03c4 11       		.uleb128 0x11
 563 03c5 41445200 		.ascii	"ADR\000"
 564 03c9 02       		.byte	0x2
 565 03ca 4B01     		.2byte	0x14b
 566 03cc 06040000 		.4byte	0x406
 567 03d0 4C       		.byte	0x4c
 568 03d1 09       		.uleb128 0x9
 569 03d2 D0020000 		.4byte	.LASF81
 570 03d6 02       		.byte	0x2
ARM GAS  /tmp/ccDpX9Rb.s 			page 11


 571 03d7 4C01     		.2byte	0x14c
 572 03d9 4A040000 		.4byte	0x44a
 573 03dd 50       		.byte	0x50
 574 03de 09       		.uleb128 0x9
 575 03df 9F020000 		.4byte	.LASF82
 576 03e3 02       		.byte	0x2
 577 03e4 4D01     		.2byte	0x14d
 578 03e6 64040000 		.4byte	0x464
 579 03ea 60       		.byte	0x60
 580 03eb 09       		.uleb128 0x9
 581 03ec D5020000 		.4byte	.LASF58
 582 03f0 02       		.byte	0x2
 583 03f1 4E01     		.2byte	0x14e
 584 03f3 54040000 		.4byte	0x454
 585 03f7 74       		.byte	0x74
 586 03f8 09       		.uleb128 0x9
 587 03f9 B3040000 		.4byte	.LASF83
 588 03fd 02       		.byte	0x2
 589 03fe 4F01     		.2byte	0x14f
 590 0400 93000000 		.4byte	0x93
 591 0404 88       		.byte	0x88
 592 0405 00       		.byte	0
 593 0406 12       		.uleb128 0x12
 594 0407 93000000 		.4byte	0x93
 595 040b 0C       		.uleb128 0xc
 596 040c 3A000000 		.4byte	0x3a
 597 0410 1B040000 		.4byte	0x41b
 598 0414 0D       		.uleb128 0xd
 599 0415 98000000 		.4byte	0x98
 600 0419 0B       		.byte	0xb
 601 041a 00       		.byte	0
 602 041b 05       		.uleb128 0x5
 603 041c 0B040000 		.4byte	0x40b
 604 0420 0C       		.uleb128 0xc
 605 0421 6C000000 		.4byte	0x6c
 606 0425 30040000 		.4byte	0x430
 607 0429 0D       		.uleb128 0xd
 608 042a 98000000 		.4byte	0x98
 609 042e 01       		.byte	0x1
 610 042f 00       		.byte	0
 611 0430 12       		.uleb128 0x12
 612 0431 35040000 		.4byte	0x435
 613 0435 05       		.uleb128 0x5
 614 0436 20040000 		.4byte	0x420
 615 043a 0C       		.uleb128 0xc
 616 043b 6C000000 		.4byte	0x6c
 617 043f 4A040000 		.4byte	0x44a
 618 0443 0D       		.uleb128 0xd
 619 0444 98000000 		.4byte	0x98
 620 0448 03       		.byte	0x3
 621 0449 00       		.byte	0
 622 044a 12       		.uleb128 0x12
 623 044b 4F040000 		.4byte	0x44f
 624 044f 05       		.uleb128 0x5
 625 0450 3A040000 		.4byte	0x43a
 626 0454 0C       		.uleb128 0xc
 627 0455 6C000000 		.4byte	0x6c
ARM GAS  /tmp/ccDpX9Rb.s 			page 12


 628 0459 64040000 		.4byte	0x464
 629 045d 0D       		.uleb128 0xd
 630 045e 98000000 		.4byte	0x98
 631 0462 04       		.byte	0x4
 632 0463 00       		.byte	0
 633 0464 12       		.uleb128 0x12
 634 0465 69040000 		.4byte	0x469
 635 0469 05       		.uleb128 0x5
 636 046a 54040000 		.4byte	0x454
 637 046e 0F       		.uleb128 0xf
 638 046f D7000000 		.4byte	.LASF84
 639 0473 02       		.byte	0x2
 640 0474 5001     		.2byte	0x150
 641 0476 EB020000 		.4byte	0x2eb
 642 047a 10       		.uleb128 0x10
 643 047b 10       		.byte	0x10
 644 047c 02       		.byte	0x2
 645 047d 3F02     		.2byte	0x23f
 646 047f B8040000 		.4byte	0x4b8
 647 0483 09       		.uleb128 0x9
 648 0484 B0000000 		.4byte	.LASF85
 649 0488 02       		.byte	0x2
 650 0489 4102     		.2byte	0x241
 651 048b 93000000 		.4byte	0x93
 652 048f 00       		.byte	0
 653 0490 09       		.uleb128 0x9
 654 0491 B8030000 		.4byte	.LASF86
 655 0495 02       		.byte	0x2
 656 0496 4202     		.2byte	0x242
 657 0498 93000000 		.4byte	0x93
 658 049c 04       		.byte	0x4
 659 049d 11       		.uleb128 0x11
 660 049e 56414C00 		.ascii	"VAL\000"
 661 04a2 02       		.byte	0x2
 662 04a3 4302     		.2byte	0x243
 663 04a5 93000000 		.4byte	0x93
 664 04a9 08       		.byte	0x8
 665 04aa 09       		.uleb128 0x9
 666 04ab 22020000 		.4byte	.LASF87
 667 04af 02       		.byte	0x2
 668 04b0 4402     		.2byte	0x244
 669 04b2 06040000 		.4byte	0x406
 670 04b6 0C       		.byte	0xc
 671 04b7 00       		.byte	0
 672 04b8 0F       		.uleb128 0xf
 673 04b9 6D020000 		.4byte	.LASF88
 674 04bd 02       		.byte	0x2
 675 04be 4502     		.2byte	0x245
 676 04c0 7A040000 		.4byte	0x47a
 677 04c4 13       		.uleb128 0x13
 678 04c5 B5000000 		.4byte	.LASF95
 679 04c9 02       		.byte	0x2
 680 04ca 6E05     		.2byte	0x56e
 681 04cc 03       		.byte	0x3
 682 04cd EA040000 		.4byte	0x4ea
 683 04d1 14       		.uleb128 0x14
 684 04d2 9C000000 		.4byte	.LASF89
ARM GAS  /tmp/ccDpX9Rb.s 			page 13


 685 04d6 02       		.byte	0x2
 686 04d7 6E05     		.2byte	0x56e
 687 04d9 A9010000 		.4byte	0x1a9
 688 04dd 14       		.uleb128 0x14
 689 04de 49000000 		.4byte	.LASF90
 690 04e2 02       		.byte	0x2
 691 04e3 6E05     		.2byte	0x56e
 692 04e5 6C000000 		.4byte	0x6c
 693 04e9 00       		.byte	0
 694 04ea 15       		.uleb128 0x15
 695 04eb 01010000 		.4byte	.LASF96
 696 04ef 02       		.byte	0x2
 697 04f0 ED05     		.2byte	0x5ed
 698 04f2 6C000000 		.4byte	0x6c
 699 04f6 03       		.byte	0x3
 700 04f7 08050000 		.4byte	0x508
 701 04fb 14       		.uleb128 0x14
 702 04fc 00000000 		.4byte	.LASF91
 703 0500 02       		.byte	0x2
 704 0501 ED05     		.2byte	0x5ed
 705 0503 6C000000 		.4byte	0x6c
 706 0507 00       		.byte	0
 707 0508 16       		.uleb128 0x16
 708 0509 FE010000 		.4byte	.LASF97
 709 050d 01       		.byte	0x1
 710 050e 2A       		.byte	0x2a
 711 050f 00000000 		.4byte	.LFB63
 712 0513 30000000 		.4byte	.LFE63-.LFB63
 713 0517 01       		.uleb128 0x1
 714 0518 9C       		.byte	0x9c
 715 0519 61050000 		.4byte	0x561
 716 051d 17       		.uleb128 0x17
 717 051e EA040000 		.4byte	0x4ea
 718 0522 06000000 		.4byte	.LBB8
 719 0526 2A000000 		.4byte	.LBE8-.LBB8
 720 052a 01       		.byte	0x1
 721 052b 2E       		.byte	0x2e
 722 052c 57050000 		.4byte	0x557
 723 0530 18       		.uleb128 0x18
 724 0531 FB040000 		.4byte	0x4fb
 725 0535 A0860100 		.4byte	0x186a0
 726 0539 19       		.uleb128 0x19
 727 053a C4040000 		.4byte	0x4c4
 728 053e 0E000000 		.4byte	.LBB10
 729 0542 00000000 		.4byte	.Ldebug_ranges0+0
 730 0546 02       		.byte	0x2
 731 0547 F205     		.2byte	0x5f2
 732 0549 1A       		.uleb128 0x1a
 733 054a DD040000 		.4byte	0x4dd
 734 054e 1F       		.byte	0x1f
 735 054f 1B       		.uleb128 0x1b
 736 0550 D1040000 		.4byte	0x4d1
 737 0554 7F       		.sleb128 -1
 738 0555 00       		.byte	0
 739 0556 00       		.byte	0
 740 0557 1C       		.uleb128 0x1c
 741 0558 06000000 		.4byte	.LVL0
ARM GAS  /tmp/ccDpX9Rb.s 			page 14


 742 055c 83050000 		.4byte	0x583
 743 0560 00       		.byte	0
 744 0561 1D       		.uleb128 0x1d
 745 0562 51010000 		.4byte	.LASF98
 746 0566 01       		.byte	0x1
 747 0567 34       		.byte	0x34
 748 0568 00000000 		.4byte	.LFB64
 749 056c 02000000 		.4byte	.LFE64-.LFB64
 750 0570 01       		.uleb128 0x1
 751 0571 9C       		.byte	0x9c
 752 0572 1E       		.uleb128 0x1e
 753 0573 83040000 		.4byte	.LASF99
 754 0577 02       		.byte	0x2
 755 0578 0706     		.2byte	0x607
 756 057a 7E050000 		.4byte	0x57e
 757 057e 05       		.uleb128 0x5
 758 057f 5A000000 		.4byte	0x5a
 759 0583 1F       		.uleb128 0x1f
 760 0584 62020000 		.4byte	.LASF100
 761 0588 05       		.byte	0x5
 762 0589 2F       		.byte	0x2f
 763 058a 00       		.byte	0
 764              		.section	.debug_abbrev,"",%progbits
 765              	.Ldebug_abbrev0:
 766 0000 01       		.uleb128 0x1
 767 0001 11       		.uleb128 0x11
 768 0002 01       		.byte	0x1
 769 0003 25       		.uleb128 0x25
 770 0004 0E       		.uleb128 0xe
 771 0005 13       		.uleb128 0x13
 772 0006 0B       		.uleb128 0xb
 773 0007 03       		.uleb128 0x3
 774 0008 0E       		.uleb128 0xe
 775 0009 1B       		.uleb128 0x1b
 776 000a 0E       		.uleb128 0xe
 777 000b 55       		.uleb128 0x55
 778 000c 17       		.uleb128 0x17
 779 000d 11       		.uleb128 0x11
 780 000e 01       		.uleb128 0x1
 781 000f 10       		.uleb128 0x10
 782 0010 17       		.uleb128 0x17
 783 0011 00       		.byte	0
 784 0012 00       		.byte	0
 785 0013 02       		.uleb128 0x2
 786 0014 24       		.uleb128 0x24
 787 0015 00       		.byte	0
 788 0016 0B       		.uleb128 0xb
 789 0017 0B       		.uleb128 0xb
 790 0018 3E       		.uleb128 0x3e
 791 0019 0B       		.uleb128 0xb
 792 001a 03       		.uleb128 0x3
 793 001b 08       		.uleb128 0x8
 794 001c 00       		.byte	0
 795 001d 00       		.byte	0
 796 001e 03       		.uleb128 0x3
 797 001f 24       		.uleb128 0x24
 798 0020 00       		.byte	0
ARM GAS  /tmp/ccDpX9Rb.s 			page 15


 799 0021 0B       		.uleb128 0xb
 800 0022 0B       		.uleb128 0xb
 801 0023 3E       		.uleb128 0x3e
 802 0024 0B       		.uleb128 0xb
 803 0025 03       		.uleb128 0x3
 804 0026 0E       		.uleb128 0xe
 805 0027 00       		.byte	0
 806 0028 00       		.byte	0
 807 0029 04       		.uleb128 0x4
 808 002a 16       		.uleb128 0x16
 809 002b 00       		.byte	0
 810 002c 03       		.uleb128 0x3
 811 002d 0E       		.uleb128 0xe
 812 002e 3A       		.uleb128 0x3a
 813 002f 0B       		.uleb128 0xb
 814 0030 3B       		.uleb128 0x3b
 815 0031 0B       		.uleb128 0xb
 816 0032 49       		.uleb128 0x49
 817 0033 13       		.uleb128 0x13
 818 0034 00       		.byte	0
 819 0035 00       		.byte	0
 820 0036 05       		.uleb128 0x5
 821 0037 35       		.uleb128 0x35
 822 0038 00       		.byte	0
 823 0039 49       		.uleb128 0x49
 824 003a 13       		.uleb128 0x13
 825 003b 00       		.byte	0
 826 003c 00       		.byte	0
 827 003d 06       		.uleb128 0x6
 828 003e 04       		.uleb128 0x4
 829 003f 01       		.byte	0x1
 830 0040 03       		.uleb128 0x3
 831 0041 0E       		.uleb128 0xe
 832 0042 0B       		.uleb128 0xb
 833 0043 0B       		.uleb128 0xb
 834 0044 3A       		.uleb128 0x3a
 835 0045 0B       		.uleb128 0xb
 836 0046 3B       		.uleb128 0x3b
 837 0047 0B       		.uleb128 0xb
 838 0048 01       		.uleb128 0x1
 839 0049 13       		.uleb128 0x13
 840 004a 00       		.byte	0
 841 004b 00       		.byte	0
 842 004c 07       		.uleb128 0x7
 843 004d 28       		.uleb128 0x28
 844 004e 00       		.byte	0
 845 004f 03       		.uleb128 0x3
 846 0050 0E       		.uleb128 0xe
 847 0051 1C       		.uleb128 0x1c
 848 0052 0D       		.uleb128 0xd
 849 0053 00       		.byte	0
 850 0054 00       		.byte	0
 851 0055 08       		.uleb128 0x8
 852 0056 13       		.uleb128 0x13
 853 0057 01       		.byte	0x1
 854 0058 0B       		.uleb128 0xb
 855 0059 05       		.uleb128 0x5
ARM GAS  /tmp/ccDpX9Rb.s 			page 16


 856 005a 3A       		.uleb128 0x3a
 857 005b 0B       		.uleb128 0xb
 858 005c 3B       		.uleb128 0x3b
 859 005d 05       		.uleb128 0x5
 860 005e 01       		.uleb128 0x1
 861 005f 13       		.uleb128 0x13
 862 0060 00       		.byte	0
 863 0061 00       		.byte	0
 864 0062 09       		.uleb128 0x9
 865 0063 0D       		.uleb128 0xd
 866 0064 00       		.byte	0
 867 0065 03       		.uleb128 0x3
 868 0066 0E       		.uleb128 0xe
 869 0067 3A       		.uleb128 0x3a
 870 0068 0B       		.uleb128 0xb
 871 0069 3B       		.uleb128 0x3b
 872 006a 05       		.uleb128 0x5
 873 006b 49       		.uleb128 0x49
 874 006c 13       		.uleb128 0x13
 875 006d 38       		.uleb128 0x38
 876 006e 0B       		.uleb128 0xb
 877 006f 00       		.byte	0
 878 0070 00       		.byte	0
 879 0071 0A       		.uleb128 0xa
 880 0072 0D       		.uleb128 0xd
 881 0073 00       		.byte	0
 882 0074 03       		.uleb128 0x3
 883 0075 0E       		.uleb128 0xe
 884 0076 3A       		.uleb128 0x3a
 885 0077 0B       		.uleb128 0xb
 886 0078 3B       		.uleb128 0x3b
 887 0079 05       		.uleb128 0x5
 888 007a 49       		.uleb128 0x49
 889 007b 13       		.uleb128 0x13
 890 007c 38       		.uleb128 0x38
 891 007d 05       		.uleb128 0x5
 892 007e 00       		.byte	0
 893 007f 00       		.byte	0
 894 0080 0B       		.uleb128 0xb
 895 0081 0D       		.uleb128 0xd
 896 0082 00       		.byte	0
 897 0083 03       		.uleb128 0x3
 898 0084 08       		.uleb128 0x8
 899 0085 3A       		.uleb128 0x3a
 900 0086 0B       		.uleb128 0xb
 901 0087 3B       		.uleb128 0x3b
 902 0088 05       		.uleb128 0x5
 903 0089 49       		.uleb128 0x49
 904 008a 13       		.uleb128 0x13
 905 008b 38       		.uleb128 0x38
 906 008c 05       		.uleb128 0x5
 907 008d 00       		.byte	0
 908 008e 00       		.byte	0
 909 008f 0C       		.uleb128 0xc
 910 0090 01       		.uleb128 0x1
 911 0091 01       		.byte	0x1
 912 0092 49       		.uleb128 0x49
ARM GAS  /tmp/ccDpX9Rb.s 			page 17


 913 0093 13       		.uleb128 0x13
 914 0094 01       		.uleb128 0x1
 915 0095 13       		.uleb128 0x13
 916 0096 00       		.byte	0
 917 0097 00       		.byte	0
 918 0098 0D       		.uleb128 0xd
 919 0099 21       		.uleb128 0x21
 920 009a 00       		.byte	0
 921 009b 49       		.uleb128 0x49
 922 009c 13       		.uleb128 0x13
 923 009d 2F       		.uleb128 0x2f
 924 009e 0B       		.uleb128 0xb
 925 009f 00       		.byte	0
 926 00a0 00       		.byte	0
 927 00a1 0E       		.uleb128 0xe
 928 00a2 21       		.uleb128 0x21
 929 00a3 00       		.byte	0
 930 00a4 49       		.uleb128 0x49
 931 00a5 13       		.uleb128 0x13
 932 00a6 2F       		.uleb128 0x2f
 933 00a7 05       		.uleb128 0x5
 934 00a8 00       		.byte	0
 935 00a9 00       		.byte	0
 936 00aa 0F       		.uleb128 0xf
 937 00ab 16       		.uleb128 0x16
 938 00ac 00       		.byte	0
 939 00ad 03       		.uleb128 0x3
 940 00ae 0E       		.uleb128 0xe
 941 00af 3A       		.uleb128 0x3a
 942 00b0 0B       		.uleb128 0xb
 943 00b1 3B       		.uleb128 0x3b
 944 00b2 05       		.uleb128 0x5
 945 00b3 49       		.uleb128 0x49
 946 00b4 13       		.uleb128 0x13
 947 00b5 00       		.byte	0
 948 00b6 00       		.byte	0
 949 00b7 10       		.uleb128 0x10
 950 00b8 13       		.uleb128 0x13
 951 00b9 01       		.byte	0x1
 952 00ba 0B       		.uleb128 0xb
 953 00bb 0B       		.uleb128 0xb
 954 00bc 3A       		.uleb128 0x3a
 955 00bd 0B       		.uleb128 0xb
 956 00be 3B       		.uleb128 0x3b
 957 00bf 05       		.uleb128 0x5
 958 00c0 01       		.uleb128 0x1
 959 00c1 13       		.uleb128 0x13
 960 00c2 00       		.byte	0
 961 00c3 00       		.byte	0
 962 00c4 11       		.uleb128 0x11
 963 00c5 0D       		.uleb128 0xd
 964 00c6 00       		.byte	0
 965 00c7 03       		.uleb128 0x3
 966 00c8 08       		.uleb128 0x8
 967 00c9 3A       		.uleb128 0x3a
 968 00ca 0B       		.uleb128 0xb
 969 00cb 3B       		.uleb128 0x3b
ARM GAS  /tmp/ccDpX9Rb.s 			page 18


 970 00cc 05       		.uleb128 0x5
 971 00cd 49       		.uleb128 0x49
 972 00ce 13       		.uleb128 0x13
 973 00cf 38       		.uleb128 0x38
 974 00d0 0B       		.uleb128 0xb
 975 00d1 00       		.byte	0
 976 00d2 00       		.byte	0
 977 00d3 12       		.uleb128 0x12
 978 00d4 26       		.uleb128 0x26
 979 00d5 00       		.byte	0
 980 00d6 49       		.uleb128 0x49
 981 00d7 13       		.uleb128 0x13
 982 00d8 00       		.byte	0
 983 00d9 00       		.byte	0
 984 00da 13       		.uleb128 0x13
 985 00db 2E       		.uleb128 0x2e
 986 00dc 01       		.byte	0x1
 987 00dd 03       		.uleb128 0x3
 988 00de 0E       		.uleb128 0xe
 989 00df 3A       		.uleb128 0x3a
 990 00e0 0B       		.uleb128 0xb
 991 00e1 3B       		.uleb128 0x3b
 992 00e2 05       		.uleb128 0x5
 993 00e3 27       		.uleb128 0x27
 994 00e4 19       		.uleb128 0x19
 995 00e5 20       		.uleb128 0x20
 996 00e6 0B       		.uleb128 0xb
 997 00e7 01       		.uleb128 0x1
 998 00e8 13       		.uleb128 0x13
 999 00e9 00       		.byte	0
 1000 00ea 00       		.byte	0
 1001 00eb 14       		.uleb128 0x14
 1002 00ec 05       		.uleb128 0x5
 1003 00ed 00       		.byte	0
 1004 00ee 03       		.uleb128 0x3
 1005 00ef 0E       		.uleb128 0xe
 1006 00f0 3A       		.uleb128 0x3a
 1007 00f1 0B       		.uleb128 0xb
 1008 00f2 3B       		.uleb128 0x3b
 1009 00f3 05       		.uleb128 0x5
 1010 00f4 49       		.uleb128 0x49
 1011 00f5 13       		.uleb128 0x13
 1012 00f6 00       		.byte	0
 1013 00f7 00       		.byte	0
 1014 00f8 15       		.uleb128 0x15
 1015 00f9 2E       		.uleb128 0x2e
 1016 00fa 01       		.byte	0x1
 1017 00fb 03       		.uleb128 0x3
 1018 00fc 0E       		.uleb128 0xe
 1019 00fd 3A       		.uleb128 0x3a
 1020 00fe 0B       		.uleb128 0xb
 1021 00ff 3B       		.uleb128 0x3b
 1022 0100 05       		.uleb128 0x5
 1023 0101 27       		.uleb128 0x27
 1024 0102 19       		.uleb128 0x19
 1025 0103 49       		.uleb128 0x49
 1026 0104 13       		.uleb128 0x13
ARM GAS  /tmp/ccDpX9Rb.s 			page 19


 1027 0105 20       		.uleb128 0x20
 1028 0106 0B       		.uleb128 0xb
 1029 0107 01       		.uleb128 0x1
 1030 0108 13       		.uleb128 0x13
 1031 0109 00       		.byte	0
 1032 010a 00       		.byte	0
 1033 010b 16       		.uleb128 0x16
 1034 010c 2E       		.uleb128 0x2e
 1035 010d 01       		.byte	0x1
 1036 010e 3F       		.uleb128 0x3f
 1037 010f 19       		.uleb128 0x19
 1038 0110 03       		.uleb128 0x3
 1039 0111 0E       		.uleb128 0xe
 1040 0112 3A       		.uleb128 0x3a
 1041 0113 0B       		.uleb128 0xb
 1042 0114 3B       		.uleb128 0x3b
 1043 0115 0B       		.uleb128 0xb
 1044 0116 27       		.uleb128 0x27
 1045 0117 19       		.uleb128 0x19
 1046 0118 11       		.uleb128 0x11
 1047 0119 01       		.uleb128 0x1
 1048 011a 12       		.uleb128 0x12
 1049 011b 06       		.uleb128 0x6
 1050 011c 40       		.uleb128 0x40
 1051 011d 18       		.uleb128 0x18
 1052 011e 9742     		.uleb128 0x2117
 1053 0120 19       		.uleb128 0x19
 1054 0121 01       		.uleb128 0x1
 1055 0122 13       		.uleb128 0x13
 1056 0123 00       		.byte	0
 1057 0124 00       		.byte	0
 1058 0125 17       		.uleb128 0x17
 1059 0126 1D       		.uleb128 0x1d
 1060 0127 01       		.byte	0x1
 1061 0128 31       		.uleb128 0x31
 1062 0129 13       		.uleb128 0x13
 1063 012a 11       		.uleb128 0x11
 1064 012b 01       		.uleb128 0x1
 1065 012c 12       		.uleb128 0x12
 1066 012d 06       		.uleb128 0x6
 1067 012e 58       		.uleb128 0x58
 1068 012f 0B       		.uleb128 0xb
 1069 0130 59       		.uleb128 0x59
 1070 0131 0B       		.uleb128 0xb
 1071 0132 01       		.uleb128 0x1
 1072 0133 13       		.uleb128 0x13
 1073 0134 00       		.byte	0
 1074 0135 00       		.byte	0
 1075 0136 18       		.uleb128 0x18
 1076 0137 05       		.uleb128 0x5
 1077 0138 00       		.byte	0
 1078 0139 31       		.uleb128 0x31
 1079 013a 13       		.uleb128 0x13
 1080 013b 1C       		.uleb128 0x1c
 1081 013c 06       		.uleb128 0x6
 1082 013d 00       		.byte	0
 1083 013e 00       		.byte	0
ARM GAS  /tmp/ccDpX9Rb.s 			page 20


 1084 013f 19       		.uleb128 0x19
 1085 0140 1D       		.uleb128 0x1d
 1086 0141 01       		.byte	0x1
 1087 0142 31       		.uleb128 0x31
 1088 0143 13       		.uleb128 0x13
 1089 0144 52       		.uleb128 0x52
 1090 0145 01       		.uleb128 0x1
 1091 0146 55       		.uleb128 0x55
 1092 0147 17       		.uleb128 0x17
 1093 0148 58       		.uleb128 0x58
 1094 0149 0B       		.uleb128 0xb
 1095 014a 59       		.uleb128 0x59
 1096 014b 05       		.uleb128 0x5
 1097 014c 00       		.byte	0
 1098 014d 00       		.byte	0
 1099 014e 1A       		.uleb128 0x1a
 1100 014f 05       		.uleb128 0x5
 1101 0150 00       		.byte	0
 1102 0151 31       		.uleb128 0x31
 1103 0152 13       		.uleb128 0x13
 1104 0153 1C       		.uleb128 0x1c
 1105 0154 0B       		.uleb128 0xb
 1106 0155 00       		.byte	0
 1107 0156 00       		.byte	0
 1108 0157 1B       		.uleb128 0x1b
 1109 0158 05       		.uleb128 0x5
 1110 0159 00       		.byte	0
 1111 015a 31       		.uleb128 0x31
 1112 015b 13       		.uleb128 0x13
 1113 015c 1C       		.uleb128 0x1c
 1114 015d 0D       		.uleb128 0xd
 1115 015e 00       		.byte	0
 1116 015f 00       		.byte	0
 1117 0160 1C       		.uleb128 0x1c
 1118 0161 898201   		.uleb128 0x4109
 1119 0164 00       		.byte	0
 1120 0165 11       		.uleb128 0x11
 1121 0166 01       		.uleb128 0x1
 1122 0167 31       		.uleb128 0x31
 1123 0168 13       		.uleb128 0x13
 1124 0169 00       		.byte	0
 1125 016a 00       		.byte	0
 1126 016b 1D       		.uleb128 0x1d
 1127 016c 2E       		.uleb128 0x2e
 1128 016d 00       		.byte	0
 1129 016e 3F       		.uleb128 0x3f
 1130 016f 19       		.uleb128 0x19
 1131 0170 03       		.uleb128 0x3
 1132 0171 0E       		.uleb128 0xe
 1133 0172 3A       		.uleb128 0x3a
 1134 0173 0B       		.uleb128 0xb
 1135 0174 3B       		.uleb128 0x3b
 1136 0175 0B       		.uleb128 0xb
 1137 0176 27       		.uleb128 0x27
 1138 0177 19       		.uleb128 0x19
 1139 0178 11       		.uleb128 0x11
 1140 0179 01       		.uleb128 0x1
ARM GAS  /tmp/ccDpX9Rb.s 			page 21


 1141 017a 12       		.uleb128 0x12
 1142 017b 06       		.uleb128 0x6
 1143 017c 40       		.uleb128 0x40
 1144 017d 18       		.uleb128 0x18
 1145 017e 9742     		.uleb128 0x2117
 1146 0180 19       		.uleb128 0x19
 1147 0181 00       		.byte	0
 1148 0182 00       		.byte	0
 1149 0183 1E       		.uleb128 0x1e
 1150 0184 34       		.uleb128 0x34
 1151 0185 00       		.byte	0
 1152 0186 03       		.uleb128 0x3
 1153 0187 0E       		.uleb128 0xe
 1154 0188 3A       		.uleb128 0x3a
 1155 0189 0B       		.uleb128 0xb
 1156 018a 3B       		.uleb128 0x3b
 1157 018b 05       		.uleb128 0x5
 1158 018c 49       		.uleb128 0x49
 1159 018d 13       		.uleb128 0x13
 1160 018e 3F       		.uleb128 0x3f
 1161 018f 19       		.uleb128 0x19
 1162 0190 3C       		.uleb128 0x3c
 1163 0191 19       		.uleb128 0x19
 1164 0192 00       		.byte	0
 1165 0193 00       		.byte	0
 1166 0194 1F       		.uleb128 0x1f
 1167 0195 2E       		.uleb128 0x2e
 1168 0196 00       		.byte	0
 1169 0197 3F       		.uleb128 0x3f
 1170 0198 19       		.uleb128 0x19
 1171 0199 03       		.uleb128 0x3
 1172 019a 0E       		.uleb128 0xe
 1173 019b 3A       		.uleb128 0x3a
 1174 019c 0B       		.uleb128 0xb
 1175 019d 3B       		.uleb128 0x3b
 1176 019e 0B       		.uleb128 0xb
 1177 019f 27       		.uleb128 0x27
 1178 01a0 19       		.uleb128 0x19
 1179 01a1 3C       		.uleb128 0x3c
 1180 01a2 19       		.uleb128 0x19
 1181 01a3 00       		.byte	0
 1182 01a4 00       		.byte	0
 1183 01a5 00       		.byte	0
 1184              		.section	.debug_aranges,"",%progbits
 1185 0000 24000000 		.4byte	0x24
 1186 0004 0200     		.2byte	0x2
 1187 0006 00000000 		.4byte	.Ldebug_info0
 1188 000a 04       		.byte	0x4
 1189 000b 00       		.byte	0
 1190 000c 0000     		.2byte	0
 1191 000e 0000     		.2byte	0
 1192 0010 00000000 		.4byte	.LFB63
 1193 0014 30000000 		.4byte	.LFE63-.LFB63
 1194 0018 00000000 		.4byte	.LFB64
 1195 001c 02000000 		.4byte	.LFE64-.LFB64
 1196 0020 00000000 		.4byte	0
 1197 0024 00000000 		.4byte	0
ARM GAS  /tmp/ccDpX9Rb.s 			page 22


 1198              		.section	.debug_ranges,"",%progbits
 1199              	.Ldebug_ranges0:
 1200 0000 0E000000 		.4byte	.LBB10
 1201 0004 12000000 		.4byte	.LBE10
 1202 0008 1A000000 		.4byte	.LBB14
 1203 000c 20000000 		.4byte	.LBE14
 1204 0010 24000000 		.4byte	.LBB15
 1205 0014 28000000 		.4byte	.LBE15
 1206 0018 00000000 		.4byte	0
 1207 001c 00000000 		.4byte	0
 1208 0020 00000000 		.4byte	.LFB63
 1209 0024 30000000 		.4byte	.LFE63
 1210 0028 00000000 		.4byte	.LFB64
 1211 002c 02000000 		.4byte	.LFE64
 1212 0030 00000000 		.4byte	0
 1213 0034 00000000 		.4byte	0
 1214              		.section	.debug_line,"",%progbits
 1215              	.Ldebug_line0:
 1216 0000 1C010000 		.section	.debug_str,"MS",%progbits,1
 1216      0200D600 
 1216      00000201 
 1216      FB0E0D00 
 1216      01010101 
 1217              	.LASF91:
 1218 0000 7469636B 		.ascii	"ticks\000"
 1218      7300
 1219              	.LASF65:
 1220 0006 49414252 		.ascii	"IABR\000"
 1220      00
 1221              	.LASF22:
 1222 000b 53797354 		.ascii	"SysTick_IRQn\000"
 1222      69636B5F 
 1222      4952516E 
 1222      00
 1223              	.LASF93:
 1224 0018 2E2E2F2E 		.ascii	"../../boards/AKAIKABA_LPC1768/board.c\000"
 1224      2E2F626F 
 1224      61726473 
 1224      2F414B41 
 1224      494B4142 
 1225              	.LASF53:
 1226 003e 4D435057 		.ascii	"MCPWM_IRQn\000"
 1226      4D5F4952 
 1226      516E00
 1227              	.LASF90:
 1228 0049 7072696F 		.ascii	"priority\000"
 1228      72697479 
 1228      00
 1229              	.LASF51:
 1230 0052 454E4554 		.ascii	"ENET_IRQn\000"
 1230      5F495251 
 1230      6E00
 1231              	.LASF78:
 1232 005c 4D4D4641 		.ascii	"MMFAR\000"
 1232      5200
 1233              	.LASF3:
 1234 0062 73686F72 		.ascii	"short int\000"
ARM GAS  /tmp/ccDpX9Rb.s 			page 23


 1234      7420696E 
 1234      7400
 1235              	.LASF13:
 1236 006c 73697A65 		.ascii	"sizetype\000"
 1236      74797065 
 1236      00
 1237              	.LASF50:
 1238 0075 4932535F 		.ascii	"I2S_IRQn\000"
 1238      4952516E 
 1238      00
 1239              	.LASF24:
 1240 007e 54494D45 		.ascii	"TIMER0_IRQn\000"
 1240      52305F49 
 1240      52516E00 
 1241              	.LASF20:
 1242 008a 44656275 		.ascii	"DebugMonitor_IRQn\000"
 1242      674D6F6E 
 1242      69746F72 
 1242      5F495251 
 1242      6E00
 1243              	.LASF89:
 1244 009c 4952516E 		.ascii	"IRQn\000"
 1244      00
 1245              	.LASF49:
 1246 00a1 444D415F 		.ascii	"DMA_IRQn\000"
 1246      4952516E 
 1246      00
 1247              	.LASF70:
 1248 00aa 43505549 		.ascii	"CPUID\000"
 1248      4400
 1249              	.LASF85:
 1250 00b0 4354524C 		.ascii	"CTRL\000"
 1250      00
 1251              	.LASF95:
 1252 00b5 4E564943 		.ascii	"NVIC_SetPriority\000"
 1252      5F536574 
 1252      5072696F 
 1252      72697479 
 1252      00
 1253              	.LASF5:
 1254 00c6 75696E74 		.ascii	"uint8_t\000"
 1254      385F7400 
 1255              	.LASF48:
 1256 00ce 43414E5F 		.ascii	"CAN_IRQn\000"
 1256      4952516E 
 1256      00
 1257              	.LASF84:
 1258 00d7 5343425F 		.ascii	"SCB_Type\000"
 1258      54797065 
 1258      00
 1259              	.LASF68:
 1260 00e0 53544952 		.ascii	"STIR\000"
 1260      00
 1261              	.LASF18:
 1262 00e5 55736167 		.ascii	"UsageFault_IRQn\000"
 1262      65466175 
 1262      6C745F49 
ARM GAS  /tmp/ccDpX9Rb.s 			page 24


 1262      52516E00 
 1263              	.LASF26:
 1264 00f5 54494D45 		.ascii	"TIMER2_IRQn\000"
 1264      52325F49 
 1264      52516E00 
 1265              	.LASF96:
 1266 0101 53797354 		.ascii	"SysTick_Config\000"
 1266      69636B5F 
 1266      436F6E66 
 1266      696700
 1267              	.LASF71:
 1268 0110 49435352 		.ascii	"ICSR\000"
 1268      00
 1269              	.LASF60:
 1270 0115 52534552 		.ascii	"RSERVED1\000"
 1270      56454431 
 1270      00
 1271              	.LASF10:
 1272 011e 6C6F6E67 		.ascii	"long long int\000"
 1272      206C6F6E 
 1272      6720696E 
 1272      7400
 1273              	.LASF43:
 1274 012c 45494E54 		.ascii	"EINT2_IRQn\000"
 1274      325F4952 
 1274      516E00
 1275              	.LASF79:
 1276 0137 42464152 		.ascii	"BFAR\000"
 1276      00
 1277              	.LASF21:
 1278 013c 50656E64 		.ascii	"PendSV_IRQn\000"
 1278      53565F49 
 1278      52516E00 
 1279              	.LASF7:
 1280 0148 6C6F6E67 		.ascii	"long int\000"
 1280      20696E74 
 1280      00
 1281              	.LASF98:
 1282 0151 626F6172 		.ascii	"boardInit\000"
 1282      64496E69 
 1282      7400
 1283              	.LASF29:
 1284 015b 55415254 		.ascii	"UART1_IRQn\000"
 1284      315F4952 
 1284      516E00
 1285              	.LASF75:
 1286 0166 43465352 		.ascii	"CFSR\000"
 1286      00
 1287              	.LASF42:
 1288 016b 45494E54 		.ascii	"EINT1_IRQn\000"
 1288      315F4952 
 1288      516E00
 1289              	.LASF30:
 1290 0176 55415254 		.ascii	"UART2_IRQn\000"
 1290      325F4952 
 1290      516E00
 1291              	.LASF34:
ARM GAS  /tmp/ccDpX9Rb.s 			page 25


 1292 0181 49324331 		.ascii	"I2C1_IRQn\000"
 1292      5F495251 
 1292      6E00
 1293              	.LASF55:
 1294 018b 504C4C31 		.ascii	"PLL1_IRQn\000"
 1294      5F495251 
 1294      6E00
 1295              	.LASF37:
 1296 0195 53535030 		.ascii	"SSP0_IRQn\000"
 1296      5F495251 
 1296      6E00
 1297              	.LASF45:
 1298 019f 4144435F 		.ascii	"ADC_IRQn\000"
 1298      4952516E 
 1298      00
 1299              	.LASF8:
 1300 01a8 75696E74 		.ascii	"uint32_t\000"
 1300      33325F74 
 1300      00
 1301              	.LASF73:
 1302 01b1 41495243 		.ascii	"AIRCR\000"
 1302      5200
 1303              	.LASF2:
 1304 01b7 756E7369 		.ascii	"unsigned char\000"
 1304      676E6564 
 1304      20636861 
 1304      7200
 1305              	.LASF39:
 1306 01c5 504C4C30 		.ascii	"PLL0_IRQn\000"
 1306      5F495251 
 1306      6E00
 1307              	.LASF38:
 1308 01cf 53535031 		.ascii	"SSP1_IRQn\000"
 1308      5F495251 
 1308      6E00
 1309              	.LASF56:
 1310 01d9 4952516E 		.ascii	"IRQn_Type\000"
 1310      5F547970 
 1310      6500
 1311              	.LASF69:
 1312 01e3 4E564943 		.ascii	"NVIC_Type\000"
 1312      5F547970 
 1312      6500
 1313              	.LASF63:
 1314 01ed 49435052 		.ascii	"ICPR\000"
 1314      00
 1315              	.LASF1:
 1316 01f2 7369676E 		.ascii	"signed char\000"
 1316      65642063 
 1316      68617200 
 1317              	.LASF97:
 1318 01fe 5F5F6561 		.ascii	"__early_init\000"
 1318      726C795F 
 1318      696E6974 
 1318      00
 1319              	.LASF11:
 1320 020b 6C6F6E67 		.ascii	"long long unsigned int\000"
ARM GAS  /tmp/ccDpX9Rb.s 			page 26


 1320      206C6F6E 
 1320      6720756E 
 1320      7369676E 
 1320      65642069 
 1321              	.LASF87:
 1322 0222 43414C49 		.ascii	"CALIB\000"
 1322      4200
 1323              	.LASF74:
 1324 0228 53484353 		.ascii	"SHCSR\000"
 1324      5200
 1325              	.LASF25:
 1326 022e 54494D45 		.ascii	"TIMER1_IRQn\000"
 1326      52315F49 
 1326      52516E00 
 1327              	.LASF46:
 1328 023a 424F445F 		.ascii	"BOD_IRQn\000"
 1328      4952516E 
 1328      00
 1329              	.LASF17:
 1330 0243 42757346 		.ascii	"BusFault_IRQn\000"
 1330      61756C74 
 1330      5F495251 
 1330      6E00
 1331              	.LASF59:
 1332 0251 49434552 		.ascii	"ICER\000"
 1332      00
 1333              	.LASF19:
 1334 0256 53564361 		.ascii	"SVCall_IRQn\000"
 1334      6C6C5F49 
 1334      52516E00 
 1335              	.LASF100:
 1336 0262 53797374 		.ascii	"SystemInit\000"
 1336      656D496E 
 1336      697400
 1337              	.LASF88:
 1338 026d 53797354 		.ascii	"SysTick_Type\000"
 1338      69636B5F 
 1338      54797065 
 1338      00
 1339              	.LASF4:
 1340 027a 73686F72 		.ascii	"short unsigned int\000"
 1340      7420756E 
 1340      7369676E 
 1340      65642069 
 1340      6E7400
 1341              	.LASF14:
 1342 028d 63686172 		.ascii	"char\000"
 1342      00
 1343              	.LASF72:
 1344 0292 56544F52 		.ascii	"VTOR\000"
 1344      00
 1345              	.LASF6:
 1346 0297 696E7433 		.ascii	"int32_t\000"
 1346      325F7400 
 1347              	.LASF82:
 1348 029f 49534152 		.ascii	"ISAR\000"
 1348      00
ARM GAS  /tmp/ccDpX9Rb.s 			page 27


 1349              	.LASF61:
 1350 02a4 49535052 		.ascii	"ISPR\000"
 1350      00
 1351              	.LASF77:
 1352 02a9 44465352 		.ascii	"DFSR\000"
 1352      00
 1353              	.LASF12:
 1354 02ae 5F426F6F 		.ascii	"_Bool\000"
 1354      6C00
 1355              	.LASF52:
 1356 02b4 5249545F 		.ascii	"RIT_IRQn\000"
 1356      4952516E 
 1356      00
 1357              	.LASF23:
 1358 02bd 5744545F 		.ascii	"WDT_IRQn\000"
 1358      4952516E 
 1358      00
 1359              	.LASF76:
 1360 02c6 48465352 		.ascii	"HFSR\000"
 1360      00
 1361              	.LASF57:
 1362 02cb 49534552 		.ascii	"ISER\000"
 1362      00
 1363              	.LASF81:
 1364 02d0 4D4D4652 		.ascii	"MMFR\000"
 1364      00
 1365              	.LASF58:
 1366 02d5 52455345 		.ascii	"RESERVED0\000"
 1366      52564544 
 1366      3000
 1367              	.LASF35:
 1368 02df 49324332 		.ascii	"I2C2_IRQn\000"
 1368      5F495251 
 1368      6E00
 1369              	.LASF62:
 1370 02e9 52455345 		.ascii	"RESERVED2\000"
 1370      52564544 
 1370      3200
 1371              	.LASF64:
 1372 02f3 52455345 		.ascii	"RESERVED3\000"
 1372      52564544 
 1372      3300
 1373              	.LASF66:
 1374 02fd 52455345 		.ascii	"RESERVED4\000"
 1374      52564544 
 1374      3400
 1375              	.LASF67:
 1376 0307 52455345 		.ascii	"RESERVED5\000"
 1376      52564544 
 1376      3500
 1377              	.LASF9:
 1378 0311 6C6F6E67 		.ascii	"long unsigned int\000"
 1378      20756E73 
 1378      69676E65 
 1378      6420696E 
 1378      7400
 1379              	.LASF16:
ARM GAS  /tmp/ccDpX9Rb.s 			page 28


 1380 0323 4D656D6F 		.ascii	"MemoryManagement_IRQn\000"
 1380      72794D61 
 1380      6E616765 
 1380      6D656E74 
 1380      5F495251 
 1381              	.LASF47:
 1382 0339 5553425F 		.ascii	"USB_IRQn\000"
 1382      4952516E 
 1382      00
 1383              	.LASF40:
 1384 0342 5254435F 		.ascii	"RTC_IRQn\000"
 1384      4952516E 
 1384      00
 1385              	.LASF27:
 1386 034b 54494D45 		.ascii	"TIMER3_IRQn\000"
 1386      52335F49 
 1386      52516E00 
 1387              	.LASF33:
 1388 0357 49324330 		.ascii	"I2C0_IRQn\000"
 1388      5F495251 
 1388      6E00
 1389              	.LASF15:
 1390 0361 4E6F6E4D 		.ascii	"NonMaskableInt_IRQn\000"
 1390      61736B61 
 1390      626C6549 
 1390      6E745F49 
 1390      52516E00 
 1391              	.LASF94:
 1392 0375 2F686F6D 		.ascii	"/home/daniofb/Programming/ChibiOS-RT/demos/ARMCM3-L"
 1392      652F6461 
 1392      6E696F66 
 1392      622F5072 
 1392      6F677261 
 1393 03a8 50433137 		.ascii	"PC1768-AKAIKABA\000"
 1393      36382D41 
 1393      4B41494B 
 1393      41424100 
 1394              	.LASF86:
 1395 03b8 4C4F4144 		.ascii	"LOAD\000"
 1395      00
 1396              	.LASF92:
 1397 03bd 474E5520 		.ascii	"GNU C 4.8.1 -mcpu=cortex-m3 -mno-thumb-interwork -m"
 1397      4320342E 
 1397      382E3120 
 1397      2D6D6370 
 1397      753D636F 
 1398 03f0 7468756D 		.ascii	"thumb -mfloat-abi=soft -ggdb -O2 -fomit-frame-point"
 1398      62202D6D 
 1398      666C6F61 
 1398      742D6162 
 1398      693D736F 
 1399 0423 6572202D 		.ascii	"er -ffunction-sections -fdata-sections -fno-common\000"
 1399      6666756E 
 1399      6374696F 
 1399      6E2D7365 
 1399      6374696F 
 1400              	.LASF80:
ARM GAS  /tmp/ccDpX9Rb.s 			page 29


 1401 0456 41465352 		.ascii	"AFSR\000"
 1401      00
 1402              	.LASF36:
 1403 045b 5350495F 		.ascii	"SPI_IRQn\000"
 1403      4952516E 
 1403      00
 1404              	.LASF44:
 1405 0464 45494E54 		.ascii	"EINT3_IRQn\000"
 1405      335F4952 
 1405      516E00
 1406              	.LASF54:
 1407 046f 5145495F 		.ascii	"QEI_IRQn\000"
 1407      4952516E 
 1407      00
 1408              	.LASF31:
 1409 0478 55415254 		.ascii	"UART3_IRQn\000"
 1409      335F4952 
 1409      516E00
 1410              	.LASF99:
 1411 0483 49544D5F 		.ascii	"ITM_RxBuffer\000"
 1411      52784275 
 1411      66666572 
 1411      00
 1412              	.LASF41:
 1413 0490 45494E54 		.ascii	"EINT0_IRQn\000"
 1413      305F4952 
 1413      516E00
 1414              	.LASF0:
 1415 049b 756E7369 		.ascii	"unsigned int\000"
 1415      676E6564 
 1415      20696E74 
 1415      00
 1416              	.LASF28:
 1417 04a8 55415254 		.ascii	"UART0_IRQn\000"
 1417      305F4952 
 1417      516E00
 1418              	.LASF83:
 1419 04b3 43504143 		.ascii	"CPACR\000"
 1419      5200
 1420              	.LASF32:
 1421 04b9 50574D31 		.ascii	"PWM1_IRQn\000"
 1421      5F495251 
 1421      6E00
 1422              		.ident	"GCC: (GNU) 4.8.1"
ARM GAS  /tmp/ccDpX9Rb.s 			page 30


DEFINED SYMBOLS
                            *ABS*:0000000000000000 board.c
     /tmp/ccDpX9Rb.s:19     .text.__early_init:0000000000000000 $t
     /tmp/ccDpX9Rb.s:24     .text.__early_init:0000000000000000 __early_init
     /tmp/ccDpX9Rb.s:86     .text.boardInit:0000000000000000 $t
     /tmp/ccDpX9Rb.s:91     .text.boardInit:0000000000000000 boardInit
                     .debug_frame:0000000000000010 $d

UNDEFINED SYMBOLS
SystemInit
