ARM GAS  /tmp/ccgW3rWJ.s 			page 1


   1              		.syntax unified
   2              		.cpu cortex-m3
   3              		.fpu softvfp
   4              		.eabi_attribute 20, 1
   5              		.eabi_attribute 21, 1
   6              		.eabi_attribute 23, 3
   7              		.eabi_attribute 24, 1
   8              		.eabi_attribute 25, 1
   9              		.eabi_attribute 26, 1
  10              		.eabi_attribute 30, 2
  11              		.eabi_attribute 34, 1
  12              		.eabi_attribute 18, 4
  13              		.thumb
  14              		.file	"chcore_v7m.c"
  15              		.text
  16              	.Ltext0:
  17              		.cfi_sections	.debug_frame
  18              		.section	.text._port_switch_from_isr,"ax",%progbits
  19              		.align	2
  20              		.global	_port_switch_from_isr
  21              		.thumb
  22              		.thumb_func
  23              		.type	_port_switch_from_isr, %function
  24              	_port_switch_from_isr:
  25              	.LFB11:
  26              		.file 1 "../../os/ports/GCC/ARMCMx/chcore_v7m.c"
  27              		.loc 1 200 0
  28              		.cfi_startproc
  29              		@ Naked Function: prologue and epilogue provided by programmer.
  30              		@ args = 0, pretend = 0, frame = 0
  31              		@ frame_needed = 0, uses_anonymous_args = 0
  32              		.loc 1 203 0
  33 0000 FFF7FEFF 		bl	chSchDoReschedule
  34              	.LVL0:
  35              		.loc 1 205 0
  36              	@ 205 "../../os/ports/GCC/ARMCMx/chcore_v7m.c" 1
  37              		_port_exit_from_isr:
  38              	@ 0 "" 2
  39              		.loc 1 207 0
  40              	@ 207 "../../os/ports/GCC/ARMCMx/chcore_v7m.c" 1
  41 0004 00DF     		svc     #0
  42              	@ 0 "" 2
  43              		.loc 1 214 0
  44              		.thumb
  45              		.cfi_endproc
  46              	.LFE11:
  47              		.size	_port_switch_from_isr, .-_port_switch_from_isr
  48 0006 00BF     		.section	.text.SVCallVector,"ax",%progbits
  49              		.align	2
  50              		.global	SVCallVector
  51              		.thumb
  52              		.thumb_func
  53              		.type	SVCallVector, %function
  54              	SVCallVector:
  55              	.LFB8:
  56              		.loc 1 58 0
  57              		.cfi_startproc
ARM GAS  /tmp/ccgW3rWJ.s 			page 2


  58              		@ args = 0, pretend = 0, frame = 0
  59              		@ frame_needed = 0, uses_anonymous_args = 0
  60              		@ link register save eliminated.
  61              		.loc 1 62 0
  62              	@ 62 "../../os/ports/GCC/ARMCMx/chcore_v7m.c" 1
  63 0000 EFF30983 		mrs     r3, PSP
  64              	@ 0 "" 2
  65              	.LVL1:
  66              		.loc 1 66 0
  67              		.thumb
  68 0004 2033     		adds	r3, r3, #32
  69              	.LVL2:
  70              		.loc 1 73 0
  71              	@ 73 "../../os/ports/GCC/ARMCMx/chcore_v7m.c" 1
  72 0006 83F30988 		msr     PSP, r3
  73              	@ 0 "" 2
  74              		.thumb
  75              	.LBB2:
  76              		.loc 1 74 0
  77 000a 0023     		movs	r3, #0
  78              	.LVL3:
  79              	@ 74 "../../os/ports/GCC/ARMCMx/chcore_v7m.c" 1
  80 000c 83F31188 		msr     BASEPRI, r3
  81              	@ 0 "" 2
  82              		.thumb
  83 0010 7047     		bx	lr
  84              	.LBE2:
  85              		.cfi_endproc
  86              	.LFE8:
  87              		.size	SVCallVector, .-SVCallVector
  88 0012 00BF     		.section	.text._port_init,"ax",%progbits
  89              		.align	2
  90              		.global	_port_init
  91              		.thumb
  92              		.thumb_func
  93              		.type	_port_init, %function
  94              	_port_init:
  95              	.LFB9:
  96              		.loc 1 111 0
  97              		.cfi_startproc
  98              		@ args = 0, pretend = 0, frame = 0
  99              		@ frame_needed = 0, uses_anonymous_args = 0
 100 0000 08B5     		push	{r3, lr}
 101              		.cfi_def_cfa_offset 8
 102              		.cfi_offset 3, -8
 103              		.cfi_offset 14, -4
 104              		.loc 1 115 0
 105 0002 4FF48062 		mov	r2, #1024
 106              		.loc 1 114 0
 107 0006 4FF46D43 		mov	r3, #60672
 108 000a CEF20003 		movt	r3, 57344
 109              		.loc 1 115 0
 110 000e C0F2FA52 		movt	r2, 1530
 111              		.loc 1 114 0
 112 0012 0021     		movs	r1, #0
 113 0014 9960     		str	r1, [r3, #8]
 114              		.loc 1 118 0
ARM GAS  /tmp/ccgW3rWJ.s 			page 3


 115 0016 0720     		movs	r0, #7
 116              		.loc 1 115 0
 117 0018 DA60     		str	r2, [r3, #12]
 118              		.loc 1 118 0
 119 001a 2021     		movs	r1, #32
 120 001c FFF7FEFF 		bl	nvicSetSystemHandlerPriority
 121              	.LVL4:
 122              		.loc 1 120 0
 123 0020 0A20     		movs	r0, #10
 124 0022 4FF40061 		mov	r1, #2048
 125 0026 FFF7FEFF 		bl	nvicSetSystemHandlerPriority
 126              	.LVL5:
 127              		.loc 1 124 0
 128 002a BDE80840 		pop	{r3, lr}
 129              		.loc 1 122 0
 130 002e 0B20     		movs	r0, #11
 131 0030 8021     		movs	r1, #128
 132 0032 FFF7FEBF 		b	nvicSetSystemHandlerPriority
 133              	.LVL6:
 134              		.cfi_endproc
 135              	.LFE9:
 136              		.size	_port_init, .-_port_init
 137 0036 00BF     		.section	.text._port_irq_epilogue,"ax",%progbits
 138              		.align	2
 139              		.global	_port_irq_epilogue
 140              		.thumb
 141              		.thumb_func
 142              		.type	_port_irq_epilogue, %function
 143              	_port_irq_epilogue:
 144              	.LFB10:
 145              		.loc 1 141 0
 146              		.cfi_startproc
 147              		@ args = 0, pretend = 0, frame = 0
 148              		@ frame_needed = 0, uses_anonymous_args = 0
 149              		@ link register save eliminated.
 150              	.LBB3:
 151              		.loc 1 143 0
 152 0000 4023     		movs	r3, #64
 153              	@ 143 "../../os/ports/GCC/ARMCMx/chcore_v7m.c" 1
 154 0002 83F31188 		msr     BASEPRI, r3
 155              	@ 0 "" 2
 156              		.thumb
 157              	.LBE3:
 158              		.loc 1 144 0
 159 0006 4FF46D43 		mov	r3, #60672
 160 000a CEF20003 		movt	r3, 57344
 161 000e 5B68     		ldr	r3, [r3, #4]
 162 0010 13F40063 		ands	r3, r3, #2048
 163 0014 1ED0     		beq	.L5
 164              	.LBB4:
 165              		.loc 1 148 0
 166              	@ 148 "../../os/ports/GCC/ARMCMx/chcore_v7m.c" 1
 167 0016 EFF30982 		mrs     r2, PSP
 168              	@ 0 "" 2
 169              	.LVL7:
 170              		.loc 1 152 0
 171              		.thumb
ARM GAS  /tmp/ccgW3rWJ.s 			page 4


 172 001a A2F12003 		sub	r3, r2, #32
 173              	.LVL8:
 174              		.loc 1 153 0
 175              	@ 153 "../../os/ports/GCC/ARMCMx/chcore_v7m.c" 1
 176 001e 83F30988 		msr     PSP, r3
 177              	@ 0 "" 2
 178              		.loc 1 158 0
 179              		.thumb
 180 0022 40F20003 		movw	r3, #:lower16:rlist
 181              	.LVL9:
 182 0026 C0F20003 		movt	r3, #:upper16:rlist
 183 002a 1968     		ldr	r1, [r3]
 184 002c 9B69     		ldr	r3, [r3, #24]
 185 002e 8968     		ldr	r1, [r1, #8]
 186 0030 9B68     		ldr	r3, [r3, #8]
 187              		.loc 1 154 0
 188 0032 4FF08070 		mov	r0, #16777216
 189              		.loc 1 158 0
 190 0036 9942     		cmp	r1, r3
 191              		.loc 1 160 0
 192 0038 8BBF     		itete	hi
 193 003a 40F20003 		movwhi	r3, #:lower16:_port_switch_from_isr
 194              		.loc 1 169 0
 195 003e 40F20003 		movwls	r3, #:lower16:_port_exit_from_isr
 196              		.loc 1 160 0
 197 0042 C0F20003 		movthi	r3, #:upper16:_port_switch_from_isr
 198              		.loc 1 169 0
 199 0046 C0F20003 		movtls	r3, #:upper16:_port_exit_from_isr
 200              		.loc 1 154 0
 201 004a 42F8040C 		str	r0, [r2, #-4]
 202              		.loc 1 169 0
 203 004e 42F8083C 		str	r3, [r2, #-8]
 204 0052 7047     		bx	lr
 205              	.LVL10:
 206              	.L5:
 207              	.LBE4:
 208              	.LBB5:
 209              		.loc 1 190 0
 210              	@ 190 "../../os/ports/GCC/ARMCMx/chcore_v7m.c" 1
 211 0054 83F31188 		msr     BASEPRI, r3
 212              	@ 0 "" 2
 213              		.thumb
 214 0058 7047     		bx	lr
 215              	.LBE5:
 216              		.cfi_endproc
 217              	.LFE10:
 218              		.size	_port_irq_epilogue, .-_port_irq_epilogue
 219 005a 00BF     		.section	.text.SysTickVector,"ax",%progbits
 220              		.align	2
 221              		.global	SysTickVector
 222              		.thumb
 223              		.thumb_func
 224              		.type	SysTickVector, %function
 225              	SysTickVector:
 226              	.LFB7:
 227              		.loc 1 40 0
 228              		.cfi_startproc
ARM GAS  /tmp/ccgW3rWJ.s 			page 5


 229              		@ args = 0, pretend = 0, frame = 0
 230              		@ frame_needed = 0, uses_anonymous_args = 0
 231 0000 08B5     		push	{r3, lr}
 232              		.cfi_def_cfa_offset 8
 233              		.cfi_offset 3, -8
 234              		.cfi_offset 14, -4
 235              	.LBB6:
 236              		.loc 1 44 0
 237 0002 4023     		movs	r3, #64
 238              	@ 44 "../../os/ports/GCC/ARMCMx/chcore_v7m.c" 1
 239 0004 83F31188 		msr     BASEPRI, r3
 240              	@ 0 "" 2
 241              		.thumb
 242              	.LBE6:
 243              		.loc 1 45 0
 244 0008 FFF7FEFF 		bl	chSysTimerHandlerI
 245              	.LVL11:
 246              	.LBB7:
 247              		.loc 1 46 0
 248 000c 0023     		movs	r3, #0
 249              	@ 46 "../../os/ports/GCC/ARMCMx/chcore_v7m.c" 1
 250 000e 83F31188 		msr     BASEPRI, r3
 251              	@ 0 "" 2
 252              		.thumb
 253              	.LBE7:
 254              		.loc 1 49 0
 255 0012 BDE80840 		pop	{r3, lr}
 256              		.loc 1 48 0
 257 0016 FFF7FEBF 		b	_port_irq_epilogue
 258              	.LVL12:
 259              		.cfi_endproc
 260              	.LFE7:
 261              		.size	SysTickVector, .-SysTickVector
 262 001a 00BF     		.section	.text._port_switch,"ax",%progbits
 263              		.align	2
 264              		.global	_port_switch
 265              		.thumb
 266              		.thumb_func
 267              		.type	_port_switch, %function
 268              	_port_switch:
 269              	.LFB12:
 270              		.loc 1 229 0
 271              		.cfi_startproc
 272              		@ Naked Function: prologue and epilogue provided by programmer.
 273              		@ args = 0, pretend = 0, frame = 0
 274              		@ frame_needed = 0, uses_anonymous_args = 0
 275              	.LVL13:
 276              		.loc 1 231 0
 277              	@ 231 "../../os/ports/GCC/ARMCMx/chcore_v7m.c" 1
 278 0000 2DE9F04F 		push    {r4, r5, r6, r7, r8, r9, r10, r11, lr}
 279              	@ 0 "" 2
 280              		.loc 1 237 0
 281              	@ 237 "../../os/ports/GCC/ARMCMx/chcore_v7m.c" 1
 282 0004 C1F80CD0 		str     sp, [r1, #12]                          
 283 0008 D0F80CD0 		ldr     sp, [r0, #12]
 284              	@ 0 "" 2
 285              		.loc 1 243 0
ARM GAS  /tmp/ccgW3rWJ.s 			page 6


 286              	@ 243 "../../os/ports/GCC/ARMCMx/chcore_v7m.c" 1
 287 000c BDE8F08F 		pop     {r4, r5, r6, r7, r8, r9, r10, r11, pc}
 288              	@ 0 "" 2
 289              		.loc 1 245 0
 290              		.thumb
 291              		.cfi_endproc
 292              	.LFE12:
 293              		.size	_port_switch, .-_port_switch
 294              		.section	.text._port_thread_start,"ax",%progbits
 295              		.align	2
 296              		.global	_port_thread_start
 297              		.thumb
 298              		.thumb_func
 299              		.type	_port_thread_start, %function
 300              	_port_thread_start:
 301              	.LFB13:
 302              		.loc 1 252 0
 303              		.cfi_startproc
 304              		@ args = 0, pretend = 0, frame = 0
 305              		@ frame_needed = 0, uses_anonymous_args = 0
 306              		@ link register save eliminated.
 307              	.LBB8:
 308              		.loc 1 254 0
 309 0000 0023     		movs	r3, #0
 310              	@ 254 "../../os/ports/GCC/ARMCMx/chcore_v7m.c" 1
 311 0002 83F31188 		msr     BASEPRI, r3
 312              	@ 0 "" 2
 313              		.thumb
 314              	.LBE8:
 315              		.loc 1 255 0
 316              	@ 255 "../../os/ports/GCC/ARMCMx/chcore_v7m.c" 1
 317 0006 2846     		mov     r0, r5                                 
 318 0008 A047     		blx     r4                                     
 319 000a FFF7FEFF 		bl      chThdExit
 320              	@ 0 "" 2
 321              		.thumb
 322 000e 7047     		bx	lr
 323              		.cfi_endproc
 324              	.LFE13:
 325              		.size	_port_thread_start, .-_port_thread_start
 326              		.text
 327              	.Letext0:
 328              		.file 2 "/home/daniofb/arm-cm3-eabi/arm-cm3-eabi/sys-include/stdint.h"
 329              		.file 3 "../../os/ports/GCC/ARMCMx/chtypes.h"
 330              		.file 4 "../../os/kernel/include/chlists.h"
 331              		.file 5 "../../os/kernel/include/chthreads.h"
 332              		.file 6 "../../os/ports/GCC/ARMCMx/chcore_v7m.h"
 333              		.file 7 "../../os/ports/common/ARMCMx/nvic.h"
 334              		.file 8 "../../os/kernel/include/chschd.h"
 335              		.file 9 "../../os/kernel/include/chmtx.h"
 336              		.file 10 "../../os/kernel/include/chsys.h"
 337              		.section	.debug_info,"",%progbits
 338              	.Ldebug_info0:
 339 0000 BC070000 		.4byte	0x7bc
 340 0004 0400     		.2byte	0x4
 341 0006 00000000 		.4byte	.Ldebug_abbrev0
 342 000a 04       		.byte	0x4
ARM GAS  /tmp/ccgW3rWJ.s 			page 7


 343 000b 01       		.uleb128 0x1
 344 000c FF000000 		.4byte	.LASF91
 345 0010 01       		.byte	0x1
 346 0011 94030000 		.4byte	.LASF92
 347 0015 98010000 		.4byte	.LASF93
 348 0019 00000000 		.4byte	.Ldebug_ranges0+0
 349 001d 00000000 		.4byte	0
 350 0021 00000000 		.4byte	.Ldebug_line0
 351 0025 02       		.uleb128 0x2
 352 0026 04       		.byte	0x4
 353 0027 05       		.byte	0x5
 354 0028 696E7400 		.ascii	"int\000"
 355 002c 03       		.uleb128 0x3
 356 002d 04       		.byte	0x4
 357 002e 07       		.byte	0x7
 358 002f DB010000 		.4byte	.LASF0
 359 0033 03       		.uleb128 0x3
 360 0034 01       		.byte	0x1
 361 0035 06       		.byte	0x6
 362 0036 71000000 		.4byte	.LASF1
 363 003a 04       		.uleb128 0x4
 364 003b 1E040000 		.4byte	.LASF5
 365 003f 02       		.byte	0x2
 366 0040 2A       		.byte	0x2a
 367 0041 45000000 		.4byte	0x45
 368 0045 03       		.uleb128 0x3
 369 0046 01       		.byte	0x1
 370 0047 08       		.byte	0x8
 371 0048 05030000 		.4byte	.LASF2
 372 004c 03       		.uleb128 0x3
 373 004d 02       		.byte	0x2
 374 004e 05       		.byte	0x5
 375 004f 23030000 		.4byte	.LASF3
 376 0053 03       		.uleb128 0x3
 377 0054 02       		.byte	0x2
 378 0055 07       		.byte	0x7
 379 0056 38020000 		.4byte	.LASF4
 380 005a 04       		.uleb128 0x4
 381 005b FD020000 		.4byte	.LASF6
 382 005f 02       		.byte	0x2
 383 0060 4F       		.byte	0x4f
 384 0061 65000000 		.4byte	0x65
 385 0065 03       		.uleb128 0x3
 386 0066 04       		.byte	0x4
 387 0067 05       		.byte	0x5
 388 0068 8D000000 		.4byte	.LASF7
 389 006c 04       		.uleb128 0x4
 390 006d 69030000 		.4byte	.LASF8
 391 0071 02       		.byte	0x2
 392 0072 50       		.byte	0x50
 393 0073 77000000 		.4byte	0x77
 394 0077 03       		.uleb128 0x3
 395 0078 04       		.byte	0x4
 396 0079 07       		.byte	0x7
 397 007a 03020000 		.4byte	.LASF9
 398 007e 03       		.uleb128 0x3
 399 007f 08       		.byte	0x8
ARM GAS  /tmp/ccgW3rWJ.s 			page 8


 400 0080 05       		.byte	0x5
 401 0081 63000000 		.4byte	.LASF10
 402 0085 03       		.uleb128 0x3
 403 0086 08       		.byte	0x8
 404 0087 07       		.byte	0x7
 405 0088 36000000 		.4byte	.LASF11
 406 008c 03       		.uleb128 0x3
 407 008d 01       		.byte	0x1
 408 008e 02       		.byte	0x2
 409 008f F7020000 		.4byte	.LASF12
 410 0093 04       		.uleb128 0x4
 411 0094 7A020000 		.4byte	.LASF13
 412 0098 03       		.byte	0x3
 413 0099 25       		.byte	0x25
 414 009a 3A000000 		.4byte	0x3a
 415 009e 04       		.uleb128 0x4
 416 009f 96000000 		.4byte	.LASF14
 417 00a3 03       		.byte	0x3
 418 00a4 26       		.byte	0x26
 419 00a5 3A000000 		.4byte	0x3a
 420 00a9 04       		.uleb128 0x4
 421 00aa DB020000 		.4byte	.LASF15
 422 00ae 03       		.byte	0x3
 423 00af 27       		.byte	0x27
 424 00b0 3A000000 		.4byte	0x3a
 425 00b4 04       		.uleb128 0x4
 426 00b5 EF020000 		.4byte	.LASF16
 427 00b9 03       		.byte	0x3
 428 00ba 29       		.byte	0x29
 429 00bb 6C000000 		.4byte	0x6c
 430 00bf 04       		.uleb128 0x4
 431 00c0 50020000 		.4byte	.LASF17
 432 00c4 03       		.byte	0x3
 433 00c5 2A       		.byte	0x2a
 434 00c6 5A000000 		.4byte	0x5a
 435 00ca 04       		.uleb128 0x4
 436 00cb 8E020000 		.4byte	.LASF18
 437 00cf 03       		.byte	0x3
 438 00d0 2C       		.byte	0x2c
 439 00d1 6C000000 		.4byte	0x6c
 440 00d5 04       		.uleb128 0x4
 441 00d6 C2030000 		.4byte	.LASF19
 442 00da 03       		.byte	0x3
 443 00db 2E       		.byte	0x2e
 444 00dc 6C000000 		.4byte	0x6c
 445 00e0 04       		.uleb128 0x4
 446 00e1 57030000 		.4byte	.LASF20
 447 00e5 04       		.byte	0x4
 448 00e6 23       		.byte	0x23
 449 00e7 EB000000 		.4byte	0xeb
 450 00eb 05       		.uleb128 0x5
 451 00ec 57030000 		.4byte	.LASF20
 452 00f0 48       		.byte	0x48
 453 00f1 05       		.byte	0x5
 454 00f2 57       		.byte	0x57
 455 00f3 DC010000 		.4byte	0x1dc
 456 00f7 06       		.uleb128 0x6
ARM GAS  /tmp/ccgW3rWJ.s 			page 9


 457 00f8 48030000 		.4byte	.LASF21
 458 00fc 05       		.byte	0x5
 459 00fd 58       		.byte	0x58
 460 00fe FD010000 		.4byte	0x1fd
 461 0102 00       		.byte	0
 462 0103 06       		.uleb128 0x6
 463 0104 E8020000 		.4byte	.LASF22
 464 0108 05       		.byte	0x5
 465 0109 5A       		.byte	0x5a
 466 010a FD010000 		.4byte	0x1fd
 467 010e 04       		.byte	0x4
 468 010f 06       		.uleb128 0x6
 469 0110 5C000000 		.4byte	.LASF23
 470 0114 05       		.byte	0x5
 471 0115 5C       		.byte	0x5c
 472 0116 B4000000 		.4byte	0xb4
 473 011a 08       		.byte	0x8
 474 011b 06       		.uleb128 0x6
 475 011c 52040000 		.4byte	.LASF24
 476 0120 05       		.byte	0x5
 477 0121 5D       		.byte	0x5d
 478 0122 1F030000 		.4byte	0x31f
 479 0126 0C       		.byte	0xc
 480 0127 06       		.uleb128 0x6
 481 0128 B2000000 		.4byte	.LASF25
 482 012c 05       		.byte	0x5
 483 012d 5F       		.byte	0x5f
 484 012e FD010000 		.4byte	0x1fd
 485 0132 10       		.byte	0x10
 486 0133 06       		.uleb128 0x6
 487 0134 AE020000 		.4byte	.LASF26
 488 0138 05       		.byte	0x5
 489 0139 60       		.byte	0x60
 490 013a FD010000 		.4byte	0x1fd
 491 013e 14       		.byte	0x14
 492 013f 06       		.uleb128 0x6
 493 0140 38040000 		.4byte	.LASF27
 494 0144 05       		.byte	0x5
 495 0145 67       		.byte	0x67
 496 0146 98050000 		.4byte	0x598
 497 014a 18       		.byte	0x18
 498 014b 06       		.uleb128 0x6
 499 014c 2D030000 		.4byte	.LASF28
 500 0150 05       		.byte	0x5
 501 0151 72       		.byte	0x72
 502 0152 9E000000 		.4byte	0x9e
 503 0156 1C       		.byte	0x1c
 504 0157 06       		.uleb128 0x6
 505 0158 4F030000 		.4byte	.LASF29
 506 015c 05       		.byte	0x5
 507 015d 76       		.byte	0x76
 508 015e 93000000 		.4byte	0x93
 509 0162 1D       		.byte	0x1d
 510 0163 06       		.uleb128 0x6
 511 0164 02040000 		.4byte	.LASF30
 512 0168 05       		.byte	0x5
 513 0169 7B       		.byte	0x7b
ARM GAS  /tmp/ccgW3rWJ.s 			page 10


 514 016a A9000000 		.4byte	0xa9
 515 016e 1E       		.byte	0x1e
 516 016f 06       		.uleb128 0x6
 517 0170 E4030000 		.4byte	.LASF31
 518 0174 05       		.byte	0x5
 519 0175 88       		.byte	0x88
 520 0176 C0040000 		.4byte	0x4c0
 521 017a 20       		.byte	0x20
 522 017b 07       		.uleb128 0x7
 523 017c 705F7500 		.ascii	"p_u\000"
 524 0180 05       		.byte	0x5
 525 0181 AD       		.byte	0xad
 526 0182 63050000 		.4byte	0x563
 527 0186 24       		.byte	0x24
 528 0187 06       		.uleb128 0x6
 529 0188 58040000 		.4byte	.LASF32
 530 018c 05       		.byte	0x5
 531 018d B2       		.byte	0xb2
 532 018e 23020000 		.4byte	0x223
 533 0192 28       		.byte	0x28
 534 0193 06       		.uleb128 0x6
 535 0194 F7030000 		.4byte	.LASF33
 536 0198 05       		.byte	0x5
 537 0199 B8       		.byte	0xb8
 538 019a 03020000 		.4byte	0x203
 539 019e 2C       		.byte	0x2c
 540 019f 06       		.uleb128 0x6
 541 01a0 00000000 		.4byte	.LASF34
 542 01a4 05       		.byte	0x5
 543 01a5 BC       		.byte	0xbc
 544 01a6 BF000000 		.4byte	0xbf
 545 01aa 34       		.byte	0x34
 546 01ab 06       		.uleb128 0x6
 547 01ac 5E030000 		.4byte	.LASF35
 548 01b0 05       		.byte	0x5
 549 01b1 C2       		.byte	0xc2
 550 01b2 CA000000 		.4byte	0xca
 551 01b6 38       		.byte	0x38
 552 01b7 06       		.uleb128 0x6
 553 01b8 19030000 		.4byte	.LASF36
 554 01bc 05       		.byte	0x5
 555 01bd C9       		.byte	0xc9
 556 01be AA050000 		.4byte	0x5aa
 557 01c2 3C       		.byte	0x3c
 558 01c3 06       		.uleb128 0x6
 559 01c4 CC030000 		.4byte	.LASF37
 560 01c8 05       		.byte	0x5
 561 01c9 CD       		.byte	0xcd
 562 01ca B4000000 		.4byte	0xb4
 563 01ce 40       		.byte	0x40
 564 01cf 06       		.uleb128 0x6
 565 01d0 7D000000 		.4byte	.LASF38
 566 01d4 05       		.byte	0x5
 567 01d5 D3       		.byte	0xd3
 568 01d6 39020000 		.4byte	0x239
 569 01da 44       		.byte	0x44
 570 01db 00       		.byte	0
ARM GAS  /tmp/ccgW3rWJ.s 			page 11


 571 01dc 08       		.uleb128 0x8
 572 01dd 08       		.byte	0x8
 573 01de 04       		.byte	0x4
 574 01df 5A       		.byte	0x5a
 575 01e0 FD010000 		.4byte	0x1fd
 576 01e4 06       		.uleb128 0x6
 577 01e5 48030000 		.4byte	.LASF21
 578 01e9 04       		.byte	0x4
 579 01ea 5B       		.byte	0x5b
 580 01eb FD010000 		.4byte	0x1fd
 581 01ef 00       		.byte	0
 582 01f0 06       		.uleb128 0x6
 583 01f1 E8020000 		.4byte	.LASF22
 584 01f5 04       		.byte	0x4
 585 01f6 5D       		.byte	0x5d
 586 01f7 FD010000 		.4byte	0x1fd
 587 01fb 04       		.byte	0x4
 588 01fc 00       		.byte	0
 589 01fd 09       		.uleb128 0x9
 590 01fe 04       		.byte	0x4
 591 01ff E0000000 		.4byte	0xe0
 592 0203 04       		.uleb128 0x4
 593 0204 BC020000 		.4byte	.LASF39
 594 0208 04       		.byte	0x4
 595 0209 5F       		.byte	0x5f
 596 020a DC010000 		.4byte	0x1dc
 597 020e 08       		.uleb128 0x8
 598 020f 04       		.byte	0x4
 599 0210 04       		.byte	0x4
 600 0211 64       		.byte	0x64
 601 0212 23020000 		.4byte	0x223
 602 0216 06       		.uleb128 0x6
 603 0217 48030000 		.4byte	.LASF21
 604 021b 04       		.byte	0x4
 605 021c 66       		.byte	0x66
 606 021d FD010000 		.4byte	0x1fd
 607 0221 00       		.byte	0
 608 0222 00       		.byte	0
 609 0223 04       		.uleb128 0x4
 610 0224 82020000 		.4byte	.LASF40
 611 0228 04       		.byte	0x4
 612 0229 69       		.byte	0x69
 613 022a 0E020000 		.4byte	0x20e
 614 022e 04       		.uleb128 0x4
 615 022f E4000000 		.4byte	.LASF41
 616 0233 06       		.byte	0x6
 617 0234 DE       		.byte	0xde
 618 0235 39020000 		.4byte	0x239
 619 0239 0A       		.uleb128 0xa
 620 023a 04       		.byte	0x4
 621 023b 05       		.uleb128 0x5
 622 023c EF010000 		.4byte	.LASF42
 623 0240 20       		.byte	0x20
 624 0241 06       		.byte	0x6
 625 0242 E6       		.byte	0xe6
 626 0243 A3020000 		.4byte	0x2a3
 627 0247 07       		.uleb128 0x7
ARM GAS  /tmp/ccgW3rWJ.s 			page 12


 628 0248 723000   		.ascii	"r0\000"
 629 024b 06       		.byte	0x6
 630 024c E7       		.byte	0xe7
 631 024d 2E020000 		.4byte	0x22e
 632 0251 00       		.byte	0
 633 0252 07       		.uleb128 0x7
 634 0253 723100   		.ascii	"r1\000"
 635 0256 06       		.byte	0x6
 636 0257 E8       		.byte	0xe8
 637 0258 2E020000 		.4byte	0x22e
 638 025c 04       		.byte	0x4
 639 025d 07       		.uleb128 0x7
 640 025e 723200   		.ascii	"r2\000"
 641 0261 06       		.byte	0x6
 642 0262 E9       		.byte	0xe9
 643 0263 2E020000 		.4byte	0x22e
 644 0267 08       		.byte	0x8
 645 0268 07       		.uleb128 0x7
 646 0269 723300   		.ascii	"r3\000"
 647 026c 06       		.byte	0x6
 648 026d EA       		.byte	0xea
 649 026e 2E020000 		.4byte	0x22e
 650 0272 0C       		.byte	0xc
 651 0273 07       		.uleb128 0x7
 652 0274 72313200 		.ascii	"r12\000"
 653 0278 06       		.byte	0x6
 654 0279 EB       		.byte	0xeb
 655 027a 2E020000 		.4byte	0x22e
 656 027e 10       		.byte	0x10
 657 027f 06       		.uleb128 0x6
 658 0280 E8010000 		.4byte	.LASF43
 659 0284 06       		.byte	0x6
 660 0285 EC       		.byte	0xec
 661 0286 2E020000 		.4byte	0x22e
 662 028a 14       		.byte	0x14
 663 028b 07       		.uleb128 0x7
 664 028c 706300   		.ascii	"pc\000"
 665 028f 06       		.byte	0x6
 666 0290 ED       		.byte	0xed
 667 0291 2E020000 		.4byte	0x22e
 668 0295 18       		.byte	0x18
 669 0296 06       		.uleb128 0x6
 670 0297 35030000 		.4byte	.LASF44
 671 029b 06       		.byte	0x6
 672 029c EE       		.byte	0xee
 673 029d 2E020000 		.4byte	0x22e
 674 02a1 1C       		.byte	0x1c
 675 02a2 00       		.byte	0
 676 02a3 0B       		.uleb128 0xb
 677 02a4 F0030000 		.4byte	.LASF45
 678 02a8 24       		.byte	0x24
 679 02a9 06       		.byte	0x6
 680 02aa 0501     		.2byte	0x105
 681 02ac 1F030000 		.4byte	0x31f
 682 02b0 0C       		.uleb128 0xc
 683 02b1 723400   		.ascii	"r4\000"
 684 02b4 06       		.byte	0x6
ARM GAS  /tmp/ccgW3rWJ.s 			page 13


 685 02b5 1801     		.2byte	0x118
 686 02b7 2E020000 		.4byte	0x22e
 687 02bb 00       		.byte	0
 688 02bc 0C       		.uleb128 0xc
 689 02bd 723500   		.ascii	"r5\000"
 690 02c0 06       		.byte	0x6
 691 02c1 1901     		.2byte	0x119
 692 02c3 2E020000 		.4byte	0x22e
 693 02c7 04       		.byte	0x4
 694 02c8 0C       		.uleb128 0xc
 695 02c9 723600   		.ascii	"r6\000"
 696 02cc 06       		.byte	0x6
 697 02cd 1A01     		.2byte	0x11a
 698 02cf 2E020000 		.4byte	0x22e
 699 02d3 08       		.byte	0x8
 700 02d4 0C       		.uleb128 0xc
 701 02d5 723700   		.ascii	"r7\000"
 702 02d8 06       		.byte	0x6
 703 02d9 1B01     		.2byte	0x11b
 704 02db 2E020000 		.4byte	0x22e
 705 02df 0C       		.byte	0xc
 706 02e0 0C       		.uleb128 0xc
 707 02e1 723800   		.ascii	"r8\000"
 708 02e4 06       		.byte	0x6
 709 02e5 1C01     		.2byte	0x11c
 710 02e7 2E020000 		.4byte	0x22e
 711 02eb 10       		.byte	0x10
 712 02ec 0C       		.uleb128 0xc
 713 02ed 723900   		.ascii	"r9\000"
 714 02f0 06       		.byte	0x6
 715 02f1 1D01     		.2byte	0x11d
 716 02f3 2E020000 		.4byte	0x22e
 717 02f7 14       		.byte	0x14
 718 02f8 0C       		.uleb128 0xc
 719 02f9 72313000 		.ascii	"r10\000"
 720 02fd 06       		.byte	0x6
 721 02fe 1E01     		.2byte	0x11e
 722 0300 2E020000 		.4byte	0x22e
 723 0304 18       		.byte	0x18
 724 0305 0C       		.uleb128 0xc
 725 0306 72313100 		.ascii	"r11\000"
 726 030a 06       		.byte	0x6
 727 030b 1F01     		.2byte	0x11f
 728 030d 2E020000 		.4byte	0x22e
 729 0311 1C       		.byte	0x1c
 730 0312 0C       		.uleb128 0xc
 731 0313 6C7200   		.ascii	"lr\000"
 732 0316 06       		.byte	0x6
 733 0317 2001     		.2byte	0x120
 734 0319 2E020000 		.4byte	0x22e
 735 031d 20       		.byte	0x20
 736 031e 00       		.byte	0
 737 031f 0B       		.uleb128 0xb
 738 0320 30020000 		.4byte	.LASF46
 739 0324 04       		.byte	0x4
 740 0325 06       		.byte	0x6
 741 0326 2A01     		.2byte	0x12a
ARM GAS  /tmp/ccgW3rWJ.s 			page 14


 742 0328 3A030000 		.4byte	0x33a
 743 032c 0C       		.uleb128 0xc
 744 032d 72313300 		.ascii	"r13\000"
 745 0331 06       		.byte	0x6
 746 0332 2B01     		.2byte	0x12b
 747 0334 3A030000 		.4byte	0x33a
 748 0338 00       		.byte	0
 749 0339 00       		.byte	0
 750 033a 09       		.uleb128 0x9
 751 033b 04       		.byte	0x4
 752 033c A3020000 		.4byte	0x2a3
 753 0340 04       		.uleb128 0x4
 754 0341 8C030000 		.4byte	.LASF47
 755 0345 07       		.byte	0x7
 756 0346 33       		.byte	0x33
 757 0347 4B030000 		.4byte	0x34b
 758 034b 0D       		.uleb128 0xd
 759 034c 6C000000 		.4byte	0x6c
 760 0350 03       		.uleb128 0x3
 761 0351 04       		.byte	0x4
 762 0352 07       		.byte	0x7
 763 0353 A0020000 		.4byte	.LASF48
 764 0357 08       		.uleb128 0x8
 765 0358 8C       		.byte	0x8c
 766 0359 07       		.byte	0x7
 767 035a 82       		.byte	0x82
 768 035b 5C040000 		.4byte	0x45c
 769 035f 06       		.uleb128 0x6
 770 0360 56000000 		.4byte	.LASF49
 771 0364 07       		.byte	0x7
 772 0365 83       		.byte	0x83
 773 0366 40030000 		.4byte	0x340
 774 036a 00       		.byte	0
 775 036b 06       		.uleb128 0x6
 776 036c 4B020000 		.4byte	.LASF50
 777 0370 07       		.byte	0x7
 778 0371 84       		.byte	0x84
 779 0372 40030000 		.4byte	0x340
 780 0376 04       		.byte	0x4
 781 0377 06       		.uleb128 0x6
 782 0378 15020000 		.4byte	.LASF51
 783 037c 07       		.byte	0x7
 784 037d 85       		.byte	0x85
 785 037e 40030000 		.4byte	0x340
 786 0382 08       		.byte	0x8
 787 0383 06       		.uleb128 0x6
 788 0384 56020000 		.4byte	.LASF52
 789 0388 07       		.byte	0x7
 790 0389 86       		.byte	0x86
 791 038a 40030000 		.4byte	0x340
 792 038e 0C       		.byte	0xc
 793 038f 07       		.uleb128 0x7
 794 0390 53435200 		.ascii	"SCR\000"
 795 0394 07       		.byte	0x7
 796 0395 87       		.byte	0x87
 797 0396 40030000 		.4byte	0x340
 798 039a 10       		.byte	0x10
ARM GAS  /tmp/ccgW3rWJ.s 			page 15


 799 039b 07       		.uleb128 0x7
 800 039c 43435200 		.ascii	"CCR\000"
 801 03a0 07       		.byte	0x7
 802 03a1 88       		.byte	0x88
 803 03a2 40030000 		.4byte	0x340
 804 03a6 14       		.byte	0x14
 805 03a7 06       		.uleb128 0x6
 806 03a8 EB030000 		.4byte	.LASF53
 807 03ac 07       		.byte	0x7
 808 03ad 89       		.byte	0x89
 809 03ae 6C040000 		.4byte	0x46c
 810 03b2 18       		.byte	0x18
 811 03b3 06       		.uleb128 0x6
 812 03b4 13030000 		.4byte	.LASF54
 813 03b8 07       		.byte	0x7
 814 03b9 8A       		.byte	0x8a
 815 03ba 40030000 		.4byte	0x340
 816 03be 24       		.byte	0x24
 817 03bf 06       		.uleb128 0x6
 818 03c0 A9020000 		.4byte	.LASF55
 819 03c4 07       		.byte	0x7
 820 03c5 8B       		.byte	0x8b
 821 03c6 40030000 		.4byte	0x340
 822 03ca 28       		.byte	0x28
 823 03cb 06       		.uleb128 0x6
 824 03cc 45040000 		.4byte	.LASF56
 825 03d0 07       		.byte	0x7
 826 03d1 8C       		.byte	0x8c
 827 03d2 40030000 		.4byte	0x340
 828 03d6 2C       		.byte	0x2c
 829 03d7 06       		.uleb128 0x6
 830 03d8 5C020000 		.4byte	.LASF57
 831 03dc 07       		.byte	0x7
 832 03dd 8D       		.byte	0x8d
 833 03de 40030000 		.4byte	0x340
 834 03e2 30       		.byte	0x30
 835 03e3 06       		.uleb128 0x6
 836 03e4 61020000 		.4byte	.LASF58
 837 03e8 07       		.byte	0x7
 838 03e9 8E       		.byte	0x8e
 839 03ea 40030000 		.4byte	0x340
 840 03ee 34       		.byte	0x34
 841 03ef 06       		.uleb128 0x6
 842 03f0 BA000000 		.4byte	.LASF59
 843 03f4 07       		.byte	0x7
 844 03f5 8F       		.byte	0x8f
 845 03f6 40030000 		.4byte	0x340
 846 03fa 38       		.byte	0x38
 847 03fb 06       		.uleb128 0x6
 848 03fc 7A030000 		.4byte	.LASF60
 849 0400 07       		.byte	0x7
 850 0401 90       		.byte	0x90
 851 0402 40030000 		.4byte	0x340
 852 0406 3C       		.byte	0x3c
 853 0407 07       		.uleb128 0x7
 854 0408 50465200 		.ascii	"PFR\000"
 855 040c 07       		.byte	0x7
ARM GAS  /tmp/ccgW3rWJ.s 			page 16


 856 040d 91       		.byte	0x91
 857 040e 81040000 		.4byte	0x481
 858 0412 40       		.byte	0x40
 859 0413 07       		.uleb128 0x7
 860 0414 44465200 		.ascii	"DFR\000"
 861 0418 07       		.byte	0x7
 862 0419 92       		.byte	0x92
 863 041a 40030000 		.4byte	0x340
 864 041e 48       		.byte	0x48
 865 041f 07       		.uleb128 0x7
 866 0420 41445200 		.ascii	"ADR\000"
 867 0424 07       		.byte	0x7
 868 0425 93       		.byte	0x93
 869 0426 40030000 		.4byte	0x340
 870 042a 4C       		.byte	0x4c
 871 042b 06       		.uleb128 0x6
 872 042c 13040000 		.4byte	.LASF61
 873 0430 07       		.byte	0x7
 874 0431 94       		.byte	0x94
 875 0432 96040000 		.4byte	0x496
 876 0436 50       		.byte	0x50
 877 0437 07       		.uleb128 0x7
 878 0438 53415200 		.ascii	"SAR\000"
 879 043c 07       		.byte	0x7
 880 043d 95       		.byte	0x95
 881 043e AB040000 		.4byte	0x4ab
 882 0442 60       		.byte	0x60
 883 0443 06       		.uleb128 0x6
 884 0444 7F030000 		.4byte	.LASF62
 885 0448 07       		.byte	0x7
 886 0449 96       		.byte	0x96
 887 044a B0040000 		.4byte	0x4b0
 888 044e 74       		.byte	0x74
 889 044f 06       		.uleb128 0x6
 890 0450 3F040000 		.4byte	.LASF63
 891 0454 07       		.byte	0x7
 892 0455 97       		.byte	0x97
 893 0456 40030000 		.4byte	0x340
 894 045a 88       		.byte	0x88
 895 045b 00       		.byte	0
 896 045c 0E       		.uleb128 0xe
 897 045d 40030000 		.4byte	0x340
 898 0461 6C040000 		.4byte	0x46c
 899 0465 0F       		.uleb128 0xf
 900 0466 50030000 		.4byte	0x350
 901 046a 02       		.byte	0x2
 902 046b 00       		.byte	0
 903 046c 0D       		.uleb128 0xd
 904 046d 5C040000 		.4byte	0x45c
 905 0471 0E       		.uleb128 0xe
 906 0472 40030000 		.4byte	0x340
 907 0476 81040000 		.4byte	0x481
 908 047a 0F       		.uleb128 0xf
 909 047b 50030000 		.4byte	0x350
 910 047f 01       		.byte	0x1
 911 0480 00       		.byte	0
 912 0481 0D       		.uleb128 0xd
ARM GAS  /tmp/ccgW3rWJ.s 			page 17


 913 0482 71040000 		.4byte	0x471
 914 0486 0E       		.uleb128 0xe
 915 0487 40030000 		.4byte	0x340
 916 048b 96040000 		.4byte	0x496
 917 048f 0F       		.uleb128 0xf
 918 0490 50030000 		.4byte	0x350
 919 0494 03       		.byte	0x3
 920 0495 00       		.byte	0
 921 0496 0D       		.uleb128 0xd
 922 0497 86040000 		.4byte	0x486
 923 049b 0E       		.uleb128 0xe
 924 049c 40030000 		.4byte	0x340
 925 04a0 AB040000 		.4byte	0x4ab
 926 04a4 0F       		.uleb128 0xf
 927 04a5 50030000 		.4byte	0x350
 928 04a9 04       		.byte	0x4
 929 04aa 00       		.byte	0
 930 04ab 0D       		.uleb128 0xd
 931 04ac 9B040000 		.4byte	0x49b
 932 04b0 0D       		.uleb128 0xd
 933 04b1 9B040000 		.4byte	0x49b
 934 04b5 04       		.uleb128 0x4
 935 04b6 0D000000 		.4byte	.LASF64
 936 04ba 07       		.byte	0x7
 937 04bb 98       		.byte	0x98
 938 04bc 57030000 		.4byte	0x357
 939 04c0 0D       		.uleb128 0xd
 940 04c1 D5000000 		.4byte	0xd5
 941 04c5 08       		.uleb128 0x8
 942 04c6 1C       		.byte	0x1c
 943 04c7 08       		.byte	0x8
 944 04c8 57       		.byte	0x57
 945 04c9 16050000 		.4byte	0x516
 946 04cd 06       		.uleb128 0x6
 947 04ce 72030000 		.4byte	.LASF65
 948 04d2 08       		.byte	0x8
 949 04d3 58       		.byte	0x58
 950 04d4 03020000 		.4byte	0x203
 951 04d8 00       		.byte	0
 952 04d9 06       		.uleb128 0x6
 953 04da 3A030000 		.4byte	.LASF66
 954 04de 08       		.byte	0x8
 955 04df 59       		.byte	0x59
 956 04e0 B4000000 		.4byte	0xb4
 957 04e4 08       		.byte	0x8
 958 04e5 06       		.uleb128 0x6
 959 04e6 B6020000 		.4byte	.LASF67
 960 04ea 08       		.byte	0x8
 961 04eb 5B       		.byte	0x5b
 962 04ec 1F030000 		.4byte	0x31f
 963 04f0 0C       		.byte	0xc
 964 04f1 06       		.uleb128 0x6
 965 04f2 BF000000 		.4byte	.LASF68
 966 04f6 08       		.byte	0x8
 967 04f7 5E       		.byte	0x5e
 968 04f8 FD010000 		.4byte	0x1fd
 969 04fc 10       		.byte	0x10
ARM GAS  /tmp/ccgW3rWJ.s 			page 18


 970 04fd 06       		.uleb128 0x6
 971 04fe D3020000 		.4byte	.LASF69
 972 0502 08       		.byte	0x8
 973 0503 5F       		.byte	0x5f
 974 0504 FD010000 		.4byte	0x1fd
 975 0508 14       		.byte	0x14
 976 0509 06       		.uleb128 0x6
 977 050a C9020000 		.4byte	.LASF70
 978 050e 08       		.byte	0x8
 979 050f 62       		.byte	0x62
 980 0510 FD010000 		.4byte	0x1fd
 981 0514 18       		.byte	0x18
 982 0515 00       		.byte	0
 983 0516 04       		.uleb128 0x4
 984 0517 09040000 		.4byte	.LASF71
 985 051b 08       		.byte	0x8
 986 051c 64       		.byte	0x64
 987 051d C5040000 		.4byte	0x4c5
 988 0521 05       		.uleb128 0x5
 989 0522 9A020000 		.4byte	.LASF72
 990 0526 10       		.byte	0x10
 991 0527 09       		.byte	0x9
 992 0528 25       		.byte	0x25
 993 0529 52050000 		.4byte	0x552
 994 052d 06       		.uleb128 0x6
 995 052e 85000000 		.4byte	.LASF73
 996 0532 09       		.byte	0x9
 997 0533 26       		.byte	0x26
 998 0534 03020000 		.4byte	0x203
 999 0538 00       		.byte	0
 1000 0539 06       		.uleb128 0x6
 1001 053a 4A040000 		.4byte	.LASF74
 1002 053e 09       		.byte	0x9
 1003 053f 28       		.byte	0x28
 1004 0540 FD010000 		.4byte	0x1fd
 1005 0544 08       		.byte	0x8
 1006 0545 06       		.uleb128 0x6
 1007 0546 BB030000 		.4byte	.LASF75
 1008 054a 09       		.byte	0x9
 1009 054b 2A       		.byte	0x2a
 1010 054c 52050000 		.4byte	0x552
 1011 0550 0C       		.byte	0xc
 1012 0551 00       		.byte	0
 1013 0552 09       		.uleb128 0x9
 1014 0553 04       		.byte	0x4
 1015 0554 21050000 		.4byte	0x521
 1016 0558 04       		.uleb128 0x4
 1017 0559 9A020000 		.4byte	.LASF72
 1018 055d 09       		.byte	0x9
 1019 055e 2C       		.byte	0x2c
 1020 055f 21050000 		.4byte	0x521
 1021 0563 10       		.uleb128 0x10
 1022 0564 04       		.byte	0x4
 1023 0565 05       		.byte	0x5
 1024 0566 8F       		.byte	0x8f
 1025 0567 98050000 		.4byte	0x598
 1026 056b 11       		.uleb128 0x11
ARM GAS  /tmp/ccgW3rWJ.s 			page 19


 1027 056c 06000000 		.4byte	.LASF76
 1028 0570 05       		.byte	0x5
 1029 0571 96       		.byte	0x96
 1030 0572 BF000000 		.4byte	0xbf
 1031 0576 11       		.uleb128 0x11
 1032 0577 4D000000 		.4byte	.LASF77
 1033 057b 05       		.byte	0x5
 1034 057c 9D       		.byte	0x9d
 1035 057d BF000000 		.4byte	0xbf
 1036 0581 11       		.uleb128 0x11
 1037 0582 31040000 		.4byte	.LASF78
 1038 0586 05       		.byte	0x5
 1039 0587 A4       		.byte	0xa4
 1040 0588 39020000 		.4byte	0x239
 1041 058c 11       		.uleb128 0x11
 1042 058d 41030000 		.4byte	.LASF79
 1043 0591 05       		.byte	0x5
 1044 0592 AB       		.byte	0xab
 1045 0593 CA000000 		.4byte	0xca
 1046 0597 00       		.byte	0
 1047 0598 09       		.uleb128 0x9
 1048 0599 04       		.byte	0x4
 1049 059a 9E050000 		.4byte	0x59e
 1050 059e 12       		.uleb128 0x12
 1051 059f A3050000 		.4byte	0x5a3
 1052 05a3 03       		.uleb128 0x3
 1053 05a4 01       		.byte	0x1
 1054 05a5 08       		.byte	0x8
 1055 05a6 87030000 		.4byte	.LASF80
 1056 05aa 09       		.uleb128 0x9
 1057 05ab 04       		.byte	0x4
 1058 05ac 58050000 		.4byte	0x558
 1059 05b0 13       		.uleb128 0x13
 1060 05b1 1A020000 		.4byte	.LASF81
 1061 05b5 01       		.byte	0x1
 1062 05b6 C8       		.byte	0xc8
 1063 05b7 00000000 		.4byte	.LFB11
 1064 05bb 06000000 		.4byte	.LFE11-.LFB11
 1065 05bf 01       		.uleb128 0x1
 1066 05c0 9C       		.byte	0x9c
 1067 05c1 CF050000 		.4byte	0x5cf
 1068 05c5 14       		.uleb128 0x14
 1069 05c6 04000000 		.4byte	.LVL0
 1070 05ca 9A070000 		.4byte	0x79a
 1071 05ce 00       		.byte	0
 1072 05cf 13       		.uleb128 0x13
 1073 05d0 D7030000 		.4byte	.LASF82
 1074 05d4 01       		.byte	0x1
 1075 05d5 3A       		.byte	0x3a
 1076 05d6 00000000 		.4byte	.LFB8
 1077 05da 12000000 		.4byte	.LFE8-.LFB8
 1078 05de 01       		.uleb128 0x1
 1079 05df 9C       		.byte	0x9c
 1080 05e0 0B060000 		.4byte	0x60b
 1081 05e4 15       		.uleb128 0x15
 1082 05e5 E3020000 		.4byte	.LASF83
 1083 05e9 01       		.byte	0x1
ARM GAS  /tmp/ccgW3rWJ.s 			page 20


 1084 05ea 3B       		.byte	0x3b
 1085 05eb 0B060000 		.4byte	0x60b
 1086 05ef 00000000 		.4byte	.LLST0
 1087 05f3 16       		.uleb128 0x16
 1088 05f4 0A000000 		.4byte	.LBB2
 1089 05f8 08000000 		.4byte	.LBE2-.LBB2
 1090 05fc 17       		.uleb128 0x17
 1091 05fd 746D7000 		.ascii	"tmp\000"
 1092 0601 01       		.byte	0x1
 1093 0602 4A       		.byte	0x4a
 1094 0603 6C000000 		.4byte	0x6c
 1095 0607 01       		.uleb128 0x1
 1096 0608 53       		.byte	0x53
 1097 0609 00       		.byte	0
 1098 060a 00       		.byte	0
 1099 060b 09       		.uleb128 0x9
 1100 060c 04       		.byte	0x4
 1101 060d 3B020000 		.4byte	0x23b
 1102 0611 13       		.uleb128 0x13
 1103 0612 26040000 		.4byte	.LASF84
 1104 0616 01       		.byte	0x1
 1105 0617 6F       		.byte	0x6f
 1106 0618 00000000 		.4byte	.LFB9
 1107 061c 36000000 		.4byte	.LFE9-.LFB9
 1108 0620 01       		.uleb128 0x1
 1109 0621 9C       		.byte	0x9c
 1110 0622 6F060000 		.4byte	0x66f
 1111 0626 18       		.uleb128 0x18
 1112 0627 20000000 		.4byte	.LVL4
 1113 062b A1070000 		.4byte	0x7a1
 1114 062f 3F060000 		.4byte	0x63f
 1115 0633 19       		.uleb128 0x19
 1116 0634 01       		.uleb128 0x1
 1117 0635 51       		.byte	0x51
 1118 0636 02       		.uleb128 0x2
 1119 0637 08       		.byte	0x8
 1120 0638 20       		.byte	0x20
 1121 0639 19       		.uleb128 0x19
 1122 063a 01       		.uleb128 0x1
 1123 063b 50       		.byte	0x50
 1124 063c 01       		.uleb128 0x1
 1125 063d 37       		.byte	0x37
 1126 063e 00       		.byte	0
 1127 063f 18       		.uleb128 0x18
 1128 0640 2A000000 		.4byte	.LVL5
 1129 0644 A1070000 		.4byte	0x7a1
 1130 0648 59060000 		.4byte	0x659
 1131 064c 19       		.uleb128 0x19
 1132 064d 01       		.uleb128 0x1
 1133 064e 51       		.byte	0x51
 1134 064f 03       		.uleb128 0x3
 1135 0650 0A       		.byte	0xa
 1136 0651 0008     		.2byte	0x800
 1137 0653 19       		.uleb128 0x19
 1138 0654 01       		.uleb128 0x1
 1139 0655 50       		.byte	0x50
 1140 0656 01       		.uleb128 0x1
ARM GAS  /tmp/ccgW3rWJ.s 			page 21


 1141 0657 3A       		.byte	0x3a
 1142 0658 00       		.byte	0
 1143 0659 1A       		.uleb128 0x1a
 1144 065a 36000000 		.4byte	.LVL6
 1145 065e A1070000 		.4byte	0x7a1
 1146 0662 19       		.uleb128 0x19
 1147 0663 01       		.uleb128 0x1
 1148 0664 51       		.byte	0x51
 1149 0665 02       		.uleb128 0x2
 1150 0666 08       		.byte	0x8
 1151 0667 80       		.byte	0x80
 1152 0668 19       		.uleb128 0x19
 1153 0669 01       		.uleb128 0x1
 1154 066a 50       		.byte	0x50
 1155 066b 01       		.uleb128 0x1
 1156 066c 3B       		.byte	0x3b
 1157 066d 00       		.byte	0
 1158 066e 00       		.byte	0
 1159 066f 13       		.uleb128 0x13
 1160 0670 67020000 		.4byte	.LASF85
 1161 0674 01       		.byte	0x1
 1162 0675 8D       		.byte	0x8d
 1163 0676 00000000 		.4byte	.LFB10
 1164 067a 5A000000 		.4byte	.LFE10-.LFB10
 1165 067e 01       		.uleb128 0x1
 1166 067f 9C       		.byte	0x9c
 1167 0680 D4060000 		.4byte	0x6d4
 1168 0684 1B       		.uleb128 0x1b
 1169 0685 00000000 		.4byte	.LBB3
 1170 0689 06000000 		.4byte	.LBE3-.LBB3
 1171 068d 9F060000 		.4byte	0x69f
 1172 0691 17       		.uleb128 0x17
 1173 0692 746D7000 		.ascii	"tmp\000"
 1174 0696 01       		.byte	0x1
 1175 0697 8F       		.byte	0x8f
 1176 0698 6C000000 		.4byte	0x6c
 1177 069c 01       		.uleb128 0x1
 1178 069d 53       		.byte	0x53
 1179 069e 00       		.byte	0
 1180 069f 1B       		.uleb128 0x1b
 1181 06a0 16000000 		.4byte	.LBB4
 1182 06a4 3E000000 		.4byte	.LBE4-.LBB4
 1183 06a8 BC060000 		.4byte	0x6bc
 1184 06ac 15       		.uleb128 0x15
 1185 06ad E3020000 		.4byte	.LASF83
 1186 06b1 01       		.byte	0x1
 1187 06b2 91       		.byte	0x91
 1188 06b3 0B060000 		.4byte	0x60b
 1189 06b7 20000000 		.4byte	.LLST1
 1190 06bb 00       		.byte	0
 1191 06bc 16       		.uleb128 0x16
 1192 06bd 54000000 		.4byte	.LBB5
 1193 06c1 06000000 		.4byte	.LBE5-.LBB5
 1194 06c5 17       		.uleb128 0x17
 1195 06c6 746D7000 		.ascii	"tmp\000"
 1196 06ca 01       		.byte	0x1
 1197 06cb BE       		.byte	0xbe
ARM GAS  /tmp/ccgW3rWJ.s 			page 22


 1198 06cc 6C000000 		.4byte	0x6c
 1199 06d0 01       		.uleb128 0x1
 1200 06d1 53       		.byte	0x53
 1201 06d2 00       		.byte	0
 1202 06d3 00       		.byte	0
 1203 06d4 13       		.uleb128 0x13
 1204 06d5 28000000 		.4byte	.LASF86
 1205 06d9 01       		.byte	0x1
 1206 06da 28       		.byte	0x28
 1207 06db 00000000 		.4byte	.LFB7
 1208 06df 1A000000 		.4byte	.LFE7-.LFB7
 1209 06e3 01       		.uleb128 0x1
 1210 06e4 9C       		.byte	0x9c
 1211 06e5 32070000 		.4byte	0x732
 1212 06e9 1B       		.uleb128 0x1b
 1213 06ea 02000000 		.4byte	.LBB6
 1214 06ee 06000000 		.4byte	.LBE6-.LBB6
 1215 06f2 04070000 		.4byte	0x704
 1216 06f6 17       		.uleb128 0x17
 1217 06f7 746D7000 		.ascii	"tmp\000"
 1218 06fb 01       		.byte	0x1
 1219 06fc 2C       		.byte	0x2c
 1220 06fd 6C000000 		.4byte	0x6c
 1221 0701 01       		.uleb128 0x1
 1222 0702 53       		.byte	0x53
 1223 0703 00       		.byte	0
 1224 0704 1B       		.uleb128 0x1b
 1225 0705 0C000000 		.4byte	.LBB7
 1226 0709 06000000 		.4byte	.LBE7-.LBB7
 1227 070d 1F070000 		.4byte	0x71f
 1228 0711 17       		.uleb128 0x17
 1229 0712 746D7000 		.ascii	"tmp\000"
 1230 0716 01       		.byte	0x1
 1231 0717 2E       		.byte	0x2e
 1232 0718 6C000000 		.4byte	0x6c
 1233 071c 01       		.uleb128 0x1
 1234 071d 53       		.byte	0x53
 1235 071e 00       		.byte	0
 1236 071f 14       		.uleb128 0x14
 1237 0720 0C000000 		.4byte	.LVL11
 1238 0724 B8070000 		.4byte	0x7b8
 1239 0728 1C       		.uleb128 0x1c
 1240 0729 1A000000 		.4byte	.LVL12
 1241 072d 6F060000 		.4byte	0x66f
 1242 0731 00       		.byte	0
 1243 0732 13       		.uleb128 0x13
 1244 0733 F6010000 		.4byte	.LASF87
 1245 0737 01       		.byte	0x1
 1246 0738 E5       		.byte	0xe5
 1247 0739 00000000 		.4byte	.LFB12
 1248 073d 10000000 		.4byte	.LFE12-.LFB12
 1249 0741 01       		.uleb128 0x1
 1250 0742 9C       		.byte	0x9c
 1251 0743 62070000 		.4byte	0x762
 1252 0747 1D       		.uleb128 0x1d
 1253 0748 6E747000 		.ascii	"ntp\000"
 1254 074c 01       		.byte	0x1
ARM GAS  /tmp/ccgW3rWJ.s 			page 23


 1255 074d E5       		.byte	0xe5
 1256 074e FD010000 		.4byte	0x1fd
 1257 0752 01       		.uleb128 0x1
 1258 0753 50       		.byte	0x50
 1259 0754 1D       		.uleb128 0x1d
 1260 0755 6F747000 		.ascii	"otp\000"
 1261 0759 01       		.byte	0x1
 1262 075a E5       		.byte	0xe5
 1263 075b FD010000 		.4byte	0x1fd
 1264 075f 01       		.uleb128 0x1
 1265 0760 51       		.byte	0x51
 1266 0761 00       		.byte	0
 1267 0762 13       		.uleb128 0x13
 1268 0763 9F000000 		.4byte	.LASF88
 1269 0767 01       		.byte	0x1
 1270 0768 FC       		.byte	0xfc
 1271 0769 00000000 		.4byte	.LFB13
 1272 076d 10000000 		.4byte	.LFE13-.LFB13
 1273 0771 01       		.uleb128 0x1
 1274 0772 9C       		.byte	0x9c
 1275 0773 8F070000 		.4byte	0x78f
 1276 0777 16       		.uleb128 0x16
 1277 0778 00000000 		.4byte	.LBB8
 1278 077c 06000000 		.4byte	.LBE8-.LBB8
 1279 0780 17       		.uleb128 0x17
 1280 0781 746D7000 		.ascii	"tmp\000"
 1281 0785 01       		.byte	0x1
 1282 0786 FE       		.byte	0xfe
 1283 0787 6C000000 		.4byte	0x6c
 1284 078b 01       		.uleb128 0x1
 1285 078c 53       		.byte	0x53
 1286 078d 00       		.byte	0
 1287 078e 00       		.byte	0
 1288 078f 1E       		.uleb128 0x1e
 1289 0790 18040000 		.4byte	.LASF94
 1290 0794 08       		.byte	0x8
 1291 0795 68       		.byte	0x68
 1292 0796 16050000 		.4byte	0x516
 1293 079a 1F       		.uleb128 0x1f
 1294 079b ED000000 		.4byte	.LASF89
 1295 079f 08       		.byte	0x8
 1296 07a0 A1       		.byte	0xa1
 1297 07a1 20       		.uleb128 0x20
 1298 07a2 C7000000 		.4byte	.LASF95
 1299 07a6 07       		.byte	0x7
 1300 07a7 1E01     		.2byte	0x11e
 1301 07a9 B8070000 		.4byte	0x7b8
 1302 07ad 21       		.uleb128 0x21
 1303 07ae 6C000000 		.4byte	0x6c
 1304 07b2 21       		.uleb128 0x21
 1305 07b3 6C000000 		.4byte	0x6c
 1306 07b7 00       		.byte	0
 1307 07b8 1F       		.uleb128 0x1f
 1308 07b9 15000000 		.4byte	.LASF90
 1309 07bd 0A       		.byte	0xa
 1310 07be F0       		.byte	0xf0
 1311 07bf 00       		.byte	0
ARM GAS  /tmp/ccgW3rWJ.s 			page 24


 1312              		.section	.debug_abbrev,"",%progbits
 1313              	.Ldebug_abbrev0:
 1314 0000 01       		.uleb128 0x1
 1315 0001 11       		.uleb128 0x11
 1316 0002 01       		.byte	0x1
 1317 0003 25       		.uleb128 0x25
 1318 0004 0E       		.uleb128 0xe
 1319 0005 13       		.uleb128 0x13
 1320 0006 0B       		.uleb128 0xb
 1321 0007 03       		.uleb128 0x3
 1322 0008 0E       		.uleb128 0xe
 1323 0009 1B       		.uleb128 0x1b
 1324 000a 0E       		.uleb128 0xe
 1325 000b 55       		.uleb128 0x55
 1326 000c 17       		.uleb128 0x17
 1327 000d 11       		.uleb128 0x11
 1328 000e 01       		.uleb128 0x1
 1329 000f 10       		.uleb128 0x10
 1330 0010 17       		.uleb128 0x17
 1331 0011 00       		.byte	0
 1332 0012 00       		.byte	0
 1333 0013 02       		.uleb128 0x2
 1334 0014 24       		.uleb128 0x24
 1335 0015 00       		.byte	0
 1336 0016 0B       		.uleb128 0xb
 1337 0017 0B       		.uleb128 0xb
 1338 0018 3E       		.uleb128 0x3e
 1339 0019 0B       		.uleb128 0xb
 1340 001a 03       		.uleb128 0x3
 1341 001b 08       		.uleb128 0x8
 1342 001c 00       		.byte	0
 1343 001d 00       		.byte	0
 1344 001e 03       		.uleb128 0x3
 1345 001f 24       		.uleb128 0x24
 1346 0020 00       		.byte	0
 1347 0021 0B       		.uleb128 0xb
 1348 0022 0B       		.uleb128 0xb
 1349 0023 3E       		.uleb128 0x3e
 1350 0024 0B       		.uleb128 0xb
 1351 0025 03       		.uleb128 0x3
 1352 0026 0E       		.uleb128 0xe
 1353 0027 00       		.byte	0
 1354 0028 00       		.byte	0
 1355 0029 04       		.uleb128 0x4
 1356 002a 16       		.uleb128 0x16
 1357 002b 00       		.byte	0
 1358 002c 03       		.uleb128 0x3
 1359 002d 0E       		.uleb128 0xe
 1360 002e 3A       		.uleb128 0x3a
 1361 002f 0B       		.uleb128 0xb
 1362 0030 3B       		.uleb128 0x3b
 1363 0031 0B       		.uleb128 0xb
 1364 0032 49       		.uleb128 0x49
 1365 0033 13       		.uleb128 0x13
 1366 0034 00       		.byte	0
 1367 0035 00       		.byte	0
 1368 0036 05       		.uleb128 0x5
ARM GAS  /tmp/ccgW3rWJ.s 			page 25


 1369 0037 13       		.uleb128 0x13
 1370 0038 01       		.byte	0x1
 1371 0039 03       		.uleb128 0x3
 1372 003a 0E       		.uleb128 0xe
 1373 003b 0B       		.uleb128 0xb
 1374 003c 0B       		.uleb128 0xb
 1375 003d 3A       		.uleb128 0x3a
 1376 003e 0B       		.uleb128 0xb
 1377 003f 3B       		.uleb128 0x3b
 1378 0040 0B       		.uleb128 0xb
 1379 0041 01       		.uleb128 0x1
 1380 0042 13       		.uleb128 0x13
 1381 0043 00       		.byte	0
 1382 0044 00       		.byte	0
 1383 0045 06       		.uleb128 0x6
 1384 0046 0D       		.uleb128 0xd
 1385 0047 00       		.byte	0
 1386 0048 03       		.uleb128 0x3
 1387 0049 0E       		.uleb128 0xe
 1388 004a 3A       		.uleb128 0x3a
 1389 004b 0B       		.uleb128 0xb
 1390 004c 3B       		.uleb128 0x3b
 1391 004d 0B       		.uleb128 0xb
 1392 004e 49       		.uleb128 0x49
 1393 004f 13       		.uleb128 0x13
 1394 0050 38       		.uleb128 0x38
 1395 0051 0B       		.uleb128 0xb
 1396 0052 00       		.byte	0
 1397 0053 00       		.byte	0
 1398 0054 07       		.uleb128 0x7
 1399 0055 0D       		.uleb128 0xd
 1400 0056 00       		.byte	0
 1401 0057 03       		.uleb128 0x3
 1402 0058 08       		.uleb128 0x8
 1403 0059 3A       		.uleb128 0x3a
 1404 005a 0B       		.uleb128 0xb
 1405 005b 3B       		.uleb128 0x3b
 1406 005c 0B       		.uleb128 0xb
 1407 005d 49       		.uleb128 0x49
 1408 005e 13       		.uleb128 0x13
 1409 005f 38       		.uleb128 0x38
 1410 0060 0B       		.uleb128 0xb
 1411 0061 00       		.byte	0
 1412 0062 00       		.byte	0
 1413 0063 08       		.uleb128 0x8
 1414 0064 13       		.uleb128 0x13
 1415 0065 01       		.byte	0x1
 1416 0066 0B       		.uleb128 0xb
 1417 0067 0B       		.uleb128 0xb
 1418 0068 3A       		.uleb128 0x3a
 1419 0069 0B       		.uleb128 0xb
 1420 006a 3B       		.uleb128 0x3b
 1421 006b 0B       		.uleb128 0xb
 1422 006c 01       		.uleb128 0x1
 1423 006d 13       		.uleb128 0x13
 1424 006e 00       		.byte	0
 1425 006f 00       		.byte	0
ARM GAS  /tmp/ccgW3rWJ.s 			page 26


 1426 0070 09       		.uleb128 0x9
 1427 0071 0F       		.uleb128 0xf
 1428 0072 00       		.byte	0
 1429 0073 0B       		.uleb128 0xb
 1430 0074 0B       		.uleb128 0xb
 1431 0075 49       		.uleb128 0x49
 1432 0076 13       		.uleb128 0x13
 1433 0077 00       		.byte	0
 1434 0078 00       		.byte	0
 1435 0079 0A       		.uleb128 0xa
 1436 007a 0F       		.uleb128 0xf
 1437 007b 00       		.byte	0
 1438 007c 0B       		.uleb128 0xb
 1439 007d 0B       		.uleb128 0xb
 1440 007e 00       		.byte	0
 1441 007f 00       		.byte	0
 1442 0080 0B       		.uleb128 0xb
 1443 0081 13       		.uleb128 0x13
 1444 0082 01       		.byte	0x1
 1445 0083 03       		.uleb128 0x3
 1446 0084 0E       		.uleb128 0xe
 1447 0085 0B       		.uleb128 0xb
 1448 0086 0B       		.uleb128 0xb
 1449 0087 3A       		.uleb128 0x3a
 1450 0088 0B       		.uleb128 0xb
 1451 0089 3B       		.uleb128 0x3b
 1452 008a 05       		.uleb128 0x5
 1453 008b 01       		.uleb128 0x1
 1454 008c 13       		.uleb128 0x13
 1455 008d 00       		.byte	0
 1456 008e 00       		.byte	0
 1457 008f 0C       		.uleb128 0xc
 1458 0090 0D       		.uleb128 0xd
 1459 0091 00       		.byte	0
 1460 0092 03       		.uleb128 0x3
 1461 0093 08       		.uleb128 0x8
 1462 0094 3A       		.uleb128 0x3a
 1463 0095 0B       		.uleb128 0xb
 1464 0096 3B       		.uleb128 0x3b
 1465 0097 05       		.uleb128 0x5
 1466 0098 49       		.uleb128 0x49
 1467 0099 13       		.uleb128 0x13
 1468 009a 38       		.uleb128 0x38
 1469 009b 0B       		.uleb128 0xb
 1470 009c 00       		.byte	0
 1471 009d 00       		.byte	0
 1472 009e 0D       		.uleb128 0xd
 1473 009f 35       		.uleb128 0x35
 1474 00a0 00       		.byte	0
 1475 00a1 49       		.uleb128 0x49
 1476 00a2 13       		.uleb128 0x13
 1477 00a3 00       		.byte	0
 1478 00a4 00       		.byte	0
 1479 00a5 0E       		.uleb128 0xe
 1480 00a6 01       		.uleb128 0x1
 1481 00a7 01       		.byte	0x1
 1482 00a8 49       		.uleb128 0x49
ARM GAS  /tmp/ccgW3rWJ.s 			page 27


 1483 00a9 13       		.uleb128 0x13
 1484 00aa 01       		.uleb128 0x1
 1485 00ab 13       		.uleb128 0x13
 1486 00ac 00       		.byte	0
 1487 00ad 00       		.byte	0
 1488 00ae 0F       		.uleb128 0xf
 1489 00af 21       		.uleb128 0x21
 1490 00b0 00       		.byte	0
 1491 00b1 49       		.uleb128 0x49
 1492 00b2 13       		.uleb128 0x13
 1493 00b3 2F       		.uleb128 0x2f
 1494 00b4 0B       		.uleb128 0xb
 1495 00b5 00       		.byte	0
 1496 00b6 00       		.byte	0
 1497 00b7 10       		.uleb128 0x10
 1498 00b8 17       		.uleb128 0x17
 1499 00b9 01       		.byte	0x1
 1500 00ba 0B       		.uleb128 0xb
 1501 00bb 0B       		.uleb128 0xb
 1502 00bc 3A       		.uleb128 0x3a
 1503 00bd 0B       		.uleb128 0xb
 1504 00be 3B       		.uleb128 0x3b
 1505 00bf 0B       		.uleb128 0xb
 1506 00c0 01       		.uleb128 0x1
 1507 00c1 13       		.uleb128 0x13
 1508 00c2 00       		.byte	0
 1509 00c3 00       		.byte	0
 1510 00c4 11       		.uleb128 0x11
 1511 00c5 0D       		.uleb128 0xd
 1512 00c6 00       		.byte	0
 1513 00c7 03       		.uleb128 0x3
 1514 00c8 0E       		.uleb128 0xe
 1515 00c9 3A       		.uleb128 0x3a
 1516 00ca 0B       		.uleb128 0xb
 1517 00cb 3B       		.uleb128 0x3b
 1518 00cc 0B       		.uleb128 0xb
 1519 00cd 49       		.uleb128 0x49
 1520 00ce 13       		.uleb128 0x13
 1521 00cf 00       		.byte	0
 1522 00d0 00       		.byte	0
 1523 00d1 12       		.uleb128 0x12
 1524 00d2 26       		.uleb128 0x26
 1525 00d3 00       		.byte	0
 1526 00d4 49       		.uleb128 0x49
 1527 00d5 13       		.uleb128 0x13
 1528 00d6 00       		.byte	0
 1529 00d7 00       		.byte	0
 1530 00d8 13       		.uleb128 0x13
 1531 00d9 2E       		.uleb128 0x2e
 1532 00da 01       		.byte	0x1
 1533 00db 3F       		.uleb128 0x3f
 1534 00dc 19       		.uleb128 0x19
 1535 00dd 03       		.uleb128 0x3
 1536 00de 0E       		.uleb128 0xe
 1537 00df 3A       		.uleb128 0x3a
 1538 00e0 0B       		.uleb128 0xb
 1539 00e1 3B       		.uleb128 0x3b
ARM GAS  /tmp/ccgW3rWJ.s 			page 28


 1540 00e2 0B       		.uleb128 0xb
 1541 00e3 27       		.uleb128 0x27
 1542 00e4 19       		.uleb128 0x19
 1543 00e5 11       		.uleb128 0x11
 1544 00e6 01       		.uleb128 0x1
 1545 00e7 12       		.uleb128 0x12
 1546 00e8 06       		.uleb128 0x6
 1547 00e9 40       		.uleb128 0x40
 1548 00ea 18       		.uleb128 0x18
 1549 00eb 9742     		.uleb128 0x2117
 1550 00ed 19       		.uleb128 0x19
 1551 00ee 01       		.uleb128 0x1
 1552 00ef 13       		.uleb128 0x13
 1553 00f0 00       		.byte	0
 1554 00f1 00       		.byte	0
 1555 00f2 14       		.uleb128 0x14
 1556 00f3 898201   		.uleb128 0x4109
 1557 00f6 00       		.byte	0
 1558 00f7 11       		.uleb128 0x11
 1559 00f8 01       		.uleb128 0x1
 1560 00f9 31       		.uleb128 0x31
 1561 00fa 13       		.uleb128 0x13
 1562 00fb 00       		.byte	0
 1563 00fc 00       		.byte	0
 1564 00fd 15       		.uleb128 0x15
 1565 00fe 34       		.uleb128 0x34
 1566 00ff 00       		.byte	0
 1567 0100 03       		.uleb128 0x3
 1568 0101 0E       		.uleb128 0xe
 1569 0102 3A       		.uleb128 0x3a
 1570 0103 0B       		.uleb128 0xb
 1571 0104 3B       		.uleb128 0x3b
 1572 0105 0B       		.uleb128 0xb
 1573 0106 49       		.uleb128 0x49
 1574 0107 13       		.uleb128 0x13
 1575 0108 02       		.uleb128 0x2
 1576 0109 17       		.uleb128 0x17
 1577 010a 00       		.byte	0
 1578 010b 00       		.byte	0
 1579 010c 16       		.uleb128 0x16
 1580 010d 0B       		.uleb128 0xb
 1581 010e 01       		.byte	0x1
 1582 010f 11       		.uleb128 0x11
 1583 0110 01       		.uleb128 0x1
 1584 0111 12       		.uleb128 0x12
 1585 0112 06       		.uleb128 0x6
 1586 0113 00       		.byte	0
 1587 0114 00       		.byte	0
 1588 0115 17       		.uleb128 0x17
 1589 0116 34       		.uleb128 0x34
 1590 0117 00       		.byte	0
 1591 0118 03       		.uleb128 0x3
 1592 0119 08       		.uleb128 0x8
 1593 011a 3A       		.uleb128 0x3a
 1594 011b 0B       		.uleb128 0xb
 1595 011c 3B       		.uleb128 0x3b
 1596 011d 0B       		.uleb128 0xb
ARM GAS  /tmp/ccgW3rWJ.s 			page 29


 1597 011e 49       		.uleb128 0x49
 1598 011f 13       		.uleb128 0x13
 1599 0120 02       		.uleb128 0x2
 1600 0121 18       		.uleb128 0x18
 1601 0122 00       		.byte	0
 1602 0123 00       		.byte	0
 1603 0124 18       		.uleb128 0x18
 1604 0125 898201   		.uleb128 0x4109
 1605 0128 01       		.byte	0x1
 1606 0129 11       		.uleb128 0x11
 1607 012a 01       		.uleb128 0x1
 1608 012b 31       		.uleb128 0x31
 1609 012c 13       		.uleb128 0x13
 1610 012d 01       		.uleb128 0x1
 1611 012e 13       		.uleb128 0x13
 1612 012f 00       		.byte	0
 1613 0130 00       		.byte	0
 1614 0131 19       		.uleb128 0x19
 1615 0132 8A8201   		.uleb128 0x410a
 1616 0135 00       		.byte	0
 1617 0136 02       		.uleb128 0x2
 1618 0137 18       		.uleb128 0x18
 1619 0138 9142     		.uleb128 0x2111
 1620 013a 18       		.uleb128 0x18
 1621 013b 00       		.byte	0
 1622 013c 00       		.byte	0
 1623 013d 1A       		.uleb128 0x1a
 1624 013e 898201   		.uleb128 0x4109
 1625 0141 01       		.byte	0x1
 1626 0142 11       		.uleb128 0x11
 1627 0143 01       		.uleb128 0x1
 1628 0144 9542     		.uleb128 0x2115
 1629 0146 19       		.uleb128 0x19
 1630 0147 31       		.uleb128 0x31
 1631 0148 13       		.uleb128 0x13
 1632 0149 00       		.byte	0
 1633 014a 00       		.byte	0
 1634 014b 1B       		.uleb128 0x1b
 1635 014c 0B       		.uleb128 0xb
 1636 014d 01       		.byte	0x1
 1637 014e 11       		.uleb128 0x11
 1638 014f 01       		.uleb128 0x1
 1639 0150 12       		.uleb128 0x12
 1640 0151 06       		.uleb128 0x6
 1641 0152 01       		.uleb128 0x1
 1642 0153 13       		.uleb128 0x13
 1643 0154 00       		.byte	0
 1644 0155 00       		.byte	0
 1645 0156 1C       		.uleb128 0x1c
 1646 0157 898201   		.uleb128 0x4109
 1647 015a 00       		.byte	0
 1648 015b 11       		.uleb128 0x11
 1649 015c 01       		.uleb128 0x1
 1650 015d 9542     		.uleb128 0x2115
 1651 015f 19       		.uleb128 0x19
 1652 0160 31       		.uleb128 0x31
 1653 0161 13       		.uleb128 0x13
ARM GAS  /tmp/ccgW3rWJ.s 			page 30


 1654 0162 00       		.byte	0
 1655 0163 00       		.byte	0
 1656 0164 1D       		.uleb128 0x1d
 1657 0165 05       		.uleb128 0x5
 1658 0166 00       		.byte	0
 1659 0167 03       		.uleb128 0x3
 1660 0168 08       		.uleb128 0x8
 1661 0169 3A       		.uleb128 0x3a
 1662 016a 0B       		.uleb128 0xb
 1663 016b 3B       		.uleb128 0x3b
 1664 016c 0B       		.uleb128 0xb
 1665 016d 49       		.uleb128 0x49
 1666 016e 13       		.uleb128 0x13
 1667 016f 02       		.uleb128 0x2
 1668 0170 18       		.uleb128 0x18
 1669 0171 00       		.byte	0
 1670 0172 00       		.byte	0
 1671 0173 1E       		.uleb128 0x1e
 1672 0174 34       		.uleb128 0x34
 1673 0175 00       		.byte	0
 1674 0176 03       		.uleb128 0x3
 1675 0177 0E       		.uleb128 0xe
 1676 0178 3A       		.uleb128 0x3a
 1677 0179 0B       		.uleb128 0xb
 1678 017a 3B       		.uleb128 0x3b
 1679 017b 0B       		.uleb128 0xb
 1680 017c 49       		.uleb128 0x49
 1681 017d 13       		.uleb128 0x13
 1682 017e 3F       		.uleb128 0x3f
 1683 017f 19       		.uleb128 0x19
 1684 0180 3C       		.uleb128 0x3c
 1685 0181 19       		.uleb128 0x19
 1686 0182 00       		.byte	0
 1687 0183 00       		.byte	0
 1688 0184 1F       		.uleb128 0x1f
 1689 0185 2E       		.uleb128 0x2e
 1690 0186 00       		.byte	0
 1691 0187 3F       		.uleb128 0x3f
 1692 0188 19       		.uleb128 0x19
 1693 0189 03       		.uleb128 0x3
 1694 018a 0E       		.uleb128 0xe
 1695 018b 3A       		.uleb128 0x3a
 1696 018c 0B       		.uleb128 0xb
 1697 018d 3B       		.uleb128 0x3b
 1698 018e 0B       		.uleb128 0xb
 1699 018f 27       		.uleb128 0x27
 1700 0190 19       		.uleb128 0x19
 1701 0191 3C       		.uleb128 0x3c
 1702 0192 19       		.uleb128 0x19
 1703 0193 00       		.byte	0
 1704 0194 00       		.byte	0
 1705 0195 20       		.uleb128 0x20
 1706 0196 2E       		.uleb128 0x2e
 1707 0197 01       		.byte	0x1
 1708 0198 3F       		.uleb128 0x3f
 1709 0199 19       		.uleb128 0x19
 1710 019a 03       		.uleb128 0x3
ARM GAS  /tmp/ccgW3rWJ.s 			page 31


 1711 019b 0E       		.uleb128 0xe
 1712 019c 3A       		.uleb128 0x3a
 1713 019d 0B       		.uleb128 0xb
 1714 019e 3B       		.uleb128 0x3b
 1715 019f 05       		.uleb128 0x5
 1716 01a0 27       		.uleb128 0x27
 1717 01a1 19       		.uleb128 0x19
 1718 01a2 3C       		.uleb128 0x3c
 1719 01a3 19       		.uleb128 0x19
 1720 01a4 01       		.uleb128 0x1
 1721 01a5 13       		.uleb128 0x13
 1722 01a6 00       		.byte	0
 1723 01a7 00       		.byte	0
 1724 01a8 21       		.uleb128 0x21
 1725 01a9 05       		.uleb128 0x5
 1726 01aa 00       		.byte	0
 1727 01ab 49       		.uleb128 0x49
 1728 01ac 13       		.uleb128 0x13
 1729 01ad 00       		.byte	0
 1730 01ae 00       		.byte	0
 1731 01af 00       		.byte	0
 1732              		.section	.debug_loc,"",%progbits
 1733              	.Ldebug_loc0:
 1734              	.LLST0:
 1735 0000 04000000 		.4byte	.LVL1
 1736 0004 06000000 		.4byte	.LVL2
 1737 0008 0300     		.2byte	0x3
 1738 000a 73       		.byte	0x73
 1739 000b 20       		.sleb128 32
 1740 000c 9F       		.byte	0x9f
 1741 000d 06000000 		.4byte	.LVL2
 1742 0011 0C000000 		.4byte	.LVL3
 1743 0015 0100     		.2byte	0x1
 1744 0017 53       		.byte	0x53
 1745 0018 00000000 		.4byte	0
 1746 001c 00000000 		.4byte	0
 1747              	.LLST1:
 1748 0020 1A000000 		.4byte	.LVL7
 1749 0024 1E000000 		.4byte	.LVL8
 1750 0028 0300     		.2byte	0x3
 1751 002a 72       		.byte	0x72
 1752 002b 60       		.sleb128 -32
 1753 002c 9F       		.byte	0x9f
 1754 002d 1E000000 		.4byte	.LVL8
 1755 0031 26000000 		.4byte	.LVL9
 1756 0035 0100     		.2byte	0x1
 1757 0037 53       		.byte	0x53
 1758 0038 26000000 		.4byte	.LVL9
 1759 003c 54000000 		.4byte	.LVL10
 1760 0040 0300     		.2byte	0x3
 1761 0042 72       		.byte	0x72
 1762 0043 60       		.sleb128 -32
 1763 0044 9F       		.byte	0x9f
 1764 0045 00000000 		.4byte	0
 1765 0049 00000000 		.4byte	0
 1766              		.section	.debug_aranges,"",%progbits
 1767 0000 4C000000 		.4byte	0x4c
ARM GAS  /tmp/ccgW3rWJ.s 			page 32


 1768 0004 0200     		.2byte	0x2
 1769 0006 00000000 		.4byte	.Ldebug_info0
 1770 000a 04       		.byte	0x4
 1771 000b 00       		.byte	0
 1772 000c 0000     		.2byte	0
 1773 000e 0000     		.2byte	0
 1774 0010 00000000 		.4byte	.LFB11
 1775 0014 06000000 		.4byte	.LFE11-.LFB11
 1776 0018 00000000 		.4byte	.LFB8
 1777 001c 12000000 		.4byte	.LFE8-.LFB8
 1778 0020 00000000 		.4byte	.LFB9
 1779 0024 36000000 		.4byte	.LFE9-.LFB9
 1780 0028 00000000 		.4byte	.LFB10
 1781 002c 5A000000 		.4byte	.LFE10-.LFB10
 1782 0030 00000000 		.4byte	.LFB7
 1783 0034 1A000000 		.4byte	.LFE7-.LFB7
 1784 0038 00000000 		.4byte	.LFB12
 1785 003c 10000000 		.4byte	.LFE12-.LFB12
 1786 0040 00000000 		.4byte	.LFB13
 1787 0044 10000000 		.4byte	.LFE13-.LFB13
 1788 0048 00000000 		.4byte	0
 1789 004c 00000000 		.4byte	0
 1790              		.section	.debug_ranges,"",%progbits
 1791              	.Ldebug_ranges0:
 1792 0000 00000000 		.4byte	.LFB11
 1793 0004 06000000 		.4byte	.LFE11
 1794 0008 00000000 		.4byte	.LFB8
 1795 000c 12000000 		.4byte	.LFE8
 1796 0010 00000000 		.4byte	.LFB9
 1797 0014 36000000 		.4byte	.LFE9
 1798 0018 00000000 		.4byte	.LFB10
 1799 001c 5A000000 		.4byte	.LFE10
 1800 0020 00000000 		.4byte	.LFB7
 1801 0024 1A000000 		.4byte	.LFE7
 1802 0028 00000000 		.4byte	.LFB12
 1803 002c 10000000 		.4byte	.LFE12
 1804 0030 00000000 		.4byte	.LFB13
 1805 0034 10000000 		.4byte	.LFE13
 1806 0038 00000000 		.4byte	0
 1807 003c 00000000 		.4byte	0
 1808              		.section	.debug_line,"",%progbits
 1809              	.Ldebug_line0:
 1810 0000 C7010000 		.section	.debug_str,"MS",%progbits,1
 1810      02001701 
 1810      00000201 
 1810      FB0E0D00 
 1810      01010101 
 1811              	.LASF34:
 1812 0000 705F6D73 		.ascii	"p_msg\000"
 1812      6700
 1813              	.LASF76:
 1814 0006 7264796D 		.ascii	"rdymsg\000"
 1814      736700
 1815              	.LASF64:
 1816 000d 434D785F 		.ascii	"CMx_SCB\000"
 1816      53434200 
 1817              	.LASF90:
ARM GAS  /tmp/ccgW3rWJ.s 			page 33


 1818 0015 63685379 		.ascii	"chSysTimerHandlerI\000"
 1818      7354696D 
 1818      65724861 
 1818      6E646C65 
 1818      724900
 1819              	.LASF86:
 1820 0028 53797354 		.ascii	"SysTickVector\000"
 1820      69636B56 
 1820      6563746F 
 1820      7200
 1821              	.LASF11:
 1822 0036 6C6F6E67 		.ascii	"long long unsigned int\000"
 1822      206C6F6E 
 1822      6720756E 
 1822      7369676E 
 1822      65642069 
 1823              	.LASF77:
 1824 004d 65786974 		.ascii	"exitcode\000"
 1824      636F6465 
 1824      00
 1825              	.LASF49:
 1826 0056 43505549 		.ascii	"CPUID\000"
 1826      4400
 1827              	.LASF23:
 1828 005c 705F7072 		.ascii	"p_prio\000"
 1828      696F00
 1829              	.LASF10:
 1830 0063 6C6F6E67 		.ascii	"long long int\000"
 1830      206C6F6E 
 1830      6720696E 
 1830      7400
 1831              	.LASF1:
 1832 0071 7369676E 		.ascii	"signed char\000"
 1832      65642063 
 1832      68617200 
 1833              	.LASF38:
 1834 007d 705F6D70 		.ascii	"p_mpool\000"
 1834      6F6F6C00 
 1835              	.LASF73:
 1836 0085 6D5F7175 		.ascii	"m_queue\000"
 1836      65756500 
 1837              	.LASF7:
 1838 008d 6C6F6E67 		.ascii	"long int\000"
 1838      20696E74 
 1838      00
 1839              	.LASF14:
 1840 0096 74737461 		.ascii	"tstate_t\000"
 1840      74655F74 
 1840      00
 1841              	.LASF88:
 1842 009f 5F706F72 		.ascii	"_port_thread_start\000"
 1842      745F7468 
 1842      72656164 
 1842      5F737461 
 1842      727400
 1843              	.LASF25:
 1844 00b2 705F6E65 		.ascii	"p_newer\000"
ARM GAS  /tmp/ccgW3rWJ.s 			page 34


 1844      77657200 
 1845              	.LASF59:
 1846 00ba 42464152 		.ascii	"BFAR\000"
 1846      00
 1847              	.LASF68:
 1848 00bf 725F6E65 		.ascii	"r_newer\000"
 1848      77657200 
 1849              	.LASF95:
 1850 00c7 6E766963 		.ascii	"nvicSetSystemHandlerPriority\000"
 1850      53657453 
 1850      79737465 
 1850      6D48616E 
 1850      646C6572 
 1851              	.LASF41:
 1852 00e4 72656761 		.ascii	"regarm_t\000"
 1852      726D5F74 
 1852      00
 1853              	.LASF89:
 1854 00ed 63685363 		.ascii	"chSchDoReschedule\000"
 1854      68446F52 
 1854      65736368 
 1854      6564756C 
 1854      6500
 1855              	.LASF91:
 1856 00ff 474E5520 		.ascii	"GNU C 4.8.1 -mcpu=cortex-m3 -mno-thumb-interwork -m"
 1856      4320342E 
 1856      382E3120 
 1856      2D6D6370 
 1856      753D636F 
 1857 0132 7468756D 		.ascii	"thumb -mfloat-abi=soft -ggdb -O2 -fomit-frame-point"
 1857      62202D6D 
 1857      666C6F61 
 1857      742D6162 
 1857      693D736F 
 1858 0165 6572202D 		.ascii	"er -ffunction-sections -fdata-sections -fno-common\000"
 1858      6666756E 
 1858      6374696F 
 1858      6E2D7365 
 1858      6374696F 
 1859              	.LASF93:
 1860 0198 2F686F6D 		.ascii	"/home/daniofb/Programming/ChibiOS-RT/demos/ARMCM3-L"
 1860      652F6461 
 1860      6E696F66 
 1860      622F5072 
 1860      6F677261 
 1861 01cb 50433137 		.ascii	"PC1768-AKAIKABA\000"
 1861      36382D41 
 1861      4B41494B 
 1861      41424100 
 1862              	.LASF0:
 1863 01db 756E7369 		.ascii	"unsigned int\000"
 1863      676E6564 
 1863      20696E74 
 1863      00
 1864              	.LASF43:
 1865 01e8 6C725F74 		.ascii	"lr_thd\000"
 1865      686400
ARM GAS  /tmp/ccgW3rWJ.s 			page 35


 1866              	.LASF42:
 1867 01ef 65787463 		.ascii	"extctx\000"
 1867      747800
 1868              	.LASF87:
 1869 01f6 5F706F72 		.ascii	"_port_switch\000"
 1869      745F7377 
 1869      69746368 
 1869      00
 1870              	.LASF9:
 1871 0203 6C6F6E67 		.ascii	"long unsigned int\000"
 1871      20756E73 
 1871      69676E65 
 1871      6420696E 
 1871      7400
 1872              	.LASF51:
 1873 0215 56544F52 		.ascii	"VTOR\000"
 1873      00
 1874              	.LASF81:
 1875 021a 5F706F72 		.ascii	"_port_switch_from_isr\000"
 1875      745F7377 
 1875      69746368 
 1875      5F66726F 
 1875      6D5F6973 
 1876              	.LASF46:
 1877 0230 636F6E74 		.ascii	"context\000"
 1877      65787400 
 1878              	.LASF4:
 1879 0238 73686F72 		.ascii	"short unsigned int\000"
 1879      7420756E 
 1879      7369676E 
 1879      65642069 
 1879      6E7400
 1880              	.LASF50:
 1881 024b 49435352 		.ascii	"ICSR\000"
 1881      00
 1882              	.LASF17:
 1883 0250 6D73675F 		.ascii	"msg_t\000"
 1883      7400
 1884              	.LASF52:
 1885 0256 41495243 		.ascii	"AIRCR\000"
 1885      5200
 1886              	.LASF57:
 1887 025c 44465352 		.ascii	"DFSR\000"
 1887      00
 1888              	.LASF58:
 1889 0261 4D4D4641 		.ascii	"MMFAR\000"
 1889      5200
 1890              	.LASF85:
 1891 0267 5F706F72 		.ascii	"_port_irq_epilogue\000"
 1891      745F6972 
 1891      715F6570 
 1891      696C6F67 
 1891      756500
 1892              	.LASF13:
 1893 027a 746D6F64 		.ascii	"tmode_t\000"
 1893      655F7400 
 1894              	.LASF40:
ARM GAS  /tmp/ccgW3rWJ.s 			page 36


 1895 0282 54687265 		.ascii	"ThreadsList\000"
 1895      6164734C 
 1895      69737400 
 1896              	.LASF18:
 1897 028e 6576656E 		.ascii	"eventmask_t\000"
 1897      746D6173 
 1897      6B5F7400 
 1898              	.LASF72:
 1899 029a 4D757465 		.ascii	"Mutex\000"
 1899      7800
 1900              	.LASF48:
 1901 02a0 73697A65 		.ascii	"sizetype\000"
 1901      74797065 
 1901      00
 1902              	.LASF55:
 1903 02a9 43465352 		.ascii	"CFSR\000"
 1903      00
 1904              	.LASF26:
 1905 02ae 705F6F6C 		.ascii	"p_older\000"
 1905      64657200 
 1906              	.LASF67:
 1907 02b6 725F6374 		.ascii	"r_ctx\000"
 1907      7800
 1908              	.LASF39:
 1909 02bc 54687265 		.ascii	"ThreadsQueue\000"
 1909      61647351 
 1909      75657565 
 1909      00
 1910              	.LASF70:
 1911 02c9 725F6375 		.ascii	"r_current\000"
 1911      7272656E 
 1911      7400
 1912              	.LASF69:
 1913 02d3 725F6F6C 		.ascii	"r_older\000"
 1913      64657200 
 1914              	.LASF15:
 1915 02db 74726566 		.ascii	"trefs_t\000"
 1915      735F7400 
 1916              	.LASF83:
 1917 02e3 63747870 		.ascii	"ctxp\000"
 1917      00
 1918              	.LASF22:
 1919 02e8 705F7072 		.ascii	"p_prev\000"
 1919      657600
 1920              	.LASF16:
 1921 02ef 74707269 		.ascii	"tprio_t\000"
 1921      6F5F7400 
 1922              	.LASF12:
 1923 02f7 5F426F6F 		.ascii	"_Bool\000"
 1923      6C00
 1924              	.LASF6:
 1925 02fd 696E7433 		.ascii	"int32_t\000"
 1925      325F7400 
 1926              	.LASF2:
 1927 0305 756E7369 		.ascii	"unsigned char\000"
 1927      676E6564 
 1927      20636861 
ARM GAS  /tmp/ccgW3rWJ.s 			page 37


 1927      7200
 1928              	.LASF54:
 1929 0313 53484353 		.ascii	"SHCSR\000"
 1929      5200
 1930              	.LASF36:
 1931 0319 705F6D74 		.ascii	"p_mtxlist\000"
 1931      786C6973 
 1931      7400
 1932              	.LASF3:
 1933 0323 73686F72 		.ascii	"short int\000"
 1933      7420696E 
 1933      7400
 1934              	.LASF28:
 1935 032d 705F7374 		.ascii	"p_state\000"
 1935      61746500 
 1936              	.LASF44:
 1937 0335 78707372 		.ascii	"xpsr\000"
 1937      00
 1938              	.LASF66:
 1939 033a 725F7072 		.ascii	"r_prio\000"
 1939      696F00
 1940              	.LASF79:
 1941 0341 65776D61 		.ascii	"ewmask\000"
 1941      736B00
 1942              	.LASF21:
 1943 0348 705F6E65 		.ascii	"p_next\000"
 1943      787400
 1944              	.LASF29:
 1945 034f 705F666C 		.ascii	"p_flags\000"
 1945      61677300 
 1946              	.LASF20:
 1947 0357 54687265 		.ascii	"Thread\000"
 1947      616400
 1948              	.LASF35:
 1949 035e 705F6570 		.ascii	"p_epending\000"
 1949      656E6469 
 1949      6E6700
 1950              	.LASF8:
 1951 0369 75696E74 		.ascii	"uint32_t\000"
 1951      33325F74 
 1951      00
 1952              	.LASF65:
 1953 0372 725F7175 		.ascii	"r_queue\000"
 1953      65756500 
 1954              	.LASF60:
 1955 037a 41465352 		.ascii	"AFSR\000"
 1955      00
 1956              	.LASF62:
 1957 037f 756E7573 		.ascii	"unused1\000"
 1957      65643100 
 1958              	.LASF80:
 1959 0387 63686172 		.ascii	"char\000"
 1959      00
 1960              	.LASF47:
 1961 038c 494F5245 		.ascii	"IOREG32\000"
 1961      47333200 
 1962              	.LASF92:
ARM GAS  /tmp/ccgW3rWJ.s 			page 38


 1963 0394 2E2E2F2E 		.ascii	"../../os/ports/GCC/ARMCMx/chcore_v7m.c\000"
 1963      2E2F6F73 
 1963      2F706F72 
 1963      74732F47 
 1963      43432F41 
 1964              	.LASF75:
 1965 03bb 6D5F6E65 		.ascii	"m_next\000"
 1965      787400
 1966              	.LASF19:
 1967 03c2 73797374 		.ascii	"systime_t\000"
 1967      696D655F 
 1967      7400
 1968              	.LASF37:
 1969 03cc 705F7265 		.ascii	"p_realprio\000"
 1969      616C7072 
 1969      696F00
 1970              	.LASF82:
 1971 03d7 53564361 		.ascii	"SVCallVector\000"
 1971      6C6C5665 
 1971      63746F72 
 1971      00
 1972              	.LASF31:
 1973 03e4 705F7469 		.ascii	"p_time\000"
 1973      6D6500
 1974              	.LASF53:
 1975 03eb 53485052 		.ascii	"SHPR\000"
 1975      00
 1976              	.LASF45:
 1977 03f0 696E7463 		.ascii	"intctx\000"
 1977      747800
 1978              	.LASF33:
 1979 03f7 705F6D73 		.ascii	"p_msgqueue\000"
 1979      67717565 
 1979      756500
 1980              	.LASF30:
 1981 0402 705F7265 		.ascii	"p_refs\000"
 1981      667300
 1982              	.LASF71:
 1983 0409 52656164 		.ascii	"ReadyList\000"
 1983      794C6973 
 1983      7400
 1984              	.LASF61:
 1985 0413 4D4D4652 		.ascii	"MMFR\000"
 1985      00
 1986              	.LASF94:
 1987 0418 726C6973 		.ascii	"rlist\000"
 1987      7400
 1988              	.LASF5:
 1989 041e 75696E74 		.ascii	"uint8_t\000"
 1989      385F7400 
 1990              	.LASF84:
 1991 0426 5F706F72 		.ascii	"_port_init\000"
 1991      745F696E 
 1991      697400
 1992              	.LASF78:
 1993 0431 77746F62 		.ascii	"wtobjp\000"
 1993      6A7000
ARM GAS  /tmp/ccgW3rWJ.s 			page 39


 1994              	.LASF27:
 1995 0438 705F6E61 		.ascii	"p_name\000"
 1995      6D6500
 1996              	.LASF63:
 1997 043f 43504143 		.ascii	"CPACR\000"
 1997      5200
 1998              	.LASF56:
 1999 0445 48465352 		.ascii	"HFSR\000"
 1999      00
 2000              	.LASF74:
 2001 044a 6D5F6F77 		.ascii	"m_owner\000"
 2001      6E657200 
 2002              	.LASF24:
 2003 0452 705F6374 		.ascii	"p_ctx\000"
 2003      7800
 2004              	.LASF32:
 2005 0458 705F7761 		.ascii	"p_waiting\000"
 2005      6974696E 
 2005      6700
 2006              		.ident	"GCC: (GNU) 4.8.1"
ARM GAS  /tmp/ccgW3rWJ.s 			page 40


DEFINED SYMBOLS
                            *ABS*:0000000000000000 chcore_v7m.c
     /tmp/ccgW3rWJ.s:19     .text._port_switch_from_isr:0000000000000000 $t
     /tmp/ccgW3rWJ.s:24     .text._port_switch_from_isr:0000000000000000 _port_switch_from_isr
     /tmp/ccgW3rWJ.s:37     .text._port_switch_from_isr:0000000000000004 _port_exit_from_isr
     /tmp/ccgW3rWJ.s:49     .text.SVCallVector:0000000000000000 $t
     /tmp/ccgW3rWJ.s:54     .text.SVCallVector:0000000000000000 SVCallVector
     /tmp/ccgW3rWJ.s:89     .text._port_init:0000000000000000 $t
     /tmp/ccgW3rWJ.s:94     .text._port_init:0000000000000000 _port_init
     /tmp/ccgW3rWJ.s:138    .text._port_irq_epilogue:0000000000000000 $t
     /tmp/ccgW3rWJ.s:143    .text._port_irq_epilogue:0000000000000000 _port_irq_epilogue
     /tmp/ccgW3rWJ.s:220    .text.SysTickVector:0000000000000000 $t
     /tmp/ccgW3rWJ.s:225    .text.SysTickVector:0000000000000000 SysTickVector
     /tmp/ccgW3rWJ.s:263    .text._port_switch:0000000000000000 $t
     /tmp/ccgW3rWJ.s:268    .text._port_switch:0000000000000000 _port_switch
     /tmp/ccgW3rWJ.s:295    .text._port_thread_start:0000000000000000 $t
     /tmp/ccgW3rWJ.s:300    .text._port_thread_start:0000000000000000 _port_thread_start
                     .debug_frame:0000000000000010 $d

UNDEFINED SYMBOLS
chSchDoReschedule
nvicSetSystemHandlerPriority
rlist
chSysTimerHandlerI
chThdExit
