ARM GAS  /tmp/ccjUv7N1.s 			page 1


   1              		.syntax unified
   2              		.cpu cortex-m3
   3              		.fpu softvfp
   4              		.eabi_attribute 20, 1
   5              		.eabi_attribute 21, 1
   6              		.eabi_attribute 23, 3
   7              		.eabi_attribute 24, 1
   8              		.eabi_attribute 25, 1
   9              		.eabi_attribute 26, 1
  10              		.eabi_attribute 30, 2
  11              		.eabi_attribute 34, 1
  12              		.eabi_attribute 18, 4
  13              		.thumb
  14              		.file	"chheap.c"
  15              		.text
  16              	.Ltext0:
  17              		.cfi_sections	.debug_frame
  18              		.section	.text._heap_init,"ax",%progbits
  19              		.align	2
  20              		.global	_heap_init
  21              		.thumb
  22              		.thumb_func
  23              		.type	_heap_init, %function
  24              	_heap_init:
  25              	.LFB7:
  26              		.file 1 "../../os/kernel/src/chheap.c"
  27              		.loc 1 68 0
  28              		.cfi_startproc
  29              		@ args = 0, pretend = 0, frame = 0
  30              		@ frame_needed = 0, uses_anonymous_args = 0
  31              		@ link register save eliminated.
  32              		.loc 1 69 0
  33 0000 40F20003 		movw	r3, #:lower16:.LANCHOR0
  34 0004 C0F20003 		movt	r3, #:upper16:.LANCHOR0
  35 0008 40F20002 		movw	r2, #:lower16:chCoreAlloc
  36              		.loc 1 70 0
  37 000c 0021     		movs	r1, #0
  38              		.loc 1 69 0
  39 000e C0F20002 		movt	r2, #:upper16:chCoreAlloc
  40              		.loc 1 73 0
  41 0012 03F11000 		add	r0, r3, #16
  42              		.loc 1 69 0
  43 0016 1A60     		str	r2, [r3]
  44              		.loc 1 70 0
  45 0018 9960     		str	r1, [r3, #8]
  46              		.loc 1 71 0
  47 001a D960     		str	r1, [r3, #12]
  48              		.loc 1 73 0
  49 001c FFF7FEBF 		b	chMtxInit
  50              	.LVL0:
  51              		.cfi_endproc
  52              	.LFE7:
  53              		.size	_heap_init, .-_heap_init
  54              		.section	.text.chHeapInit,"ax",%progbits
  55              		.align	2
  56              		.global	chHeapInit
  57              		.thumb
ARM GAS  /tmp/ccjUv7N1.s 			page 2


  58              		.thumb_func
  59              		.type	chHeapInit, %function
  60              	chHeapInit:
  61              	.LFB8:
  62              		.loc 1 92 0
  63              		.cfi_startproc
  64              		@ args = 0, pretend = 0, frame = 0
  65              		@ frame_needed = 0, uses_anonymous_args = 0
  66              		@ link register save eliminated.
  67              	.LVL1:
  68              		.loc 1 97 0
  69 0000 0023     		movs	r3, #0
  70              		.loc 1 101 0
  71 0002 083A     		subs	r2, r2, #8
  72              	.LVL2:
  73              		.loc 1 98 0
  74 0004 8160     		str	r1, [r0, #8]
  75              		.loc 1 97 0
  76 0006 0360     		str	r3, [r0]
  77              	.LVL3:
  78              		.loc 1 99 0
  79 0008 C360     		str	r3, [r0, #12]
  80              		.loc 1 103 0
  81 000a 1030     		adds	r0, r0, #16
  82              	.LVL4:
  83              		.loc 1 101 0
  84 000c 4A60     		str	r2, [r1, #4]
  85              		.loc 1 100 0
  86 000e 0B60     		str	r3, [r1]
  87              		.loc 1 103 0
  88 0010 FFF7FEBF 		b	chMtxInit
  89              	.LVL5:
  90              		.cfi_endproc
  91              	.LFE8:
  92              		.size	chHeapInit, .-chHeapInit
  93              		.section	.text.chHeapAlloc,"ax",%progbits
  94              		.align	2
  95              		.global	chHeapAlloc
  96              		.thumb
  97              		.thumb_func
  98              		.type	chHeapAlloc, %function
  99              	chHeapAlloc:
 100              	.LFB9:
 101              		.loc 1 125 0
 102              		.cfi_startproc
 103              		@ args = 0, pretend = 0, frame = 0
 104              		@ frame_needed = 0, uses_anonymous_args = 0
 105              	.LVL6:
 106 0000 F8B5     		push	{r3, r4, r5, r6, r7, lr}
 107              		.cfi_def_cfa_offset 24
 108              		.cfi_offset 3, -24
 109              		.cfi_offset 4, -20
 110              		.cfi_offset 5, -16
 111              		.cfi_offset 6, -12
 112              		.cfi_offset 7, -8
 113              		.cfi_offset 14, -4
 114              		.loc 1 129 0
ARM GAS  /tmp/ccjUv7N1.s 			page 3


 115 0002 40F20006 		movw	r6, #:lower16:.LANCHOR0
 116 0006 C0F20006 		movt	r6, #:upper16:.LANCHOR0
 117 000a 0028     		cmp	r0, #0
 118 000c 18BF     		it	ne
 119 000e 0646     		movne	r6, r0
 120              	.LVL7:
 121              		.loc 1 131 0
 122 0010 0731     		adds	r1, r1, #7
 123              	.LVL8:
 124              		.loc 1 133 0
 125 0012 06F11000 		add	r0, r6, #16
 126              		.loc 1 131 0
 127 0016 21F00705 		bic	r5, r1, #7
 128              	.LVL9:
 129              		.loc 1 132 0
 130 001a 06F10804 		add	r4, r6, #8
 131              	.LVL10:
 132              		.loc 1 133 0
 133 001e FFF7FEFF 		bl	chMtxLock
 134              	.LVL11:
 135              		.loc 1 135 0
 136 0022 03E0     		b	.L5
 137              	.LVL12:
 138              	.L10:
 139              		.loc 1 137 0
 140 0024 5A68     		ldr	r2, [r3, #4]
 141 0026 9542     		cmp	r5, r2
 142 0028 11D9     		bls	.L18
 143 002a 1C46     		mov	r4, r3
 144              	.LVL13:
 145              	.L5:
 146              		.loc 1 135 0 discriminator 1
 147 002c 2368     		ldr	r3, [r4]
 148              	.LVL14:
 149 002e 002B     		cmp	r3, #0
 150 0030 F8D1     		bne	.L10
 151              		.loc 1 160 0
 152 0032 FFF7FEFF 		bl	chMtxUnlock
 153              	.LVL15:
 154              		.loc 1 164 0
 155 0036 3368     		ldr	r3, [r6]
 156 0038 1BB3     		cbz	r3, .L12
 157              		.loc 1 165 0
 158 003a 05F10800 		add	r0, r5, #8
 159 003e 9847     		blx	r3
 160              	.LVL16:
 161              		.loc 1 166 0
 162 0040 F8B1     		cbz	r0, .L12
 163              		.loc 1 167 0
 164 0042 0660     		str	r6, [r0]
 165              		.loc 1 168 0
 166 0044 4560     		str	r5, [r0, #4]
 167              	.LVL17:
 168              		.loc 1 170 0
 169 0046 00F10804 		add	r4, r0, #8
 170              	.LVL18:
 171              	.L9:
ARM GAS  /tmp/ccjUv7N1.s 			page 4


 172              		.loc 1 174 0
 173 004a 2046     		mov	r0, r4
 174 004c F8BD     		pop	{r3, r4, r5, r6, r7, pc}
 175              	.LVL19:
 176              	.L18:
 177              		.loc 1 138 0
 178 004e 05F10801 		add	r1, r5, #8
 179 0052 9142     		cmp	r1, r2
 180 0054 08D9     		bls	.L7
 181              		.loc 1 142 0
 182 0056 1A68     		ldr	r2, [r3]
 183 0058 2260     		str	r2, [r4]
 184              	.L8:
 185              		.loc 1 152 0
 186 005a 1C46     		mov	r4, r3
 187              	.LVL20:
 188 005c 44F8086B 		str	r6, [r4], #8
 189              		.loc 1 154 0
 190 0060 FFF7FEFF 		bl	chMtxUnlock
 191              	.LVL21:
 192              		.loc 1 174 0
 193 0064 2046     		mov	r0, r4
 194 0066 F8BD     		pop	{r3, r4, r5, r6, r7, pc}
 195              	.LVL22:
 196              	.L7:
 197              		.loc 1 148 0
 198 0068 4FF6F870 		movw	r0, #65528
 199 006c CFF6FF70 		movt	r0, 65535
 200              		.loc 1 147 0
 201 0070 1F68     		ldr	r7, [r3]
 202              		.loc 1 148 0
 203 0072 401B     		subs	r0, r0, r5
 204 0074 1044     		add	r0, r0, r2
 205              		.loc 1 146 0
 206 0076 5A18     		adds	r2, r3, r1
 207              	.LVL23:
 208              		.loc 1 147 0
 209 0078 5F50     		str	r7, [r3, r1]
 210              		.loc 1 148 0
 211 007a 5060     		str	r0, [r2, #4]
 212              		.loc 1 149 0
 213 007c 2260     		str	r2, [r4]
 214              		.loc 1 150 0
 215 007e 5D60     		str	r5, [r3, #4]
 216 0080 EBE7     		b	.L8
 217              	.LVL24:
 218              	.L12:
 219              		.loc 1 173 0
 220 0082 0024     		movs	r4, #0
 221              	.LVL25:
 222 0084 E1E7     		b	.L9
 223              		.cfi_endproc
 224              	.LFE9:
 225              		.size	chHeapAlloc, .-chHeapAlloc
 226 0086 00BF     		.section	.text.chHeapFree,"ax",%progbits
 227              		.align	2
 228              		.global	chHeapFree
ARM GAS  /tmp/ccjUv7N1.s 			page 5


 229              		.thumb
 230              		.thumb_func
 231              		.type	chHeapFree, %function
 232              	chHeapFree:
 233              	.LFB10:
 234              		.loc 1 187 0
 235              		.cfi_startproc
 236              		@ args = 0, pretend = 0, frame = 0
 237              		@ frame_needed = 0, uses_anonymous_args = 0
 238              	.LVL26:
 239 0000 70B5     		push	{r4, r5, r6, lr}
 240              		.cfi_def_cfa_offset 16
 241              		.cfi_offset 4, -16
 242              		.cfi_offset 5, -12
 243              		.cfi_offset 6, -8
 244              		.cfi_offset 14, -4
 245              		.loc 1 187 0
 246 0002 0646     		mov	r6, r0
 247              		.loc 1 194 0
 248 0004 50F8080C 		ldr	r0, [r0, #-8]
 249              	.LVL27:
 250              		.loc 1 193 0
 251 0008 A6F10804 		sub	r4, r6, #8
 252              	.LVL28:
 253              		.loc 1 195 0
 254 000c 00F10805 		add	r5, r0, #8
 255              	.LVL29:
 256              		.loc 1 196 0
 257 0010 1030     		adds	r0, r0, #16
 258              	.LVL30:
 259 0012 FFF7FEFF 		bl	chMtxLock
 260              	.LVL31:
 261              		.loc 1 195 0
 262 0016 2B46     		mov	r3, r5
 263              	.LVL32:
 264              	.L26:
 265              		.loc 1 203 0
 266 0018 AB42     		cmp	r3, r5
 267 001a 04D0     		beq	.L20
 268              	.L31:
 269              		.loc 1 203 0 is_stmt 0 discriminator 2
 270 001c A342     		cmp	r3, r4
 271 001e 02D3     		bcc	.L20
 272 0020 1B68     		ldr	r3, [r3]
 273              	.LVL33:
 274              		.loc 1 203 0
 275 0022 AB42     		cmp	r3, r5
 276 0024 FAD1     		bne	.L31
 277              	.L20:
 278              		.loc 1 204 0 is_stmt 1 discriminator 1
 279 0026 1A68     		ldr	r2, [r3]
 280              		.loc 1 203 0 discriminator 1
 281 0028 1AB1     		cbz	r2, .L22
 282              		.loc 1 204 0
 283 002a 9442     		cmp	r4, r2
 284 002c 01D3     		bcc	.L22
 285 002e 1346     		mov	r3, r2
ARM GAS  /tmp/ccjUv7N1.s 			page 6


 286              	.LVL34:
 287              		.loc 1 222 0
 288 0030 F2E7     		b	.L26
 289              	.LVL35:
 290              	.L22:
 291              		.loc 1 209 0
 292 0032 56F8041C 		ldr	r1, [r6, #-4]
 293              		.loc 1 206 0
 294 0036 46F8082C 		str	r2, [r6, #-8]
 295              		.loc 1 207 0
 296 003a 1C60     		str	r4, [r3]
 297              		.loc 1 209 0
 298 003c 01F10802 		add	r2, r1, #8
 299 0040 56F8085C 		ldr	r5, [r6, #-8]
 300              	.LVL36:
 301 0044 A018     		adds	r0, r4, r2
 302 0046 A842     		cmp	r0, r5
 303 0048 09D0     		beq	.L32
 304              		.loc 1 214 0
 305 004a 5A68     		ldr	r2, [r3, #4]
 306 004c 02F10801 		add	r1, r2, #8
 307 0050 1944     		add	r1, r1, r3
 308 0052 8C42     		cmp	r4, r1
 309 0054 11D0     		beq	.L33
 310              	.L25:
 311              		.loc 1 226 0
 312 0056 BDE87040 		pop	{r4, r5, r6, lr}
 313              	.LVL37:
 314              		.loc 1 224 0
 315 005a FFF7FEBF 		b	chMtxUnlock
 316              	.LVL38:
 317              	.L32:
 318              		.loc 1 211 0
 319 005e 4068     		ldr	r0, [r0, #4]
 320              		.loc 1 212 0
 321 0060 A258     		ldr	r2, [r4, r2]
 322              		.loc 1 211 0
 323 0062 0144     		add	r1, r1, r0
 324 0064 0831     		adds	r1, r1, #8
 325 0066 46F8041C 		str	r1, [r6, #-4]
 326              		.loc 1 212 0
 327 006a 46F8082C 		str	r2, [r6, #-8]
 328              		.loc 1 214 0
 329 006e 5A68     		ldr	r2, [r3, #4]
 330 0070 02F10801 		add	r1, r2, #8
 331 0074 1944     		add	r1, r1, r3
 332 0076 8C42     		cmp	r4, r1
 333 0078 EDD1     		bne	.L25
 334              	.L33:
 335              		.loc 1 216 0
 336 007a 56F8040C 		ldr	r0, [r6, #-4]
 337              		.loc 1 217 0
 338 007e 56F8081C 		ldr	r1, [r6, #-8]
 339              		.loc 1 216 0
 340 0082 0244     		add	r2, r2, r0
 341 0084 0832     		adds	r2, r2, #8
 342              		.loc 1 217 0
ARM GAS  /tmp/ccjUv7N1.s 			page 7


 343 0086 83E80600 		stmia	r3, {r1, r2}
 344              		.loc 1 226 0
 345 008a BDE87040 		pop	{r4, r5, r6, lr}
 346              	.LVL39:
 347              		.loc 1 224 0
 348 008e FFF7FEBF 		b	chMtxUnlock
 349              	.LVL40:
 350              		.cfi_endproc
 351              	.LFE10:
 352              		.size	chHeapFree, .-chHeapFree
 353 0092 00BF     		.section	.text.chHeapStatus,"ax",%progbits
 354              		.align	2
 355              		.global	chHeapStatus
 356              		.thumb
 357              		.thumb_func
 358              		.type	chHeapStatus, %function
 359              	chHeapStatus:
 360              	.LFB11:
 361              		.loc 1 243 0
 362              		.cfi_startproc
 363              		@ args = 0, pretend = 0, frame = 0
 364              		@ frame_needed = 0, uses_anonymous_args = 0
 365              	.LVL41:
 366 0000 38B5     		push	{r3, r4, r5, lr}
 367              		.cfi_def_cfa_offset 16
 368              		.cfi_offset 3, -16
 369              		.cfi_offset 4, -12
 370              		.cfi_offset 5, -8
 371              		.cfi_offset 14, -4
 372              		.loc 1 248 0
 373 0002 40F20003 		movw	r3, #:lower16:.LANCHOR0
 374 0006 C0F20003 		movt	r3, #:upper16:.LANCHOR0
 375 000a 0028     		cmp	r0, #0
 376 000c 14BF     		ite	ne
 377 000e 0446     		movne	r4, r0
 378 0010 1C46     		moveq	r4, r3
 379              	.LVL42:
 380              		.loc 1 250 0
 381 0012 04F11000 		add	r0, r4, #16
 382              		.loc 1 243 0
 383 0016 0D46     		mov	r5, r1
 384              		.loc 1 250 0
 385 0018 FFF7FEFF 		bl	chMtxLock
 386              	.LVL43:
 387              		.loc 1 253 0
 388 001c A368     		ldr	r3, [r4, #8]
 389 001e 6BB1     		cbz	r3, .L40
 390              		.loc 1 252 0
 391 0020 0022     		movs	r2, #0
 392              		.loc 1 253 0
 393 0022 1446     		mov	r4, r2
 394              	.LVL44:
 395              	.L37:
 396              		.loc 1 254 0 discriminator 2
 397 0024 5868     		ldr	r0, [r3, #4]
 398              		.loc 1 253 0 discriminator 2
 399 0026 1B68     		ldr	r3, [r3]
ARM GAS  /tmp/ccjUv7N1.s 			page 8


 400 0028 0134     		adds	r4, r4, #1
 401              	.LVL45:
 402              		.loc 1 254 0 discriminator 2
 403 002a 0244     		add	r2, r2, r0
 404              	.LVL46:
 405              		.loc 1 253 0 discriminator 2
 406 002c 002B     		cmp	r3, #0
 407 002e F9D1     		bne	.L37
 408              	.LVL47:
 409              	.L36:
 410              		.loc 1 255 0
 411 0030 05B1     		cbz	r5, .L38
 412              		.loc 1 256 0
 413 0032 2A60     		str	r2, [r5]
 414              	.L38:
 415              		.loc 1 258 0
 416 0034 FFF7FEFF 		bl	chMtxUnlock
 417              	.LVL48:
 418              		.loc 1 260 0
 419 0038 2046     		mov	r0, r4
 420 003a 38BD     		pop	{r3, r4, r5, pc}
 421              	.LVL49:
 422              	.L40:
 423              		.loc 1 252 0
 424 003c 1A46     		mov	r2, r3
 425              		.loc 1 253 0
 426 003e 1C46     		mov	r4, r3
 427              	.LVL50:
 428 0040 F6E7     		b	.L36
 429              		.cfi_endproc
 430              	.LFE11:
 431              		.size	chHeapStatus, .-chHeapStatus
 432 0042 00BF     		.section	.bss.default_heap,"aw",%nobits
 433              		.align	3
 434              		.set	.LANCHOR0,. + 0
 435              		.type	default_heap, %object
 436              		.size	default_heap, 32
 437              	default_heap:
 438 0000 00000000 		.space	32
 438      00000000 
 438      00000000 
 438      00000000 
 438      00000000 
 439              		.text
 440              	.Letext0:
 441              		.file 2 "/home/daniofb/arm-cm3-eabi/lib/gcc/arm-cm3-eabi/4.8.1/include/stddef.h"
 442              		.file 3 "/home/daniofb/arm-cm3-eabi/arm-cm3-eabi/sys-include/stdint.h"
 443              		.file 4 "../../os/ports/GCC/ARMCMx/chtypes.h"
 444              		.file 5 "../../os/kernel/include/chlists.h"
 445              		.file 6 "../../os/kernel/include/chthreads.h"
 446              		.file 7 "../../os/ports/GCC/ARMCMx/chcore_v7m.h"
 447              		.file 8 "../../os/kernel/include/chmtx.h"
 448              		.file 9 "../../os/kernel/include/chmemcore.h"
 449              		.file 10 "../../os/kernel/include/chheap.h"
 450              		.section	.debug_info,"",%progbits
 451              	.Ldebug_info0:
 452 0000 B3060000 		.4byte	0x6b3
ARM GAS  /tmp/ccjUv7N1.s 			page 9


 453 0004 0400     		.2byte	0x4
 454 0006 00000000 		.4byte	.Ldebug_abbrev0
 455 000a 04       		.byte	0x4
 456 000b 01       		.uleb128 0x1
 457 000c F5000000 		.4byte	.LASF77
 458 0010 01       		.byte	0x1
 459 0011 BE000000 		.4byte	.LASF78
 460 0015 94010000 		.4byte	.LASF79
 461 0019 00000000 		.4byte	.Ldebug_ranges0+0
 462 001d 00000000 		.4byte	0
 463 0021 00000000 		.4byte	.Ldebug_line0
 464 0025 02       		.uleb128 0x2
 465 0026 04       		.byte	0x4
 466 0027 05       		.byte	0x5
 467 0028 696E7400 		.ascii	"int\000"
 468 002c 03       		.uleb128 0x3
 469 002d 06000000 		.4byte	.LASF2
 470 0031 02       		.byte	0x2
 471 0032 D4       		.byte	0xd4
 472 0033 37000000 		.4byte	0x37
 473 0037 04       		.uleb128 0x4
 474 0038 04       		.byte	0x4
 475 0039 07       		.byte	0x7
 476 003a D7010000 		.4byte	.LASF0
 477 003e 04       		.uleb128 0x4
 478 003f 01       		.byte	0x1
 479 0040 06       		.byte	0x6
 480 0041 88000000 		.4byte	.LASF1
 481 0045 03       		.uleb128 0x3
 482 0046 8D030000 		.4byte	.LASF3
 483 004a 03       		.byte	0x3
 484 004b 2A       		.byte	0x2a
 485 004c 50000000 		.4byte	0x50
 486 0050 04       		.uleb128 0x4
 487 0051 01       		.byte	0x1
 488 0052 08       		.byte	0x8
 489 0053 A5020000 		.4byte	.LASF4
 490 0057 04       		.uleb128 0x4
 491 0058 02       		.byte	0x2
 492 0059 05       		.byte	0x5
 493 005a C8020000 		.4byte	.LASF5
 494 005e 04       		.uleb128 0x4
 495 005f 02       		.byte	0x2
 496 0060 07       		.byte	0x7
 497 0061 03020000 		.4byte	.LASF6
 498 0065 03       		.uleb128 0x3
 499 0066 9D020000 		.4byte	.LASF7
 500 006a 03       		.byte	0x3
 501 006b 4F       		.byte	0x4f
 502 006c 70000000 		.4byte	0x70
 503 0070 04       		.uleb128 0x4
 504 0071 04       		.byte	0x4
 505 0072 05       		.byte	0x5
 506 0073 B5000000 		.4byte	.LASF8
 507 0077 03       		.uleb128 0x3
 508 0078 1A030000 		.4byte	.LASF9
 509 007c 03       		.byte	0x3
ARM GAS  /tmp/ccjUv7N1.s 			page 10


 510 007d 50       		.byte	0x50
 511 007e 82000000 		.4byte	0x82
 512 0082 04       		.uleb128 0x4
 513 0083 04       		.byte	0x4
 514 0084 07       		.byte	0x7
 515 0085 E4010000 		.4byte	.LASF10
 516 0089 04       		.uleb128 0x4
 517 008a 08       		.byte	0x8
 518 008b 05       		.byte	0x5
 519 008c 7A000000 		.4byte	.LASF11
 520 0090 03       		.uleb128 0x3
 521 0091 14000000 		.4byte	.LASF12
 522 0095 03       		.byte	0x3
 523 0096 78       		.byte	0x78
 524 0097 9B000000 		.4byte	0x9b
 525 009b 04       		.uleb128 0x4
 526 009c 08       		.byte	0x8
 527 009d 07       		.byte	0x7
 528 009e 2A000000 		.4byte	.LASF13
 529 00a2 04       		.uleb128 0x4
 530 00a3 01       		.byte	0x1
 531 00a4 02       		.byte	0x2
 532 00a5 97020000 		.4byte	.LASF14
 533 00a9 03       		.uleb128 0x3
 534 00aa 1C020000 		.4byte	.LASF15
 535 00ae 04       		.byte	0x4
 536 00af 25       		.byte	0x25
 537 00b0 45000000 		.4byte	0x45
 538 00b4 03       		.uleb128 0x3
 539 00b5 DB000000 		.4byte	.LASF16
 540 00b9 04       		.byte	0x4
 541 00ba 26       		.byte	0x26
 542 00bb 45000000 		.4byte	0x45
 543 00bf 03       		.uleb128 0x3
 544 00c0 80020000 		.4byte	.LASF17
 545 00c4 04       		.byte	0x4
 546 00c5 27       		.byte	0x27
 547 00c6 45000000 		.4byte	0x45
 548 00ca 03       		.uleb128 0x3
 549 00cb 8F020000 		.4byte	.LASF18
 550 00cf 04       		.byte	0x4
 551 00d0 29       		.byte	0x29
 552 00d1 77000000 		.4byte	0x77
 553 00d5 03       		.uleb128 0x3
 554 00d6 16020000 		.4byte	.LASF19
 555 00da 04       		.byte	0x4
 556 00db 2A       		.byte	0x2a
 557 00dc 65000000 		.4byte	0x65
 558 00e0 03       		.uleb128 0x3
 559 00e1 30020000 		.4byte	.LASF20
 560 00e5 04       		.byte	0x4
 561 00e6 2C       		.byte	0x2c
 562 00e7 77000000 		.4byte	0x77
 563 00eb 03       		.uleb128 0x3
 564 00ec 4E030000 		.4byte	.LASF21
 565 00f0 04       		.byte	0x4
 566 00f1 2E       		.byte	0x2e
ARM GAS  /tmp/ccjUv7N1.s 			page 11


 567 00f2 77000000 		.4byte	0x77
 568 00f6 03       		.uleb128 0x3
 569 00f7 FC020000 		.4byte	.LASF22
 570 00fb 05       		.byte	0x5
 571 00fc 23       		.byte	0x23
 572 00fd 01010000 		.4byte	0x101
 573 0101 05       		.uleb128 0x5
 574 0102 FC020000 		.4byte	.LASF22
 575 0106 48       		.byte	0x48
 576 0107 06       		.byte	0x6
 577 0108 57       		.byte	0x57
 578 0109 F2010000 		.4byte	0x1f2
 579 010d 06       		.uleb128 0x6
 580 010e ED020000 		.4byte	.LASF23
 581 0112 06       		.byte	0x6
 582 0113 58       		.byte	0x58
 583 0114 13020000 		.4byte	0x213
 584 0118 00       		.byte	0
 585 0119 06       		.uleb128 0x6
 586 011a 88020000 		.4byte	.LASF24
 587 011e 06       		.byte	0x6
 588 011f 5A       		.byte	0x5a
 589 0120 13020000 		.4byte	0x213
 590 0124 04       		.byte	0x4
 591 0125 06       		.uleb128 0x6
 592 0126 73000000 		.4byte	.LASF25
 593 012a 06       		.byte	0x6
 594 012b 5C       		.byte	0x5c
 595 012c CA000000 		.4byte	0xca
 596 0130 08       		.byte	0x8
 597 0131 06       		.uleb128 0x6
 598 0132 BC030000 		.4byte	.LASF26
 599 0136 06       		.byte	0x6
 600 0137 5D       		.byte	0x5d
 601 0138 D8020000 		.4byte	0x2d8
 602 013c 0C       		.byte	0xc
 603 013d 06       		.uleb128 0x6
 604 013e E4000000 		.4byte	.LASF27
 605 0142 06       		.byte	0x6
 606 0143 5F       		.byte	0x5f
 607 0144 13020000 		.4byte	0x213
 608 0148 10       		.byte	0x10
 609 0149 06       		.uleb128 0x6
 610 014a 60020000 		.4byte	.LASF28
 611 014e 06       		.byte	0x6
 612 014f 60       		.byte	0x60
 613 0150 13020000 		.4byte	0x213
 614 0154 14       		.byte	0x14
 615 0155 06       		.uleb128 0x6
 616 0156 A2030000 		.4byte	.LASF29
 617 015a 06       		.byte	0x6
 618 015b 67       		.byte	0x67
 619 015c 43040000 		.4byte	0x443
 620 0160 18       		.byte	0x18
 621 0161 06       		.uleb128 0x6
 622 0162 D2020000 		.4byte	.LASF30
 623 0166 06       		.byte	0x6
ARM GAS  /tmp/ccjUv7N1.s 			page 12


 624 0167 72       		.byte	0x72
 625 0168 B4000000 		.4byte	0xb4
 626 016c 1C       		.byte	0x1c
 627 016d 06       		.uleb128 0x6
 628 016e F4020000 		.4byte	.LASF31
 629 0172 06       		.byte	0x6
 630 0173 76       		.byte	0x76
 631 0174 A9000000 		.4byte	0xa9
 632 0178 1D       		.byte	0x1d
 633 0179 06       		.uleb128 0x6
 634 017a 86030000 		.4byte	.LASF32
 635 017e 06       		.byte	0x6
 636 017f 7B       		.byte	0x7b
 637 0180 BF000000 		.4byte	0xbf
 638 0184 1E       		.byte	0x1e
 639 0185 06       		.uleb128 0x6
 640 0186 63030000 		.4byte	.LASF33
 641 018a 06       		.byte	0x6
 642 018b 88       		.byte	0x88
 643 018c 00030000 		.4byte	0x300
 644 0190 20       		.byte	0x20
 645 0191 07       		.uleb128 0x7
 646 0192 705F7500 		.ascii	"p_u\000"
 647 0196 06       		.byte	0x6
 648 0197 AD       		.byte	0xad
 649 0198 0E040000 		.4byte	0x40e
 650 019c 24       		.byte	0x24
 651 019d 06       		.uleb128 0x6
 652 019e C2030000 		.4byte	.LASF34
 653 01a2 06       		.byte	0x6
 654 01a3 B2       		.byte	0xb2
 655 01a4 39020000 		.4byte	0x239
 656 01a8 28       		.byte	0x28
 657 01a9 06       		.uleb128 0x6
 658 01aa 71030000 		.4byte	.LASF35
 659 01ae 06       		.byte	0x6
 660 01af B8       		.byte	0xb8
 661 01b0 19020000 		.4byte	0x219
 662 01b4 2C       		.byte	0x2c
 663 01b5 06       		.uleb128 0x6
 664 01b6 00000000 		.4byte	.LASF36
 665 01ba 06       		.byte	0x6
 666 01bb BC       		.byte	0xbc
 667 01bc D5000000 		.4byte	0xd5
 668 01c0 34       		.byte	0x34
 669 01c1 06       		.uleb128 0x6
 670 01c2 0F030000 		.4byte	.LASF37
 671 01c6 06       		.byte	0x6
 672 01c7 C2       		.byte	0xc2
 673 01c8 E0000000 		.4byte	0xe0
 674 01cc 38       		.byte	0x38
 675 01cd 06       		.uleb128 0x6
 676 01ce BE020000 		.4byte	.LASF38
 677 01d2 06       		.byte	0x6
 678 01d3 C9       		.byte	0xc9
 679 01d4 55040000 		.4byte	0x455
 680 01d8 3C       		.byte	0x3c
ARM GAS  /tmp/ccjUv7N1.s 			page 13


 681 01d9 06       		.uleb128 0x6
 682 01da 58030000 		.4byte	.LASF39
 683 01de 06       		.byte	0x6
 684 01df CD       		.byte	0xcd
 685 01e0 CA000000 		.4byte	0xca
 686 01e4 40       		.byte	0x40
 687 01e5 06       		.uleb128 0x6
 688 01e6 9A000000 		.4byte	.LASF40
 689 01ea 06       		.byte	0x6
 690 01eb D3       		.byte	0xd3
 691 01ec 4F020000 		.4byte	0x24f
 692 01f0 44       		.byte	0x44
 693 01f1 00       		.byte	0
 694 01f2 08       		.uleb128 0x8
 695 01f3 08       		.byte	0x8
 696 01f4 05       		.byte	0x5
 697 01f5 5A       		.byte	0x5a
 698 01f6 13020000 		.4byte	0x213
 699 01fa 06       		.uleb128 0x6
 700 01fb ED020000 		.4byte	.LASF23
 701 01ff 05       		.byte	0x5
 702 0200 5B       		.byte	0x5b
 703 0201 13020000 		.4byte	0x213
 704 0205 00       		.byte	0
 705 0206 06       		.uleb128 0x6
 706 0207 88020000 		.4byte	.LASF24
 707 020b 05       		.byte	0x5
 708 020c 5D       		.byte	0x5d
 709 020d 13020000 		.4byte	0x213
 710 0211 04       		.byte	0x4
 711 0212 00       		.byte	0
 712 0213 09       		.uleb128 0x9
 713 0214 04       		.byte	0x4
 714 0215 F6000000 		.4byte	0xf6
 715 0219 03       		.uleb128 0x3
 716 021a 68020000 		.4byte	.LASF41
 717 021e 05       		.byte	0x5
 718 021f 5F       		.byte	0x5f
 719 0220 F2010000 		.4byte	0x1f2
 720 0224 08       		.uleb128 0x8
 721 0225 04       		.byte	0x4
 722 0226 05       		.byte	0x5
 723 0227 64       		.byte	0x64
 724 0228 39020000 		.4byte	0x239
 725 022c 06       		.uleb128 0x6
 726 022d ED020000 		.4byte	.LASF23
 727 0231 05       		.byte	0x5
 728 0232 66       		.byte	0x66
 729 0233 13020000 		.4byte	0x213
 730 0237 00       		.byte	0
 731 0238 00       		.byte	0
 732 0239 03       		.uleb128 0x3
 733 023a 24020000 		.4byte	.LASF42
 734 023e 05       		.byte	0x5
 735 023f 69       		.byte	0x69
 736 0240 24020000 		.4byte	0x224
 737 0244 03       		.uleb128 0x3
ARM GAS  /tmp/ccjUv7N1.s 			page 14


 738 0245 EC000000 		.4byte	.LASF43
 739 0249 07       		.byte	0x7
 740 024a DE       		.byte	0xde
 741 024b 4F020000 		.4byte	0x24f
 742 024f 0A       		.uleb128 0xa
 743 0250 04       		.byte	0x4
 744 0251 03       		.uleb128 0x3
 745 0252 42020000 		.4byte	.LASF44
 746 0256 07       		.byte	0x7
 747 0257 E4       		.byte	0xe4
 748 0258 90000000 		.4byte	0x90
 749 025c 0B       		.uleb128 0xb
 750 025d 6A030000 		.4byte	.LASF45
 751 0261 24       		.byte	0x24
 752 0262 07       		.byte	0x7
 753 0263 0501     		.2byte	0x105
 754 0265 D8020000 		.4byte	0x2d8
 755 0269 0C       		.uleb128 0xc
 756 026a 723400   		.ascii	"r4\000"
 757 026d 07       		.byte	0x7
 758 026e 1801     		.2byte	0x118
 759 0270 44020000 		.4byte	0x244
 760 0274 00       		.byte	0
 761 0275 0C       		.uleb128 0xc
 762 0276 723500   		.ascii	"r5\000"
 763 0279 07       		.byte	0x7
 764 027a 1901     		.2byte	0x119
 765 027c 44020000 		.4byte	0x244
 766 0280 04       		.byte	0x4
 767 0281 0C       		.uleb128 0xc
 768 0282 723600   		.ascii	"r6\000"
 769 0285 07       		.byte	0x7
 770 0286 1A01     		.2byte	0x11a
 771 0288 44020000 		.4byte	0x244
 772 028c 08       		.byte	0x8
 773 028d 0C       		.uleb128 0xc
 774 028e 723700   		.ascii	"r7\000"
 775 0291 07       		.byte	0x7
 776 0292 1B01     		.2byte	0x11b
 777 0294 44020000 		.4byte	0x244
 778 0298 0C       		.byte	0xc
 779 0299 0C       		.uleb128 0xc
 780 029a 723800   		.ascii	"r8\000"
 781 029d 07       		.byte	0x7
 782 029e 1C01     		.2byte	0x11c
 783 02a0 44020000 		.4byte	0x244
 784 02a4 10       		.byte	0x10
 785 02a5 0C       		.uleb128 0xc
 786 02a6 723900   		.ascii	"r9\000"
 787 02a9 07       		.byte	0x7
 788 02aa 1D01     		.2byte	0x11d
 789 02ac 44020000 		.4byte	0x244
 790 02b0 14       		.byte	0x14
 791 02b1 0C       		.uleb128 0xc
 792 02b2 72313000 		.ascii	"r10\000"
 793 02b6 07       		.byte	0x7
 794 02b7 1E01     		.2byte	0x11e
ARM GAS  /tmp/ccjUv7N1.s 			page 15


 795 02b9 44020000 		.4byte	0x244
 796 02bd 18       		.byte	0x18
 797 02be 0C       		.uleb128 0xc
 798 02bf 72313100 		.ascii	"r11\000"
 799 02c3 07       		.byte	0x7
 800 02c4 1F01     		.2byte	0x11f
 801 02c6 44020000 		.4byte	0x244
 802 02ca 1C       		.byte	0x1c
 803 02cb 0C       		.uleb128 0xc
 804 02cc 6C7200   		.ascii	"lr\000"
 805 02cf 07       		.byte	0x7
 806 02d0 2001     		.2byte	0x120
 807 02d2 44020000 		.4byte	0x244
 808 02d6 20       		.byte	0x20
 809 02d7 00       		.byte	0
 810 02d8 0B       		.uleb128 0xb
 811 02d9 F6010000 		.4byte	.LASF46
 812 02dd 04       		.byte	0x4
 813 02de 07       		.byte	0x7
 814 02df 2A01     		.2byte	0x12a
 815 02e1 F3020000 		.4byte	0x2f3
 816 02e5 0C       		.uleb128 0xc
 817 02e6 72313300 		.ascii	"r13\000"
 818 02ea 07       		.byte	0x7
 819 02eb 2B01     		.2byte	0x12b
 820 02ed F3020000 		.4byte	0x2f3
 821 02f1 00       		.byte	0
 822 02f2 00       		.byte	0
 823 02f3 09       		.uleb128 0x9
 824 02f4 04       		.byte	0x4
 825 02f5 5C020000 		.4byte	0x25c
 826 02f9 04       		.uleb128 0x4
 827 02fa 04       		.byte	0x4
 828 02fb 07       		.byte	0x7
 829 02fc 4D020000 		.4byte	.LASF47
 830 0300 0D       		.uleb128 0xd
 831 0301 EB000000 		.4byte	0xeb
 832 0305 05       		.uleb128 0x5
 833 0306 3C020000 		.4byte	.LASF48
 834 030a 10       		.byte	0x10
 835 030b 08       		.byte	0x8
 836 030c 25       		.byte	0x25
 837 030d 36030000 		.4byte	0x336
 838 0311 06       		.uleb128 0x6
 839 0312 A2000000 		.4byte	.LASF49
 840 0316 08       		.byte	0x8
 841 0317 26       		.byte	0x26
 842 0318 19020000 		.4byte	0x219
 843 031c 00       		.byte	0
 844 031d 06       		.uleb128 0x6
 845 031e B4030000 		.4byte	.LASF50
 846 0322 08       		.byte	0x8
 847 0323 28       		.byte	0x28
 848 0324 13020000 		.4byte	0x213
 849 0328 08       		.byte	0x8
 850 0329 06       		.uleb128 0x6
 851 032a 47030000 		.4byte	.LASF51
ARM GAS  /tmp/ccjUv7N1.s 			page 16


 852 032e 08       		.byte	0x8
 853 032f 2A       		.byte	0x2a
 854 0330 36030000 		.4byte	0x336
 855 0334 0C       		.byte	0xc
 856 0335 00       		.byte	0
 857 0336 09       		.uleb128 0x9
 858 0337 04       		.byte	0x4
 859 0338 05030000 		.4byte	0x305
 860 033c 03       		.uleb128 0x3
 861 033d 3C020000 		.4byte	.LASF48
 862 0341 08       		.byte	0x8
 863 0342 2C       		.byte	0x2c
 864 0343 05030000 		.4byte	0x305
 865 0347 03       		.uleb128 0x3
 866 0348 1D000000 		.4byte	.LASF52
 867 034c 09       		.byte	0x9
 868 034d 25       		.byte	0x25
 869 034e 52030000 		.4byte	0x352
 870 0352 09       		.uleb128 0x9
 871 0353 04       		.byte	0x4
 872 0354 58030000 		.4byte	0x358
 873 0358 0E       		.uleb128 0xe
 874 0359 4F020000 		.4byte	0x24f
 875 035d 67030000 		.4byte	0x367
 876 0361 0F       		.uleb128 0xf
 877 0362 2C000000 		.4byte	0x2c
 878 0366 00       		.byte	0
 879 0367 03       		.uleb128 0x3
 880 0368 75020000 		.4byte	.LASF53
 881 036c 0A       		.byte	0xa
 882 036d 2D       		.byte	0x2d
 883 036e 72030000 		.4byte	0x372
 884 0372 05       		.uleb128 0x5
 885 0373 CC030000 		.4byte	.LASF54
 886 0377 20       		.byte	0x20
 887 0378 0A       		.byte	0xa
 888 0379 40       		.byte	0x40
 889 037a A3030000 		.4byte	0x3a3
 890 037e 06       		.uleb128 0x6
 891 037f B3020000 		.4byte	.LASF55
 892 0383 0A       		.byte	0xa
 893 0384 41       		.byte	0x41
 894 0385 47030000 		.4byte	0x347
 895 0389 00       		.byte	0
 896 038a 06       		.uleb128 0x6
 897 038b 4A000000 		.4byte	.LASF56
 898 038f 0A       		.byte	0xa
 899 0390 43       		.byte	0x43
 900 0391 C2030000 		.4byte	0x3c2
 901 0395 08       		.byte	0x8
 902 0396 06       		.uleb128 0x6
 903 0397 94000000 		.4byte	.LASF57
 904 039b 0A       		.byte	0xa
 905 039c 45       		.byte	0x45
 906 039d 3C030000 		.4byte	0x33c
 907 03a1 10       		.byte	0x10
 908 03a2 00       		.byte	0
ARM GAS  /tmp/ccjUv7N1.s 			page 17


 909 03a3 10       		.uleb128 0x10
 910 03a4 04       		.byte	0x4
 911 03a5 0A       		.byte	0xa
 912 03a6 35       		.byte	0x35
 913 03a7 C2030000 		.4byte	0x3c2
 914 03ab 11       		.uleb128 0x11
 915 03ac 6E000000 		.4byte	.LASF58
 916 03b0 0A       		.byte	0xa
 917 03b1 36       		.byte	0x36
 918 03b2 E3030000 		.4byte	0x3e3
 919 03b6 11       		.uleb128 0x11
 920 03b7 23030000 		.4byte	.LASF59
 921 03bb 0A       		.byte	0xa
 922 03bc 37       		.byte	0x37
 923 03bd E9030000 		.4byte	0x3e9
 924 03c1 00       		.byte	0
 925 03c2 12       		.uleb128 0x12
 926 03c3 DA020000 		.4byte	.LASF80
 927 03c7 08       		.byte	0x8
 928 03c8 0A       		.byte	0xa
 929 03c9 32       		.byte	0x32
 930 03ca E3030000 		.4byte	0x3e3
 931 03ce 11       		.uleb128 0x11
 932 03cf 8E010000 		.4byte	.LASF60
 933 03d3 0A       		.byte	0xa
 934 03d4 33       		.byte	0x33
 935 03d5 51020000 		.4byte	0x251
 936 03d9 13       		.uleb128 0x13
 937 03da 6800     		.ascii	"h\000"
 938 03dc 0A       		.byte	0xa
 939 03dd 3A       		.byte	0x3a
 940 03de EF030000 		.4byte	0x3ef
 941 03e2 00       		.byte	0
 942 03e3 09       		.uleb128 0x9
 943 03e4 04       		.byte	0x4
 944 03e5 C2030000 		.4byte	0x3c2
 945 03e9 09       		.uleb128 0x9
 946 03ea 04       		.byte	0x4
 947 03eb 67030000 		.4byte	0x367
 948 03ef 08       		.uleb128 0x8
 949 03f0 08       		.byte	0x8
 950 03f1 0A       		.byte	0xa
 951 03f2 34       		.byte	0x34
 952 03f3 0E040000 		.4byte	0x40e
 953 03f7 07       		.uleb128 0x7
 954 03f8 7500     		.ascii	"u\000"
 955 03fa 0A       		.byte	0xa
 956 03fb 38       		.byte	0x38
 957 03fc A3030000 		.4byte	0x3a3
 958 0400 00       		.byte	0
 959 0401 06       		.uleb128 0x6
 960 0402 FE010000 		.4byte	.LASF61
 961 0406 0A       		.byte	0xa
 962 0407 39       		.byte	0x39
 963 0408 2C000000 		.4byte	0x2c
 964 040c 04       		.byte	0x4
 965 040d 00       		.byte	0
ARM GAS  /tmp/ccjUv7N1.s 			page 18


 966 040e 10       		.uleb128 0x10
 967 040f 04       		.byte	0x4
 968 0410 06       		.byte	0x6
 969 0411 8F       		.byte	0x8f
 970 0412 43040000 		.4byte	0x443
 971 0416 11       		.uleb128 0x11
 972 0417 0D000000 		.4byte	.LASF62
 973 041b 06       		.byte	0x6
 974 041c 96       		.byte	0x96
 975 041d D5000000 		.4byte	0xd5
 976 0421 11       		.uleb128 0x11
 977 0422 41000000 		.4byte	.LASF63
 978 0426 06       		.byte	0x6
 979 0427 9D       		.byte	0x9d
 980 0428 D5000000 		.4byte	0xd5
 981 042c 11       		.uleb128 0x11
 982 042d 95030000 		.4byte	.LASF64
 983 0431 06       		.byte	0x6
 984 0432 A4       		.byte	0xa4
 985 0433 4F020000 		.4byte	0x24f
 986 0437 11       		.uleb128 0x11
 987 0438 E6020000 		.4byte	.LASF65
 988 043c 06       		.byte	0x6
 989 043d AB       		.byte	0xab
 990 043e E0000000 		.4byte	0xe0
 991 0442 00       		.byte	0
 992 0443 09       		.uleb128 0x9
 993 0444 04       		.byte	0x4
 994 0445 49040000 		.4byte	0x449
 995 0449 14       		.uleb128 0x14
 996 044a 4E040000 		.4byte	0x44e
 997 044e 04       		.uleb128 0x4
 998 044f 01       		.byte	0x1
 999 0450 08       		.byte	0x8
 1000 0451 35030000 		.4byte	.LASF66
 1001 0455 09       		.uleb128 0x9
 1002 0456 04       		.byte	0x4
 1003 0457 3C030000 		.4byte	0x33c
 1004 045b 15       		.uleb128 0x15
 1005 045c A9030000 		.4byte	.LASF67
 1006 0460 01       		.byte	0x1
 1007 0461 44       		.byte	0x44
 1008 0462 00000000 		.4byte	.LFB7
 1009 0466 20000000 		.4byte	.LFE7-.LFB7
 1010 046a 01       		.uleb128 0x1
 1011 046b 9C       		.byte	0x9c
 1012 046c 84040000 		.4byte	0x484
 1013 0470 16       		.uleb128 0x16
 1014 0471 20000000 		.4byte	.LVL0
 1015 0475 89060000 		.4byte	0x689
 1016 0479 17       		.uleb128 0x17
 1017 047a 01       		.uleb128 0x1
 1018 047b 50       		.byte	0x50
 1019 047c 05       		.uleb128 0x5
 1020 047d 03       		.byte	0x3
 1021 047e 10000000 		.4byte	.LANCHOR0+16
 1022 0482 00       		.byte	0
ARM GAS  /tmp/ccjUv7N1.s 			page 19


 1023 0483 00       		.byte	0
 1024 0484 15       		.uleb128 0x15
 1025 0485 63000000 		.4byte	.LASF68
 1026 0489 01       		.byte	0x1
 1027 048a 5C       		.byte	0x5c
 1028 048b 00000000 		.4byte	.LFB8
 1029 048f 14000000 		.4byte	.LFE8-.LFB8
 1030 0493 01       		.uleb128 0x1
 1031 0494 9C       		.byte	0x9c
 1032 0495 E8040000 		.4byte	0x4e8
 1033 0499 18       		.uleb128 0x18
 1034 049a 51000000 		.4byte	.LASF69
 1035 049e 01       		.byte	0x1
 1036 049f 5C       		.byte	0x5c
 1037 04a0 E9030000 		.4byte	0x3e9
 1038 04a4 00000000 		.4byte	.LLST0
 1039 04a8 19       		.uleb128 0x19
 1040 04a9 62756600 		.ascii	"buf\000"
 1041 04ad 01       		.byte	0x1
 1042 04ae 5C       		.byte	0x5c
 1043 04af 4F020000 		.4byte	0x24f
 1044 04b3 2E000000 		.4byte	.LLST1
 1045 04b7 18       		.uleb128 0x18
 1046 04b8 FE010000 		.4byte	.LASF61
 1047 04bc 01       		.byte	0x1
 1048 04bd 5C       		.byte	0x5c
 1049 04be 2C000000 		.4byte	0x2c
 1050 04c2 4F000000 		.4byte	.LLST2
 1051 04c6 1A       		.uleb128 0x1a
 1052 04c7 687000   		.ascii	"hp\000"
 1053 04ca 01       		.byte	0x1
 1054 04cb 5D       		.byte	0x5d
 1055 04cc E3030000 		.4byte	0x3e3
 1056 04d0 7D000000 		.4byte	.LLST3
 1057 04d4 16       		.uleb128 0x16
 1058 04d5 14000000 		.4byte	.LVL5
 1059 04d9 89060000 		.4byte	0x689
 1060 04dd 17       		.uleb128 0x17
 1061 04de 01       		.uleb128 0x1
 1062 04df 50       		.byte	0x50
 1063 04e0 05       		.uleb128 0x5
 1064 04e1 F3       		.byte	0xf3
 1065 04e2 01       		.uleb128 0x1
 1066 04e3 50       		.byte	0x50
 1067 04e4 23       		.byte	0x23
 1068 04e5 10       		.uleb128 0x10
 1069 04e6 00       		.byte	0
 1070 04e7 00       		.byte	0
 1071 04e8 1B       		.uleb128 0x1b
 1072 04e9 03030000 		.4byte	.LASF71
 1073 04ed 01       		.byte	0x1
 1074 04ee 7D       		.byte	0x7d
 1075 04ef 4F020000 		.4byte	0x24f
 1076 04f3 00000000 		.4byte	.LFB9
 1077 04f7 86000000 		.4byte	.LFE9-.LFB9
 1078 04fb 01       		.uleb128 0x1
 1079 04fc 9C       		.byte	0x9c
ARM GAS  /tmp/ccjUv7N1.s 			page 20


 1080 04fd 80050000 		.4byte	0x580
 1081 0501 18       		.uleb128 0x18
 1082 0502 51000000 		.4byte	.LASF69
 1083 0506 01       		.byte	0x1
 1084 0507 7D       		.byte	0x7d
 1085 0508 E9030000 		.4byte	0x3e9
 1086 050c 9E000000 		.4byte	.LLST4
 1087 0510 18       		.uleb128 0x18
 1088 0511 FE010000 		.4byte	.LASF61
 1089 0515 01       		.byte	0x1
 1090 0516 7D       		.byte	0x7d
 1091 0517 2C000000 		.4byte	0x2c
 1092 051b BC000000 		.4byte	.LLST5
 1093 051f 1A       		.uleb128 0x1a
 1094 0520 717000   		.ascii	"qp\000"
 1095 0523 01       		.byte	0x1
 1096 0524 7E       		.byte	0x7e
 1097 0525 E3030000 		.4byte	0x3e3
 1098 0529 E7000000 		.4byte	.LLST6
 1099 052d 1A       		.uleb128 0x1a
 1100 052e 687000   		.ascii	"hp\000"
 1101 0531 01       		.byte	0x1
 1102 0532 7E       		.byte	0x7e
 1103 0533 E3030000 		.4byte	0x3e3
 1104 0537 10010000 		.4byte	.LLST7
 1105 053b 1A       		.uleb128 0x1a
 1106 053c 667000   		.ascii	"fp\000"
 1107 053f 01       		.byte	0x1
 1108 0540 7E       		.byte	0x7e
 1109 0541 E3030000 		.4byte	0x3e3
 1110 0545 69010000 		.4byte	.LLST8
 1111 0549 1C       		.uleb128 0x1c
 1112 054a 22000000 		.4byte	.LVL11
 1113 054e 9A060000 		.4byte	0x69a
 1114 0552 5D050000 		.4byte	0x55d
 1115 0556 17       		.uleb128 0x17
 1116 0557 01       		.uleb128 0x1
 1117 0558 50       		.byte	0x50
 1118 0559 02       		.uleb128 0x2
 1119 055a 76       		.byte	0x76
 1120 055b 10       		.sleb128 16
 1121 055c 00       		.byte	0
 1122 055d 1D       		.uleb128 0x1d
 1123 055e 36000000 		.4byte	.LVL15
 1124 0562 AB060000 		.4byte	0x6ab
 1125 0566 1E       		.uleb128 0x1e
 1126 0567 40000000 		.4byte	.LVL16
 1127 056b 76050000 		.4byte	0x576
 1128 056f 17       		.uleb128 0x17
 1129 0570 01       		.uleb128 0x1
 1130 0571 50       		.byte	0x50
 1131 0572 02       		.uleb128 0x2
 1132 0573 75       		.byte	0x75
 1133 0574 08       		.sleb128 8
 1134 0575 00       		.byte	0
 1135 0576 1D       		.uleb128 0x1d
 1136 0577 64000000 		.4byte	.LVL21
ARM GAS  /tmp/ccjUv7N1.s 			page 21


 1137 057b AB060000 		.4byte	0x6ab
 1138 057f 00       		.byte	0
 1139 0580 15       		.uleb128 0x15
 1140 0581 AA000000 		.4byte	.LASF70
 1141 0585 01       		.byte	0x1
 1142 0586 BB       		.byte	0xbb
 1143 0587 00000000 		.4byte	.LFB10
 1144 058b 92000000 		.4byte	.LFE10-.LFB10
 1145 058f 01       		.uleb128 0x1
 1146 0590 9C       		.byte	0x9c
 1147 0591 F4050000 		.4byte	0x5f4
 1148 0595 19       		.uleb128 0x19
 1149 0596 7000     		.ascii	"p\000"
 1150 0598 01       		.byte	0x1
 1151 0599 BB       		.byte	0xbb
 1152 059a 4F020000 		.4byte	0x24f
 1153 059e 7C010000 		.4byte	.LLST9
 1154 05a2 1A       		.uleb128 0x1a
 1155 05a3 717000   		.ascii	"qp\000"
 1156 05a6 01       		.byte	0x1
 1157 05a7 BC       		.byte	0xbc
 1158 05a8 E3030000 		.4byte	0x3e3
 1159 05ac C1010000 		.4byte	.LLST10
 1160 05b0 1A       		.uleb128 0x1a
 1161 05b1 687000   		.ascii	"hp\000"
 1162 05b4 01       		.byte	0x1
 1163 05b5 BC       		.byte	0xbc
 1164 05b6 E3030000 		.4byte	0x3e3
 1165 05ba F5010000 		.4byte	.LLST11
 1166 05be 1F       		.uleb128 0x1f
 1167 05bf 51000000 		.4byte	.LASF69
 1168 05c3 01       		.byte	0x1
 1169 05c4 BD       		.byte	0xbd
 1170 05c5 E9030000 		.4byte	0x3e9
 1171 05c9 33020000 		.4byte	.LLST12
 1172 05cd 1C       		.uleb128 0x1c
 1173 05ce 16000000 		.4byte	.LVL31
 1174 05d2 9A060000 		.4byte	0x69a
 1175 05d6 E1050000 		.4byte	0x5e1
 1176 05da 17       		.uleb128 0x17
 1177 05db 01       		.uleb128 0x1
 1178 05dc 50       		.byte	0x50
 1179 05dd 02       		.uleb128 0x2
 1180 05de 75       		.byte	0x75
 1181 05df 08       		.sleb128 8
 1182 05e0 00       		.byte	0
 1183 05e1 20       		.uleb128 0x20
 1184 05e2 5E000000 		.4byte	.LVL38
 1185 05e6 AB060000 		.4byte	0x6ab
 1186 05ea 20       		.uleb128 0x20
 1187 05eb 92000000 		.4byte	.LVL40
 1188 05ef AB060000 		.4byte	0x6ab
 1189 05f3 00       		.byte	0
 1190 05f4 1B       		.uleb128 0x1b
 1191 05f5 3A030000 		.4byte	.LASF72
 1192 05f9 01       		.byte	0x1
 1193 05fa F3       		.byte	0xf3
ARM GAS  /tmp/ccjUv7N1.s 			page 22


 1194 05fb 2C000000 		.4byte	0x2c
 1195 05ff 00000000 		.4byte	.LFB11
 1196 0603 42000000 		.4byte	.LFE11-.LFB11
 1197 0607 01       		.uleb128 0x1
 1198 0608 9C       		.byte	0x9c
 1199 0609 72060000 		.4byte	0x672
 1200 060d 18       		.uleb128 0x18
 1201 060e 51000000 		.4byte	.LASF69
 1202 0612 01       		.byte	0x1
 1203 0613 F3       		.byte	0xf3
 1204 0614 E9030000 		.4byte	0x3e9
 1205 0618 5F020000 		.4byte	.LLST13
 1206 061c 18       		.uleb128 0x18
 1207 061d 9C030000 		.4byte	.LASF73
 1208 0621 01       		.byte	0x1
 1209 0622 F3       		.byte	0xf3
 1210 0623 72060000 		.4byte	0x672
 1211 0627 C2020000 		.4byte	.LLST14
 1212 062b 1A       		.uleb128 0x1a
 1213 062c 717000   		.ascii	"qp\000"
 1214 062f 01       		.byte	0x1
 1215 0630 F4       		.byte	0xf4
 1216 0631 E3030000 		.4byte	0x3e3
 1217 0635 E0020000 		.4byte	.LLST15
 1218 0639 1A       		.uleb128 0x1a
 1219 063a 6E00     		.ascii	"n\000"
 1220 063c 01       		.byte	0x1
 1221 063d F5       		.byte	0xf5
 1222 063e 2C000000 		.4byte	0x2c
 1223 0642 40030000 		.4byte	.LLST16
 1224 0646 1A       		.uleb128 0x1a
 1225 0647 737A00   		.ascii	"sz\000"
 1226 064a 01       		.byte	0x1
 1227 064b F5       		.byte	0xf5
 1228 064c 2C000000 		.4byte	0x2c
 1229 0650 83030000 		.4byte	.LLST17
 1230 0654 1C       		.uleb128 0x1c
 1231 0655 1C000000 		.4byte	.LVL43
 1232 0659 9A060000 		.4byte	0x69a
 1233 065d 68060000 		.4byte	0x668
 1234 0661 17       		.uleb128 0x17
 1235 0662 01       		.uleb128 0x1
 1236 0663 50       		.byte	0x50
 1237 0664 02       		.uleb128 0x2
 1238 0665 74       		.byte	0x74
 1239 0666 10       		.sleb128 16
 1240 0667 00       		.byte	0
 1241 0668 1D       		.uleb128 0x1d
 1242 0669 38000000 		.4byte	.LVL48
 1243 066d AB060000 		.4byte	0x6ab
 1244 0671 00       		.byte	0
 1245 0672 09       		.uleb128 0x9
 1246 0673 04       		.byte	0x4
 1247 0674 2C000000 		.4byte	0x2c
 1248 0678 21       		.uleb128 0x21
 1249 0679 28030000 		.4byte	.LASF74
 1250 067d 01       		.byte	0x1
ARM GAS  /tmp/ccjUv7N1.s 			page 23


 1251 067e 3D       		.byte	0x3d
 1252 067f 67030000 		.4byte	0x367
 1253 0683 05       		.uleb128 0x5
 1254 0684 03       		.byte	0x3
 1255 0685 00000000 		.4byte	default_heap
 1256 0689 22       		.uleb128 0x22
 1257 068a 7C030000 		.4byte	.LASF75
 1258 068e 08       		.byte	0x8
 1259 068f 31       		.byte	0x31
 1260 0690 9A060000 		.4byte	0x69a
 1261 0694 0F       		.uleb128 0xf
 1262 0695 55040000 		.4byte	0x455
 1263 0699 00       		.byte	0
 1264 069a 22       		.uleb128 0x22
 1265 069b 56020000 		.4byte	.LASF76
 1266 069f 08       		.byte	0x8
 1267 06a0 32       		.byte	0x32
 1268 06a1 AB060000 		.4byte	0x6ab
 1269 06a5 0F       		.uleb128 0xf
 1270 06a6 55040000 		.4byte	0x455
 1271 06aa 00       		.byte	0
 1272 06ab 23       		.uleb128 0x23
 1273 06ac 57000000 		.4byte	.LASF81
 1274 06b0 08       		.byte	0x8
 1275 06b1 36       		.byte	0x36
 1276 06b2 55040000 		.4byte	0x455
 1277 06b6 00       		.byte	0
 1278              		.section	.debug_abbrev,"",%progbits
 1279              	.Ldebug_abbrev0:
 1280 0000 01       		.uleb128 0x1
 1281 0001 11       		.uleb128 0x11
 1282 0002 01       		.byte	0x1
 1283 0003 25       		.uleb128 0x25
 1284 0004 0E       		.uleb128 0xe
 1285 0005 13       		.uleb128 0x13
 1286 0006 0B       		.uleb128 0xb
 1287 0007 03       		.uleb128 0x3
 1288 0008 0E       		.uleb128 0xe
 1289 0009 1B       		.uleb128 0x1b
 1290 000a 0E       		.uleb128 0xe
 1291 000b 55       		.uleb128 0x55
 1292 000c 17       		.uleb128 0x17
 1293 000d 11       		.uleb128 0x11
 1294 000e 01       		.uleb128 0x1
 1295 000f 10       		.uleb128 0x10
 1296 0010 17       		.uleb128 0x17
 1297 0011 00       		.byte	0
 1298 0012 00       		.byte	0
 1299 0013 02       		.uleb128 0x2
 1300 0014 24       		.uleb128 0x24
 1301 0015 00       		.byte	0
 1302 0016 0B       		.uleb128 0xb
 1303 0017 0B       		.uleb128 0xb
 1304 0018 3E       		.uleb128 0x3e
 1305 0019 0B       		.uleb128 0xb
 1306 001a 03       		.uleb128 0x3
 1307 001b 08       		.uleb128 0x8
ARM GAS  /tmp/ccjUv7N1.s 			page 24


 1308 001c 00       		.byte	0
 1309 001d 00       		.byte	0
 1310 001e 03       		.uleb128 0x3
 1311 001f 16       		.uleb128 0x16
 1312 0020 00       		.byte	0
 1313 0021 03       		.uleb128 0x3
 1314 0022 0E       		.uleb128 0xe
 1315 0023 3A       		.uleb128 0x3a
 1316 0024 0B       		.uleb128 0xb
 1317 0025 3B       		.uleb128 0x3b
 1318 0026 0B       		.uleb128 0xb
 1319 0027 49       		.uleb128 0x49
 1320 0028 13       		.uleb128 0x13
 1321 0029 00       		.byte	0
 1322 002a 00       		.byte	0
 1323 002b 04       		.uleb128 0x4
 1324 002c 24       		.uleb128 0x24
 1325 002d 00       		.byte	0
 1326 002e 0B       		.uleb128 0xb
 1327 002f 0B       		.uleb128 0xb
 1328 0030 3E       		.uleb128 0x3e
 1329 0031 0B       		.uleb128 0xb
 1330 0032 03       		.uleb128 0x3
 1331 0033 0E       		.uleb128 0xe
 1332 0034 00       		.byte	0
 1333 0035 00       		.byte	0
 1334 0036 05       		.uleb128 0x5
 1335 0037 13       		.uleb128 0x13
 1336 0038 01       		.byte	0x1
 1337 0039 03       		.uleb128 0x3
 1338 003a 0E       		.uleb128 0xe
 1339 003b 0B       		.uleb128 0xb
 1340 003c 0B       		.uleb128 0xb
 1341 003d 3A       		.uleb128 0x3a
 1342 003e 0B       		.uleb128 0xb
 1343 003f 3B       		.uleb128 0x3b
 1344 0040 0B       		.uleb128 0xb
 1345 0041 01       		.uleb128 0x1
 1346 0042 13       		.uleb128 0x13
 1347 0043 00       		.byte	0
 1348 0044 00       		.byte	0
 1349 0045 06       		.uleb128 0x6
 1350 0046 0D       		.uleb128 0xd
 1351 0047 00       		.byte	0
 1352 0048 03       		.uleb128 0x3
 1353 0049 0E       		.uleb128 0xe
 1354 004a 3A       		.uleb128 0x3a
 1355 004b 0B       		.uleb128 0xb
 1356 004c 3B       		.uleb128 0x3b
 1357 004d 0B       		.uleb128 0xb
 1358 004e 49       		.uleb128 0x49
 1359 004f 13       		.uleb128 0x13
 1360 0050 38       		.uleb128 0x38
 1361 0051 0B       		.uleb128 0xb
 1362 0052 00       		.byte	0
 1363 0053 00       		.byte	0
 1364 0054 07       		.uleb128 0x7
ARM GAS  /tmp/ccjUv7N1.s 			page 25


 1365 0055 0D       		.uleb128 0xd
 1366 0056 00       		.byte	0
 1367 0057 03       		.uleb128 0x3
 1368 0058 08       		.uleb128 0x8
 1369 0059 3A       		.uleb128 0x3a
 1370 005a 0B       		.uleb128 0xb
 1371 005b 3B       		.uleb128 0x3b
 1372 005c 0B       		.uleb128 0xb
 1373 005d 49       		.uleb128 0x49
 1374 005e 13       		.uleb128 0x13
 1375 005f 38       		.uleb128 0x38
 1376 0060 0B       		.uleb128 0xb
 1377 0061 00       		.byte	0
 1378 0062 00       		.byte	0
 1379 0063 08       		.uleb128 0x8
 1380 0064 13       		.uleb128 0x13
 1381 0065 01       		.byte	0x1
 1382 0066 0B       		.uleb128 0xb
 1383 0067 0B       		.uleb128 0xb
 1384 0068 3A       		.uleb128 0x3a
 1385 0069 0B       		.uleb128 0xb
 1386 006a 3B       		.uleb128 0x3b
 1387 006b 0B       		.uleb128 0xb
 1388 006c 01       		.uleb128 0x1
 1389 006d 13       		.uleb128 0x13
 1390 006e 00       		.byte	0
 1391 006f 00       		.byte	0
 1392 0070 09       		.uleb128 0x9
 1393 0071 0F       		.uleb128 0xf
 1394 0072 00       		.byte	0
 1395 0073 0B       		.uleb128 0xb
 1396 0074 0B       		.uleb128 0xb
 1397 0075 49       		.uleb128 0x49
 1398 0076 13       		.uleb128 0x13
 1399 0077 00       		.byte	0
 1400 0078 00       		.byte	0
 1401 0079 0A       		.uleb128 0xa
 1402 007a 0F       		.uleb128 0xf
 1403 007b 00       		.byte	0
 1404 007c 0B       		.uleb128 0xb
 1405 007d 0B       		.uleb128 0xb
 1406 007e 00       		.byte	0
 1407 007f 00       		.byte	0
 1408 0080 0B       		.uleb128 0xb
 1409 0081 13       		.uleb128 0x13
 1410 0082 01       		.byte	0x1
 1411 0083 03       		.uleb128 0x3
 1412 0084 0E       		.uleb128 0xe
 1413 0085 0B       		.uleb128 0xb
 1414 0086 0B       		.uleb128 0xb
 1415 0087 3A       		.uleb128 0x3a
 1416 0088 0B       		.uleb128 0xb
 1417 0089 3B       		.uleb128 0x3b
 1418 008a 05       		.uleb128 0x5
 1419 008b 01       		.uleb128 0x1
 1420 008c 13       		.uleb128 0x13
 1421 008d 00       		.byte	0
ARM GAS  /tmp/ccjUv7N1.s 			page 26


 1422 008e 00       		.byte	0
 1423 008f 0C       		.uleb128 0xc
 1424 0090 0D       		.uleb128 0xd
 1425 0091 00       		.byte	0
 1426 0092 03       		.uleb128 0x3
 1427 0093 08       		.uleb128 0x8
 1428 0094 3A       		.uleb128 0x3a
 1429 0095 0B       		.uleb128 0xb
 1430 0096 3B       		.uleb128 0x3b
 1431 0097 05       		.uleb128 0x5
 1432 0098 49       		.uleb128 0x49
 1433 0099 13       		.uleb128 0x13
 1434 009a 38       		.uleb128 0x38
 1435 009b 0B       		.uleb128 0xb
 1436 009c 00       		.byte	0
 1437 009d 00       		.byte	0
 1438 009e 0D       		.uleb128 0xd
 1439 009f 35       		.uleb128 0x35
 1440 00a0 00       		.byte	0
 1441 00a1 49       		.uleb128 0x49
 1442 00a2 13       		.uleb128 0x13
 1443 00a3 00       		.byte	0
 1444 00a4 00       		.byte	0
 1445 00a5 0E       		.uleb128 0xe
 1446 00a6 15       		.uleb128 0x15
 1447 00a7 01       		.byte	0x1
 1448 00a8 27       		.uleb128 0x27
 1449 00a9 19       		.uleb128 0x19
 1450 00aa 49       		.uleb128 0x49
 1451 00ab 13       		.uleb128 0x13
 1452 00ac 01       		.uleb128 0x1
 1453 00ad 13       		.uleb128 0x13
 1454 00ae 00       		.byte	0
 1455 00af 00       		.byte	0
 1456 00b0 0F       		.uleb128 0xf
 1457 00b1 05       		.uleb128 0x5
 1458 00b2 00       		.byte	0
 1459 00b3 49       		.uleb128 0x49
 1460 00b4 13       		.uleb128 0x13
 1461 00b5 00       		.byte	0
 1462 00b6 00       		.byte	0
 1463 00b7 10       		.uleb128 0x10
 1464 00b8 17       		.uleb128 0x17
 1465 00b9 01       		.byte	0x1
 1466 00ba 0B       		.uleb128 0xb
 1467 00bb 0B       		.uleb128 0xb
 1468 00bc 3A       		.uleb128 0x3a
 1469 00bd 0B       		.uleb128 0xb
 1470 00be 3B       		.uleb128 0x3b
 1471 00bf 0B       		.uleb128 0xb
 1472 00c0 01       		.uleb128 0x1
 1473 00c1 13       		.uleb128 0x13
 1474 00c2 00       		.byte	0
 1475 00c3 00       		.byte	0
 1476 00c4 11       		.uleb128 0x11
 1477 00c5 0D       		.uleb128 0xd
 1478 00c6 00       		.byte	0
ARM GAS  /tmp/ccjUv7N1.s 			page 27


 1479 00c7 03       		.uleb128 0x3
 1480 00c8 0E       		.uleb128 0xe
 1481 00c9 3A       		.uleb128 0x3a
 1482 00ca 0B       		.uleb128 0xb
 1483 00cb 3B       		.uleb128 0x3b
 1484 00cc 0B       		.uleb128 0xb
 1485 00cd 49       		.uleb128 0x49
 1486 00ce 13       		.uleb128 0x13
 1487 00cf 00       		.byte	0
 1488 00d0 00       		.byte	0
 1489 00d1 12       		.uleb128 0x12
 1490 00d2 17       		.uleb128 0x17
 1491 00d3 01       		.byte	0x1
 1492 00d4 03       		.uleb128 0x3
 1493 00d5 0E       		.uleb128 0xe
 1494 00d6 0B       		.uleb128 0xb
 1495 00d7 0B       		.uleb128 0xb
 1496 00d8 3A       		.uleb128 0x3a
 1497 00d9 0B       		.uleb128 0xb
 1498 00da 3B       		.uleb128 0x3b
 1499 00db 0B       		.uleb128 0xb
 1500 00dc 01       		.uleb128 0x1
 1501 00dd 13       		.uleb128 0x13
 1502 00de 00       		.byte	0
 1503 00df 00       		.byte	0
 1504 00e0 13       		.uleb128 0x13
 1505 00e1 0D       		.uleb128 0xd
 1506 00e2 00       		.byte	0
 1507 00e3 03       		.uleb128 0x3
 1508 00e4 08       		.uleb128 0x8
 1509 00e5 3A       		.uleb128 0x3a
 1510 00e6 0B       		.uleb128 0xb
 1511 00e7 3B       		.uleb128 0x3b
 1512 00e8 0B       		.uleb128 0xb
 1513 00e9 49       		.uleb128 0x49
 1514 00ea 13       		.uleb128 0x13
 1515 00eb 00       		.byte	0
 1516 00ec 00       		.byte	0
 1517 00ed 14       		.uleb128 0x14
 1518 00ee 26       		.uleb128 0x26
 1519 00ef 00       		.byte	0
 1520 00f0 49       		.uleb128 0x49
 1521 00f1 13       		.uleb128 0x13
 1522 00f2 00       		.byte	0
 1523 00f3 00       		.byte	0
 1524 00f4 15       		.uleb128 0x15
 1525 00f5 2E       		.uleb128 0x2e
 1526 00f6 01       		.byte	0x1
 1527 00f7 3F       		.uleb128 0x3f
 1528 00f8 19       		.uleb128 0x19
 1529 00f9 03       		.uleb128 0x3
 1530 00fa 0E       		.uleb128 0xe
 1531 00fb 3A       		.uleb128 0x3a
 1532 00fc 0B       		.uleb128 0xb
 1533 00fd 3B       		.uleb128 0x3b
 1534 00fe 0B       		.uleb128 0xb
 1535 00ff 27       		.uleb128 0x27
ARM GAS  /tmp/ccjUv7N1.s 			page 28


 1536 0100 19       		.uleb128 0x19
 1537 0101 11       		.uleb128 0x11
 1538 0102 01       		.uleb128 0x1
 1539 0103 12       		.uleb128 0x12
 1540 0104 06       		.uleb128 0x6
 1541 0105 40       		.uleb128 0x40
 1542 0106 18       		.uleb128 0x18
 1543 0107 9742     		.uleb128 0x2117
 1544 0109 19       		.uleb128 0x19
 1545 010a 01       		.uleb128 0x1
 1546 010b 13       		.uleb128 0x13
 1547 010c 00       		.byte	0
 1548 010d 00       		.byte	0
 1549 010e 16       		.uleb128 0x16
 1550 010f 898201   		.uleb128 0x4109
 1551 0112 01       		.byte	0x1
 1552 0113 11       		.uleb128 0x11
 1553 0114 01       		.uleb128 0x1
 1554 0115 9542     		.uleb128 0x2115
 1555 0117 19       		.uleb128 0x19
 1556 0118 31       		.uleb128 0x31
 1557 0119 13       		.uleb128 0x13
 1558 011a 00       		.byte	0
 1559 011b 00       		.byte	0
 1560 011c 17       		.uleb128 0x17
 1561 011d 8A8201   		.uleb128 0x410a
 1562 0120 00       		.byte	0
 1563 0121 02       		.uleb128 0x2
 1564 0122 18       		.uleb128 0x18
 1565 0123 9142     		.uleb128 0x2111
 1566 0125 18       		.uleb128 0x18
 1567 0126 00       		.byte	0
 1568 0127 00       		.byte	0
 1569 0128 18       		.uleb128 0x18
 1570 0129 05       		.uleb128 0x5
 1571 012a 00       		.byte	0
 1572 012b 03       		.uleb128 0x3
 1573 012c 0E       		.uleb128 0xe
 1574 012d 3A       		.uleb128 0x3a
 1575 012e 0B       		.uleb128 0xb
 1576 012f 3B       		.uleb128 0x3b
 1577 0130 0B       		.uleb128 0xb
 1578 0131 49       		.uleb128 0x49
 1579 0132 13       		.uleb128 0x13
 1580 0133 02       		.uleb128 0x2
 1581 0134 17       		.uleb128 0x17
 1582 0135 00       		.byte	0
 1583 0136 00       		.byte	0
 1584 0137 19       		.uleb128 0x19
 1585 0138 05       		.uleb128 0x5
 1586 0139 00       		.byte	0
 1587 013a 03       		.uleb128 0x3
 1588 013b 08       		.uleb128 0x8
 1589 013c 3A       		.uleb128 0x3a
 1590 013d 0B       		.uleb128 0xb
 1591 013e 3B       		.uleb128 0x3b
 1592 013f 0B       		.uleb128 0xb
ARM GAS  /tmp/ccjUv7N1.s 			page 29


 1593 0140 49       		.uleb128 0x49
 1594 0141 13       		.uleb128 0x13
 1595 0142 02       		.uleb128 0x2
 1596 0143 17       		.uleb128 0x17
 1597 0144 00       		.byte	0
 1598 0145 00       		.byte	0
 1599 0146 1A       		.uleb128 0x1a
 1600 0147 34       		.uleb128 0x34
 1601 0148 00       		.byte	0
 1602 0149 03       		.uleb128 0x3
 1603 014a 08       		.uleb128 0x8
 1604 014b 3A       		.uleb128 0x3a
 1605 014c 0B       		.uleb128 0xb
 1606 014d 3B       		.uleb128 0x3b
 1607 014e 0B       		.uleb128 0xb
 1608 014f 49       		.uleb128 0x49
 1609 0150 13       		.uleb128 0x13
 1610 0151 02       		.uleb128 0x2
 1611 0152 17       		.uleb128 0x17
 1612 0153 00       		.byte	0
 1613 0154 00       		.byte	0
 1614 0155 1B       		.uleb128 0x1b
 1615 0156 2E       		.uleb128 0x2e
 1616 0157 01       		.byte	0x1
 1617 0158 3F       		.uleb128 0x3f
 1618 0159 19       		.uleb128 0x19
 1619 015a 03       		.uleb128 0x3
 1620 015b 0E       		.uleb128 0xe
 1621 015c 3A       		.uleb128 0x3a
 1622 015d 0B       		.uleb128 0xb
 1623 015e 3B       		.uleb128 0x3b
 1624 015f 0B       		.uleb128 0xb
 1625 0160 27       		.uleb128 0x27
 1626 0161 19       		.uleb128 0x19
 1627 0162 49       		.uleb128 0x49
 1628 0163 13       		.uleb128 0x13
 1629 0164 11       		.uleb128 0x11
 1630 0165 01       		.uleb128 0x1
 1631 0166 12       		.uleb128 0x12
 1632 0167 06       		.uleb128 0x6
 1633 0168 40       		.uleb128 0x40
 1634 0169 18       		.uleb128 0x18
 1635 016a 9742     		.uleb128 0x2117
 1636 016c 19       		.uleb128 0x19
 1637 016d 01       		.uleb128 0x1
 1638 016e 13       		.uleb128 0x13
 1639 016f 00       		.byte	0
 1640 0170 00       		.byte	0
 1641 0171 1C       		.uleb128 0x1c
 1642 0172 898201   		.uleb128 0x4109
 1643 0175 01       		.byte	0x1
 1644 0176 11       		.uleb128 0x11
 1645 0177 01       		.uleb128 0x1
 1646 0178 31       		.uleb128 0x31
 1647 0179 13       		.uleb128 0x13
 1648 017a 01       		.uleb128 0x1
 1649 017b 13       		.uleb128 0x13
ARM GAS  /tmp/ccjUv7N1.s 			page 30


 1650 017c 00       		.byte	0
 1651 017d 00       		.byte	0
 1652 017e 1D       		.uleb128 0x1d
 1653 017f 898201   		.uleb128 0x4109
 1654 0182 00       		.byte	0
 1655 0183 11       		.uleb128 0x11
 1656 0184 01       		.uleb128 0x1
 1657 0185 31       		.uleb128 0x31
 1658 0186 13       		.uleb128 0x13
 1659 0187 00       		.byte	0
 1660 0188 00       		.byte	0
 1661 0189 1E       		.uleb128 0x1e
 1662 018a 898201   		.uleb128 0x4109
 1663 018d 01       		.byte	0x1
 1664 018e 11       		.uleb128 0x11
 1665 018f 01       		.uleb128 0x1
 1666 0190 01       		.uleb128 0x1
 1667 0191 13       		.uleb128 0x13
 1668 0192 00       		.byte	0
 1669 0193 00       		.byte	0
 1670 0194 1F       		.uleb128 0x1f
 1671 0195 34       		.uleb128 0x34
 1672 0196 00       		.byte	0
 1673 0197 03       		.uleb128 0x3
 1674 0198 0E       		.uleb128 0xe
 1675 0199 3A       		.uleb128 0x3a
 1676 019a 0B       		.uleb128 0xb
 1677 019b 3B       		.uleb128 0x3b
 1678 019c 0B       		.uleb128 0xb
 1679 019d 49       		.uleb128 0x49
 1680 019e 13       		.uleb128 0x13
 1681 019f 02       		.uleb128 0x2
 1682 01a0 17       		.uleb128 0x17
 1683 01a1 00       		.byte	0
 1684 01a2 00       		.byte	0
 1685 01a3 20       		.uleb128 0x20
 1686 01a4 898201   		.uleb128 0x4109
 1687 01a7 00       		.byte	0
 1688 01a8 11       		.uleb128 0x11
 1689 01a9 01       		.uleb128 0x1
 1690 01aa 9542     		.uleb128 0x2115
 1691 01ac 19       		.uleb128 0x19
 1692 01ad 31       		.uleb128 0x31
 1693 01ae 13       		.uleb128 0x13
 1694 01af 00       		.byte	0
 1695 01b0 00       		.byte	0
 1696 01b1 21       		.uleb128 0x21
 1697 01b2 34       		.uleb128 0x34
 1698 01b3 00       		.byte	0
 1699 01b4 03       		.uleb128 0x3
 1700 01b5 0E       		.uleb128 0xe
 1701 01b6 3A       		.uleb128 0x3a
 1702 01b7 0B       		.uleb128 0xb
 1703 01b8 3B       		.uleb128 0x3b
 1704 01b9 0B       		.uleb128 0xb
 1705 01ba 49       		.uleb128 0x49
 1706 01bb 13       		.uleb128 0x13
ARM GAS  /tmp/ccjUv7N1.s 			page 31


 1707 01bc 02       		.uleb128 0x2
 1708 01bd 18       		.uleb128 0x18
 1709 01be 00       		.byte	0
 1710 01bf 00       		.byte	0
 1711 01c0 22       		.uleb128 0x22
 1712 01c1 2E       		.uleb128 0x2e
 1713 01c2 01       		.byte	0x1
 1714 01c3 3F       		.uleb128 0x3f
 1715 01c4 19       		.uleb128 0x19
 1716 01c5 03       		.uleb128 0x3
 1717 01c6 0E       		.uleb128 0xe
 1718 01c7 3A       		.uleb128 0x3a
 1719 01c8 0B       		.uleb128 0xb
 1720 01c9 3B       		.uleb128 0x3b
 1721 01ca 0B       		.uleb128 0xb
 1722 01cb 27       		.uleb128 0x27
 1723 01cc 19       		.uleb128 0x19
 1724 01cd 3C       		.uleb128 0x3c
 1725 01ce 19       		.uleb128 0x19
 1726 01cf 01       		.uleb128 0x1
 1727 01d0 13       		.uleb128 0x13
 1728 01d1 00       		.byte	0
 1729 01d2 00       		.byte	0
 1730 01d3 23       		.uleb128 0x23
 1731 01d4 2E       		.uleb128 0x2e
 1732 01d5 00       		.byte	0
 1733 01d6 3F       		.uleb128 0x3f
 1734 01d7 19       		.uleb128 0x19
 1735 01d8 03       		.uleb128 0x3
 1736 01d9 0E       		.uleb128 0xe
 1737 01da 3A       		.uleb128 0x3a
 1738 01db 0B       		.uleb128 0xb
 1739 01dc 3B       		.uleb128 0x3b
 1740 01dd 0B       		.uleb128 0xb
 1741 01de 27       		.uleb128 0x27
 1742 01df 19       		.uleb128 0x19
 1743 01e0 49       		.uleb128 0x49
 1744 01e1 13       		.uleb128 0x13
 1745 01e2 3C       		.uleb128 0x3c
 1746 01e3 19       		.uleb128 0x19
 1747 01e4 00       		.byte	0
 1748 01e5 00       		.byte	0
 1749 01e6 00       		.byte	0
 1750              		.section	.debug_loc,"",%progbits
 1751              	.Ldebug_loc0:
 1752              	.LLST0:
 1753 0000 00000000 		.4byte	.LVL1
 1754 0004 0C000000 		.4byte	.LVL4
 1755 0008 0100     		.2byte	0x1
 1756 000a 50       		.byte	0x50
 1757 000b 0C000000 		.4byte	.LVL4
 1758 000f 13000000 		.4byte	.LVL5-1
 1759 0013 0300     		.2byte	0x3
 1760 0015 70       		.byte	0x70
 1761 0016 70       		.sleb128 -16
 1762 0017 9F       		.byte	0x9f
 1763 0018 13000000 		.4byte	.LVL5-1
ARM GAS  /tmp/ccjUv7N1.s 			page 32


 1764 001c 14000000 		.4byte	.LFE8
 1765 0020 0400     		.2byte	0x4
 1766 0022 F3       		.byte	0xf3
 1767 0023 01       		.uleb128 0x1
 1768 0024 50       		.byte	0x50
 1769 0025 9F       		.byte	0x9f
 1770 0026 00000000 		.4byte	0
 1771 002a 00000000 		.4byte	0
 1772              	.LLST1:
 1773 002e 00000000 		.4byte	.LVL1
 1774 0032 13000000 		.4byte	.LVL5-1
 1775 0036 0100     		.2byte	0x1
 1776 0038 51       		.byte	0x51
 1777 0039 13000000 		.4byte	.LVL5-1
 1778 003d 14000000 		.4byte	.LFE8
 1779 0041 0400     		.2byte	0x4
 1780 0043 F3       		.byte	0xf3
 1781 0044 01       		.uleb128 0x1
 1782 0045 51       		.byte	0x51
 1783 0046 9F       		.byte	0x9f
 1784 0047 00000000 		.4byte	0
 1785 004b 00000000 		.4byte	0
 1786              	.LLST2:
 1787 004f 00000000 		.4byte	.LVL1
 1788 0053 04000000 		.4byte	.LVL2
 1789 0057 0100     		.2byte	0x1
 1790 0059 52       		.byte	0x52
 1791 005a 04000000 		.4byte	.LVL2
 1792 005e 13000000 		.4byte	.LVL5-1
 1793 0062 0300     		.2byte	0x3
 1794 0064 72       		.byte	0x72
 1795 0065 08       		.sleb128 8
 1796 0066 9F       		.byte	0x9f
 1797 0067 13000000 		.4byte	.LVL5-1
 1798 006b 14000000 		.4byte	.LFE8
 1799 006f 0400     		.2byte	0x4
 1800 0071 F3       		.byte	0xf3
 1801 0072 01       		.uleb128 0x1
 1802 0073 52       		.byte	0x52
 1803 0074 9F       		.byte	0x9f
 1804 0075 00000000 		.4byte	0
 1805 0079 00000000 		.4byte	0
 1806              	.LLST3:
 1807 007d 08000000 		.4byte	.LVL3
 1808 0081 13000000 		.4byte	.LVL5-1
 1809 0085 0100     		.2byte	0x1
 1810 0087 51       		.byte	0x51
 1811 0088 13000000 		.4byte	.LVL5-1
 1812 008c 14000000 		.4byte	.LFE8
 1813 0090 0400     		.2byte	0x4
 1814 0092 F3       		.byte	0xf3
 1815 0093 01       		.uleb128 0x1
 1816 0094 51       		.byte	0x51
 1817 0095 9F       		.byte	0x9f
 1818 0096 00000000 		.4byte	0
 1819 009a 00000000 		.4byte	0
 1820              	.LLST4:
ARM GAS  /tmp/ccjUv7N1.s 			page 33


 1821 009e 00000000 		.4byte	.LVL6
 1822 00a2 10000000 		.4byte	.LVL7
 1823 00a6 0100     		.2byte	0x1
 1824 00a8 50       		.byte	0x50
 1825 00a9 10000000 		.4byte	.LVL7
 1826 00ad 86000000 		.4byte	.LFE9
 1827 00b1 0100     		.2byte	0x1
 1828 00b3 56       		.byte	0x56
 1829 00b4 00000000 		.4byte	0
 1830 00b8 00000000 		.4byte	0
 1831              	.LLST5:
 1832 00bc 00000000 		.4byte	.LVL6
 1833 00c0 12000000 		.4byte	.LVL8
 1834 00c4 0100     		.2byte	0x1
 1835 00c6 51       		.byte	0x51
 1836 00c7 12000000 		.4byte	.LVL8
 1837 00cb 1A000000 		.4byte	.LVL9
 1838 00cf 0300     		.2byte	0x3
 1839 00d1 71       		.byte	0x71
 1840 00d2 79       		.sleb128 -7
 1841 00d3 9F       		.byte	0x9f
 1842 00d4 1A000000 		.4byte	.LVL9
 1843 00d8 86000000 		.4byte	.LFE9
 1844 00dc 0100     		.2byte	0x1
 1845 00de 55       		.byte	0x55
 1846 00df 00000000 		.4byte	0
 1847 00e3 00000000 		.4byte	0
 1848              	.LLST6:
 1849 00e7 1E000000 		.4byte	.LVL10
 1850 00eb 4A000000 		.4byte	.LVL18
 1851 00ef 0100     		.2byte	0x1
 1852 00f1 54       		.byte	0x54
 1853 00f2 4E000000 		.4byte	.LVL19
 1854 00f6 5C000000 		.4byte	.LVL20
 1855 00fa 0100     		.2byte	0x1
 1856 00fc 54       		.byte	0x54
 1857 00fd 68000000 		.4byte	.LVL22
 1858 0101 84000000 		.4byte	.LVL25
 1859 0105 0100     		.2byte	0x1
 1860 0107 54       		.byte	0x54
 1861 0108 00000000 		.4byte	0
 1862 010c 00000000 		.4byte	0
 1863              	.LLST7:
 1864 0110 24000000 		.4byte	.LVL12
 1865 0114 2C000000 		.4byte	.LVL13
 1866 0118 0100     		.2byte	0x1
 1867 011a 53       		.byte	0x53
 1868 011b 2E000000 		.4byte	.LVL14
 1869 011f 35000000 		.4byte	.LVL15-1
 1870 0123 0100     		.2byte	0x1
 1871 0125 53       		.byte	0x53
 1872 0126 40000000 		.4byte	.LVL16
 1873 012a 46000000 		.4byte	.LVL17
 1874 012e 0100     		.2byte	0x1
 1875 0130 50       		.byte	0x50
 1876 0131 46000000 		.4byte	.LVL17
 1877 0135 4A000000 		.4byte	.LVL18
ARM GAS  /tmp/ccjUv7N1.s 			page 34


 1878 0139 0300     		.2byte	0x3
 1879 013b 70       		.byte	0x70
 1880 013c 08       		.sleb128 8
 1881 013d 9F       		.byte	0x9f
 1882 013e 4E000000 		.4byte	.LVL19
 1883 0142 63000000 		.4byte	.LVL21-1
 1884 0146 0100     		.2byte	0x1
 1885 0148 53       		.byte	0x53
 1886 0149 63000000 		.4byte	.LVL21-1
 1887 014d 68000000 		.4byte	.LVL22
 1888 0151 0300     		.2byte	0x3
 1889 0153 74       		.byte	0x74
 1890 0154 78       		.sleb128 -8
 1891 0155 9F       		.byte	0x9f
 1892 0156 68000000 		.4byte	.LVL22
 1893 015a 82000000 		.4byte	.LVL24
 1894 015e 0100     		.2byte	0x1
 1895 0160 53       		.byte	0x53
 1896 0161 00000000 		.4byte	0
 1897 0165 00000000 		.4byte	0
 1898              	.LLST8:
 1899 0169 78000000 		.4byte	.LVL23
 1900 016d 82000000 		.4byte	.LVL24
 1901 0171 0100     		.2byte	0x1
 1902 0173 52       		.byte	0x52
 1903 0174 00000000 		.4byte	0
 1904 0178 00000000 		.4byte	0
 1905              	.LLST9:
 1906 017c 00000000 		.4byte	.LVL26
 1907 0180 08000000 		.4byte	.LVL27
 1908 0184 0100     		.2byte	0x1
 1909 0186 50       		.byte	0x50
 1910 0187 08000000 		.4byte	.LVL27
 1911 018b 5A000000 		.4byte	.LVL37
 1912 018f 0100     		.2byte	0x1
 1913 0191 56       		.byte	0x56
 1914 0192 5A000000 		.4byte	.LVL37
 1915 0196 5E000000 		.4byte	.LVL38
 1916 019a 0400     		.2byte	0x4
 1917 019c F3       		.byte	0xf3
 1918 019d 01       		.uleb128 0x1
 1919 019e 50       		.byte	0x50
 1920 019f 9F       		.byte	0x9f
 1921 01a0 5E000000 		.4byte	.LVL38
 1922 01a4 8E000000 		.4byte	.LVL39
 1923 01a8 0100     		.2byte	0x1
 1924 01aa 56       		.byte	0x56
 1925 01ab 8E000000 		.4byte	.LVL39
 1926 01af 92000000 		.4byte	.LFE10
 1927 01b3 0400     		.2byte	0x4
 1928 01b5 F3       		.byte	0xf3
 1929 01b6 01       		.uleb128 0x1
 1930 01b7 50       		.byte	0x50
 1931 01b8 9F       		.byte	0x9f
 1932 01b9 00000000 		.4byte	0
 1933 01bd 00000000 		.4byte	0
 1934              	.LLST10:
ARM GAS  /tmp/ccjUv7N1.s 			page 35


 1935 01c1 10000000 		.4byte	.LVL29
 1936 01c5 18000000 		.4byte	.LVL32
 1937 01c9 0100     		.2byte	0x1
 1938 01cb 55       		.byte	0x55
 1939 01cc 18000000 		.4byte	.LVL32
 1940 01d0 30000000 		.4byte	.LVL34
 1941 01d4 0100     		.2byte	0x1
 1942 01d6 53       		.byte	0x53
 1943 01d7 32000000 		.4byte	.LVL35
 1944 01db 5D000000 		.4byte	.LVL38-1
 1945 01df 0100     		.2byte	0x1
 1946 01e1 53       		.byte	0x53
 1947 01e2 5E000000 		.4byte	.LVL38
 1948 01e6 91000000 		.4byte	.LVL40-1
 1949 01ea 0100     		.2byte	0x1
 1950 01ec 53       		.byte	0x53
 1951 01ed 00000000 		.4byte	0
 1952 01f1 00000000 		.4byte	0
 1953              	.LLST11:
 1954 01f5 0C000000 		.4byte	.LVL28
 1955 01f9 5A000000 		.4byte	.LVL37
 1956 01fd 0100     		.2byte	0x1
 1957 01ff 54       		.byte	0x54
 1958 0200 5A000000 		.4byte	.LVL37
 1959 0204 5E000000 		.4byte	.LVL38
 1960 0208 0600     		.2byte	0x6
 1961 020a F3       		.byte	0xf3
 1962 020b 01       		.uleb128 0x1
 1963 020c 50       		.byte	0x50
 1964 020d 38       		.byte	0x38
 1965 020e 1C       		.byte	0x1c
 1966 020f 9F       		.byte	0x9f
 1967 0210 5E000000 		.4byte	.LVL38
 1968 0214 8E000000 		.4byte	.LVL39
 1969 0218 0100     		.2byte	0x1
 1970 021a 54       		.byte	0x54
 1971 021b 8E000000 		.4byte	.LVL39
 1972 021f 92000000 		.4byte	.LFE10
 1973 0223 0600     		.2byte	0x6
 1974 0225 F3       		.byte	0xf3
 1975 0226 01       		.uleb128 0x1
 1976 0227 50       		.byte	0x50
 1977 0228 38       		.byte	0x38
 1978 0229 1C       		.byte	0x1c
 1979 022a 9F       		.byte	0x9f
 1980 022b 00000000 		.4byte	0
 1981 022f 00000000 		.4byte	0
 1982              	.LLST12:
 1983 0233 0C000000 		.4byte	.LVL28
 1984 0237 12000000 		.4byte	.LVL30
 1985 023b 0100     		.2byte	0x1
 1986 023d 50       		.byte	0x50
 1987 023e 12000000 		.4byte	.LVL30
 1988 0242 15000000 		.4byte	.LVL31-1
 1989 0246 0200     		.2byte	0x2
 1990 0248 74       		.byte	0x74
 1991 0249 00       		.sleb128 0
ARM GAS  /tmp/ccjUv7N1.s 			page 36


 1992 024a 15000000 		.4byte	.LVL31-1
 1993 024e 44000000 		.4byte	.LVL36
 1994 0252 0300     		.2byte	0x3
 1995 0254 75       		.byte	0x75
 1996 0255 78       		.sleb128 -8
 1997 0256 9F       		.byte	0x9f
 1998 0257 00000000 		.4byte	0
 1999 025b 00000000 		.4byte	0
 2000              	.LLST13:
 2001 025f 00000000 		.4byte	.LVL41
 2002 0263 12000000 		.4byte	.LVL42
 2003 0267 0100     		.2byte	0x1
 2004 0269 50       		.byte	0x50
 2005 026a 12000000 		.4byte	.LVL42
 2006 026e 24000000 		.4byte	.LVL44
 2007 0272 0100     		.2byte	0x1
 2008 0274 54       		.byte	0x54
 2009 0275 24000000 		.4byte	.LVL44
 2010 0279 3C000000 		.4byte	.LVL49
 2011 027d 1300     		.2byte	0x13
 2012 027f F3       		.byte	0xf3
 2013 0280 01       		.uleb128 0x1
 2014 0281 50       		.byte	0x50
 2015 0282 03       		.byte	0x3
 2016 0283 00000000 		.4byte	.LANCHOR0
 2017 0287 F3       		.byte	0xf3
 2018 0288 01       		.uleb128 0x1
 2019 0289 50       		.byte	0x50
 2020 028a 30       		.byte	0x30
 2021 028b 2E       		.byte	0x2e
 2022 028c 28       		.byte	0x28
 2023 028d 0100     		.2byte	0x1
 2024 028f 16       		.byte	0x16
 2025 0290 13       		.byte	0x13
 2026 0291 9F       		.byte	0x9f
 2027 0292 3C000000 		.4byte	.LVL49
 2028 0296 40000000 		.4byte	.LVL50
 2029 029a 0100     		.2byte	0x1
 2030 029c 54       		.byte	0x54
 2031 029d 40000000 		.4byte	.LVL50
 2032 02a1 42000000 		.4byte	.LFE11
 2033 02a5 1300     		.2byte	0x13
 2034 02a7 F3       		.byte	0xf3
 2035 02a8 01       		.uleb128 0x1
 2036 02a9 50       		.byte	0x50
 2037 02aa 03       		.byte	0x3
 2038 02ab 00000000 		.4byte	.LANCHOR0
 2039 02af F3       		.byte	0xf3
 2040 02b0 01       		.uleb128 0x1
 2041 02b1 50       		.byte	0x50
 2042 02b2 30       		.byte	0x30
 2043 02b3 2E       		.byte	0x2e
 2044 02b4 28       		.byte	0x28
 2045 02b5 0100     		.2byte	0x1
 2046 02b7 16       		.byte	0x16
 2047 02b8 13       		.byte	0x13
 2048 02b9 9F       		.byte	0x9f
ARM GAS  /tmp/ccjUv7N1.s 			page 37


 2049 02ba 00000000 		.4byte	0
 2050 02be 00000000 		.4byte	0
 2051              	.LLST14:
 2052 02c2 00000000 		.4byte	.LVL41
 2053 02c6 1B000000 		.4byte	.LVL43-1
 2054 02ca 0100     		.2byte	0x1
 2055 02cc 51       		.byte	0x51
 2056 02cd 1B000000 		.4byte	.LVL43-1
 2057 02d1 42000000 		.4byte	.LFE11
 2058 02d5 0100     		.2byte	0x1
 2059 02d7 55       		.byte	0x55
 2060 02d8 00000000 		.4byte	0
 2061 02dc 00000000 		.4byte	0
 2062              	.LLST15:
 2063 02e0 1C000000 		.4byte	.LVL43
 2064 02e4 24000000 		.4byte	.LVL44
 2065 02e8 0300     		.2byte	0x3
 2066 02ea 74       		.byte	0x74
 2067 02eb 08       		.sleb128 8
 2068 02ec 9F       		.byte	0x9f
 2069 02ed 24000000 		.4byte	.LVL44
 2070 02f1 2C000000 		.4byte	.LVL46
 2071 02f5 1500     		.2byte	0x15
 2072 02f7 F3       		.byte	0xf3
 2073 02f8 01       		.uleb128 0x1
 2074 02f9 50       		.byte	0x50
 2075 02fa 03       		.byte	0x3
 2076 02fb 00000000 		.4byte	.LANCHOR0
 2077 02ff F3       		.byte	0xf3
 2078 0300 01       		.uleb128 0x1
 2079 0301 50       		.byte	0x50
 2080 0302 30       		.byte	0x30
 2081 0303 2E       		.byte	0x2e
 2082 0304 28       		.byte	0x28
 2083 0305 0100     		.2byte	0x1
 2084 0307 16       		.byte	0x16
 2085 0308 13       		.byte	0x13
 2086 0309 23       		.byte	0x23
 2087 030a 08       		.uleb128 0x8
 2088 030b 9F       		.byte	0x9f
 2089 030c 3C000000 		.4byte	.LVL49
 2090 0310 40000000 		.4byte	.LVL50
 2091 0314 0300     		.2byte	0x3
 2092 0316 74       		.byte	0x74
 2093 0317 08       		.sleb128 8
 2094 0318 9F       		.byte	0x9f
 2095 0319 40000000 		.4byte	.LVL50
 2096 031d 42000000 		.4byte	.LFE11
 2097 0321 1500     		.2byte	0x15
 2098 0323 F3       		.byte	0xf3
 2099 0324 01       		.uleb128 0x1
 2100 0325 50       		.byte	0x50
 2101 0326 03       		.byte	0x3
 2102 0327 00000000 		.4byte	.LANCHOR0
 2103 032b F3       		.byte	0xf3
 2104 032c 01       		.uleb128 0x1
 2105 032d 50       		.byte	0x50
ARM GAS  /tmp/ccjUv7N1.s 			page 38


 2106 032e 30       		.byte	0x30
 2107 032f 2E       		.byte	0x2e
 2108 0330 28       		.byte	0x28
 2109 0331 0100     		.2byte	0x1
 2110 0333 16       		.byte	0x16
 2111 0334 13       		.byte	0x13
 2112 0335 23       		.byte	0x23
 2113 0336 08       		.uleb128 0x8
 2114 0337 9F       		.byte	0x9f
 2115 0338 00000000 		.4byte	0
 2116 033c 00000000 		.4byte	0
 2117              	.LLST16:
 2118 0340 1C000000 		.4byte	.LVL43
 2119 0344 24000000 		.4byte	.LVL44
 2120 0348 0200     		.2byte	0x2
 2121 034a 30       		.byte	0x30
 2122 034b 9F       		.byte	0x9f
 2123 034c 24000000 		.4byte	.LVL44
 2124 0350 2A000000 		.4byte	.LVL45
 2125 0354 0100     		.2byte	0x1
 2126 0356 54       		.byte	0x54
 2127 0357 2A000000 		.4byte	.LVL45
 2128 035b 2C000000 		.4byte	.LVL46
 2129 035f 0300     		.2byte	0x3
 2130 0361 74       		.byte	0x74
 2131 0362 7F       		.sleb128 -1
 2132 0363 9F       		.byte	0x9f
 2133 0364 2C000000 		.4byte	.LVL46
 2134 0368 30000000 		.4byte	.LVL47
 2135 036c 0100     		.2byte	0x1
 2136 036e 54       		.byte	0x54
 2137 036f 3C000000 		.4byte	.LVL49
 2138 0373 42000000 		.4byte	.LFE11
 2139 0377 0200     		.2byte	0x2
 2140 0379 30       		.byte	0x30
 2141 037a 9F       		.byte	0x9f
 2142 037b 00000000 		.4byte	0
 2143 037f 00000000 		.4byte	0
 2144              	.LLST17:
 2145 0383 1C000000 		.4byte	.LVL43
 2146 0387 24000000 		.4byte	.LVL44
 2147 038b 0200     		.2byte	0x2
 2148 038d 30       		.byte	0x30
 2149 038e 9F       		.byte	0x9f
 2150 038f 24000000 		.4byte	.LVL44
 2151 0393 30000000 		.4byte	.LVL47
 2152 0397 0100     		.2byte	0x1
 2153 0399 52       		.byte	0x52
 2154 039a 3C000000 		.4byte	.LVL49
 2155 039e 42000000 		.4byte	.LFE11
 2156 03a2 0200     		.2byte	0x2
 2157 03a4 30       		.byte	0x30
 2158 03a5 9F       		.byte	0x9f
 2159 03a6 00000000 		.4byte	0
 2160 03aa 00000000 		.4byte	0
 2161              		.section	.debug_aranges,"",%progbits
 2162 0000 3C000000 		.4byte	0x3c
ARM GAS  /tmp/ccjUv7N1.s 			page 39


 2163 0004 0200     		.2byte	0x2
 2164 0006 00000000 		.4byte	.Ldebug_info0
 2165 000a 04       		.byte	0x4
 2166 000b 00       		.byte	0
 2167 000c 0000     		.2byte	0
 2168 000e 0000     		.2byte	0
 2169 0010 00000000 		.4byte	.LFB7
 2170 0014 20000000 		.4byte	.LFE7-.LFB7
 2171 0018 00000000 		.4byte	.LFB8
 2172 001c 14000000 		.4byte	.LFE8-.LFB8
 2173 0020 00000000 		.4byte	.LFB9
 2174 0024 86000000 		.4byte	.LFE9-.LFB9
 2175 0028 00000000 		.4byte	.LFB10
 2176 002c 92000000 		.4byte	.LFE10-.LFB10
 2177 0030 00000000 		.4byte	.LFB11
 2178 0034 42000000 		.4byte	.LFE11-.LFB11
 2179 0038 00000000 		.4byte	0
 2180 003c 00000000 		.4byte	0
 2181              		.section	.debug_ranges,"",%progbits
 2182              	.Ldebug_ranges0:
 2183 0000 00000000 		.4byte	.LFB7
 2184 0004 20000000 		.4byte	.LFE7
 2185 0008 00000000 		.4byte	.LFB8
 2186 000c 14000000 		.4byte	.LFE8
 2187 0010 00000000 		.4byte	.LFB9
 2188 0014 86000000 		.4byte	.LFE9
 2189 0018 00000000 		.4byte	.LFB10
 2190 001c 92000000 		.4byte	.LFE10
 2191 0020 00000000 		.4byte	.LFB11
 2192 0024 42000000 		.4byte	.LFE11
 2193 0028 00000000 		.4byte	0
 2194 002c 00000000 		.4byte	0
 2195              		.section	.debug_line,"",%progbits
 2196              	.Ldebug_line0:
 2197 0000 40020000 		.section	.debug_str,"MS",%progbits,1
 2197      02004E01 
 2197      00000201 
 2197      FB0E0D00 
 2197      01010101 
 2198              	.LASF36:
 2199 0000 705F6D73 		.ascii	"p_msg\000"
 2199      6700
 2200              	.LASF2:
 2201 0006 73697A65 		.ascii	"size_t\000"
 2201      5F7400
 2202              	.LASF62:
 2203 000d 7264796D 		.ascii	"rdymsg\000"
 2203      736700
 2204              	.LASF12:
 2205 0014 75696E74 		.ascii	"uint64_t\000"
 2205      36345F74 
 2205      00
 2206              	.LASF52:
 2207 001d 6D656D67 		.ascii	"memgetfunc_t\000"
 2207      65746675 
 2207      6E635F74 
 2207      00
ARM GAS  /tmp/ccjUv7N1.s 			page 40


 2208              	.LASF13:
 2209 002a 6C6F6E67 		.ascii	"long long unsigned int\000"
 2209      206C6F6E 
 2209      6720756E 
 2209      7369676E 
 2209      65642069 
 2210              	.LASF63:
 2211 0041 65786974 		.ascii	"exitcode\000"
 2211      636F6465 
 2211      00
 2212              	.LASF56:
 2213 004a 685F6672 		.ascii	"h_free\000"
 2213      656500
 2214              	.LASF69:
 2215 0051 68656170 		.ascii	"heapp\000"
 2215      7000
 2216              	.LASF81:
 2217 0057 63684D74 		.ascii	"chMtxUnlock\000"
 2217      78556E6C 
 2217      6F636B00 
 2218              	.LASF68:
 2219 0063 63684865 		.ascii	"chHeapInit\000"
 2219      6170496E 
 2219      697400
 2220              	.LASF58:
 2221 006e 6E657874 		.ascii	"next\000"
 2221      00
 2222              	.LASF25:
 2223 0073 705F7072 		.ascii	"p_prio\000"
 2223      696F00
 2224              	.LASF11:
 2225 007a 6C6F6E67 		.ascii	"long long int\000"
 2225      206C6F6E 
 2225      6720696E 
 2225      7400
 2226              	.LASF1:
 2227 0088 7369676E 		.ascii	"signed char\000"
 2227      65642063 
 2227      68617200 
 2228              	.LASF57:
 2229 0094 685F6D74 		.ascii	"h_mtx\000"
 2229      7800
 2230              	.LASF40:
 2231 009a 705F6D70 		.ascii	"p_mpool\000"
 2231      6F6F6C00 
 2232              	.LASF49:
 2233 00a2 6D5F7175 		.ascii	"m_queue\000"
 2233      65756500 
 2234              	.LASF70:
 2235 00aa 63684865 		.ascii	"chHeapFree\000"
 2235      61704672 
 2235      656500
 2236              	.LASF8:
 2237 00b5 6C6F6E67 		.ascii	"long int\000"
 2237      20696E74 
 2237      00
 2238              	.LASF78:
ARM GAS  /tmp/ccjUv7N1.s 			page 41


 2239 00be 2E2E2F2E 		.ascii	"../../os/kernel/src/chheap.c\000"
 2239      2E2F6F73 
 2239      2F6B6572 
 2239      6E656C2F 
 2239      7372632F 
 2240              	.LASF16:
 2241 00db 74737461 		.ascii	"tstate_t\000"
 2241      74655F74 
 2241      00
 2242              	.LASF27:
 2243 00e4 705F6E65 		.ascii	"p_newer\000"
 2243      77657200 
 2244              	.LASF43:
 2245 00ec 72656761 		.ascii	"regarm_t\000"
 2245      726D5F74 
 2245      00
 2246              	.LASF77:
 2247 00f5 474E5520 		.ascii	"GNU C 4.8.1 -mcpu=cortex-m3 -mno-thumb-interwork -m"
 2247      4320342E 
 2247      382E3120 
 2247      2D6D6370 
 2247      753D636F 
 2248 0128 7468756D 		.ascii	"thumb -mfloat-abi=soft -ggdb -O2 -fomit-frame-point"
 2248      62202D6D 
 2248      666C6F61 
 2248      742D6162 
 2248      693D736F 
 2249 015b 6572202D 		.ascii	"er -ffunction-sections -fdata-sections -fno-common\000"
 2249      6666756E 
 2249      6374696F 
 2249      6E2D7365 
 2249      6374696F 
 2250              	.LASF60:
 2251 018e 616C6967 		.ascii	"align\000"
 2251      6E00
 2252              	.LASF79:
 2253 0194 2F686F6D 		.ascii	"/home/daniofb/Programming/ChibiOS-RT/demos/ARMCM3-L"
 2253      652F6461 
 2253      6E696F66 
 2253      622F5072 
 2253      6F677261 
 2254 01c7 50433137 		.ascii	"PC1768-AKAIKABA\000"
 2254      36382D41 
 2254      4B41494B 
 2254      41424100 
 2255              	.LASF0:
 2256 01d7 756E7369 		.ascii	"unsigned int\000"
 2256      676E6564 
 2256      20696E74 
 2256      00
 2257              	.LASF10:
 2258 01e4 6C6F6E67 		.ascii	"long unsigned int\000"
 2258      20756E73 
 2258      69676E65 
 2258      6420696E 
 2258      7400
 2259              	.LASF46:
ARM GAS  /tmp/ccjUv7N1.s 			page 42


 2260 01f6 636F6E74 		.ascii	"context\000"
 2260      65787400 
 2261              	.LASF61:
 2262 01fe 73697A65 		.ascii	"size\000"
 2262      00
 2263              	.LASF6:
 2264 0203 73686F72 		.ascii	"short unsigned int\000"
 2264      7420756E 
 2264      7369676E 
 2264      65642069 
 2264      6E7400
 2265              	.LASF19:
 2266 0216 6D73675F 		.ascii	"msg_t\000"
 2266      7400
 2267              	.LASF15:
 2268 021c 746D6F64 		.ascii	"tmode_t\000"
 2268      655F7400 
 2269              	.LASF42:
 2270 0224 54687265 		.ascii	"ThreadsList\000"
 2270      6164734C 
 2270      69737400 
 2271              	.LASF20:
 2272 0230 6576656E 		.ascii	"eventmask_t\000"
 2272      746D6173 
 2272      6B5F7400 
 2273              	.LASF48:
 2274 023c 4D757465 		.ascii	"Mutex\000"
 2274      7800
 2275              	.LASF44:
 2276 0242 73746B61 		.ascii	"stkalign_t\000"
 2276      6C69676E 
 2276      5F7400
 2277              	.LASF47:
 2278 024d 73697A65 		.ascii	"sizetype\000"
 2278      74797065 
 2278      00
 2279              	.LASF76:
 2280 0256 63684D74 		.ascii	"chMtxLock\000"
 2280      784C6F63 
 2280      6B00
 2281              	.LASF28:
 2282 0260 705F6F6C 		.ascii	"p_older\000"
 2282      64657200 
 2283              	.LASF41:
 2284 0268 54687265 		.ascii	"ThreadsQueue\000"
 2284      61647351 
 2284      75657565 
 2284      00
 2285              	.LASF53:
 2286 0275 4D656D6F 		.ascii	"MemoryHeap\000"
 2286      72794865 
 2286      617000
 2287              	.LASF17:
 2288 0280 74726566 		.ascii	"trefs_t\000"
 2288      735F7400 
 2289              	.LASF24:
 2290 0288 705F7072 		.ascii	"p_prev\000"
ARM GAS  /tmp/ccjUv7N1.s 			page 43


 2290      657600
 2291              	.LASF18:
 2292 028f 74707269 		.ascii	"tprio_t\000"
 2292      6F5F7400 
 2293              	.LASF14:
 2294 0297 5F426F6F 		.ascii	"_Bool\000"
 2294      6C00
 2295              	.LASF7:
 2296 029d 696E7433 		.ascii	"int32_t\000"
 2296      325F7400 
 2297              	.LASF4:
 2298 02a5 756E7369 		.ascii	"unsigned char\000"
 2298      676E6564 
 2298      20636861 
 2298      7200
 2299              	.LASF55:
 2300 02b3 685F7072 		.ascii	"h_provider\000"
 2300      6F766964 
 2300      657200
 2301              	.LASF38:
 2302 02be 705F6D74 		.ascii	"p_mtxlist\000"
 2302      786C6973 
 2302      7400
 2303              	.LASF5:
 2304 02c8 73686F72 		.ascii	"short int\000"
 2304      7420696E 
 2304      7400
 2305              	.LASF30:
 2306 02d2 705F7374 		.ascii	"p_state\000"
 2306      61746500 
 2307              	.LASF80:
 2308 02da 68656170 		.ascii	"heap_header\000"
 2308      5F686561 
 2308      64657200 
 2309              	.LASF65:
 2310 02e6 65776D61 		.ascii	"ewmask\000"
 2310      736B00
 2311              	.LASF23:
 2312 02ed 705F6E65 		.ascii	"p_next\000"
 2312      787400
 2313              	.LASF31:
 2314 02f4 705F666C 		.ascii	"p_flags\000"
 2314      61677300 
 2315              	.LASF22:
 2316 02fc 54687265 		.ascii	"Thread\000"
 2316      616400
 2317              	.LASF71:
 2318 0303 63684865 		.ascii	"chHeapAlloc\000"
 2318      6170416C 
 2318      6C6F6300 
 2319              	.LASF37:
 2320 030f 705F6570 		.ascii	"p_epending\000"
 2320      656E6469 
 2320      6E6700
 2321              	.LASF9:
 2322 031a 75696E74 		.ascii	"uint32_t\000"
 2322      33325F74 
ARM GAS  /tmp/ccjUv7N1.s 			page 44


 2322      00
 2323              	.LASF59:
 2324 0323 68656170 		.ascii	"heap\000"
 2324      00
 2325              	.LASF74:
 2326 0328 64656661 		.ascii	"default_heap\000"
 2326      756C745F 
 2326      68656170 
 2326      00
 2327              	.LASF66:
 2328 0335 63686172 		.ascii	"char\000"
 2328      00
 2329              	.LASF72:
 2330 033a 63684865 		.ascii	"chHeapStatus\000"
 2330      61705374 
 2330      61747573 
 2330      00
 2331              	.LASF51:
 2332 0347 6D5F6E65 		.ascii	"m_next\000"
 2332      787400
 2333              	.LASF21:
 2334 034e 73797374 		.ascii	"systime_t\000"
 2334      696D655F 
 2334      7400
 2335              	.LASF39:
 2336 0358 705F7265 		.ascii	"p_realprio\000"
 2336      616C7072 
 2336      696F00
 2337              	.LASF33:
 2338 0363 705F7469 		.ascii	"p_time\000"
 2338      6D6500
 2339              	.LASF45:
 2340 036a 696E7463 		.ascii	"intctx\000"
 2340      747800
 2341              	.LASF35:
 2342 0371 705F6D73 		.ascii	"p_msgqueue\000"
 2342      67717565 
 2342      756500
 2343              	.LASF75:
 2344 037c 63684D74 		.ascii	"chMtxInit\000"
 2344      78496E69 
 2344      7400
 2345              	.LASF32:
 2346 0386 705F7265 		.ascii	"p_refs\000"
 2346      667300
 2347              	.LASF3:
 2348 038d 75696E74 		.ascii	"uint8_t\000"
 2348      385F7400 
 2349              	.LASF64:
 2350 0395 77746F62 		.ascii	"wtobjp\000"
 2350      6A7000
 2351              	.LASF73:
 2352 039c 73697A65 		.ascii	"sizep\000"
 2352      7000
 2353              	.LASF29:
 2354 03a2 705F6E61 		.ascii	"p_name\000"
 2354      6D6500
ARM GAS  /tmp/ccjUv7N1.s 			page 45


 2355              	.LASF67:
 2356 03a9 5F686561 		.ascii	"_heap_init\000"
 2356      705F696E 
 2356      697400
 2357              	.LASF50:
 2358 03b4 6D5F6F77 		.ascii	"m_owner\000"
 2358      6E657200 
 2359              	.LASF26:
 2360 03bc 705F6374 		.ascii	"p_ctx\000"
 2360      7800
 2361              	.LASF34:
 2362 03c2 705F7761 		.ascii	"p_waiting\000"
 2362      6974696E 
 2362      6700
 2363              	.LASF54:
 2364 03cc 6D656D6F 		.ascii	"memory_heap\000"
 2364      72795F68 
 2364      65617000 
 2365              		.ident	"GCC: (GNU) 4.8.1"
ARM GAS  /tmp/ccjUv7N1.s 			page 46


DEFINED SYMBOLS
                            *ABS*:0000000000000000 chheap.c
     /tmp/ccjUv7N1.s:19     .text._heap_init:0000000000000000 $t
     /tmp/ccjUv7N1.s:24     .text._heap_init:0000000000000000 _heap_init
     /tmp/ccjUv7N1.s:434    .bss.default_heap:0000000000000000 .LANCHOR0
     /tmp/ccjUv7N1.s:55     .text.chHeapInit:0000000000000000 $t
     /tmp/ccjUv7N1.s:60     .text.chHeapInit:0000000000000000 chHeapInit
     /tmp/ccjUv7N1.s:94     .text.chHeapAlloc:0000000000000000 $t
     /tmp/ccjUv7N1.s:99     .text.chHeapAlloc:0000000000000000 chHeapAlloc
     /tmp/ccjUv7N1.s:227    .text.chHeapFree:0000000000000000 $t
     /tmp/ccjUv7N1.s:232    .text.chHeapFree:0000000000000000 chHeapFree
     /tmp/ccjUv7N1.s:354    .text.chHeapStatus:0000000000000000 $t
     /tmp/ccjUv7N1.s:359    .text.chHeapStatus:0000000000000000 chHeapStatus
     /tmp/ccjUv7N1.s:433    .bss.default_heap:0000000000000000 $d
     /tmp/ccjUv7N1.s:437    .bss.default_heap:0000000000000000 default_heap
                     .debug_frame:0000000000000010 $d

UNDEFINED SYMBOLS
chCoreAlloc
chMtxInit
chMtxLock
chMtxUnlock
