ARM GAS  /tmp/cc8mL0s0.s 			page 1


   1              		.syntax unified
   2              		.cpu cortex-m3
   3              		.fpu softvfp
   4              		.eabi_attribute 20, 1
   5              		.eabi_attribute 21, 1
   6              		.eabi_attribute 23, 3
   7              		.eabi_attribute 24, 1
   8              		.eabi_attribute 25, 1
   9              		.eabi_attribute 26, 1
  10              		.eabi_attribute 30, 2
  11              		.eabi_attribute 34, 1
  12              		.eabi_attribute 18, 4
  13              		.thumb
  14              		.file	"chmemcore.c"
  15              		.text
  16              	.Ltext0:
  17              		.cfi_sections	.debug_frame
  18              		.section	.text._core_init,"ax",%progbits
  19              		.align	2
  20              		.global	_core_init
  21              		.thumb
  22              		.thumb_func
  23              		.type	_core_init, %function
  24              	_core_init:
  25              	.LFB7:
  26              		.file 1 "../../os/kernel/src/chmemcore.c"
  27              		.loc 1 59 0
  28              		.cfi_startproc
  29              		@ args = 0, pretend = 0, frame = 0
  30              		@ frame_needed = 0, uses_anonymous_args = 0
  31              		@ link register save eliminated.
  32              		.loc 1 64 0
  33 0000 40F20001 		movw	r1, #:lower16:__heap_end__
  34              		.loc 1 63 0
  35 0004 0848     		ldr	r0, .L2
  36              		.loc 1 64 0
  37 0006 C0F20001 		movt	r1, #:upper16:__heap_end__
  38 000a 40F20002 		movw	r2, #:lower16:.LANCHOR1
  39              		.loc 1 63 0
  40 000e 40F20003 		movw	r3, #:lower16:.LANCHOR0
  41              		.loc 1 64 0
  42 0012 21F00701 		bic	r1, r1, #7
  43 0016 C0F20002 		movt	r2, #:upper16:.LANCHOR1
  44              		.loc 1 63 0
  45 001a 20F00700 		bic	r0, r0, #7
  46 001e C0F20003 		movt	r3, #:upper16:.LANCHOR0
  47              		.loc 1 64 0
  48 0022 1160     		str	r1, [r2]
  49              		.loc 1 63 0
  50 0024 1860     		str	r0, [r3]
  51 0026 7047     		bx	lr
  52              	.L3:
  53              		.align	2
  54              	.L2:
  55 0028 07000000 		.word	__heap_base__+7
  56              		.cfi_endproc
  57              	.LFE7:
ARM GAS  /tmp/cc8mL0s0.s 			page 2


  58              		.size	_core_init, .-_core_init
  59              		.section	.text.chCoreAlloc,"ax",%progbits
  60              		.align	2
  61              		.global	chCoreAlloc
  62              		.thumb
  63              		.thumb_func
  64              		.type	chCoreAlloc, %function
  65              	chCoreAlloc:
  66              	.LFB8:
  67              		.loc 1 84 0
  68              		.cfi_startproc
  69              		@ args = 0, pretend = 0, frame = 0
  70              		@ frame_needed = 0, uses_anonymous_args = 0
  71              		@ link register save eliminated.
  72              	.LVL0:
  73              	.LBB6:
  74              		.loc 1 87 0
  75 0000 4023     		movs	r3, #64
  76              	@ 87 "../../os/kernel/src/chmemcore.c" 1
  77 0002 83F31188 		msr     BASEPRI, r3
  78              	@ 0 "" 2
  79              	.LVL1:
  80              		.thumb
  81              	.LBE6:
  82              	.LBB7:
  83              	.LBB8:
  84              		.loc 1 111 0
  85 0006 40F20003 		movw	r3, #:lower16:.LANCHOR0
  86 000a 40F20002 		movw	r2, #:lower16:.LANCHOR1
  87 000e C0F20003 		movt	r3, #:upper16:.LANCHOR0
  88 0012 C0F20002 		movt	r2, #:upper16:.LANCHOR1
  89 0016 1968     		ldr	r1, [r3]
  90 0018 1268     		ldr	r2, [r2]
  91              		.loc 1 110 0
  92 001a 0730     		adds	r0, r0, #7
  93              	.LVL2:
  94 001c 20F00700 		bic	r0, r0, #7
  95              	.LVL3:
  96              		.loc 1 111 0
  97 0020 521A     		subs	r2, r2, r1
  98 0022 9042     		cmp	r0, r2
  99              	.LVL4:
 100              		.loc 1 114 0
 101 0024 9BBF     		ittet	ls
 102 0026 4018     		addls	r0, r0, r1
 103              	.LVL5:
 104 0028 1860     		strls	r0, [r3]
 105              		.loc 1 112 0
 106 002a 0020     		movhi	r0, #0
 107              		.loc 1 115 0
 108 002c 0846     		movls	r0, r1
 109              	.LBE8:
 110              	.LBE7:
 111              	.LBB9:
 112              		.loc 1 89 0
 113 002e 0023     		movs	r3, #0
 114              	@ 89 "../../os/kernel/src/chmemcore.c" 1
ARM GAS  /tmp/cc8mL0s0.s 			page 3


 115 0030 83F31188 		msr     BASEPRI, r3
 116              	@ 0 "" 2
 117              		.thumb
 118              	.LBE9:
 119              		.loc 1 91 0
 120 0034 7047     		bx	lr
 121              		.cfi_endproc
 122              	.LFE8:
 123              		.size	chCoreAlloc, .-chCoreAlloc
 124 0036 00BF     		.section	.text.chCoreAllocI,"ax",%progbits
 125              		.align	2
 126              		.global	chCoreAllocI
 127              		.thumb
 128              		.thumb_func
 129              		.type	chCoreAllocI, %function
 130              	chCoreAllocI:
 131              	.LFB9:
 132              		.loc 1 105 0
 133              		.cfi_startproc
 134              		@ args = 0, pretend = 0, frame = 0
 135              		@ frame_needed = 0, uses_anonymous_args = 0
 136              		@ link register save eliminated.
 137              	.LVL6:
 138              		.loc 1 111 0
 139 0000 40F20003 		movw	r3, #:lower16:.LANCHOR0
 140 0004 40F20002 		movw	r2, #:lower16:.LANCHOR1
 141 0008 C0F20003 		movt	r3, #:upper16:.LANCHOR0
 142 000c C0F20002 		movt	r2, #:upper16:.LANCHOR1
 143 0010 1968     		ldr	r1, [r3]
 144 0012 1268     		ldr	r2, [r2]
 145              		.loc 1 110 0
 146 0014 0730     		adds	r0, r0, #7
 147              	.LVL7:
 148 0016 20F00700 		bic	r0, r0, #7
 149              	.LVL8:
 150              		.loc 1 111 0
 151 001a 521A     		subs	r2, r2, r1
 152 001c 9042     		cmp	r0, r2
 153              	.LVL9:
 154              		.loc 1 114 0
 155 001e 9DBF     		ittte	ls
 156 0020 4018     		addls	r0, r0, r1
 157              	.LVL10:
 158 0022 1860     		strls	r0, [r3]
 159              		.loc 1 115 0
 160 0024 0846     		movls	r0, r1
 161              		.loc 1 112 0
 162 0026 0020     		movhi	r0, #0
 163              		.loc 1 116 0
 164 0028 7047     		bx	lr
 165              		.cfi_endproc
 166              	.LFE9:
 167              		.size	chCoreAllocI, .-chCoreAllocI
 168 002a 00BF     		.section	.text.chCoreStatus,"ax",%progbits
 169              		.align	2
 170              		.global	chCoreStatus
 171              		.thumb
ARM GAS  /tmp/cc8mL0s0.s 			page 4


 172              		.thumb_func
 173              		.type	chCoreStatus, %function
 174              	chCoreStatus:
 175              	.LFB10:
 176              		.loc 1 125 0
 177              		.cfi_startproc
 178              		@ args = 0, pretend = 0, frame = 0
 179              		@ frame_needed = 0, uses_anonymous_args = 0
 180              		@ link register save eliminated.
 181              		.loc 1 127 0
 182 0000 40F20002 		movw	r2, #:lower16:.LANCHOR1
 183 0004 40F20003 		movw	r3, #:lower16:.LANCHOR0
 184 0008 C0F20002 		movt	r2, #:upper16:.LANCHOR1
 185 000c C0F20003 		movt	r3, #:upper16:.LANCHOR0
 186 0010 1068     		ldr	r0, [r2]
 187 0012 1B68     		ldr	r3, [r3]
 188              		.loc 1 128 0
 189 0014 C01A     		subs	r0, r0, r3
 190 0016 7047     		bx	lr
 191              		.cfi_endproc
 192              	.LFE10:
 193              		.size	chCoreStatus, .-chCoreStatus
 194              		.section	.bss.endmem,"aw",%nobits
 195              		.align	2
 196              		.set	.LANCHOR1,. + 0
 197              		.type	endmem, %object
 198              		.size	endmem, 4
 199              	endmem:
 200 0000 00000000 		.space	4
 201              		.section	.bss.nextmem,"aw",%nobits
 202              		.align	2
 203              		.set	.LANCHOR0,. + 0
 204              		.type	nextmem, %object
 205              		.size	nextmem, 4
 206              	nextmem:
 207 0000 00000000 		.space	4
 208              		.text
 209              	.Letext0:
 210              		.file 2 "/home/daniofb/arm-cm3-eabi/lib/gcc/arm-cm3-eabi/4.8.1/include/stddef.h"
 211              		.file 3 "/home/daniofb/arm-cm3-eabi/arm-cm3-eabi/sys-include/stdint.h"
 212              		.section	.debug_info,"",%progbits
 213              	.Ldebug_info0:
 214 0000 05020000 		.4byte	0x205
 215 0004 0400     		.2byte	0x4
 216 0006 00000000 		.4byte	.Ldebug_abbrev0
 217 000a 04       		.byte	0x4
 218 000b 01       		.uleb128 0x1
 219 000c 8E000000 		.4byte	.LASF19
 220 0010 01       		.byte	0x1
 221 0011 8F010000 		.4byte	.LASF20
 222 0015 3D000000 		.4byte	.LASF21
 223 0019 00000000 		.4byte	.Ldebug_ranges0+0
 224 001d 00000000 		.4byte	0
 225 0021 00000000 		.4byte	.Ldebug_line0
 226 0025 02       		.uleb128 0x2
 227 0026 04       		.byte	0x4
 228 0027 05       		.byte	0x5
ARM GAS  /tmp/cc8mL0s0.s 			page 5


 229 0028 696E7400 		.ascii	"int\000"
 230 002c 03       		.uleb128 0x3
 231 002d 21000000 		.4byte	.LASF2
 232 0031 02       		.byte	0x2
 233 0032 D4       		.byte	0xd4
 234 0033 37000000 		.4byte	0x37
 235 0037 04       		.uleb128 0x4
 236 0038 04       		.byte	0x4
 237 0039 07       		.byte	0x7
 238 003a E9010000 		.4byte	.LASF0
 239 003e 04       		.uleb128 0x4
 240 003f 01       		.byte	0x1
 241 0040 06       		.byte	0x6
 242 0041 C3010000 		.4byte	.LASF1
 243 0045 03       		.uleb128 0x3
 244 0046 50010000 		.4byte	.LASF3
 245 004a 03       		.byte	0x3
 246 004b 2A       		.byte	0x2a
 247 004c 50000000 		.4byte	0x50
 248 0050 04       		.uleb128 0x4
 249 0051 01       		.byte	0x1
 250 0052 08       		.byte	0x8
 251 0053 58010000 		.4byte	.LASF4
 252 0057 04       		.uleb128 0x4
 253 0058 02       		.byte	0x2
 254 0059 05       		.byte	0x5
 255 005a DF010000 		.4byte	.LASF5
 256 005e 04       		.uleb128 0x4
 257 005f 02       		.byte	0x2
 258 0060 07       		.byte	0x7
 259 0061 0E000000 		.4byte	.LASF6
 260 0065 04       		.uleb128 0x4
 261 0066 04       		.byte	0x4
 262 0067 05       		.byte	0x5
 263 0068 80010000 		.4byte	.LASF7
 264 006c 03       		.uleb128 0x3
 265 006d 77010000 		.4byte	.LASF8
 266 0071 03       		.byte	0x3
 267 0072 50       		.byte	0x50
 268 0073 77000000 		.4byte	0x77
 269 0077 04       		.uleb128 0x4
 270 0078 04       		.byte	0x4
 271 0079 07       		.byte	0x7
 272 007a 27010000 		.4byte	.LASF9
 273 007e 04       		.uleb128 0x4
 274 007f 08       		.byte	0x8
 275 0080 05       		.byte	0x5
 276 0081 00000000 		.4byte	.LASF10
 277 0085 04       		.uleb128 0x4
 278 0086 08       		.byte	0x8
 279 0087 07       		.byte	0x7
 280 0088 39010000 		.4byte	.LASF11
 281 008c 04       		.uleb128 0x4
 282 008d 01       		.byte	0x1
 283 008e 02       		.byte	0x2
 284 008f 89010000 		.4byte	.LASF12
 285 0093 05       		.uleb128 0x5
ARM GAS  /tmp/cc8mL0s0.s 			page 6


 286 0094 04       		.byte	0x4
 287 0095 04       		.uleb128 0x4
 288 0096 04       		.byte	0x4
 289 0097 07       		.byte	0x7
 290 0098 F6010000 		.4byte	.LASF13
 291 009c 04       		.uleb128 0x4
 292 009d 01       		.byte	0x1
 293 009e 08       		.byte	0x8
 294 009f 66010000 		.4byte	.LASF14
 295 00a3 06       		.uleb128 0x6
 296 00a4 04       		.byte	0x4
 297 00a5 45000000 		.4byte	0x45
 298 00a9 07       		.uleb128 0x7
 299 00aa B6010000 		.4byte	.LASF22
 300 00ae 01       		.byte	0x1
 301 00af 69       		.byte	0x69
 302 00b0 93000000 		.4byte	0x93
 303 00b4 01       		.byte	0x1
 304 00b5 CE000000 		.4byte	0xce
 305 00b9 08       		.uleb128 0x8
 306 00ba CF010000 		.4byte	.LASF23
 307 00be 01       		.byte	0x1
 308 00bf 69       		.byte	0x69
 309 00c0 2C000000 		.4byte	0x2c
 310 00c4 09       		.uleb128 0x9
 311 00c5 7000     		.ascii	"p\000"
 312 00c7 01       		.byte	0x1
 313 00c8 6A       		.byte	0x6a
 314 00c9 93000000 		.4byte	0x93
 315 00cd 00       		.byte	0
 316 00ce 0A       		.uleb128 0xa
 317 00cf D4010000 		.4byte	.LASF24
 318 00d3 01       		.byte	0x1
 319 00d4 3B       		.byte	0x3b
 320 00d5 00000000 		.4byte	.LFB7
 321 00d9 2C000000 		.4byte	.LFE7-.LFB7
 322 00dd 01       		.uleb128 0x1
 323 00de 9C       		.byte	0x9c
 324 00df FA000000 		.4byte	0xfa
 325 00e3 0B       		.uleb128 0xb
 326 00e4 80000000 		.4byte	.LASF15
 327 00e8 01       		.byte	0x1
 328 00e9 3D       		.byte	0x3d
 329 00ea FA000000 		.4byte	0xfa
 330 00ee 0B       		.uleb128 0xb
 331 00ef 30000000 		.4byte	.LASF16
 332 00f3 01       		.byte	0x1
 333 00f4 3E       		.byte	0x3e
 334 00f5 FA000000 		.4byte	0xfa
 335 00f9 00       		.byte	0
 336 00fa 0C       		.uleb128 0xc
 337 00fb 45000000 		.4byte	0x45
 338 00ff 05010000 		.4byte	0x105
 339 0103 0D       		.uleb128 0xd
 340 0104 00       		.byte	0
 341 0105 0E       		.uleb128 0xe
 342 0106 6B010000 		.4byte	.LASF25
ARM GAS  /tmp/cc8mL0s0.s 			page 7


 343 010a 01       		.byte	0x1
 344 010b 54       		.byte	0x54
 345 010c 93000000 		.4byte	0x93
 346 0110 00000000 		.4byte	.LFB8
 347 0114 36000000 		.4byte	.LFE8-.LFB8
 348 0118 01       		.uleb128 0x1
 349 0119 9C       		.byte	0x9c
 350 011a 97010000 		.4byte	0x197
 351 011e 0F       		.uleb128 0xf
 352 011f CF010000 		.4byte	.LASF23
 353 0123 01       		.byte	0x1
 354 0124 54       		.byte	0x54
 355 0125 2C000000 		.4byte	0x2c
 356 0129 00000000 		.4byte	.LLST0
 357 012d 09       		.uleb128 0x9
 358 012e 7000     		.ascii	"p\000"
 359 0130 01       		.byte	0x1
 360 0131 55       		.byte	0x55
 361 0132 93000000 		.4byte	0x93
 362 0136 10       		.uleb128 0x10
 363 0137 00000000 		.4byte	.LBB6
 364 013b 06000000 		.4byte	.LBE6-.LBB6
 365 013f 51010000 		.4byte	0x151
 366 0143 11       		.uleb128 0x11
 367 0144 746D7000 		.ascii	"tmp\000"
 368 0148 01       		.byte	0x1
 369 0149 57       		.byte	0x57
 370 014a 6C000000 		.4byte	0x6c
 371 014e 01       		.uleb128 0x1
 372 014f 53       		.byte	0x53
 373 0150 00       		.byte	0
 374 0151 12       		.uleb128 0x12
 375 0152 A9000000 		.4byte	0xa9
 376 0156 06000000 		.4byte	.LBB7
 377 015a 28000000 		.4byte	.LBE7-.LBB7
 378 015e 01       		.byte	0x1
 379 015f 58       		.byte	0x58
 380 0160 7F010000 		.4byte	0x17f
 381 0164 13       		.uleb128 0x13
 382 0165 B9000000 		.4byte	0xb9
 383 0169 2E000000 		.4byte	.LLST1
 384 016d 14       		.uleb128 0x14
 385 016e 06000000 		.4byte	.LBB8
 386 0172 28000000 		.4byte	.LBE8-.LBB8
 387 0176 15       		.uleb128 0x15
 388 0177 C4000000 		.4byte	0xc4
 389 017b 01       		.uleb128 0x1
 390 017c 51       		.byte	0x51
 391 017d 00       		.byte	0
 392 017e 00       		.byte	0
 393 017f 14       		.uleb128 0x14
 394 0180 2E000000 		.4byte	.LBB9
 395 0184 06000000 		.4byte	.LBE9-.LBB9
 396 0188 11       		.uleb128 0x11
 397 0189 746D7000 		.ascii	"tmp\000"
 398 018d 01       		.byte	0x1
 399 018e 59       		.byte	0x59
ARM GAS  /tmp/cc8mL0s0.s 			page 8


 400 018f 6C000000 		.4byte	0x6c
 401 0193 01       		.uleb128 0x1
 402 0194 53       		.byte	0x53
 403 0195 00       		.byte	0
 404 0196 00       		.byte	0
 405 0197 16       		.uleb128 0x16
 406 0198 A9000000 		.4byte	0xa9
 407 019c 00000000 		.4byte	.LFB9
 408 01a0 2A000000 		.4byte	.LFE9-.LFB9
 409 01a4 01       		.uleb128 0x1
 410 01a5 9C       		.byte	0x9c
 411 01a6 BB010000 		.4byte	0x1bb
 412 01aa 13       		.uleb128 0x13
 413 01ab B9000000 		.4byte	0xb9
 414 01af 6C000000 		.4byte	.LLST2
 415 01b3 15       		.uleb128 0x15
 416 01b4 C4000000 		.4byte	0xc4
 417 01b8 01       		.uleb128 0x1
 418 01b9 51       		.byte	0x51
 419 01ba 00       		.byte	0
 420 01bb 17       		.uleb128 0x17
 421 01bc FF010000 		.4byte	.LASF26
 422 01c0 01       		.byte	0x1
 423 01c1 7D       		.byte	0x7d
 424 01c2 2C000000 		.4byte	0x2c
 425 01c6 00000000 		.4byte	.LFB10
 426 01ca 18000000 		.4byte	.LFE10-.LFB10
 427 01ce 01       		.uleb128 0x1
 428 01cf 9C       		.byte	0x9c
 429 01d0 18       		.uleb128 0x18
 430 01d1 28000000 		.4byte	.LASF17
 431 01d5 01       		.byte	0x1
 432 01d6 33       		.byte	0x33
 433 01d7 A3000000 		.4byte	0xa3
 434 01db 05       		.uleb128 0x5
 435 01dc 03       		.byte	0x3
 436 01dd 00000000 		.4byte	nextmem
 437 01e1 18       		.uleb128 0x18
 438 01e2 AF010000 		.4byte	.LASF18
 439 01e6 01       		.byte	0x1
 440 01e7 34       		.byte	0x34
 441 01e8 A3000000 		.4byte	0xa3
 442 01ec 05       		.uleb128 0x5
 443 01ed 03       		.byte	0x3
 444 01ee 00000000 		.4byte	endmem
 445 01f2 0B       		.uleb128 0xb
 446 01f3 80000000 		.4byte	.LASF15
 447 01f7 01       		.byte	0x1
 448 01f8 3D       		.byte	0x3d
 449 01f9 FA000000 		.4byte	0xfa
 450 01fd 0B       		.uleb128 0xb
 451 01fe 30000000 		.4byte	.LASF16
 452 0202 01       		.byte	0x1
 453 0203 3E       		.byte	0x3e
 454 0204 FA000000 		.4byte	0xfa
 455 0208 00       		.byte	0
 456              		.section	.debug_abbrev,"",%progbits
ARM GAS  /tmp/cc8mL0s0.s 			page 9


 457              	.Ldebug_abbrev0:
 458 0000 01       		.uleb128 0x1
 459 0001 11       		.uleb128 0x11
 460 0002 01       		.byte	0x1
 461 0003 25       		.uleb128 0x25
 462 0004 0E       		.uleb128 0xe
 463 0005 13       		.uleb128 0x13
 464 0006 0B       		.uleb128 0xb
 465 0007 03       		.uleb128 0x3
 466 0008 0E       		.uleb128 0xe
 467 0009 1B       		.uleb128 0x1b
 468 000a 0E       		.uleb128 0xe
 469 000b 55       		.uleb128 0x55
 470 000c 17       		.uleb128 0x17
 471 000d 11       		.uleb128 0x11
 472 000e 01       		.uleb128 0x1
 473 000f 10       		.uleb128 0x10
 474 0010 17       		.uleb128 0x17
 475 0011 00       		.byte	0
 476 0012 00       		.byte	0
 477 0013 02       		.uleb128 0x2
 478 0014 24       		.uleb128 0x24
 479 0015 00       		.byte	0
 480 0016 0B       		.uleb128 0xb
 481 0017 0B       		.uleb128 0xb
 482 0018 3E       		.uleb128 0x3e
 483 0019 0B       		.uleb128 0xb
 484 001a 03       		.uleb128 0x3
 485 001b 08       		.uleb128 0x8
 486 001c 00       		.byte	0
 487 001d 00       		.byte	0
 488 001e 03       		.uleb128 0x3
 489 001f 16       		.uleb128 0x16
 490 0020 00       		.byte	0
 491 0021 03       		.uleb128 0x3
 492 0022 0E       		.uleb128 0xe
 493 0023 3A       		.uleb128 0x3a
 494 0024 0B       		.uleb128 0xb
 495 0025 3B       		.uleb128 0x3b
 496 0026 0B       		.uleb128 0xb
 497 0027 49       		.uleb128 0x49
 498 0028 13       		.uleb128 0x13
 499 0029 00       		.byte	0
 500 002a 00       		.byte	0
 501 002b 04       		.uleb128 0x4
 502 002c 24       		.uleb128 0x24
 503 002d 00       		.byte	0
 504 002e 0B       		.uleb128 0xb
 505 002f 0B       		.uleb128 0xb
 506 0030 3E       		.uleb128 0x3e
 507 0031 0B       		.uleb128 0xb
 508 0032 03       		.uleb128 0x3
 509 0033 0E       		.uleb128 0xe
 510 0034 00       		.byte	0
 511 0035 00       		.byte	0
 512 0036 05       		.uleb128 0x5
 513 0037 0F       		.uleb128 0xf
ARM GAS  /tmp/cc8mL0s0.s 			page 10


 514 0038 00       		.byte	0
 515 0039 0B       		.uleb128 0xb
 516 003a 0B       		.uleb128 0xb
 517 003b 00       		.byte	0
 518 003c 00       		.byte	0
 519 003d 06       		.uleb128 0x6
 520 003e 0F       		.uleb128 0xf
 521 003f 00       		.byte	0
 522 0040 0B       		.uleb128 0xb
 523 0041 0B       		.uleb128 0xb
 524 0042 49       		.uleb128 0x49
 525 0043 13       		.uleb128 0x13
 526 0044 00       		.byte	0
 527 0045 00       		.byte	0
 528 0046 07       		.uleb128 0x7
 529 0047 2E       		.uleb128 0x2e
 530 0048 01       		.byte	0x1
 531 0049 3F       		.uleb128 0x3f
 532 004a 19       		.uleb128 0x19
 533 004b 03       		.uleb128 0x3
 534 004c 0E       		.uleb128 0xe
 535 004d 3A       		.uleb128 0x3a
 536 004e 0B       		.uleb128 0xb
 537 004f 3B       		.uleb128 0x3b
 538 0050 0B       		.uleb128 0xb
 539 0051 27       		.uleb128 0x27
 540 0052 19       		.uleb128 0x19
 541 0053 49       		.uleb128 0x49
 542 0054 13       		.uleb128 0x13
 543 0055 20       		.uleb128 0x20
 544 0056 0B       		.uleb128 0xb
 545 0057 01       		.uleb128 0x1
 546 0058 13       		.uleb128 0x13
 547 0059 00       		.byte	0
 548 005a 00       		.byte	0
 549 005b 08       		.uleb128 0x8
 550 005c 05       		.uleb128 0x5
 551 005d 00       		.byte	0
 552 005e 03       		.uleb128 0x3
 553 005f 0E       		.uleb128 0xe
 554 0060 3A       		.uleb128 0x3a
 555 0061 0B       		.uleb128 0xb
 556 0062 3B       		.uleb128 0x3b
 557 0063 0B       		.uleb128 0xb
 558 0064 49       		.uleb128 0x49
 559 0065 13       		.uleb128 0x13
 560 0066 00       		.byte	0
 561 0067 00       		.byte	0
 562 0068 09       		.uleb128 0x9
 563 0069 34       		.uleb128 0x34
 564 006a 00       		.byte	0
 565 006b 03       		.uleb128 0x3
 566 006c 08       		.uleb128 0x8
 567 006d 3A       		.uleb128 0x3a
 568 006e 0B       		.uleb128 0xb
 569 006f 3B       		.uleb128 0x3b
 570 0070 0B       		.uleb128 0xb
ARM GAS  /tmp/cc8mL0s0.s 			page 11


 571 0071 49       		.uleb128 0x49
 572 0072 13       		.uleb128 0x13
 573 0073 00       		.byte	0
 574 0074 00       		.byte	0
 575 0075 0A       		.uleb128 0xa
 576 0076 2E       		.uleb128 0x2e
 577 0077 01       		.byte	0x1
 578 0078 3F       		.uleb128 0x3f
 579 0079 19       		.uleb128 0x19
 580 007a 03       		.uleb128 0x3
 581 007b 0E       		.uleb128 0xe
 582 007c 3A       		.uleb128 0x3a
 583 007d 0B       		.uleb128 0xb
 584 007e 3B       		.uleb128 0x3b
 585 007f 0B       		.uleb128 0xb
 586 0080 27       		.uleb128 0x27
 587 0081 19       		.uleb128 0x19
 588 0082 11       		.uleb128 0x11
 589 0083 01       		.uleb128 0x1
 590 0084 12       		.uleb128 0x12
 591 0085 06       		.uleb128 0x6
 592 0086 40       		.uleb128 0x40
 593 0087 18       		.uleb128 0x18
 594 0088 9742     		.uleb128 0x2117
 595 008a 19       		.uleb128 0x19
 596 008b 01       		.uleb128 0x1
 597 008c 13       		.uleb128 0x13
 598 008d 00       		.byte	0
 599 008e 00       		.byte	0
 600 008f 0B       		.uleb128 0xb
 601 0090 34       		.uleb128 0x34
 602 0091 00       		.byte	0
 603 0092 03       		.uleb128 0x3
 604 0093 0E       		.uleb128 0xe
 605 0094 3A       		.uleb128 0x3a
 606 0095 0B       		.uleb128 0xb
 607 0096 3B       		.uleb128 0x3b
 608 0097 0B       		.uleb128 0xb
 609 0098 49       		.uleb128 0x49
 610 0099 13       		.uleb128 0x13
 611 009a 3F       		.uleb128 0x3f
 612 009b 19       		.uleb128 0x19
 613 009c 3C       		.uleb128 0x3c
 614 009d 19       		.uleb128 0x19
 615 009e 00       		.byte	0
 616 009f 00       		.byte	0
 617 00a0 0C       		.uleb128 0xc
 618 00a1 01       		.uleb128 0x1
 619 00a2 01       		.byte	0x1
 620 00a3 49       		.uleb128 0x49
 621 00a4 13       		.uleb128 0x13
 622 00a5 01       		.uleb128 0x1
 623 00a6 13       		.uleb128 0x13
 624 00a7 00       		.byte	0
 625 00a8 00       		.byte	0
 626 00a9 0D       		.uleb128 0xd
 627 00aa 21       		.uleb128 0x21
ARM GAS  /tmp/cc8mL0s0.s 			page 12


 628 00ab 00       		.byte	0
 629 00ac 00       		.byte	0
 630 00ad 00       		.byte	0
 631 00ae 0E       		.uleb128 0xe
 632 00af 2E       		.uleb128 0x2e
 633 00b0 01       		.byte	0x1
 634 00b1 3F       		.uleb128 0x3f
 635 00b2 19       		.uleb128 0x19
 636 00b3 03       		.uleb128 0x3
 637 00b4 0E       		.uleb128 0xe
 638 00b5 3A       		.uleb128 0x3a
 639 00b6 0B       		.uleb128 0xb
 640 00b7 3B       		.uleb128 0x3b
 641 00b8 0B       		.uleb128 0xb
 642 00b9 27       		.uleb128 0x27
 643 00ba 19       		.uleb128 0x19
 644 00bb 49       		.uleb128 0x49
 645 00bc 13       		.uleb128 0x13
 646 00bd 11       		.uleb128 0x11
 647 00be 01       		.uleb128 0x1
 648 00bf 12       		.uleb128 0x12
 649 00c0 06       		.uleb128 0x6
 650 00c1 40       		.uleb128 0x40
 651 00c2 18       		.uleb128 0x18
 652 00c3 9742     		.uleb128 0x2117
 653 00c5 19       		.uleb128 0x19
 654 00c6 01       		.uleb128 0x1
 655 00c7 13       		.uleb128 0x13
 656 00c8 00       		.byte	0
 657 00c9 00       		.byte	0
 658 00ca 0F       		.uleb128 0xf
 659 00cb 05       		.uleb128 0x5
 660 00cc 00       		.byte	0
 661 00cd 03       		.uleb128 0x3
 662 00ce 0E       		.uleb128 0xe
 663 00cf 3A       		.uleb128 0x3a
 664 00d0 0B       		.uleb128 0xb
 665 00d1 3B       		.uleb128 0x3b
 666 00d2 0B       		.uleb128 0xb
 667 00d3 49       		.uleb128 0x49
 668 00d4 13       		.uleb128 0x13
 669 00d5 02       		.uleb128 0x2
 670 00d6 17       		.uleb128 0x17
 671 00d7 00       		.byte	0
 672 00d8 00       		.byte	0
 673 00d9 10       		.uleb128 0x10
 674 00da 0B       		.uleb128 0xb
 675 00db 01       		.byte	0x1
 676 00dc 11       		.uleb128 0x11
 677 00dd 01       		.uleb128 0x1
 678 00de 12       		.uleb128 0x12
 679 00df 06       		.uleb128 0x6
 680 00e0 01       		.uleb128 0x1
 681 00e1 13       		.uleb128 0x13
 682 00e2 00       		.byte	0
 683 00e3 00       		.byte	0
 684 00e4 11       		.uleb128 0x11
ARM GAS  /tmp/cc8mL0s0.s 			page 13


 685 00e5 34       		.uleb128 0x34
 686 00e6 00       		.byte	0
 687 00e7 03       		.uleb128 0x3
 688 00e8 08       		.uleb128 0x8
 689 00e9 3A       		.uleb128 0x3a
 690 00ea 0B       		.uleb128 0xb
 691 00eb 3B       		.uleb128 0x3b
 692 00ec 0B       		.uleb128 0xb
 693 00ed 49       		.uleb128 0x49
 694 00ee 13       		.uleb128 0x13
 695 00ef 02       		.uleb128 0x2
 696 00f0 18       		.uleb128 0x18
 697 00f1 00       		.byte	0
 698 00f2 00       		.byte	0
 699 00f3 12       		.uleb128 0x12
 700 00f4 1D       		.uleb128 0x1d
 701 00f5 01       		.byte	0x1
 702 00f6 31       		.uleb128 0x31
 703 00f7 13       		.uleb128 0x13
 704 00f8 11       		.uleb128 0x11
 705 00f9 01       		.uleb128 0x1
 706 00fa 12       		.uleb128 0x12
 707 00fb 06       		.uleb128 0x6
 708 00fc 58       		.uleb128 0x58
 709 00fd 0B       		.uleb128 0xb
 710 00fe 59       		.uleb128 0x59
 711 00ff 0B       		.uleb128 0xb
 712 0100 01       		.uleb128 0x1
 713 0101 13       		.uleb128 0x13
 714 0102 00       		.byte	0
 715 0103 00       		.byte	0
 716 0104 13       		.uleb128 0x13
 717 0105 05       		.uleb128 0x5
 718 0106 00       		.byte	0
 719 0107 31       		.uleb128 0x31
 720 0108 13       		.uleb128 0x13
 721 0109 02       		.uleb128 0x2
 722 010a 17       		.uleb128 0x17
 723 010b 00       		.byte	0
 724 010c 00       		.byte	0
 725 010d 14       		.uleb128 0x14
 726 010e 0B       		.uleb128 0xb
 727 010f 01       		.byte	0x1
 728 0110 11       		.uleb128 0x11
 729 0111 01       		.uleb128 0x1
 730 0112 12       		.uleb128 0x12
 731 0113 06       		.uleb128 0x6
 732 0114 00       		.byte	0
 733 0115 00       		.byte	0
 734 0116 15       		.uleb128 0x15
 735 0117 34       		.uleb128 0x34
 736 0118 00       		.byte	0
 737 0119 31       		.uleb128 0x31
 738 011a 13       		.uleb128 0x13
 739 011b 02       		.uleb128 0x2
 740 011c 18       		.uleb128 0x18
 741 011d 00       		.byte	0
ARM GAS  /tmp/cc8mL0s0.s 			page 14


 742 011e 00       		.byte	0
 743 011f 16       		.uleb128 0x16
 744 0120 2E       		.uleb128 0x2e
 745 0121 01       		.byte	0x1
 746 0122 31       		.uleb128 0x31
 747 0123 13       		.uleb128 0x13
 748 0124 11       		.uleb128 0x11
 749 0125 01       		.uleb128 0x1
 750 0126 12       		.uleb128 0x12
 751 0127 06       		.uleb128 0x6
 752 0128 40       		.uleb128 0x40
 753 0129 18       		.uleb128 0x18
 754 012a 9742     		.uleb128 0x2117
 755 012c 19       		.uleb128 0x19
 756 012d 01       		.uleb128 0x1
 757 012e 13       		.uleb128 0x13
 758 012f 00       		.byte	0
 759 0130 00       		.byte	0
 760 0131 17       		.uleb128 0x17
 761 0132 2E       		.uleb128 0x2e
 762 0133 00       		.byte	0
 763 0134 3F       		.uleb128 0x3f
 764 0135 19       		.uleb128 0x19
 765 0136 03       		.uleb128 0x3
 766 0137 0E       		.uleb128 0xe
 767 0138 3A       		.uleb128 0x3a
 768 0139 0B       		.uleb128 0xb
 769 013a 3B       		.uleb128 0x3b
 770 013b 0B       		.uleb128 0xb
 771 013c 27       		.uleb128 0x27
 772 013d 19       		.uleb128 0x19
 773 013e 49       		.uleb128 0x49
 774 013f 13       		.uleb128 0x13
 775 0140 11       		.uleb128 0x11
 776 0141 01       		.uleb128 0x1
 777 0142 12       		.uleb128 0x12
 778 0143 06       		.uleb128 0x6
 779 0144 40       		.uleb128 0x40
 780 0145 18       		.uleb128 0x18
 781 0146 9742     		.uleb128 0x2117
 782 0148 19       		.uleb128 0x19
 783 0149 00       		.byte	0
 784 014a 00       		.byte	0
 785 014b 18       		.uleb128 0x18
 786 014c 34       		.uleb128 0x34
 787 014d 00       		.byte	0
 788 014e 03       		.uleb128 0x3
 789 014f 0E       		.uleb128 0xe
 790 0150 3A       		.uleb128 0x3a
 791 0151 0B       		.uleb128 0xb
 792 0152 3B       		.uleb128 0x3b
 793 0153 0B       		.uleb128 0xb
 794 0154 49       		.uleb128 0x49
 795 0155 13       		.uleb128 0x13
 796 0156 02       		.uleb128 0x2
 797 0157 18       		.uleb128 0x18
 798 0158 00       		.byte	0
ARM GAS  /tmp/cc8mL0s0.s 			page 15


 799 0159 00       		.byte	0
 800 015a 00       		.byte	0
 801              		.section	.debug_loc,"",%progbits
 802              	.Ldebug_loc0:
 803              	.LLST0:
 804 0000 00000000 		.4byte	.LVL0
 805 0004 1C000000 		.4byte	.LVL2
 806 0008 0100     		.2byte	0x1
 807 000a 50       		.byte	0x50
 808 000b 1C000000 		.4byte	.LVL2
 809 000f 20000000 		.4byte	.LVL3
 810 0013 0300     		.2byte	0x3
 811 0015 70       		.byte	0x70
 812 0016 79       		.sleb128 -7
 813 0017 9F       		.byte	0x9f
 814 0018 20000000 		.4byte	.LVL3
 815 001c 36000000 		.4byte	.LFE8
 816 0020 0400     		.2byte	0x4
 817 0022 F3       		.byte	0xf3
 818 0023 01       		.uleb128 0x1
 819 0024 50       		.byte	0x50
 820 0025 9F       		.byte	0x9f
 821 0026 00000000 		.4byte	0
 822 002a 00000000 		.4byte	0
 823              	.LLST1:
 824 002e 06000000 		.4byte	.LVL1
 825 0032 1C000000 		.4byte	.LVL2
 826 0036 0100     		.2byte	0x1
 827 0038 50       		.byte	0x50
 828 0039 1C000000 		.4byte	.LVL2
 829 003d 20000000 		.4byte	.LVL3
 830 0041 0300     		.2byte	0x3
 831 0043 70       		.byte	0x70
 832 0044 79       		.sleb128 -7
 833 0045 9F       		.byte	0x9f
 834 0046 20000000 		.4byte	.LVL3
 835 004a 28000000 		.4byte	.LVL5
 836 004e 0100     		.2byte	0x1
 837 0050 50       		.byte	0x50
 838 0051 28000000 		.4byte	.LVL5
 839 0055 36000000 		.4byte	.LFE8
 840 0059 0900     		.2byte	0x9
 841 005b F3       		.byte	0xf3
 842 005c 01       		.uleb128 0x1
 843 005d 50       		.byte	0x50
 844 005e 23       		.byte	0x23
 845 005f 07       		.uleb128 0x7
 846 0060 09       		.byte	0x9
 847 0061 F8       		.byte	0xf8
 848 0062 1A       		.byte	0x1a
 849 0063 9F       		.byte	0x9f
 850 0064 00000000 		.4byte	0
 851 0068 00000000 		.4byte	0
 852              	.LLST2:
 853 006c 00000000 		.4byte	.LVL6
 854 0070 16000000 		.4byte	.LVL7
 855 0074 0100     		.2byte	0x1
ARM GAS  /tmp/cc8mL0s0.s 			page 16


 856 0076 50       		.byte	0x50
 857 0077 16000000 		.4byte	.LVL7
 858 007b 1A000000 		.4byte	.LVL8
 859 007f 0300     		.2byte	0x3
 860 0081 70       		.byte	0x70
 861 0082 79       		.sleb128 -7
 862 0083 9F       		.byte	0x9f
 863 0084 1A000000 		.4byte	.LVL8
 864 0088 22000000 		.4byte	.LVL10
 865 008c 0100     		.2byte	0x1
 866 008e 50       		.byte	0x50
 867 008f 22000000 		.4byte	.LVL10
 868 0093 2A000000 		.4byte	.LFE9
 869 0097 0900     		.2byte	0x9
 870 0099 F3       		.byte	0xf3
 871 009a 01       		.uleb128 0x1
 872 009b 50       		.byte	0x50
 873 009c 23       		.byte	0x23
 874 009d 07       		.uleb128 0x7
 875 009e 09       		.byte	0x9
 876 009f F8       		.byte	0xf8
 877 00a0 1A       		.byte	0x1a
 878 00a1 9F       		.byte	0x9f
 879 00a2 00000000 		.4byte	0
 880 00a6 00000000 		.4byte	0
 881              		.section	.debug_aranges,"",%progbits
 882 0000 34000000 		.4byte	0x34
 883 0004 0200     		.2byte	0x2
 884 0006 00000000 		.4byte	.Ldebug_info0
 885 000a 04       		.byte	0x4
 886 000b 00       		.byte	0
 887 000c 0000     		.2byte	0
 888 000e 0000     		.2byte	0
 889 0010 00000000 		.4byte	.LFB7
 890 0014 2C000000 		.4byte	.LFE7-.LFB7
 891 0018 00000000 		.4byte	.LFB8
 892 001c 36000000 		.4byte	.LFE8-.LFB8
 893 0020 00000000 		.4byte	.LFB9
 894 0024 2A000000 		.4byte	.LFE9-.LFB9
 895 0028 00000000 		.4byte	.LFB10
 896 002c 18000000 		.4byte	.LFE10-.LFB10
 897 0030 00000000 		.4byte	0
 898 0034 00000000 		.4byte	0
 899              		.section	.debug_ranges,"",%progbits
 900              	.Ldebug_ranges0:
 901 0000 00000000 		.4byte	.LFB7
 902 0004 2C000000 		.4byte	.LFE7
 903 0008 00000000 		.4byte	.LFB8
 904 000c 36000000 		.4byte	.LFE8
 905 0010 00000000 		.4byte	.LFB9
 906 0014 2A000000 		.4byte	.LFE9
 907 0018 00000000 		.4byte	.LFB10
 908 001c 18000000 		.4byte	.LFE10
 909 0020 00000000 		.4byte	0
 910 0024 00000000 		.4byte	0
 911              		.section	.debug_line,"",%progbits
 912              	.Ldebug_line0:
ARM GAS  /tmp/cc8mL0s0.s 			page 17


 913 0000 23010000 		.section	.debug_str,"MS",%progbits,1
 913      0200C000 
 913      00000201 
 913      FB0E0D00 
 913      01010101 
 914              	.LASF10:
 915 0000 6C6F6E67 		.ascii	"long long int\000"
 915      206C6F6E 
 915      6720696E 
 915      7400
 916              	.LASF6:
 917 000e 73686F72 		.ascii	"short unsigned int\000"
 917      7420756E 
 917      7369676E 
 917      65642069 
 917      6E7400
 918              	.LASF2:
 919 0021 73697A65 		.ascii	"size_t\000"
 919      5F7400
 920              	.LASF17:
 921 0028 6E657874 		.ascii	"nextmem\000"
 921      6D656D00 
 922              	.LASF16:
 923 0030 5F5F6865 		.ascii	"__heap_end__\000"
 923      61705F65 
 923      6E645F5F 
 923      00
 924              	.LASF21:
 925 003d 2F686F6D 		.ascii	"/home/daniofb/Programming/ChibiOS-RT/demos/ARMCM3-L"
 925      652F6461 
 925      6E696F66 
 925      622F5072 
 925      6F677261 
 926 0070 50433137 		.ascii	"PC1768-AKAIKABA\000"
 926      36382D41 
 926      4B41494B 
 926      41424100 
 927              	.LASF15:
 928 0080 5F5F6865 		.ascii	"__heap_base__\000"
 928      61705F62 
 928      6173655F 
 928      5F00
 929              	.LASF19:
 930 008e 474E5520 		.ascii	"GNU C 4.8.1 -mcpu=cortex-m3 -mno-thumb-interwork -m"
 930      4320342E 
 930      382E3120 
 930      2D6D6370 
 930      753D636F 
 931 00c1 7468756D 		.ascii	"thumb -mfloat-abi=soft -ggdb -O2 -fomit-frame-point"
 931      62202D6D 
 931      666C6F61 
 931      742D6162 
 931      693D736F 
 932 00f4 6572202D 		.ascii	"er -ffunction-sections -fdata-sections -fno-common\000"
 932      6666756E 
 932      6374696F 
 932      6E2D7365 
ARM GAS  /tmp/cc8mL0s0.s 			page 18


 932      6374696F 
 933              	.LASF9:
 934 0127 6C6F6E67 		.ascii	"long unsigned int\000"
 934      20756E73 
 934      69676E65 
 934      6420696E 
 934      7400
 935              	.LASF11:
 936 0139 6C6F6E67 		.ascii	"long long unsigned int\000"
 936      206C6F6E 
 936      6720756E 
 936      7369676E 
 936      65642069 
 937              	.LASF3:
 938 0150 75696E74 		.ascii	"uint8_t\000"
 938      385F7400 
 939              	.LASF4:
 940 0158 756E7369 		.ascii	"unsigned char\000"
 940      676E6564 
 940      20636861 
 940      7200
 941              	.LASF14:
 942 0166 63686172 		.ascii	"char\000"
 942      00
 943              	.LASF25:
 944 016b 6368436F 		.ascii	"chCoreAlloc\000"
 944      7265416C 
 944      6C6F6300 
 945              	.LASF8:
 946 0177 75696E74 		.ascii	"uint32_t\000"
 946      33325F74 
 946      00
 947              	.LASF7:
 948 0180 6C6F6E67 		.ascii	"long int\000"
 948      20696E74 
 948      00
 949              	.LASF12:
 950 0189 5F426F6F 		.ascii	"_Bool\000"
 950      6C00
 951              	.LASF20:
 952 018f 2E2E2F2E 		.ascii	"../../os/kernel/src/chmemcore.c\000"
 952      2E2F6F73 
 952      2F6B6572 
 952      6E656C2F 
 952      7372632F 
 953              	.LASF18:
 954 01af 656E646D 		.ascii	"endmem\000"
 954      656D00
 955              	.LASF22:
 956 01b6 6368436F 		.ascii	"chCoreAllocI\000"
 956      7265416C 
 956      6C6F6349 
 956      00
 957              	.LASF1:
 958 01c3 7369676E 		.ascii	"signed char\000"
 958      65642063 
 958      68617200 
ARM GAS  /tmp/cc8mL0s0.s 			page 19


 959              	.LASF23:
 960 01cf 73697A65 		.ascii	"size\000"
 960      00
 961              	.LASF24:
 962 01d4 5F636F72 		.ascii	"_core_init\000"
 962      655F696E 
 962      697400
 963              	.LASF5:
 964 01df 73686F72 		.ascii	"short int\000"
 964      7420696E 
 964      7400
 965              	.LASF0:
 966 01e9 756E7369 		.ascii	"unsigned int\000"
 966      676E6564 
 966      20696E74 
 966      00
 967              	.LASF13:
 968 01f6 73697A65 		.ascii	"sizetype\000"
 968      74797065 
 968      00
 969              	.LASF26:
 970 01ff 6368436F 		.ascii	"chCoreStatus\000"
 970      72655374 
 970      61747573 
 970      00
 971              		.ident	"GCC: (GNU) 4.8.1"
ARM GAS  /tmp/cc8mL0s0.s 			page 20


DEFINED SYMBOLS
                            *ABS*:0000000000000000 chmemcore.c
     /tmp/cc8mL0s0.s:19     .text._core_init:0000000000000000 $t
     /tmp/cc8mL0s0.s:24     .text._core_init:0000000000000000 _core_init
     /tmp/cc8mL0s0.s:196    .bss.endmem:0000000000000000 .LANCHOR1
     /tmp/cc8mL0s0.s:203    .bss.nextmem:0000000000000000 .LANCHOR0
     /tmp/cc8mL0s0.s:55     .text._core_init:0000000000000028 $d
     /tmp/cc8mL0s0.s:60     .text.chCoreAlloc:0000000000000000 $t
     /tmp/cc8mL0s0.s:65     .text.chCoreAlloc:0000000000000000 chCoreAlloc
     /tmp/cc8mL0s0.s:125    .text.chCoreAllocI:0000000000000000 $t
     /tmp/cc8mL0s0.s:130    .text.chCoreAllocI:0000000000000000 chCoreAllocI
     /tmp/cc8mL0s0.s:169    .text.chCoreStatus:0000000000000000 $t
     /tmp/cc8mL0s0.s:174    .text.chCoreStatus:0000000000000000 chCoreStatus
     /tmp/cc8mL0s0.s:195    .bss.endmem:0000000000000000 $d
     /tmp/cc8mL0s0.s:199    .bss.endmem:0000000000000000 endmem
     /tmp/cc8mL0s0.s:202    .bss.nextmem:0000000000000000 $d
     /tmp/cc8mL0s0.s:206    .bss.nextmem:0000000000000000 nextmem
                     .debug_frame:0000000000000010 $d

UNDEFINED SYMBOLS
__heap_end__
__heap_base__
