ARM GAS  /tmp/cca2zbW9.s 			page 1


   1              		.syntax unified
   2              		.cpu cortex-m3
   3              		.fpu softvfp
   4              		.eabi_attribute 20, 1
   5              		.eabi_attribute 21, 1
   6              		.eabi_attribute 23, 3
   7              		.eabi_attribute 24, 1
   8              		.eabi_attribute 25, 1
   9              		.eabi_attribute 26, 1
  10              		.eabi_attribute 30, 2
  11              		.eabi_attribute 34, 1
  12              		.eabi_attribute 18, 4
  13              		.thumb
  14              		.file	"chmempools.c"
  15              		.text
  16              	.Ltext0:
  17              		.cfi_sections	.debug_frame
  18              		.section	.text.chPoolInit,"ax",%progbits
  19              		.align	2
  20              		.global	chPoolInit
  21              		.thumb
  22              		.thumb_func
  23              		.type	chPoolInit, %function
  24              	chPoolInit:
  25              	.LFB7:
  26              		.file 1 "../../os/kernel/src/chmempools.c"
  27              		.loc 1 55 0
  28              		.cfi_startproc
  29              		@ args = 0, pretend = 0, frame = 0
  30              		@ frame_needed = 0, uses_anonymous_args = 0
  31              		@ link register save eliminated.
  32              	.LVL0:
  33              		.loc 1 59 0
  34 0000 0023     		movs	r3, #0
  35              		.loc 1 60 0
  36 0002 4160     		str	r1, [r0, #4]
  37              		.loc 1 61 0
  38 0004 8260     		str	r2, [r0, #8]
  39              		.loc 1 59 0
  40 0006 0360     		str	r3, [r0]
  41 0008 7047     		bx	lr
  42              		.cfi_endproc
  43              	.LFE7:
  44              		.size	chPoolInit, .-chPoolInit
  45 000a 00BF     		.section	.text.chPoolLoadArray,"ax",%progbits
  46              		.align	2
  47              		.global	chPoolLoadArray
  48              		.thumb
  49              		.thumb_func
  50              		.type	chPoolLoadArray, %function
  51              	chPoolLoadArray:
  52              	.LFB8:
  53              		.loc 1 77 0
  54              		.cfi_startproc
  55              		@ args = 0, pretend = 0, frame = 0
  56              		@ frame_needed = 0, uses_anonymous_args = 0
  57              		@ link register save eliminated.
ARM GAS  /tmp/cca2zbW9.s 			page 2


  58              	.LVL1:
  59 0000 10B4     		push	{r4}
  60              		.cfi_def_cfa_offset 4
  61              		.cfi_offset 4, -4
  62              		.loc 1 81 0
  63 0002 62B1     		cbz	r2, .L2
  64              	.LVL2:
  65              	.L5:
  66              	.LBB16:
  67              	.LBB17:
  68              		.loc 1 166 0
  69 0004 4023     		movs	r3, #64
  70              	@ 166 "../../os/kernel/src/chmempools.c" 1
  71 0006 83F31188 		msr     BASEPRI, r3
  72              	@ 0 "" 2
  73              	.LVL3:
  74              		.thumb
  75              	.LBE17:
  76              	.LBB18:
  77              	.LBB19:
  78              		.loc 1 148 0
  79 000a 0468     		ldr	r4, [r0]
  80              	.LBE19:
  81              	.LBE18:
  82              	.LBB21:
  83              		.loc 1 168 0
  84 000c 0023     		movs	r3, #0
  85              	.LBE21:
  86              	.LBB22:
  87              	.LBB20:
  88              		.loc 1 148 0
  89 000e 0C60     		str	r4, [r1]
  90              		.loc 1 149 0
  91 0010 0160     		str	r1, [r0]
  92              	.LBE20:
  93              	.LBE22:
  94              	.LBB23:
  95              		.loc 1 168 0
  96              	@ 168 "../../os/kernel/src/chmempools.c" 1
  97 0012 83F31188 		msr     BASEPRI, r3
  98              	@ 0 "" 2
  99              		.thumb
 100              	.LBE23:
 101              	.LBE16:
 102              		.loc 1 83 0
 103 0016 4368     		ldr	r3, [r0, #4]
 104              		.loc 1 81 0
 105 0018 013A     		subs	r2, r2, #1
 106              	.LVL4:
 107              		.loc 1 83 0
 108 001a 1944     		add	r1, r1, r3
 109              	.LVL5:
 110              		.loc 1 81 0
 111 001c F2D1     		bne	.L5
 112              	.LVL6:
 113              	.L2:
 114              		.loc 1 86 0
ARM GAS  /tmp/cca2zbW9.s 			page 3


 115 001e 5DF8044B 		ldr	r4, [sp], #4
 116 0022 7047     		bx	lr
 117              		.cfi_endproc
 118              	.LFE8:
 119              		.size	chPoolLoadArray, .-chPoolLoadArray
 120              		.section	.text.chPoolAllocI,"ax",%progbits
 121              		.align	2
 122              		.global	chPoolAllocI
 123              		.thumb
 124              		.thumb_func
 125              		.type	chPoolAllocI, %function
 126              	chPoolAllocI:
 127              	.LFB9:
 128              		.loc 1 98 0
 129              		.cfi_startproc
 130              		@ args = 0, pretend = 0, frame = 0
 131              		@ frame_needed = 0, uses_anonymous_args = 0
 132              	.LVL7:
 133 0000 08B5     		push	{r3, lr}
 134              		.cfi_def_cfa_offset 8
 135              		.cfi_offset 3, -8
 136              		.cfi_offset 14, -4
 137              		.loc 1 98 0
 138 0002 0346     		mov	r3, r0
 139              		.loc 1 104 0
 140 0004 0068     		ldr	r0, [r0]
 141              	.LVL8:
 142 0006 10B1     		cbz	r0, .L12
 143              		.loc 1 105 0
 144 0008 0268     		ldr	r2, [r0]
 145 000a 1A60     		str	r2, [r3]
 146 000c 08BD     		pop	{r3, pc}
 147              	.LVL9:
 148              	.L12:
 149              		.loc 1 106 0
 150 000e 9A68     		ldr	r2, [r3, #8]
 151 0010 0AB1     		cbz	r2, .L13
 152              		.loc 1 107 0
 153 0012 5868     		ldr	r0, [r3, #4]
 154              	.LVL10:
 155 0014 9047     		blx	r2
 156              	.LVL11:
 157              	.L13:
 158              		.loc 1 109 0
 159 0016 08BD     		pop	{r3, pc}
 160              		.cfi_endproc
 161              	.LFE9:
 162              		.size	chPoolAllocI, .-chPoolAllocI
 163              		.section	.text.chPoolAlloc,"ax",%progbits
 164              		.align	2
 165              		.global	chPoolAlloc
 166              		.thumb
 167              		.thumb_func
 168              		.type	chPoolAlloc, %function
 169              	chPoolAlloc:
 170              	.LFB10:
 171              		.loc 1 121 0
ARM GAS  /tmp/cca2zbW9.s 			page 4


 172              		.cfi_startproc
 173              		@ args = 0, pretend = 0, frame = 0
 174              		@ frame_needed = 0, uses_anonymous_args = 0
 175              	.LVL12:
 176 0000 08B5     		push	{r3, lr}
 177              		.cfi_def_cfa_offset 8
 178              		.cfi_offset 3, -8
 179              		.cfi_offset 14, -4
 180              		.loc 1 121 0
 181 0002 0246     		mov	r2, r0
 182              	.LBB24:
 183              		.loc 1 124 0
 184 0004 4023     		movs	r3, #64
 185              	@ 124 "../../os/kernel/src/chmempools.c" 1
 186 0006 83F31188 		msr     BASEPRI, r3
 187              	@ 0 "" 2
 188              	.LVL13:
 189              		.thumb
 190              	.LBE24:
 191              	.LBB25:
 192              	.LBB26:
 193              		.loc 1 104 0
 194 000a 0068     		ldr	r0, [r0]
 195              	.LVL14:
 196 000c 28B1     		cbz	r0, .L18
 197              		.loc 1 105 0
 198 000e 0368     		ldr	r3, [r0]
 199 0010 1360     		str	r3, [r2]
 200              	.L19:
 201              	.LBE26:
 202              	.LBE25:
 203              	.LBB28:
 204              		.loc 1 126 0
 205 0012 0023     		movs	r3, #0
 206              	@ 126 "../../os/kernel/src/chmempools.c" 1
 207 0014 83F31188 		msr     BASEPRI, r3
 208              	@ 0 "" 2
 209              		.thumb
 210              	.LBE28:
 211              		.loc 1 128 0
 212 0018 08BD     		pop	{r3, pc}
 213              	.L18:
 214              	.LBB29:
 215              	.LBB27:
 216              		.loc 1 106 0
 217 001a 9368     		ldr	r3, [r2, #8]
 218 001c 002B     		cmp	r3, #0
 219 001e F8D0     		beq	.L19
 220              		.loc 1 107 0
 221 0020 5068     		ldr	r0, [r2, #4]
 222              	.LVL15:
 223 0022 9847     		blx	r3
 224              	.LVL16:
 225              	.LBE27:
 226              	.LBE29:
 227              	.LBB30:
 228              		.loc 1 126 0
ARM GAS  /tmp/cca2zbW9.s 			page 5


 229 0024 0023     		movs	r3, #0
 230              	@ 126 "../../os/kernel/src/chmempools.c" 1
 231 0026 83F31188 		msr     BASEPRI, r3
 232              	@ 0 "" 2
 233              		.thumb
 234              	.LBE30:
 235              		.loc 1 128 0
 236 002a 08BD     		pop	{r3, pc}
 237              		.cfi_endproc
 238              	.LFE10:
 239              		.size	chPoolAlloc, .-chPoolAlloc
 240              		.section	.text.chPoolFreeI,"ax",%progbits
 241              		.align	2
 242              		.global	chPoolFreeI
 243              		.thumb
 244              		.thumb_func
 245              		.type	chPoolFreeI, %function
 246              	chPoolFreeI:
 247              	.LFB11:
 248              		.loc 1 142 0
 249              		.cfi_startproc
 250              		@ args = 0, pretend = 0, frame = 0
 251              		@ frame_needed = 0, uses_anonymous_args = 0
 252              		@ link register save eliminated.
 253              	.LVL17:
 254              		.loc 1 148 0
 255 0000 0368     		ldr	r3, [r0]
 256              	.LVL18:
 257 0002 0B60     		str	r3, [r1]
 258              		.loc 1 149 0
 259 0004 0160     		str	r1, [r0]
 260 0006 7047     		bx	lr
 261              		.cfi_endproc
 262              	.LFE11:
 263              		.size	chPoolFreeI, .-chPoolFreeI
 264              		.section	.text.chPoolFree,"ax",%progbits
 265              		.align	2
 266              		.global	chPoolFree
 267              		.thumb
 268              		.thumb_func
 269              		.type	chPoolFree, %function
 270              	chPoolFree:
 271              	.LFB12:
 272              		.loc 1 164 0
 273              		.cfi_startproc
 274              		@ args = 0, pretend = 0, frame = 0
 275              		@ frame_needed = 0, uses_anonymous_args = 0
 276              		@ link register save eliminated.
 277              	.LVL19:
 278              	.LBB31:
 279              		.loc 1 166 0
 280 0000 4023     		movs	r3, #64
 281              	@ 166 "../../os/kernel/src/chmempools.c" 1
 282 0002 83F31188 		msr     BASEPRI, r3
 283              	@ 0 "" 2
 284              	.LVL20:
 285              		.thumb
ARM GAS  /tmp/cca2zbW9.s 			page 6


 286              	.LBE31:
 287              	.LBB32:
 288              	.LBB33:
 289              		.loc 1 148 0
 290 0006 0268     		ldr	r2, [r0]
 291              	.LBE33:
 292              	.LBE32:
 293              	.LBB35:
 294              		.loc 1 168 0
 295 0008 0023     		movs	r3, #0
 296              	.LBE35:
 297              	.LBB36:
 298              	.LBB34:
 299              		.loc 1 148 0
 300 000a 0A60     		str	r2, [r1]
 301              		.loc 1 149 0
 302 000c 0160     		str	r1, [r0]
 303              	.LBE34:
 304              	.LBE36:
 305              	.LBB37:
 306              		.loc 1 168 0
 307              	@ 168 "../../os/kernel/src/chmempools.c" 1
 308 000e 83F31188 		msr     BASEPRI, r3
 309              	@ 0 "" 2
 310              		.thumb
 311 0012 7047     		bx	lr
 312              	.LBE37:
 313              		.cfi_endproc
 314              	.LFE12:
 315              		.size	chPoolFree, .-chPoolFree
 316              		.text
 317              	.Letext0:
 318              		.file 2 "/home/daniofb/arm-cm3-eabi/lib/gcc/arm-cm3-eabi/4.8.1/include/stddef.h"
 319              		.file 3 "/home/daniofb/arm-cm3-eabi/arm-cm3-eabi/sys-include/stdint.h"
 320              		.file 4 "../../os/kernel/include/chmemcore.h"
 321              		.file 5 "../../os/kernel/include/chmempools.h"
 322              		.section	.debug_info,"",%progbits
 323              	.Ldebug_info0:
 324 0000 EE030000 		.4byte	0x3ee
 325 0004 0400     		.2byte	0x4
 326 0006 00000000 		.4byte	.Ldebug_abbrev0
 327 000a 04       		.byte	0x4
 328 000b 01       		.uleb128 0x1
 329 000c 92000000 		.4byte	.LASF28
 330 0010 01       		.byte	0x1
 331 0011 71000000 		.4byte	.LASF29
 332 0015 E0010000 		.4byte	.LASF30
 333 0019 90000000 		.4byte	.Ldebug_ranges0+0x90
 334 001d 00000000 		.4byte	0
 335 0021 00000000 		.4byte	.Ldebug_line0
 336 0025 02       		.uleb128 0x2
 337 0026 04       		.byte	0x4
 338 0027 05       		.byte	0x5
 339 0028 696E7400 		.ascii	"int\000"
 340 002c 03       		.uleb128 0x3
 341 002d 00000000 		.4byte	.LASF2
 342 0031 02       		.byte	0x2
ARM GAS  /tmp/cca2zbW9.s 			page 7


 343 0032 D4       		.byte	0xd4
 344 0033 37000000 		.4byte	0x37
 345 0037 04       		.uleb128 0x4
 346 0038 04       		.byte	0x4
 347 0039 07       		.byte	0x7
 348 003a 53010000 		.4byte	.LASF0
 349 003e 04       		.uleb128 0x4
 350 003f 01       		.byte	0x1
 351 0040 06       		.byte	0x6
 352 0041 35020000 		.4byte	.LASF1
 353 0045 03       		.uleb128 0x3
 354 0046 77010000 		.4byte	.LASF3
 355 004a 03       		.byte	0x3
 356 004b 2A       		.byte	0x2a
 357 004c 50000000 		.4byte	0x50
 358 0050 04       		.uleb128 0x4
 359 0051 01       		.byte	0x1
 360 0052 08       		.byte	0x8
 361 0053 87010000 		.4byte	.LASF4
 362 0057 04       		.uleb128 0x4
 363 0058 02       		.byte	0x2
 364 0059 05       		.byte	0x5
 365 005a CA010000 		.4byte	.LASF5
 366 005e 04       		.uleb128 0x4
 367 005f 02       		.byte	0x2
 368 0060 07       		.byte	0x7
 369 0061 49000000 		.4byte	.LASF6
 370 0065 04       		.uleb128 0x4
 371 0066 04       		.byte	0x4
 372 0067 05       		.byte	0x5
 373 0068 2C020000 		.4byte	.LASF7
 374 006c 03       		.uleb128 0x3
 375 006d 23020000 		.4byte	.LASF8
 376 0071 03       		.byte	0x3
 377 0072 50       		.byte	0x50
 378 0073 77000000 		.4byte	0x77
 379 0077 04       		.uleb128 0x4
 380 0078 04       		.byte	0x4
 381 0079 07       		.byte	0x7
 382 007a 37000000 		.4byte	.LASF9
 383 007e 04       		.uleb128 0x4
 384 007f 08       		.byte	0x8
 385 0080 05       		.byte	0x5
 386 0081 9E010000 		.4byte	.LASF10
 387 0085 04       		.uleb128 0x4
 388 0086 08       		.byte	0x8
 389 0087 07       		.byte	0x7
 390 0088 60010000 		.4byte	.LASF11
 391 008c 04       		.uleb128 0x4
 392 008d 01       		.byte	0x1
 393 008e 02       		.byte	0x2
 394 008f 49020000 		.4byte	.LASF12
 395 0093 05       		.uleb128 0x5
 396 0094 04       		.byte	0x4
 397 0095 04       		.uleb128 0x4
 398 0096 04       		.byte	0x4
 399 0097 07       		.byte	0x7
ARM GAS  /tmp/cca2zbW9.s 			page 8


 400 0098 95010000 		.4byte	.LASF13
 401 009c 03       		.uleb128 0x3
 402 009d B1010000 		.4byte	.LASF14
 403 00a1 04       		.byte	0x4
 404 00a2 25       		.byte	0x25
 405 00a3 A7000000 		.4byte	0xa7
 406 00a7 06       		.uleb128 0x6
 407 00a8 04       		.byte	0x4
 408 00a9 AD000000 		.4byte	0xad
 409 00ad 07       		.uleb128 0x7
 410 00ae 93000000 		.4byte	0x93
 411 00b2 BC000000 		.4byte	0xbc
 412 00b6 08       		.uleb128 0x8
 413 00b7 2C000000 		.4byte	0x2c
 414 00bb 00       		.byte	0
 415 00bc 09       		.uleb128 0x9
 416 00bd 26000000 		.4byte	.LASF31
 417 00c1 04       		.byte	0x4
 418 00c2 05       		.byte	0x5
 419 00c3 25       		.byte	0x25
 420 00c4 D5000000 		.4byte	0xd5
 421 00c8 0A       		.uleb128 0xa
 422 00c9 7F010000 		.4byte	.LASF15
 423 00cd 05       		.byte	0x5
 424 00ce 26       		.byte	0x26
 425 00cf D5000000 		.4byte	0xd5
 426 00d3 00       		.byte	0
 427 00d4 00       		.byte	0
 428 00d5 06       		.uleb128 0x6
 429 00d6 04       		.byte	0x4
 430 00d7 BC000000 		.4byte	0xbc
 431 00db 0B       		.uleb128 0xb
 432 00dc 0C       		.byte	0xc
 433 00dd 05       		.byte	0x5
 434 00de 2D       		.byte	0x2d
 435 00df 08010000 		.4byte	0x108
 436 00e3 0A       		.uleb128 0xa
 437 00e4 41020000 		.4byte	.LASF16
 438 00e8 05       		.byte	0x5
 439 00e9 2E       		.byte	0x2e
 440 00ea D5000000 		.4byte	0xd5
 441 00ee 00       		.byte	0
 442 00ef 0A       		.uleb128 0xa
 443 00f0 07000000 		.4byte	.LASF17
 444 00f4 05       		.byte	0x5
 445 00f5 2F       		.byte	0x2f
 446 00f6 2C000000 		.4byte	0x2c
 447 00fa 04       		.byte	0x4
 448 00fb 0A       		.uleb128 0xa
 449 00fc BE010000 		.4byte	.LASF18
 450 0100 05       		.byte	0x5
 451 0101 31       		.byte	0x31
 452 0102 9C000000 		.4byte	0x9c
 453 0106 08       		.byte	0x8
 454 0107 00       		.byte	0
 455 0108 03       		.uleb128 0x3
 456 0109 36010000 		.4byte	.LASF19
ARM GAS  /tmp/cca2zbW9.s 			page 9


 457 010d 05       		.byte	0x5
 458 010e 33       		.byte	0x33
 459 010f DB000000 		.4byte	0xdb
 460 0113 04       		.uleb128 0x4
 461 0114 01       		.byte	0x1
 462 0115 08       		.byte	0x8
 463 0116 AC010000 		.4byte	.LASF20
 464 011a 0C       		.uleb128 0xc
 465 011b 46010000 		.4byte	.LASF32
 466 011f 01       		.byte	0x1
 467 0120 62       		.byte	0x62
 468 0121 93000000 		.4byte	0x93
 469 0125 01       		.byte	0x1
 470 0126 40010000 		.4byte	0x140
 471 012a 0D       		.uleb128 0xd
 472 012b 6D7000   		.ascii	"mp\000"
 473 012e 01       		.byte	0x1
 474 012f 62       		.byte	0x62
 475 0130 40010000 		.4byte	0x140
 476 0134 0E       		.uleb128 0xe
 477 0135 41010000 		.4byte	.LASF21
 478 0139 01       		.byte	0x1
 479 013a 63       		.byte	0x63
 480 013b 93000000 		.4byte	0x93
 481 013f 00       		.byte	0
 482 0140 06       		.uleb128 0x6
 483 0141 04       		.byte	0x4
 484 0142 08010000 		.4byte	0x108
 485 0146 0F       		.uleb128 0xf
 486 0147 65000000 		.4byte	.LASF22
 487 014b 01       		.byte	0x1
 488 014c 8E       		.byte	0x8e
 489 014d 01       		.byte	0x1
 490 014e 73010000 		.4byte	0x173
 491 0152 0D       		.uleb128 0xd
 492 0153 6D7000   		.ascii	"mp\000"
 493 0156 01       		.byte	0x1
 494 0157 8E       		.byte	0x8e
 495 0158 40010000 		.4byte	0x140
 496 015c 10       		.uleb128 0x10
 497 015d 41010000 		.4byte	.LASF21
 498 0161 01       		.byte	0x1
 499 0162 8E       		.byte	0x8e
 500 0163 93000000 		.4byte	0x93
 501 0167 11       		.uleb128 0x11
 502 0168 70687000 		.ascii	"php\000"
 503 016c 01       		.byte	0x1
 504 016d 8F       		.byte	0x8f
 505 016e D5000000 		.4byte	0xd5
 506 0172 00       		.byte	0
 507 0173 0F       		.uleb128 0xf
 508 0174 2B010000 		.4byte	.LASF23
 509 0178 01       		.byte	0x1
 510 0179 A4       		.byte	0xa4
 511 017a 01       		.byte	0x1
 512 017b B3010000 		.4byte	0x1b3
 513 017f 0D       		.uleb128 0xd
ARM GAS  /tmp/cca2zbW9.s 			page 10


 514 0180 6D7000   		.ascii	"mp\000"
 515 0183 01       		.byte	0x1
 516 0184 A4       		.byte	0xa4
 517 0185 40010000 		.4byte	0x140
 518 0189 10       		.uleb128 0x10
 519 018a 41010000 		.4byte	.LASF21
 520 018e 01       		.byte	0x1
 521 018f A4       		.byte	0xa4
 522 0190 93000000 		.4byte	0x93
 523 0194 12       		.uleb128 0x12
 524 0195 A5010000 		.4byte	0x1a5
 525 0199 11       		.uleb128 0x11
 526 019a 746D7000 		.ascii	"tmp\000"
 527 019e 01       		.byte	0x1
 528 019f A6       		.byte	0xa6
 529 01a0 6C000000 		.4byte	0x6c
 530 01a4 00       		.byte	0
 531 01a5 13       		.uleb128 0x13
 532 01a6 11       		.uleb128 0x11
 533 01a7 746D7000 		.ascii	"tmp\000"
 534 01ab 01       		.byte	0x1
 535 01ac A8       		.byte	0xa8
 536 01ad 6C000000 		.4byte	0x6c
 537 01b1 00       		.byte	0
 538 01b2 00       		.byte	0
 539 01b3 14       		.uleb128 0x14
 540 01b4 4F020000 		.4byte	.LASF26
 541 01b8 01       		.byte	0x1
 542 01b9 37       		.byte	0x37
 543 01ba 00000000 		.4byte	.LFB7
 544 01be 0A000000 		.4byte	.LFE7-.LFB7
 545 01c2 01       		.uleb128 0x1
 546 01c3 9C       		.byte	0x9c
 547 01c4 EF010000 		.4byte	0x1ef
 548 01c8 15       		.uleb128 0x15
 549 01c9 6D7000   		.ascii	"mp\000"
 550 01cc 01       		.byte	0x1
 551 01cd 37       		.byte	0x37
 552 01ce 40010000 		.4byte	0x140
 553 01d2 01       		.uleb128 0x1
 554 01d3 50       		.byte	0x50
 555 01d4 16       		.uleb128 0x16
 556 01d5 32000000 		.4byte	.LASF24
 557 01d9 01       		.byte	0x1
 558 01da 37       		.byte	0x37
 559 01db 2C000000 		.4byte	0x2c
 560 01df 01       		.uleb128 0x1
 561 01e0 51       		.byte	0x51
 562 01e1 16       		.uleb128 0x16
 563 01e2 5C000000 		.4byte	.LASF25
 564 01e6 01       		.byte	0x1
 565 01e7 37       		.byte	0x37
 566 01e8 9C000000 		.4byte	0x9c
 567 01ec 01       		.uleb128 0x1
 568 01ed 52       		.byte	0x52
 569 01ee 00       		.byte	0
 570 01ef 14       		.uleb128 0x14
ARM GAS  /tmp/cca2zbW9.s 			page 11


 571 01f0 16000000 		.4byte	.LASF27
 572 01f4 01       		.byte	0x1
 573 01f5 4D       		.byte	0x4d
 574 01f6 00000000 		.4byte	.LFB8
 575 01fa 24000000 		.4byte	.LFE8-.LFB8
 576 01fe 01       		.uleb128 0x1
 577 01ff 9C       		.byte	0x9c
 578 0200 A4020000 		.4byte	0x2a4
 579 0204 15       		.uleb128 0x15
 580 0205 6D7000   		.ascii	"mp\000"
 581 0208 01       		.byte	0x1
 582 0209 4D       		.byte	0x4d
 583 020a 40010000 		.4byte	0x140
 584 020e 01       		.uleb128 0x1
 585 020f 50       		.byte	0x50
 586 0210 17       		.uleb128 0x17
 587 0211 7000     		.ascii	"p\000"
 588 0213 01       		.byte	0x1
 589 0214 4D       		.byte	0x4d
 590 0215 93000000 		.4byte	0x93
 591 0219 00000000 		.4byte	.LLST0
 592 021d 17       		.uleb128 0x17
 593 021e 6E00     		.ascii	"n\000"
 594 0220 01       		.byte	0x1
 595 0221 4D       		.byte	0x4d
 596 0222 2C000000 		.4byte	0x2c
 597 0226 1E000000 		.4byte	.LLST1
 598 022a 18       		.uleb128 0x18
 599 022b 73010000 		.4byte	0x173
 600 022f 04000000 		.4byte	.LBB16
 601 0233 12000000 		.4byte	.LBE16-.LBB16
 602 0237 01       		.byte	0x1
 603 0238 52       		.byte	0x52
 604 0239 19       		.uleb128 0x19
 605 023a 89010000 		.4byte	0x189
 606 023e 49000000 		.4byte	.LLST2
 607 0242 19       		.uleb128 0x19
 608 0243 7F010000 		.4byte	0x17f
 609 0247 68000000 		.4byte	.LLST3
 610 024b 1A       		.uleb128 0x1a
 611 024c 04000000 		.4byte	.LBB17
 612 0250 06000000 		.4byte	.LBE17-.LBB17
 613 0254 60020000 		.4byte	0x260
 614 0258 1B       		.uleb128 0x1b
 615 0259 99010000 		.4byte	0x199
 616 025d 01       		.uleb128 0x1
 617 025e 53       		.byte	0x53
 618 025f 00       		.byte	0
 619 0260 1C       		.uleb128 0x1c
 620 0261 46010000 		.4byte	0x146
 621 0265 0A000000 		.4byte	.LBB18
 622 0269 00000000 		.4byte	.Ldebug_ranges0+0
 623 026d 01       		.byte	0x1
 624 026e A7       		.byte	0xa7
 625 026f 95020000 		.4byte	0x295
 626 0273 19       		.uleb128 0x19
 627 0274 5C010000 		.4byte	0x15c
ARM GAS  /tmp/cca2zbW9.s 			page 12


 628 0278 7B000000 		.4byte	.LLST4
 629 027c 19       		.uleb128 0x19
 630 027d 52010000 		.4byte	0x152
 631 0281 9A000000 		.4byte	.LLST5
 632 0285 1D       		.uleb128 0x1d
 633 0286 00000000 		.4byte	.Ldebug_ranges0+0
 634 028a 1E       		.uleb128 0x1e
 635 028b 67010000 		.4byte	0x167
 636 028f 7B000000 		.4byte	.LLST4
 637 0293 00       		.byte	0
 638 0294 00       		.byte	0
 639 0295 1D       		.uleb128 0x1d
 640 0296 18000000 		.4byte	.Ldebug_ranges0+0x18
 641 029a 1B       		.uleb128 0x1b
 642 029b A6010000 		.4byte	0x1a6
 643 029f 01       		.uleb128 0x1
 644 02a0 53       		.byte	0x53
 645 02a1 00       		.byte	0
 646 02a2 00       		.byte	0
 647 02a3 00       		.byte	0
 648 02a4 1F       		.uleb128 0x1f
 649 02a5 1A010000 		.4byte	0x11a
 650 02a9 00000000 		.4byte	.LFB9
 651 02ad 18000000 		.4byte	.LFE9-.LFB9
 652 02b1 01       		.uleb128 0x1
 653 02b2 9C       		.byte	0x9c
 654 02b3 CA020000 		.4byte	0x2ca
 655 02b7 19       		.uleb128 0x19
 656 02b8 2A010000 		.4byte	0x12a
 657 02bc AD000000 		.4byte	.LLST7
 658 02c0 1E       		.uleb128 0x1e
 659 02c1 34010000 		.4byte	0x134
 660 02c5 D9000000 		.4byte	.LLST8
 661 02c9 00       		.byte	0
 662 02ca 20       		.uleb128 0x20
 663 02cb D4010000 		.4byte	.LASF33
 664 02cf 01       		.byte	0x1
 665 02d0 79       		.byte	0x79
 666 02d1 93000000 		.4byte	0x93
 667 02d5 00000000 		.4byte	.LFB10
 668 02d9 2C000000 		.4byte	.LFE10-.LFB10
 669 02dd 01       		.uleb128 0x1
 670 02de 9C       		.byte	0x9c
 671 02df 59030000 		.4byte	0x359
 672 02e3 17       		.uleb128 0x17
 673 02e4 6D7000   		.ascii	"mp\000"
 674 02e7 01       		.byte	0x1
 675 02e8 79       		.byte	0x79
 676 02e9 40010000 		.4byte	0x140
 677 02ed 03010000 		.4byte	.LLST9
 678 02f1 21       		.uleb128 0x21
 679 02f2 41010000 		.4byte	.LASF21
 680 02f6 01       		.byte	0x1
 681 02f7 7A       		.byte	0x7a
 682 02f8 93000000 		.4byte	0x93
 683 02fc 01       		.uleb128 0x1
 684 02fd 50       		.byte	0x50
ARM GAS  /tmp/cca2zbW9.s 			page 13


 685 02fe 1A       		.uleb128 0x1a
 686 02ff 04000000 		.4byte	.LBB24
 687 0303 06000000 		.4byte	.LBE24-.LBB24
 688 0307 19030000 		.4byte	0x319
 689 030b 22       		.uleb128 0x22
 690 030c 746D7000 		.ascii	"tmp\000"
 691 0310 01       		.byte	0x1
 692 0311 7C       		.byte	0x7c
 693 0312 6C000000 		.4byte	0x6c
 694 0316 01       		.uleb128 0x1
 695 0317 53       		.byte	0x53
 696 0318 00       		.byte	0
 697 0319 1C       		.uleb128 0x1c
 698 031a 1A010000 		.4byte	0x11a
 699 031e 0A000000 		.4byte	.LBB25
 700 0322 30000000 		.4byte	.Ldebug_ranges0+0x30
 701 0326 01       		.byte	0x1
 702 0327 7D       		.byte	0x7d
 703 0328 45030000 		.4byte	0x345
 704 032c 19       		.uleb128 0x19
 705 032d 2A010000 		.4byte	0x12a
 706 0331 2F010000 		.4byte	.LLST10
 707 0335 1D       		.uleb128 0x1d
 708 0336 30000000 		.4byte	.Ldebug_ranges0+0x30
 709 033a 1E       		.uleb128 0x1e
 710 033b 34010000 		.4byte	0x134
 711 033f 5B010000 		.4byte	.LLST11
 712 0343 00       		.byte	0
 713 0344 00       		.byte	0
 714 0345 1D       		.uleb128 0x1d
 715 0346 48000000 		.4byte	.Ldebug_ranges0+0x48
 716 034a 22       		.uleb128 0x22
 717 034b 746D7000 		.ascii	"tmp\000"
 718 034f 01       		.byte	0x1
 719 0350 7E       		.byte	0x7e
 720 0351 6C000000 		.4byte	0x6c
 721 0355 01       		.uleb128 0x1
 722 0356 53       		.byte	0x53
 723 0357 00       		.byte	0
 724 0358 00       		.byte	0
 725 0359 23       		.uleb128 0x23
 726 035a 46010000 		.4byte	0x146
 727 035e 00000000 		.4byte	.LFB11
 728 0362 08000000 		.4byte	.LFE11-.LFB11
 729 0366 01       		.uleb128 0x1
 730 0367 9C       		.byte	0x9c
 731 0368 82030000 		.4byte	0x382
 732 036c 24       		.uleb128 0x24
 733 036d 52010000 		.4byte	0x152
 734 0371 01       		.uleb128 0x1
 735 0372 50       		.byte	0x50
 736 0373 24       		.uleb128 0x24
 737 0374 5C010000 		.4byte	0x15c
 738 0378 01       		.uleb128 0x1
 739 0379 51       		.byte	0x51
 740 037a 1B       		.uleb128 0x1b
 741 037b 67010000 		.4byte	0x167
ARM GAS  /tmp/cca2zbW9.s 			page 14


 742 037f 01       		.uleb128 0x1
 743 0380 51       		.byte	0x51
 744 0381 00       		.byte	0
 745 0382 25       		.uleb128 0x25
 746 0383 73010000 		.4byte	0x173
 747 0387 00000000 		.4byte	.LFB12
 748 038b 14000000 		.4byte	.LFE12-.LFB12
 749 038f 01       		.uleb128 0x1
 750 0390 9C       		.byte	0x9c
 751 0391 24       		.uleb128 0x24
 752 0392 7F010000 		.4byte	0x17f
 753 0396 01       		.uleb128 0x1
 754 0397 50       		.byte	0x50
 755 0398 24       		.uleb128 0x24
 756 0399 89010000 		.4byte	0x189
 757 039d 01       		.uleb128 0x1
 758 039e 51       		.byte	0x51
 759 039f 1A       		.uleb128 0x1a
 760 03a0 00000000 		.4byte	.LBB31
 761 03a4 06000000 		.4byte	.LBE31-.LBB31
 762 03a8 B4030000 		.4byte	0x3b4
 763 03ac 1B       		.uleb128 0x1b
 764 03ad 99010000 		.4byte	0x199
 765 03b1 01       		.uleb128 0x1
 766 03b2 53       		.byte	0x53
 767 03b3 00       		.byte	0
 768 03b4 1C       		.uleb128 0x1c
 769 03b5 46010000 		.4byte	0x146
 770 03b9 06000000 		.4byte	.LBB32
 771 03bd 60000000 		.4byte	.Ldebug_ranges0+0x60
 772 03c1 01       		.byte	0x1
 773 03c2 A7       		.byte	0xa7
 774 03c3 E3030000 		.4byte	0x3e3
 775 03c7 24       		.uleb128 0x24
 776 03c8 5C010000 		.4byte	0x15c
 777 03cc 01       		.uleb128 0x1
 778 03cd 51       		.byte	0x51
 779 03ce 24       		.uleb128 0x24
 780 03cf 52010000 		.4byte	0x152
 781 03d3 01       		.uleb128 0x1
 782 03d4 50       		.byte	0x50
 783 03d5 1D       		.uleb128 0x1d
 784 03d6 60000000 		.4byte	.Ldebug_ranges0+0x60
 785 03da 1B       		.uleb128 0x1b
 786 03db 67010000 		.4byte	0x167
 787 03df 01       		.uleb128 0x1
 788 03e0 51       		.byte	0x51
 789 03e1 00       		.byte	0
 790 03e2 00       		.byte	0
 791 03e3 1D       		.uleb128 0x1d
 792 03e4 78000000 		.4byte	.Ldebug_ranges0+0x78
 793 03e8 1B       		.uleb128 0x1b
 794 03e9 A6010000 		.4byte	0x1a6
 795 03ed 01       		.uleb128 0x1
 796 03ee 53       		.byte	0x53
 797 03ef 00       		.byte	0
 798 03f0 00       		.byte	0
ARM GAS  /tmp/cca2zbW9.s 			page 15


 799 03f1 00       		.byte	0
 800              		.section	.debug_abbrev,"",%progbits
 801              	.Ldebug_abbrev0:
 802 0000 01       		.uleb128 0x1
 803 0001 11       		.uleb128 0x11
 804 0002 01       		.byte	0x1
 805 0003 25       		.uleb128 0x25
 806 0004 0E       		.uleb128 0xe
 807 0005 13       		.uleb128 0x13
 808 0006 0B       		.uleb128 0xb
 809 0007 03       		.uleb128 0x3
 810 0008 0E       		.uleb128 0xe
 811 0009 1B       		.uleb128 0x1b
 812 000a 0E       		.uleb128 0xe
 813 000b 55       		.uleb128 0x55
 814 000c 17       		.uleb128 0x17
 815 000d 11       		.uleb128 0x11
 816 000e 01       		.uleb128 0x1
 817 000f 10       		.uleb128 0x10
 818 0010 17       		.uleb128 0x17
 819 0011 00       		.byte	0
 820 0012 00       		.byte	0
 821 0013 02       		.uleb128 0x2
 822 0014 24       		.uleb128 0x24
 823 0015 00       		.byte	0
 824 0016 0B       		.uleb128 0xb
 825 0017 0B       		.uleb128 0xb
 826 0018 3E       		.uleb128 0x3e
 827 0019 0B       		.uleb128 0xb
 828 001a 03       		.uleb128 0x3
 829 001b 08       		.uleb128 0x8
 830 001c 00       		.byte	0
 831 001d 00       		.byte	0
 832 001e 03       		.uleb128 0x3
 833 001f 16       		.uleb128 0x16
 834 0020 00       		.byte	0
 835 0021 03       		.uleb128 0x3
 836 0022 0E       		.uleb128 0xe
 837 0023 3A       		.uleb128 0x3a
 838 0024 0B       		.uleb128 0xb
 839 0025 3B       		.uleb128 0x3b
 840 0026 0B       		.uleb128 0xb
 841 0027 49       		.uleb128 0x49
 842 0028 13       		.uleb128 0x13
 843 0029 00       		.byte	0
 844 002a 00       		.byte	0
 845 002b 04       		.uleb128 0x4
 846 002c 24       		.uleb128 0x24
 847 002d 00       		.byte	0
 848 002e 0B       		.uleb128 0xb
 849 002f 0B       		.uleb128 0xb
 850 0030 3E       		.uleb128 0x3e
 851 0031 0B       		.uleb128 0xb
 852 0032 03       		.uleb128 0x3
 853 0033 0E       		.uleb128 0xe
 854 0034 00       		.byte	0
 855 0035 00       		.byte	0
ARM GAS  /tmp/cca2zbW9.s 			page 16


 856 0036 05       		.uleb128 0x5
 857 0037 0F       		.uleb128 0xf
 858 0038 00       		.byte	0
 859 0039 0B       		.uleb128 0xb
 860 003a 0B       		.uleb128 0xb
 861 003b 00       		.byte	0
 862 003c 00       		.byte	0
 863 003d 06       		.uleb128 0x6
 864 003e 0F       		.uleb128 0xf
 865 003f 00       		.byte	0
 866 0040 0B       		.uleb128 0xb
 867 0041 0B       		.uleb128 0xb
 868 0042 49       		.uleb128 0x49
 869 0043 13       		.uleb128 0x13
 870 0044 00       		.byte	0
 871 0045 00       		.byte	0
 872 0046 07       		.uleb128 0x7
 873 0047 15       		.uleb128 0x15
 874 0048 01       		.byte	0x1
 875 0049 27       		.uleb128 0x27
 876 004a 19       		.uleb128 0x19
 877 004b 49       		.uleb128 0x49
 878 004c 13       		.uleb128 0x13
 879 004d 01       		.uleb128 0x1
 880 004e 13       		.uleb128 0x13
 881 004f 00       		.byte	0
 882 0050 00       		.byte	0
 883 0051 08       		.uleb128 0x8
 884 0052 05       		.uleb128 0x5
 885 0053 00       		.byte	0
 886 0054 49       		.uleb128 0x49
 887 0055 13       		.uleb128 0x13
 888 0056 00       		.byte	0
 889 0057 00       		.byte	0
 890 0058 09       		.uleb128 0x9
 891 0059 13       		.uleb128 0x13
 892 005a 01       		.byte	0x1
 893 005b 03       		.uleb128 0x3
 894 005c 0E       		.uleb128 0xe
 895 005d 0B       		.uleb128 0xb
 896 005e 0B       		.uleb128 0xb
 897 005f 3A       		.uleb128 0x3a
 898 0060 0B       		.uleb128 0xb
 899 0061 3B       		.uleb128 0x3b
 900 0062 0B       		.uleb128 0xb
 901 0063 01       		.uleb128 0x1
 902 0064 13       		.uleb128 0x13
 903 0065 00       		.byte	0
 904 0066 00       		.byte	0
 905 0067 0A       		.uleb128 0xa
 906 0068 0D       		.uleb128 0xd
 907 0069 00       		.byte	0
 908 006a 03       		.uleb128 0x3
 909 006b 0E       		.uleb128 0xe
 910 006c 3A       		.uleb128 0x3a
 911 006d 0B       		.uleb128 0xb
 912 006e 3B       		.uleb128 0x3b
ARM GAS  /tmp/cca2zbW9.s 			page 17


 913 006f 0B       		.uleb128 0xb
 914 0070 49       		.uleb128 0x49
 915 0071 13       		.uleb128 0x13
 916 0072 38       		.uleb128 0x38
 917 0073 0B       		.uleb128 0xb
 918 0074 00       		.byte	0
 919 0075 00       		.byte	0
 920 0076 0B       		.uleb128 0xb
 921 0077 13       		.uleb128 0x13
 922 0078 01       		.byte	0x1
 923 0079 0B       		.uleb128 0xb
 924 007a 0B       		.uleb128 0xb
 925 007b 3A       		.uleb128 0x3a
 926 007c 0B       		.uleb128 0xb
 927 007d 3B       		.uleb128 0x3b
 928 007e 0B       		.uleb128 0xb
 929 007f 01       		.uleb128 0x1
 930 0080 13       		.uleb128 0x13
 931 0081 00       		.byte	0
 932 0082 00       		.byte	0
 933 0083 0C       		.uleb128 0xc
 934 0084 2E       		.uleb128 0x2e
 935 0085 01       		.byte	0x1
 936 0086 3F       		.uleb128 0x3f
 937 0087 19       		.uleb128 0x19
 938 0088 03       		.uleb128 0x3
 939 0089 0E       		.uleb128 0xe
 940 008a 3A       		.uleb128 0x3a
 941 008b 0B       		.uleb128 0xb
 942 008c 3B       		.uleb128 0x3b
 943 008d 0B       		.uleb128 0xb
 944 008e 27       		.uleb128 0x27
 945 008f 19       		.uleb128 0x19
 946 0090 49       		.uleb128 0x49
 947 0091 13       		.uleb128 0x13
 948 0092 20       		.uleb128 0x20
 949 0093 0B       		.uleb128 0xb
 950 0094 01       		.uleb128 0x1
 951 0095 13       		.uleb128 0x13
 952 0096 00       		.byte	0
 953 0097 00       		.byte	0
 954 0098 0D       		.uleb128 0xd
 955 0099 05       		.uleb128 0x5
 956 009a 00       		.byte	0
 957 009b 03       		.uleb128 0x3
 958 009c 08       		.uleb128 0x8
 959 009d 3A       		.uleb128 0x3a
 960 009e 0B       		.uleb128 0xb
 961 009f 3B       		.uleb128 0x3b
 962 00a0 0B       		.uleb128 0xb
 963 00a1 49       		.uleb128 0x49
 964 00a2 13       		.uleb128 0x13
 965 00a3 00       		.byte	0
 966 00a4 00       		.byte	0
 967 00a5 0E       		.uleb128 0xe
 968 00a6 34       		.uleb128 0x34
 969 00a7 00       		.byte	0
ARM GAS  /tmp/cca2zbW9.s 			page 18


 970 00a8 03       		.uleb128 0x3
 971 00a9 0E       		.uleb128 0xe
 972 00aa 3A       		.uleb128 0x3a
 973 00ab 0B       		.uleb128 0xb
 974 00ac 3B       		.uleb128 0x3b
 975 00ad 0B       		.uleb128 0xb
 976 00ae 49       		.uleb128 0x49
 977 00af 13       		.uleb128 0x13
 978 00b0 00       		.byte	0
 979 00b1 00       		.byte	0
 980 00b2 0F       		.uleb128 0xf
 981 00b3 2E       		.uleb128 0x2e
 982 00b4 01       		.byte	0x1
 983 00b5 3F       		.uleb128 0x3f
 984 00b6 19       		.uleb128 0x19
 985 00b7 03       		.uleb128 0x3
 986 00b8 0E       		.uleb128 0xe
 987 00b9 3A       		.uleb128 0x3a
 988 00ba 0B       		.uleb128 0xb
 989 00bb 3B       		.uleb128 0x3b
 990 00bc 0B       		.uleb128 0xb
 991 00bd 27       		.uleb128 0x27
 992 00be 19       		.uleb128 0x19
 993 00bf 20       		.uleb128 0x20
 994 00c0 0B       		.uleb128 0xb
 995 00c1 01       		.uleb128 0x1
 996 00c2 13       		.uleb128 0x13
 997 00c3 00       		.byte	0
 998 00c4 00       		.byte	0
 999 00c5 10       		.uleb128 0x10
 1000 00c6 05       		.uleb128 0x5
 1001 00c7 00       		.byte	0
 1002 00c8 03       		.uleb128 0x3
 1003 00c9 0E       		.uleb128 0xe
 1004 00ca 3A       		.uleb128 0x3a
 1005 00cb 0B       		.uleb128 0xb
 1006 00cc 3B       		.uleb128 0x3b
 1007 00cd 0B       		.uleb128 0xb
 1008 00ce 49       		.uleb128 0x49
 1009 00cf 13       		.uleb128 0x13
 1010 00d0 00       		.byte	0
 1011 00d1 00       		.byte	0
 1012 00d2 11       		.uleb128 0x11
 1013 00d3 34       		.uleb128 0x34
 1014 00d4 00       		.byte	0
 1015 00d5 03       		.uleb128 0x3
 1016 00d6 08       		.uleb128 0x8
 1017 00d7 3A       		.uleb128 0x3a
 1018 00d8 0B       		.uleb128 0xb
 1019 00d9 3B       		.uleb128 0x3b
 1020 00da 0B       		.uleb128 0xb
 1021 00db 49       		.uleb128 0x49
 1022 00dc 13       		.uleb128 0x13
 1023 00dd 00       		.byte	0
 1024 00de 00       		.byte	0
 1025 00df 12       		.uleb128 0x12
 1026 00e0 0B       		.uleb128 0xb
ARM GAS  /tmp/cca2zbW9.s 			page 19


 1027 00e1 01       		.byte	0x1
 1028 00e2 01       		.uleb128 0x1
 1029 00e3 13       		.uleb128 0x13
 1030 00e4 00       		.byte	0
 1031 00e5 00       		.byte	0
 1032 00e6 13       		.uleb128 0x13
 1033 00e7 0B       		.uleb128 0xb
 1034 00e8 01       		.byte	0x1
 1035 00e9 00       		.byte	0
 1036 00ea 00       		.byte	0
 1037 00eb 14       		.uleb128 0x14
 1038 00ec 2E       		.uleb128 0x2e
 1039 00ed 01       		.byte	0x1
 1040 00ee 3F       		.uleb128 0x3f
 1041 00ef 19       		.uleb128 0x19
 1042 00f0 03       		.uleb128 0x3
 1043 00f1 0E       		.uleb128 0xe
 1044 00f2 3A       		.uleb128 0x3a
 1045 00f3 0B       		.uleb128 0xb
 1046 00f4 3B       		.uleb128 0x3b
 1047 00f5 0B       		.uleb128 0xb
 1048 00f6 27       		.uleb128 0x27
 1049 00f7 19       		.uleb128 0x19
 1050 00f8 11       		.uleb128 0x11
 1051 00f9 01       		.uleb128 0x1
 1052 00fa 12       		.uleb128 0x12
 1053 00fb 06       		.uleb128 0x6
 1054 00fc 40       		.uleb128 0x40
 1055 00fd 18       		.uleb128 0x18
 1056 00fe 9742     		.uleb128 0x2117
 1057 0100 19       		.uleb128 0x19
 1058 0101 01       		.uleb128 0x1
 1059 0102 13       		.uleb128 0x13
 1060 0103 00       		.byte	0
 1061 0104 00       		.byte	0
 1062 0105 15       		.uleb128 0x15
 1063 0106 05       		.uleb128 0x5
 1064 0107 00       		.byte	0
 1065 0108 03       		.uleb128 0x3
 1066 0109 08       		.uleb128 0x8
 1067 010a 3A       		.uleb128 0x3a
 1068 010b 0B       		.uleb128 0xb
 1069 010c 3B       		.uleb128 0x3b
 1070 010d 0B       		.uleb128 0xb
 1071 010e 49       		.uleb128 0x49
 1072 010f 13       		.uleb128 0x13
 1073 0110 02       		.uleb128 0x2
 1074 0111 18       		.uleb128 0x18
 1075 0112 00       		.byte	0
 1076 0113 00       		.byte	0
 1077 0114 16       		.uleb128 0x16
 1078 0115 05       		.uleb128 0x5
 1079 0116 00       		.byte	0
 1080 0117 03       		.uleb128 0x3
 1081 0118 0E       		.uleb128 0xe
 1082 0119 3A       		.uleb128 0x3a
 1083 011a 0B       		.uleb128 0xb
ARM GAS  /tmp/cca2zbW9.s 			page 20


 1084 011b 3B       		.uleb128 0x3b
 1085 011c 0B       		.uleb128 0xb
 1086 011d 49       		.uleb128 0x49
 1087 011e 13       		.uleb128 0x13
 1088 011f 02       		.uleb128 0x2
 1089 0120 18       		.uleb128 0x18
 1090 0121 00       		.byte	0
 1091 0122 00       		.byte	0
 1092 0123 17       		.uleb128 0x17
 1093 0124 05       		.uleb128 0x5
 1094 0125 00       		.byte	0
 1095 0126 03       		.uleb128 0x3
 1096 0127 08       		.uleb128 0x8
 1097 0128 3A       		.uleb128 0x3a
 1098 0129 0B       		.uleb128 0xb
 1099 012a 3B       		.uleb128 0x3b
 1100 012b 0B       		.uleb128 0xb
 1101 012c 49       		.uleb128 0x49
 1102 012d 13       		.uleb128 0x13
 1103 012e 02       		.uleb128 0x2
 1104 012f 17       		.uleb128 0x17
 1105 0130 00       		.byte	0
 1106 0131 00       		.byte	0
 1107 0132 18       		.uleb128 0x18
 1108 0133 1D       		.uleb128 0x1d
 1109 0134 01       		.byte	0x1
 1110 0135 31       		.uleb128 0x31
 1111 0136 13       		.uleb128 0x13
 1112 0137 11       		.uleb128 0x11
 1113 0138 01       		.uleb128 0x1
 1114 0139 12       		.uleb128 0x12
 1115 013a 06       		.uleb128 0x6
 1116 013b 58       		.uleb128 0x58
 1117 013c 0B       		.uleb128 0xb
 1118 013d 59       		.uleb128 0x59
 1119 013e 0B       		.uleb128 0xb
 1120 013f 00       		.byte	0
 1121 0140 00       		.byte	0
 1122 0141 19       		.uleb128 0x19
 1123 0142 05       		.uleb128 0x5
 1124 0143 00       		.byte	0
 1125 0144 31       		.uleb128 0x31
 1126 0145 13       		.uleb128 0x13
 1127 0146 02       		.uleb128 0x2
 1128 0147 17       		.uleb128 0x17
 1129 0148 00       		.byte	0
 1130 0149 00       		.byte	0
 1131 014a 1A       		.uleb128 0x1a
 1132 014b 0B       		.uleb128 0xb
 1133 014c 01       		.byte	0x1
 1134 014d 11       		.uleb128 0x11
 1135 014e 01       		.uleb128 0x1
 1136 014f 12       		.uleb128 0x12
 1137 0150 06       		.uleb128 0x6
 1138 0151 01       		.uleb128 0x1
 1139 0152 13       		.uleb128 0x13
 1140 0153 00       		.byte	0
ARM GAS  /tmp/cca2zbW9.s 			page 21


 1141 0154 00       		.byte	0
 1142 0155 1B       		.uleb128 0x1b
 1143 0156 34       		.uleb128 0x34
 1144 0157 00       		.byte	0
 1145 0158 31       		.uleb128 0x31
 1146 0159 13       		.uleb128 0x13
 1147 015a 02       		.uleb128 0x2
 1148 015b 18       		.uleb128 0x18
 1149 015c 00       		.byte	0
 1150 015d 00       		.byte	0
 1151 015e 1C       		.uleb128 0x1c
 1152 015f 1D       		.uleb128 0x1d
 1153 0160 01       		.byte	0x1
 1154 0161 31       		.uleb128 0x31
 1155 0162 13       		.uleb128 0x13
 1156 0163 52       		.uleb128 0x52
 1157 0164 01       		.uleb128 0x1
 1158 0165 55       		.uleb128 0x55
 1159 0166 17       		.uleb128 0x17
 1160 0167 58       		.uleb128 0x58
 1161 0168 0B       		.uleb128 0xb
 1162 0169 59       		.uleb128 0x59
 1163 016a 0B       		.uleb128 0xb
 1164 016b 01       		.uleb128 0x1
 1165 016c 13       		.uleb128 0x13
 1166 016d 00       		.byte	0
 1167 016e 00       		.byte	0
 1168 016f 1D       		.uleb128 0x1d
 1169 0170 0B       		.uleb128 0xb
 1170 0171 01       		.byte	0x1
 1171 0172 55       		.uleb128 0x55
 1172 0173 17       		.uleb128 0x17
 1173 0174 00       		.byte	0
 1174 0175 00       		.byte	0
 1175 0176 1E       		.uleb128 0x1e
 1176 0177 34       		.uleb128 0x34
 1177 0178 00       		.byte	0
 1178 0179 31       		.uleb128 0x31
 1179 017a 13       		.uleb128 0x13
 1180 017b 02       		.uleb128 0x2
 1181 017c 17       		.uleb128 0x17
 1182 017d 00       		.byte	0
 1183 017e 00       		.byte	0
 1184 017f 1F       		.uleb128 0x1f
 1185 0180 2E       		.uleb128 0x2e
 1186 0181 01       		.byte	0x1
 1187 0182 31       		.uleb128 0x31
 1188 0183 13       		.uleb128 0x13
 1189 0184 11       		.uleb128 0x11
 1190 0185 01       		.uleb128 0x1
 1191 0186 12       		.uleb128 0x12
 1192 0187 06       		.uleb128 0x6
 1193 0188 40       		.uleb128 0x40
 1194 0189 18       		.uleb128 0x18
 1195 018a 9642     		.uleb128 0x2116
 1196 018c 19       		.uleb128 0x19
 1197 018d 01       		.uleb128 0x1
ARM GAS  /tmp/cca2zbW9.s 			page 22


 1198 018e 13       		.uleb128 0x13
 1199 018f 00       		.byte	0
 1200 0190 00       		.byte	0
 1201 0191 20       		.uleb128 0x20
 1202 0192 2E       		.uleb128 0x2e
 1203 0193 01       		.byte	0x1
 1204 0194 3F       		.uleb128 0x3f
 1205 0195 19       		.uleb128 0x19
 1206 0196 03       		.uleb128 0x3
 1207 0197 0E       		.uleb128 0xe
 1208 0198 3A       		.uleb128 0x3a
 1209 0199 0B       		.uleb128 0xb
 1210 019a 3B       		.uleb128 0x3b
 1211 019b 0B       		.uleb128 0xb
 1212 019c 27       		.uleb128 0x27
 1213 019d 19       		.uleb128 0x19
 1214 019e 49       		.uleb128 0x49
 1215 019f 13       		.uleb128 0x13
 1216 01a0 11       		.uleb128 0x11
 1217 01a1 01       		.uleb128 0x1
 1218 01a2 12       		.uleb128 0x12
 1219 01a3 06       		.uleb128 0x6
 1220 01a4 40       		.uleb128 0x40
 1221 01a5 18       		.uleb128 0x18
 1222 01a6 9642     		.uleb128 0x2116
 1223 01a8 19       		.uleb128 0x19
 1224 01a9 01       		.uleb128 0x1
 1225 01aa 13       		.uleb128 0x13
 1226 01ab 00       		.byte	0
 1227 01ac 00       		.byte	0
 1228 01ad 21       		.uleb128 0x21
 1229 01ae 34       		.uleb128 0x34
 1230 01af 00       		.byte	0
 1231 01b0 03       		.uleb128 0x3
 1232 01b1 0E       		.uleb128 0xe
 1233 01b2 3A       		.uleb128 0x3a
 1234 01b3 0B       		.uleb128 0xb
 1235 01b4 3B       		.uleb128 0x3b
 1236 01b5 0B       		.uleb128 0xb
 1237 01b6 49       		.uleb128 0x49
 1238 01b7 13       		.uleb128 0x13
 1239 01b8 02       		.uleb128 0x2
 1240 01b9 18       		.uleb128 0x18
 1241 01ba 00       		.byte	0
 1242 01bb 00       		.byte	0
 1243 01bc 22       		.uleb128 0x22
 1244 01bd 34       		.uleb128 0x34
 1245 01be 00       		.byte	0
 1246 01bf 03       		.uleb128 0x3
 1247 01c0 08       		.uleb128 0x8
 1248 01c1 3A       		.uleb128 0x3a
 1249 01c2 0B       		.uleb128 0xb
 1250 01c3 3B       		.uleb128 0x3b
 1251 01c4 0B       		.uleb128 0xb
 1252 01c5 49       		.uleb128 0x49
 1253 01c6 13       		.uleb128 0x13
 1254 01c7 02       		.uleb128 0x2
ARM GAS  /tmp/cca2zbW9.s 			page 23


 1255 01c8 18       		.uleb128 0x18
 1256 01c9 00       		.byte	0
 1257 01ca 00       		.byte	0
 1258 01cb 23       		.uleb128 0x23
 1259 01cc 2E       		.uleb128 0x2e
 1260 01cd 01       		.byte	0x1
 1261 01ce 31       		.uleb128 0x31
 1262 01cf 13       		.uleb128 0x13
 1263 01d0 11       		.uleb128 0x11
 1264 01d1 01       		.uleb128 0x1
 1265 01d2 12       		.uleb128 0x12
 1266 01d3 06       		.uleb128 0x6
 1267 01d4 40       		.uleb128 0x40
 1268 01d5 18       		.uleb128 0x18
 1269 01d6 9742     		.uleb128 0x2117
 1270 01d8 19       		.uleb128 0x19
 1271 01d9 01       		.uleb128 0x1
 1272 01da 13       		.uleb128 0x13
 1273 01db 00       		.byte	0
 1274 01dc 00       		.byte	0
 1275 01dd 24       		.uleb128 0x24
 1276 01de 05       		.uleb128 0x5
 1277 01df 00       		.byte	0
 1278 01e0 31       		.uleb128 0x31
 1279 01e1 13       		.uleb128 0x13
 1280 01e2 02       		.uleb128 0x2
 1281 01e3 18       		.uleb128 0x18
 1282 01e4 00       		.byte	0
 1283 01e5 00       		.byte	0
 1284 01e6 25       		.uleb128 0x25
 1285 01e7 2E       		.uleb128 0x2e
 1286 01e8 01       		.byte	0x1
 1287 01e9 31       		.uleb128 0x31
 1288 01ea 13       		.uleb128 0x13
 1289 01eb 11       		.uleb128 0x11
 1290 01ec 01       		.uleb128 0x1
 1291 01ed 12       		.uleb128 0x12
 1292 01ee 06       		.uleb128 0x6
 1293 01ef 40       		.uleb128 0x40
 1294 01f0 18       		.uleb128 0x18
 1295 01f1 9742     		.uleb128 0x2117
 1296 01f3 19       		.uleb128 0x19
 1297 01f4 00       		.byte	0
 1298 01f5 00       		.byte	0
 1299 01f6 00       		.byte	0
 1300              		.section	.debug_loc,"",%progbits
 1301              	.Ldebug_loc0:
 1302              	.LLST0:
 1303 0000 00000000 		.4byte	.LVL1
 1304 0004 1C000000 		.4byte	.LVL5
 1305 0008 0100     		.2byte	0x1
 1306 000a 51       		.byte	0x51
 1307 000b 1C000000 		.4byte	.LVL5
 1308 000f 24000000 		.4byte	.LFE8
 1309 0013 0100     		.2byte	0x1
 1310 0015 51       		.byte	0x51
 1311 0016 00000000 		.4byte	0
ARM GAS  /tmp/cca2zbW9.s 			page 24


 1312 001a 00000000 		.4byte	0
 1313              	.LLST1:
 1314 001e 00000000 		.4byte	.LVL1
 1315 0022 04000000 		.4byte	.LVL2
 1316 0026 0100     		.2byte	0x1
 1317 0028 52       		.byte	0x52
 1318 0029 04000000 		.4byte	.LVL2
 1319 002d 1A000000 		.4byte	.LVL4
 1320 0031 0100     		.2byte	0x1
 1321 0033 52       		.byte	0x52
 1322 0034 1A000000 		.4byte	.LVL4
 1323 0038 1C000000 		.4byte	.LVL5
 1324 003c 0300     		.2byte	0x3
 1325 003e 72       		.byte	0x72
 1326 003f 01       		.sleb128 1
 1327 0040 9F       		.byte	0x9f
 1328 0041 00000000 		.4byte	0
 1329 0045 00000000 		.4byte	0
 1330              	.LLST2:
 1331 0049 04000000 		.4byte	.LVL2
 1332 004d 1C000000 		.4byte	.LVL5
 1333 0051 0100     		.2byte	0x1
 1334 0053 51       		.byte	0x51
 1335 0054 1C000000 		.4byte	.LVL5
 1336 0058 1E000000 		.4byte	.LVL6
 1337 005c 0200     		.2byte	0x2
 1338 005e 70       		.byte	0x70
 1339 005f 00       		.sleb128 0
 1340 0060 00000000 		.4byte	0
 1341 0064 00000000 		.4byte	0
 1342              	.LLST3:
 1343 0068 04000000 		.4byte	.LVL2
 1344 006c 1E000000 		.4byte	.LVL6
 1345 0070 0100     		.2byte	0x1
 1346 0072 50       		.byte	0x50
 1347 0073 00000000 		.4byte	0
 1348 0077 00000000 		.4byte	0
 1349              	.LLST4:
 1350 007b 0A000000 		.4byte	.LVL3
 1351 007f 1C000000 		.4byte	.LVL5
 1352 0083 0100     		.2byte	0x1
 1353 0085 51       		.byte	0x51
 1354 0086 1C000000 		.4byte	.LVL5
 1355 008a 1E000000 		.4byte	.LVL6
 1356 008e 0200     		.2byte	0x2
 1357 0090 70       		.byte	0x70
 1358 0091 00       		.sleb128 0
 1359 0092 00000000 		.4byte	0
 1360 0096 00000000 		.4byte	0
 1361              	.LLST5:
 1362 009a 0A000000 		.4byte	.LVL3
 1363 009e 1E000000 		.4byte	.LVL6
 1364 00a2 0100     		.2byte	0x1
 1365 00a4 50       		.byte	0x50
 1366 00a5 00000000 		.4byte	0
 1367 00a9 00000000 		.4byte	0
 1368              	.LLST7:
ARM GAS  /tmp/cca2zbW9.s 			page 25


 1369 00ad 00000000 		.4byte	.LVL7
 1370 00b1 06000000 		.4byte	.LVL8
 1371 00b5 0100     		.2byte	0x1
 1372 00b7 50       		.byte	0x50
 1373 00b8 06000000 		.4byte	.LVL8
 1374 00bc 15000000 		.4byte	.LVL11-1
 1375 00c0 0100     		.2byte	0x1
 1376 00c2 53       		.byte	0x53
 1377 00c3 15000000 		.4byte	.LVL11-1
 1378 00c7 18000000 		.4byte	.LFE9
 1379 00cb 0400     		.2byte	0x4
 1380 00cd F3       		.byte	0xf3
 1381 00ce 01       		.uleb128 0x1
 1382 00cf 50       		.byte	0x50
 1383 00d0 9F       		.byte	0x9f
 1384 00d1 00000000 		.4byte	0
 1385 00d5 00000000 		.4byte	0
 1386              	.LLST8:
 1387 00d9 06000000 		.4byte	.LVL8
 1388 00dd 14000000 		.4byte	.LVL10
 1389 00e1 0100     		.2byte	0x1
 1390 00e3 50       		.byte	0x50
 1391 00e4 14000000 		.4byte	.LVL10
 1392 00e8 15000000 		.4byte	.LVL11-1
 1393 00ec 0200     		.2byte	0x2
 1394 00ee 73       		.byte	0x73
 1395 00ef 00       		.sleb128 0
 1396 00f0 16000000 		.4byte	.LVL11
 1397 00f4 18000000 		.4byte	.LFE9
 1398 00f8 0100     		.2byte	0x1
 1399 00fa 50       		.byte	0x50
 1400 00fb 00000000 		.4byte	0
 1401 00ff 00000000 		.4byte	0
 1402              	.LLST9:
 1403 0103 00000000 		.4byte	.LVL12
 1404 0107 0C000000 		.4byte	.LVL14
 1405 010b 0100     		.2byte	0x1
 1406 010d 50       		.byte	0x50
 1407 010e 0C000000 		.4byte	.LVL14
 1408 0112 23000000 		.4byte	.LVL16-1
 1409 0116 0100     		.2byte	0x1
 1410 0118 52       		.byte	0x52
 1411 0119 23000000 		.4byte	.LVL16-1
 1412 011d 2C000000 		.4byte	.LFE10
 1413 0121 0400     		.2byte	0x4
 1414 0123 F3       		.byte	0xf3
 1415 0124 01       		.uleb128 0x1
 1416 0125 50       		.byte	0x50
 1417 0126 9F       		.byte	0x9f
 1418 0127 00000000 		.4byte	0
 1419 012b 00000000 		.4byte	0
 1420              	.LLST10:
 1421 012f 0A000000 		.4byte	.LVL13
 1422 0133 0C000000 		.4byte	.LVL14
 1423 0137 0100     		.2byte	0x1
 1424 0139 50       		.byte	0x50
 1425 013a 0C000000 		.4byte	.LVL14
ARM GAS  /tmp/cca2zbW9.s 			page 26


 1426 013e 23000000 		.4byte	.LVL16-1
 1427 0142 0100     		.2byte	0x1
 1428 0144 52       		.byte	0x52
 1429 0145 23000000 		.4byte	.LVL16-1
 1430 0149 2C000000 		.4byte	.LFE10
 1431 014d 0400     		.2byte	0x4
 1432 014f F3       		.byte	0xf3
 1433 0150 01       		.uleb128 0x1
 1434 0151 50       		.byte	0x50
 1435 0152 9F       		.byte	0x9f
 1436 0153 00000000 		.4byte	0
 1437 0157 00000000 		.4byte	0
 1438              	.LLST11:
 1439 015b 0C000000 		.4byte	.LVL14
 1440 015f 22000000 		.4byte	.LVL15
 1441 0163 0100     		.2byte	0x1
 1442 0165 50       		.byte	0x50
 1443 0166 22000000 		.4byte	.LVL15
 1444 016a 23000000 		.4byte	.LVL16-1
 1445 016e 0200     		.2byte	0x2
 1446 0170 72       		.byte	0x72
 1447 0171 00       		.sleb128 0
 1448 0172 24000000 		.4byte	.LVL16
 1449 0176 2C000000 		.4byte	.LFE10
 1450 017a 0100     		.2byte	0x1
 1451 017c 50       		.byte	0x50
 1452 017d 00000000 		.4byte	0
 1453 0181 00000000 		.4byte	0
 1454              		.section	.debug_aranges,"",%progbits
 1455 0000 44000000 		.4byte	0x44
 1456 0004 0200     		.2byte	0x2
 1457 0006 00000000 		.4byte	.Ldebug_info0
 1458 000a 04       		.byte	0x4
 1459 000b 00       		.byte	0
 1460 000c 0000     		.2byte	0
 1461 000e 0000     		.2byte	0
 1462 0010 00000000 		.4byte	.LFB7
 1463 0014 0A000000 		.4byte	.LFE7-.LFB7
 1464 0018 00000000 		.4byte	.LFB8
 1465 001c 24000000 		.4byte	.LFE8-.LFB8
 1466 0020 00000000 		.4byte	.LFB9
 1467 0024 18000000 		.4byte	.LFE9-.LFB9
 1468 0028 00000000 		.4byte	.LFB10
 1469 002c 2C000000 		.4byte	.LFE10-.LFB10
 1470 0030 00000000 		.4byte	.LFB11
 1471 0034 08000000 		.4byte	.LFE11-.LFB11
 1472 0038 00000000 		.4byte	.LFB12
 1473 003c 14000000 		.4byte	.LFE12-.LFB12
 1474 0040 00000000 		.4byte	0
 1475 0044 00000000 		.4byte	0
 1476              		.section	.debug_ranges,"",%progbits
 1477              	.Ldebug_ranges0:
 1478 0000 0A000000 		.4byte	.LBB18
 1479 0004 0C000000 		.4byte	.LBE18
 1480 0008 0E000000 		.4byte	.LBB22
 1481 000c 12000000 		.4byte	.LBE22
 1482 0010 00000000 		.4byte	0
ARM GAS  /tmp/cca2zbW9.s 			page 27


 1483 0014 00000000 		.4byte	0
 1484 0018 0C000000 		.4byte	.LBB21
 1485 001c 0E000000 		.4byte	.LBE21
 1486 0020 12000000 		.4byte	.LBB23
 1487 0024 16000000 		.4byte	.LBE23
 1488 0028 00000000 		.4byte	0
 1489 002c 00000000 		.4byte	0
 1490 0030 0A000000 		.4byte	.LBB25
 1491 0034 12000000 		.4byte	.LBE25
 1492 0038 1A000000 		.4byte	.LBB29
 1493 003c 24000000 		.4byte	.LBE29
 1494 0040 00000000 		.4byte	0
 1495 0044 00000000 		.4byte	0
 1496 0048 12000000 		.4byte	.LBB28
 1497 004c 18000000 		.4byte	.LBE28
 1498 0050 24000000 		.4byte	.LBB30
 1499 0054 2A000000 		.4byte	.LBE30
 1500 0058 00000000 		.4byte	0
 1501 005c 00000000 		.4byte	0
 1502 0060 06000000 		.4byte	.LBB32
 1503 0064 08000000 		.4byte	.LBE32
 1504 0068 0A000000 		.4byte	.LBB36
 1505 006c 0E000000 		.4byte	.LBE36
 1506 0070 00000000 		.4byte	0
 1507 0074 00000000 		.4byte	0
 1508 0078 08000000 		.4byte	.LBB35
 1509 007c 0A000000 		.4byte	.LBE35
 1510 0080 0E000000 		.4byte	.LBB37
 1511 0084 14000000 		.4byte	.LBE37
 1512 0088 00000000 		.4byte	0
 1513 008c 00000000 		.4byte	0
 1514 0090 00000000 		.4byte	.LFB7
 1515 0094 0A000000 		.4byte	.LFE7
 1516 0098 00000000 		.4byte	.LFB8
 1517 009c 24000000 		.4byte	.LFE8
 1518 00a0 00000000 		.4byte	.LFB9
 1519 00a4 18000000 		.4byte	.LFE9
 1520 00a8 00000000 		.4byte	.LFB10
 1521 00ac 2C000000 		.4byte	.LFE10
 1522 00b0 00000000 		.4byte	.LFB11
 1523 00b4 08000000 		.4byte	.LFE11
 1524 00b8 00000000 		.4byte	.LFB12
 1525 00bc 14000000 		.4byte	.LFE12
 1526 00c0 00000000 		.4byte	0
 1527 00c4 00000000 		.4byte	0
 1528              		.section	.debug_line,"",%progbits
 1529              	.Ldebug_line0:
 1530 0000 A3010000 		.section	.debug_str,"MS",%progbits,1
 1530      0200F800 
 1530      00000201 
 1530      FB0E0D00 
 1530      01010101 
 1531              	.LASF2:
 1532 0000 73697A65 		.ascii	"size_t\000"
 1532      5F7400
 1533              	.LASF17:
 1534 0007 6D705F6F 		.ascii	"mp_object_size\000"
ARM GAS  /tmp/cca2zbW9.s 			page 28


 1534      626A6563 
 1534      745F7369 
 1534      7A6500
 1535              	.LASF27:
 1536 0016 6368506F 		.ascii	"chPoolLoadArray\000"
 1536      6F6C4C6F 
 1536      61644172 
 1536      72617900 
 1537              	.LASF31:
 1538 0026 706F6F6C 		.ascii	"pool_header\000"
 1538      5F686561 
 1538      64657200 
 1539              	.LASF24:
 1540 0032 73697A65 		.ascii	"size\000"
 1540      00
 1541              	.LASF9:
 1542 0037 6C6F6E67 		.ascii	"long unsigned int\000"
 1542      20756E73 
 1542      69676E65 
 1542      6420696E 
 1542      7400
 1543              	.LASF6:
 1544 0049 73686F72 		.ascii	"short unsigned int\000"
 1544      7420756E 
 1544      7369676E 
 1544      65642069 
 1544      6E7400
 1545              	.LASF25:
 1546 005c 70726F76 		.ascii	"provider\000"
 1546      69646572 
 1546      00
 1547              	.LASF22:
 1548 0065 6368506F 		.ascii	"chPoolFreeI\000"
 1548      6F6C4672 
 1548      65654900 
 1549              	.LASF29:
 1550 0071 2E2E2F2E 		.ascii	"../../os/kernel/src/chmempools.c\000"
 1550      2E2F6F73 
 1550      2F6B6572 
 1550      6E656C2F 
 1550      7372632F 
 1551              	.LASF28:
 1552 0092 474E5520 		.ascii	"GNU C 4.8.1 -mcpu=cortex-m3 -mno-thumb-interwork -m"
 1552      4320342E 
 1552      382E3120 
 1552      2D6D6370 
 1552      753D636F 
 1553 00c5 7468756D 		.ascii	"thumb -mfloat-abi=soft -ggdb -O2 -fomit-frame-point"
 1553      62202D6D 
 1553      666C6F61 
 1553      742D6162 
 1553      693D736F 
 1554 00f8 6572202D 		.ascii	"er -ffunction-sections -fdata-sections -fno-common\000"
 1554      6666756E 
 1554      6374696F 
 1554      6E2D7365 
 1554      6374696F 
ARM GAS  /tmp/cca2zbW9.s 			page 29


 1555              	.LASF23:
 1556 012b 6368506F 		.ascii	"chPoolFree\000"
 1556      6F6C4672 
 1556      656500
 1557              	.LASF19:
 1558 0136 4D656D6F 		.ascii	"MemoryPool\000"
 1558      7279506F 
 1558      6F6C00
 1559              	.LASF21:
 1560 0141 6F626A70 		.ascii	"objp\000"
 1560      00
 1561              	.LASF32:
 1562 0146 6368506F 		.ascii	"chPoolAllocI\000"
 1562      6F6C416C 
 1562      6C6F6349 
 1562      00
 1563              	.LASF0:
 1564 0153 756E7369 		.ascii	"unsigned int\000"
 1564      676E6564 
 1564      20696E74 
 1564      00
 1565              	.LASF11:
 1566 0160 6C6F6E67 		.ascii	"long long unsigned int\000"
 1566      206C6F6E 
 1566      6720756E 
 1566      7369676E 
 1566      65642069 
 1567              	.LASF3:
 1568 0177 75696E74 		.ascii	"uint8_t\000"
 1568      385F7400 
 1569              	.LASF15:
 1570 017f 70685F6E 		.ascii	"ph_next\000"
 1570      65787400 
 1571              	.LASF4:
 1572 0187 756E7369 		.ascii	"unsigned char\000"
 1572      676E6564 
 1572      20636861 
 1572      7200
 1573              	.LASF13:
 1574 0195 73697A65 		.ascii	"sizetype\000"
 1574      74797065 
 1574      00
 1575              	.LASF10:
 1576 019e 6C6F6E67 		.ascii	"long long int\000"
 1576      206C6F6E 
 1576      6720696E 
 1576      7400
 1577              	.LASF20:
 1578 01ac 63686172 		.ascii	"char\000"
 1578      00
 1579              	.LASF14:
 1580 01b1 6D656D67 		.ascii	"memgetfunc_t\000"
 1580      65746675 
 1580      6E635F74 
 1580      00
 1581              	.LASF18:
 1582 01be 6D705F70 		.ascii	"mp_provider\000"
ARM GAS  /tmp/cca2zbW9.s 			page 30


 1582      726F7669 
 1582      64657200 
 1583              	.LASF5:
 1584 01ca 73686F72 		.ascii	"short int\000"
 1584      7420696E 
 1584      7400
 1585              	.LASF33:
 1586 01d4 6368506F 		.ascii	"chPoolAlloc\000"
 1586      6F6C416C 
 1586      6C6F6300 
 1587              	.LASF30:
 1588 01e0 2F686F6D 		.ascii	"/home/daniofb/Programming/ChibiOS-RT/demos/ARMCM3-L"
 1588      652F6461 
 1588      6E696F66 
 1588      622F5072 
 1588      6F677261 
 1589 0213 50433137 		.ascii	"PC1768-AKAIKABA\000"
 1589      36382D41 
 1589      4B41494B 
 1589      41424100 
 1590              	.LASF8:
 1591 0223 75696E74 		.ascii	"uint32_t\000"
 1591      33325F74 
 1591      00
 1592              	.LASF7:
 1593 022c 6C6F6E67 		.ascii	"long int\000"
 1593      20696E74 
 1593      00
 1594              	.LASF1:
 1595 0235 7369676E 		.ascii	"signed char\000"
 1595      65642063 
 1595      68617200 
 1596              	.LASF16:
 1597 0241 6D705F6E 		.ascii	"mp_next\000"
 1597      65787400 
 1598              	.LASF12:
 1599 0249 5F426F6F 		.ascii	"_Bool\000"
 1599      6C00
 1600              	.LASF26:
 1601 024f 6368506F 		.ascii	"chPoolInit\000"
 1601      6F6C496E 
 1601      697400
 1602              		.ident	"GCC: (GNU) 4.8.1"
ARM GAS  /tmp/cca2zbW9.s 			page 31


DEFINED SYMBOLS
                            *ABS*:0000000000000000 chmempools.c
     /tmp/cca2zbW9.s:19     .text.chPoolInit:0000000000000000 $t
     /tmp/cca2zbW9.s:24     .text.chPoolInit:0000000000000000 chPoolInit
     /tmp/cca2zbW9.s:46     .text.chPoolLoadArray:0000000000000000 $t
     /tmp/cca2zbW9.s:51     .text.chPoolLoadArray:0000000000000000 chPoolLoadArray
     /tmp/cca2zbW9.s:121    .text.chPoolAllocI:0000000000000000 $t
     /tmp/cca2zbW9.s:126    .text.chPoolAllocI:0000000000000000 chPoolAllocI
     /tmp/cca2zbW9.s:164    .text.chPoolAlloc:0000000000000000 $t
     /tmp/cca2zbW9.s:169    .text.chPoolAlloc:0000000000000000 chPoolAlloc
     /tmp/cca2zbW9.s:241    .text.chPoolFreeI:0000000000000000 $t
     /tmp/cca2zbW9.s:246    .text.chPoolFreeI:0000000000000000 chPoolFreeI
     /tmp/cca2zbW9.s:265    .text.chPoolFree:0000000000000000 $t
     /tmp/cca2zbW9.s:270    .text.chPoolFree:0000000000000000 chPoolFree
                     .debug_frame:0000000000000010 $d

NO UNDEFINED SYMBOLS
