ARM GAS  /tmp/ccKd4dpn.s 			page 1


   1              		.syntax unified
   2              		.cpu cortex-m3
   3              		.fpu softvfp
   4              		.eabi_attribute 20, 1
   5              		.eabi_attribute 21, 1
   6              		.eabi_attribute 23, 3
   7              		.eabi_attribute 24, 1
   8              		.eabi_attribute 25, 1
   9              		.eabi_attribute 26, 1
  10              		.eabi_attribute 30, 2
  11              		.eabi_attribute 34, 1
  12              		.eabi_attribute 18, 4
  13              		.thumb
  14              		.file	"chregistry.c"
  15              		.text
  16              	.Ltext0:
  17              		.cfi_sections	.debug_frame
  18              		.section	.text.chRegFirstThread,"ax",%progbits
  19              		.align	2
  20              		.global	chRegFirstThread
  21              		.thumb
  22              		.thumb_func
  23              		.type	chRegFirstThread, %function
  24              	chRegFirstThread:
  25              	.LFB7:
  26              		.file 1 "../../os/kernel/src/chregistry.c"
  27              		.loc 1 110 0
  28              		.cfi_startproc
  29              		@ args = 0, pretend = 0, frame = 0
  30              		@ frame_needed = 0, uses_anonymous_args = 0
  31              		@ link register save eliminated.
  32              	.LBB2:
  33              		.loc 1 113 0
  34 0000 4023     		movs	r3, #64
  35              	@ 113 "../../os/kernel/src/chregistry.c" 1
  36 0002 83F31188 		msr     BASEPRI, r3
  37              	@ 0 "" 2
  38              		.thumb
  39              	.LBE2:
  40              		.loc 1 114 0
  41 0006 40F20003 		movw	r3, #:lower16:rlist
  42 000a C0F20003 		movt	r3, #:upper16:rlist
  43 000e 1869     		ldr	r0, [r3, #16]
  44              	.LVL0:
  45              	.LBB3:
  46              		.loc 1 118 0
  47 0010 0023     		movs	r3, #0
  48              	.LBE3:
  49              		.loc 1 116 0
  50 0012 827F     		ldrb	r2, [r0, #30]	@ zero_extendqisi2
  51 0014 0132     		adds	r2, r2, #1
  52 0016 8277     		strb	r2, [r0, #30]
  53              	.LBB4:
  54              		.loc 1 118 0
  55              	@ 118 "../../os/kernel/src/chregistry.c" 1
  56 0018 83F31188 		msr     BASEPRI, r3
  57              	@ 0 "" 2
ARM GAS  /tmp/ccKd4dpn.s 			page 2


  58              		.thumb
  59              	.LBE4:
  60              		.loc 1 120 0
  61 001c 7047     		bx	lr
  62              		.cfi_endproc
  63              	.LFE7:
  64              		.size	chRegFirstThread, .-chRegFirstThread
  65 001e 00BF     		.section	.text.chRegNextThread,"ax",%progbits
  66              		.align	2
  67              		.global	chRegNextThread
  68              		.thumb
  69              		.thumb_func
  70              		.type	chRegNextThread, %function
  71              	chRegNextThread:
  72              	.LFB8:
  73              		.loc 1 133 0
  74              		.cfi_startproc
  75              		@ args = 0, pretend = 0, frame = 0
  76              		@ frame_needed = 0, uses_anonymous_args = 0
  77              	.LVL1:
  78 0000 10B5     		push	{r4, lr}
  79              		.cfi_def_cfa_offset 8
  80              		.cfi_offset 4, -8
  81              		.cfi_offset 14, -4
  82              	.LBB5:
  83              		.loc 1 136 0
  84 0002 4023     		movs	r3, #64
  85              	@ 136 "../../os/kernel/src/chregistry.c" 1
  86 0004 83F31188 		msr     BASEPRI, r3
  87              	@ 0 "" 2
  88              		.thumb
  89              	.LBE5:
  90              		.loc 1 138 0
  91 0008 40F20003 		movw	r3, #:lower16:rlist
  92              		.loc 1 137 0
  93 000c 0469     		ldr	r4, [r0, #16]
  94              	.LVL2:
  95              		.loc 1 138 0
  96 000e C0F20003 		movt	r3, #:upper16:rlist
  97 0012 9C42     		cmp	r4, r3
  98              		.loc 1 144 0
  99 0014 17BF     		itett	ne
 100 0016 A37F     		ldrbne	r3, [r4, #30]	@ zero_extendqisi2
 101              		.loc 1 139 0
 102 0018 0024     		moveq	r4, #0
 103              	.LVL3:
 104              		.loc 1 144 0
 105 001a 0133     		addne	r3, r3, #1
 106 001c A377     		strbne	r3, [r4, #30]
 107              	.LBB6:
 108              		.loc 1 147 0
 109 001e 0023     		movs	r3, #0
 110              	@ 147 "../../os/kernel/src/chregistry.c" 1
 111 0020 83F31188 		msr     BASEPRI, r3
 112              	@ 0 "" 2
 113              		.thumb
 114              	.LBE6:
ARM GAS  /tmp/ccKd4dpn.s 			page 3


 115              		.loc 1 149 0
 116 0024 FFF7FEFF 		bl	chThdRelease
 117              	.LVL4:
 118              		.loc 1 152 0
 119 0028 2046     		mov	r0, r4
 120 002a 10BD     		pop	{r4, pc}
 121              		.cfi_endproc
 122              	.LFE8:
 123              		.size	chRegNextThread, .-chRegNextThread
 124              		.global	ch_debug
 125              		.section	.rodata.ch_debug,"a",%progbits
 126              		.align	2
 127              		.type	ch_debug, %object
 128              		.size	ch_debug, 22
 129              	ch_debug:
 130 0000 6D61696E 		.ascii	"main"
 131 0004 00       		.byte	0
 132 0005 16       		.byte	22
 133 0006 C011     		.short	4544
 134 0008 04       		.byte	4
 135 0009 04       		.byte	4
 136 000a 48       		.byte	72
 137 000b 08       		.byte	8
 138 000c 0C       		.byte	12
 139 000d 10       		.byte	16
 140 000e 14       		.byte	20
 141 000f 18       		.byte	24
 142 0010 00       		.byte	0
 143 0011 1C       		.byte	28
 144 0012 1D       		.byte	29
 145 0013 1E       		.byte	30
 146 0014 00       		.byte	0
 147 0015 20       		.byte	32
 148 0016 0000     		.text
 149              	.Letext0:
 150              		.file 2 "/home/daniofb/arm-cm3-eabi/lib/gcc/arm-cm3-eabi/4.8.1/include/stddef.h"
 151              		.file 3 "/home/daniofb/arm-cm3-eabi/arm-cm3-eabi/sys-include/stdint.h"
 152              		.file 4 "../../os/ports/GCC/ARMCMx/chtypes.h"
 153              		.file 5 "../../os/kernel/include/chlists.h"
 154              		.file 6 "../../os/kernel/include/chthreads.h"
 155              		.file 7 "../../os/ports/GCC/ARMCMx/chcore_v7m.h"
 156              		.file 8 "../../os/kernel/include/chschd.h"
 157              		.file 9 "../../os/kernel/include/chmtx.h"
 158              		.file 10 "../../os/kernel/include/chregistry.h"
 159              		.file 11 "../../os/kernel/include/chdynamic.h"
 160              		.section	.debug_info,"",%progbits
 161              	.Ldebug_info0:
 162 0000 DC050000 		.4byte	0x5dc
 163 0004 0400     		.2byte	0x4
 164 0006 00000000 		.4byte	.Ldebug_abbrev0
 165 000a 04       		.byte	0x4
 166 000b 01       		.uleb128 0x1
 167 000c 07010000 		.4byte	.LASF86
 168 0010 01       		.byte	0x1
 169 0011 E1030000 		.4byte	.LASF87
 170 0015 A0010000 		.4byte	.LASF88
 171 0019 18000000 		.4byte	.Ldebug_ranges0+0x18
ARM GAS  /tmp/ccKd4dpn.s 			page 4


 172 001d 00000000 		.4byte	0
 173 0021 00000000 		.4byte	.Ldebug_line0
 174 0025 02       		.uleb128 0x2
 175 0026 04       		.byte	0x4
 176 0027 05       		.byte	0x5
 177 0028 696E7400 		.ascii	"int\000"
 178 002c 03       		.uleb128 0x3
 179 002d 13000000 		.4byte	.LASF2
 180 0031 02       		.byte	0x2
 181 0032 D4       		.byte	0xd4
 182 0033 37000000 		.4byte	0x37
 183 0037 04       		.uleb128 0x4
 184 0038 04       		.byte	0x4
 185 0039 07       		.byte	0x7
 186 003a E3010000 		.4byte	.LASF0
 187 003e 04       		.uleb128 0x4
 188 003f 01       		.byte	0x1
 189 0040 06       		.byte	0x6
 190 0041 82000000 		.4byte	.LASF1
 191 0045 03       		.uleb128 0x3
 192 0046 24040000 		.4byte	.LASF3
 193 004a 03       		.byte	0x3
 194 004b 2A       		.byte	0x2a
 195 004c 50000000 		.4byte	0x50
 196 0050 04       		.uleb128 0x4
 197 0051 01       		.byte	0x1
 198 0052 08       		.byte	0x8
 199 0053 EC020000 		.4byte	.LASF4
 200 0057 04       		.uleb128 0x4
 201 0058 02       		.byte	0x2
 202 0059 05       		.byte	0x5
 203 005a 04030000 		.4byte	.LASF5
 204 005e 03       		.uleb128 0x3
 205 005f DB000000 		.4byte	.LASF6
 206 0063 03       		.byte	0x3
 207 0064 36       		.byte	0x36
 208 0065 69000000 		.4byte	0x69
 209 0069 04       		.uleb128 0x4
 210 006a 02       		.byte	0x2
 211 006b 07       		.byte	0x7
 212 006c 13020000 		.4byte	.LASF7
 213 0070 03       		.uleb128 0x3
 214 0071 E4020000 		.4byte	.LASF8
 215 0075 03       		.byte	0x3
 216 0076 4F       		.byte	0x4f
 217 0077 7B000000 		.4byte	0x7b
 218 007b 04       		.uleb128 0x4
 219 007c 04       		.byte	0x4
 220 007d 05       		.byte	0x5
 221 007e C9000000 		.4byte	.LASF9
 222 0082 03       		.uleb128 0x3
 223 0083 7A030000 		.4byte	.LASF10
 224 0087 03       		.byte	0x3
 225 0088 50       		.byte	0x50
 226 0089 8D000000 		.4byte	0x8d
 227 008d 04       		.uleb128 0x4
 228 008e 04       		.byte	0x4
ARM GAS  /tmp/ccKd4dpn.s 			page 5


 229 008f 07       		.byte	0x7
 230 0090 F0010000 		.4byte	.LASF11
 231 0094 04       		.uleb128 0x4
 232 0095 08       		.byte	0x8
 233 0096 05       		.byte	0x5
 234 0097 74000000 		.4byte	.LASF12
 235 009b 04       		.uleb128 0x4
 236 009c 08       		.byte	0x8
 237 009d 07       		.byte	0x7
 238 009e 21000000 		.4byte	.LASF13
 239 00a2 04       		.uleb128 0x4
 240 00a3 01       		.byte	0x1
 241 00a4 02       		.byte	0x2
 242 00a5 DE020000 		.4byte	.LASF14
 243 00a9 03       		.uleb128 0x3
 244 00aa 2C020000 		.4byte	.LASF15
 245 00ae 04       		.byte	0x4
 246 00af 25       		.byte	0x25
 247 00b0 45000000 		.4byte	0x45
 248 00b4 03       		.uleb128 0x3
 249 00b5 D2000000 		.4byte	.LASF16
 250 00b9 04       		.byte	0x4
 251 00ba 26       		.byte	0x26
 252 00bb 45000000 		.4byte	0x45
 253 00bf 03       		.uleb128 0x3
 254 00c0 BC020000 		.4byte	.LASF17
 255 00c4 04       		.byte	0x4
 256 00c5 27       		.byte	0x27
 257 00c6 45000000 		.4byte	0x45
 258 00ca 03       		.uleb128 0x3
 259 00cb D6020000 		.4byte	.LASF18
 260 00cf 04       		.byte	0x4
 261 00d0 29       		.byte	0x29
 262 00d1 82000000 		.4byte	0x82
 263 00d5 03       		.uleb128 0x3
 264 00d6 26020000 		.4byte	.LASF19
 265 00da 04       		.byte	0x4
 266 00db 2A       		.byte	0x2a
 267 00dc 70000000 		.4byte	0x70
 268 00e0 03       		.uleb128 0x3
 269 00e1 40020000 		.4byte	.LASF20
 270 00e5 04       		.byte	0x4
 271 00e6 2C       		.byte	0x2c
 272 00e7 82000000 		.4byte	0x82
 273 00eb 03       		.uleb128 0x3
 274 00ec B3030000 		.4byte	.LASF21
 275 00f0 04       		.byte	0x4
 276 00f1 2E       		.byte	0x2e
 277 00f2 82000000 		.4byte	0x82
 278 00f6 03       		.uleb128 0x3
 279 00f7 5B030000 		.4byte	.LASF22
 280 00fb 05       		.byte	0x5
 281 00fc 23       		.byte	0x23
 282 00fd 01010000 		.4byte	0x101
 283 0101 05       		.uleb128 0x5
 284 0102 5B030000 		.4byte	.LASF22
 285 0106 48       		.byte	0x48
ARM GAS  /tmp/ccKd4dpn.s 			page 6


 286 0107 06       		.byte	0x6
 287 0108 57       		.byte	0x57
 288 0109 F2010000 		.4byte	0x1f2
 289 010d 06       		.uleb128 0x6
 290 010e 30030000 		.4byte	.LASF23
 291 0112 06       		.byte	0x6
 292 0113 58       		.byte	0x58
 293 0114 13020000 		.4byte	0x213
 294 0118 00       		.byte	0
 295 0119 06       		.uleb128 0x6
 296 011a CF020000 		.4byte	.LASF24
 297 011e 06       		.byte	0x6
 298 011f 5A       		.byte	0x5a
 299 0120 13020000 		.4byte	0x213
 300 0124 04       		.byte	0x4
 301 0125 06       		.uleb128 0x6
 302 0126 60000000 		.4byte	.LASF25
 303 012a 06       		.byte	0x6
 304 012b 5C       		.byte	0x5c
 305 012c CA000000 		.4byte	0xca
 306 0130 08       		.byte	0x8
 307 0131 06       		.uleb128 0x6
 308 0132 4D040000 		.4byte	.LASF26
 309 0136 06       		.byte	0x6
 310 0137 5D       		.byte	0x5d
 311 0138 CD020000 		.4byte	0x2cd
 312 013c 0C       		.byte	0xc
 313 013d 06       		.uleb128 0x6
 314 013e EE000000 		.4byte	.LASF27
 315 0142 06       		.byte	0x6
 316 0143 5F       		.byte	0x5f
 317 0144 13020000 		.4byte	0x213
 318 0148 10       		.byte	0x10
 319 0149 06       		.uleb128 0x6
 320 014a 87020000 		.4byte	.LASF28
 321 014e 06       		.byte	0x6
 322 014f 60       		.byte	0x60
 323 0150 13020000 		.4byte	0x213
 324 0154 14       		.byte	0x14
 325 0155 06       		.uleb128 0x6
 326 0156 33040000 		.4byte	.LASF29
 327 015a 06       		.byte	0x6
 328 015b 67       		.byte	0x67
 329 015c CD030000 		.4byte	0x3cd
 330 0160 18       		.byte	0x18
 331 0161 06       		.uleb128 0x6
 332 0162 0E030000 		.4byte	.LASF30
 333 0166 06       		.byte	0x6
 334 0167 72       		.byte	0x72
 335 0168 B4000000 		.4byte	0xb4
 336 016c 1C       		.byte	0x1c
 337 016d 06       		.uleb128 0x6
 338 016e 46030000 		.4byte	.LASF31
 339 0172 06       		.byte	0x6
 340 0173 76       		.byte	0x76
 341 0174 A9000000 		.4byte	0xa9
 342 0178 1D       		.byte	0x1d
ARM GAS  /tmp/ccKd4dpn.s 			page 7


 343 0179 06       		.uleb128 0x6
 344 017a 0D040000 		.4byte	.LASF32
 345 017e 06       		.byte	0x6
 346 017f 7B       		.byte	0x7b
 347 0180 BF000000 		.4byte	0xbf
 348 0184 1E       		.byte	0x1e
 349 0185 06       		.uleb128 0x6
 350 0186 C8030000 		.4byte	.LASF33
 351 018a 06       		.byte	0x6
 352 018b 88       		.byte	0x88
 353 018c F5020000 		.4byte	0x2f5
 354 0190 20       		.byte	0x20
 355 0191 07       		.uleb128 0x7
 356 0192 705F7500 		.ascii	"p_u\000"
 357 0196 06       		.byte	0x6
 358 0197 AD       		.byte	0xad
 359 0198 98030000 		.4byte	0x398
 360 019c 24       		.byte	0x24
 361 019d 06       		.uleb128 0x6
 362 019e 53040000 		.4byte	.LASF34
 363 01a2 06       		.byte	0x6
 364 01a3 B2       		.byte	0xb2
 365 01a4 39020000 		.4byte	0x239
 366 01a8 28       		.byte	0x28
 367 01a9 06       		.uleb128 0x6
 368 01aa D6030000 		.4byte	.LASF35
 369 01ae 06       		.byte	0x6
 370 01af B8       		.byte	0xb8
 371 01b0 19020000 		.4byte	0x219
 372 01b4 2C       		.byte	0x2c
 373 01b5 06       		.uleb128 0x6
 374 01b6 0D000000 		.4byte	.LASF36
 375 01ba 06       		.byte	0x6
 376 01bb BC       		.byte	0xbc
 377 01bc D5000000 		.4byte	0xd5
 378 01c0 34       		.byte	0x34
 379 01c1 06       		.uleb128 0x6
 380 01c2 6F030000 		.4byte	.LASF37
 381 01c6 06       		.byte	0x6
 382 01c7 C2       		.byte	0xc2
 383 01c8 E0000000 		.4byte	0xe0
 384 01cc 38       		.byte	0x38
 385 01cd 06       		.uleb128 0x6
 386 01ce FA020000 		.4byte	.LASF38
 387 01d2 06       		.byte	0x6
 388 01d3 C9       		.byte	0xc9
 389 01d4 DF030000 		.4byte	0x3df
 390 01d8 3C       		.byte	0x3c
 391 01d9 06       		.uleb128 0x6
 392 01da BD030000 		.4byte	.LASF39
 393 01de 06       		.byte	0x6
 394 01df CD       		.byte	0xcd
 395 01e0 CA000000 		.4byte	0xca
 396 01e4 40       		.byte	0x40
 397 01e5 06       		.uleb128 0x6
 398 01e6 AB000000 		.4byte	.LASF40
 399 01ea 06       		.byte	0x6
ARM GAS  /tmp/ccKd4dpn.s 			page 8


 400 01eb D3       		.byte	0xd3
 401 01ec 4F020000 		.4byte	0x24f
 402 01f0 44       		.byte	0x44
 403 01f1 00       		.byte	0
 404 01f2 08       		.uleb128 0x8
 405 01f3 08       		.byte	0x8
 406 01f4 05       		.byte	0x5
 407 01f5 5A       		.byte	0x5a
 408 01f6 13020000 		.4byte	0x213
 409 01fa 06       		.uleb128 0x6
 410 01fb 30030000 		.4byte	.LASF23
 411 01ff 05       		.byte	0x5
 412 0200 5B       		.byte	0x5b
 413 0201 13020000 		.4byte	0x213
 414 0205 00       		.byte	0
 415 0206 06       		.uleb128 0x6
 416 0207 CF020000 		.4byte	.LASF24
 417 020b 05       		.byte	0x5
 418 020c 5D       		.byte	0x5d
 419 020d 13020000 		.4byte	0x213
 420 0211 04       		.byte	0x4
 421 0212 00       		.byte	0
 422 0213 09       		.uleb128 0x9
 423 0214 04       		.byte	0x4
 424 0215 F6000000 		.4byte	0xf6
 425 0219 03       		.uleb128 0x3
 426 021a 95020000 		.4byte	.LASF41
 427 021e 05       		.byte	0x5
 428 021f 5F       		.byte	0x5f
 429 0220 F2010000 		.4byte	0x1f2
 430 0224 08       		.uleb128 0x8
 431 0225 04       		.byte	0x4
 432 0226 05       		.byte	0x5
 433 0227 64       		.byte	0x64
 434 0228 39020000 		.4byte	0x239
 435 022c 06       		.uleb128 0x6
 436 022d 30030000 		.4byte	.LASF23
 437 0231 05       		.byte	0x5
 438 0232 66       		.byte	0x66
 439 0233 13020000 		.4byte	0x213
 440 0237 00       		.byte	0
 441 0238 00       		.byte	0
 442 0239 03       		.uleb128 0x3
 443 023a 34020000 		.4byte	.LASF42
 444 023e 05       		.byte	0x5
 445 023f 69       		.byte	0x69
 446 0240 24020000 		.4byte	0x224
 447 0244 03       		.uleb128 0x3
 448 0245 FE000000 		.4byte	.LASF43
 449 0249 07       		.byte	0x7
 450 024a DE       		.byte	0xde
 451 024b 4F020000 		.4byte	0x24f
 452 024f 0A       		.uleb128 0xa
 453 0250 04       		.byte	0x4
 454 0251 0B       		.uleb128 0xb
 455 0252 CF030000 		.4byte	.LASF44
 456 0256 24       		.byte	0x24
ARM GAS  /tmp/ccKd4dpn.s 			page 9


 457 0257 07       		.byte	0x7
 458 0258 0501     		.2byte	0x105
 459 025a CD020000 		.4byte	0x2cd
 460 025e 0C       		.uleb128 0xc
 461 025f 723400   		.ascii	"r4\000"
 462 0262 07       		.byte	0x7
 463 0263 1801     		.2byte	0x118
 464 0265 44020000 		.4byte	0x244
 465 0269 00       		.byte	0
 466 026a 0C       		.uleb128 0xc
 467 026b 723500   		.ascii	"r5\000"
 468 026e 07       		.byte	0x7
 469 026f 1901     		.2byte	0x119
 470 0271 44020000 		.4byte	0x244
 471 0275 04       		.byte	0x4
 472 0276 0C       		.uleb128 0xc
 473 0277 723600   		.ascii	"r6\000"
 474 027a 07       		.byte	0x7
 475 027b 1A01     		.2byte	0x11a
 476 027d 44020000 		.4byte	0x244
 477 0281 08       		.byte	0x8
 478 0282 0C       		.uleb128 0xc
 479 0283 723700   		.ascii	"r7\000"
 480 0286 07       		.byte	0x7
 481 0287 1B01     		.2byte	0x11b
 482 0289 44020000 		.4byte	0x244
 483 028d 0C       		.byte	0xc
 484 028e 0C       		.uleb128 0xc
 485 028f 723800   		.ascii	"r8\000"
 486 0292 07       		.byte	0x7
 487 0293 1C01     		.2byte	0x11c
 488 0295 44020000 		.4byte	0x244
 489 0299 10       		.byte	0x10
 490 029a 0C       		.uleb128 0xc
 491 029b 723900   		.ascii	"r9\000"
 492 029e 07       		.byte	0x7
 493 029f 1D01     		.2byte	0x11d
 494 02a1 44020000 		.4byte	0x244
 495 02a5 14       		.byte	0x14
 496 02a6 0C       		.uleb128 0xc
 497 02a7 72313000 		.ascii	"r10\000"
 498 02ab 07       		.byte	0x7
 499 02ac 1E01     		.2byte	0x11e
 500 02ae 44020000 		.4byte	0x244
 501 02b2 18       		.byte	0x18
 502 02b3 0C       		.uleb128 0xc
 503 02b4 72313100 		.ascii	"r11\000"
 504 02b8 07       		.byte	0x7
 505 02b9 1F01     		.2byte	0x11f
 506 02bb 44020000 		.4byte	0x244
 507 02bf 1C       		.byte	0x1c
 508 02c0 0C       		.uleb128 0xc
 509 02c1 6C7200   		.ascii	"lr\000"
 510 02c4 07       		.byte	0x7
 511 02c5 2001     		.2byte	0x120
 512 02c7 44020000 		.4byte	0x244
 513 02cb 20       		.byte	0x20
ARM GAS  /tmp/ccKd4dpn.s 			page 10


 514 02cc 00       		.byte	0
 515 02cd 0B       		.uleb128 0xb
 516 02ce 0B020000 		.4byte	.LASF45
 517 02d2 04       		.byte	0x4
 518 02d3 07       		.byte	0x7
 519 02d4 2A01     		.2byte	0x12a
 520 02d6 E8020000 		.4byte	0x2e8
 521 02da 0C       		.uleb128 0xc
 522 02db 72313300 		.ascii	"r13\000"
 523 02df 07       		.byte	0x7
 524 02e0 2B01     		.2byte	0x12b
 525 02e2 E8020000 		.4byte	0x2e8
 526 02e6 00       		.byte	0
 527 02e7 00       		.byte	0
 528 02e8 09       		.uleb128 0x9
 529 02e9 04       		.byte	0x4
 530 02ea 51020000 		.4byte	0x251
 531 02ee 04       		.uleb128 0x4
 532 02ef 04       		.byte	0x4
 533 02f0 07       		.byte	0x7
 534 02f1 66020000 		.4byte	.LASF46
 535 02f5 0D       		.uleb128 0xd
 536 02f6 EB000000 		.4byte	0xeb
 537 02fa 08       		.uleb128 0x8
 538 02fb 1C       		.byte	0x1c
 539 02fc 08       		.byte	0x8
 540 02fd 57       		.byte	0x57
 541 02fe 4B030000 		.4byte	0x34b
 542 0302 06       		.uleb128 0x6
 543 0303 8F030000 		.4byte	.LASF47
 544 0307 08       		.byte	0x8
 545 0308 58       		.byte	0x58
 546 0309 19020000 		.4byte	0x219
 547 030d 00       		.byte	0
 548 030e 06       		.uleb128 0x6
 549 030f 22030000 		.4byte	.LASF48
 550 0313 08       		.byte	0x8
 551 0314 59       		.byte	0x59
 552 0315 CA000000 		.4byte	0xca
 553 0319 08       		.byte	0x8
 554 031a 06       		.uleb128 0x6
 555 031b 8F020000 		.4byte	.LASF49
 556 031f 08       		.byte	0x8
 557 0320 5B       		.byte	0x5b
 558 0321 CD020000 		.4byte	0x2cd
 559 0325 0C       		.byte	0xc
 560 0326 06       		.uleb128 0x6
 561 0327 F6000000 		.4byte	.LASF50
 562 032b 08       		.byte	0x8
 563 032c 5E       		.byte	0x5e
 564 032d 13020000 		.4byte	0x213
 565 0331 10       		.byte	0x10
 566 0332 06       		.uleb128 0x6
 567 0333 B4020000 		.4byte	.LASF51
 568 0337 08       		.byte	0x8
 569 0338 5F       		.byte	0x5f
 570 0339 13020000 		.4byte	0x213
ARM GAS  /tmp/ccKd4dpn.s 			page 11


 571 033d 14       		.byte	0x14
 572 033e 06       		.uleb128 0x6
 573 033f AA020000 		.4byte	.LASF52
 574 0343 08       		.byte	0x8
 575 0344 62       		.byte	0x62
 576 0345 13020000 		.4byte	0x213
 577 0349 18       		.byte	0x18
 578 034a 00       		.byte	0
 579 034b 03       		.uleb128 0x3
 580 034c 14040000 		.4byte	.LASF53
 581 0350 08       		.byte	0x8
 582 0351 64       		.byte	0x64
 583 0352 FA020000 		.4byte	0x2fa
 584 0356 05       		.uleb128 0x5
 585 0357 4C020000 		.4byte	.LASF54
 586 035b 10       		.byte	0x10
 587 035c 09       		.byte	0x9
 588 035d 25       		.byte	0x25
 589 035e 87030000 		.4byte	0x387
 590 0362 06       		.uleb128 0x6
 591 0363 B3000000 		.4byte	.LASF55
 592 0367 09       		.byte	0x9
 593 0368 26       		.byte	0x26
 594 0369 19020000 		.4byte	0x219
 595 036d 00       		.byte	0
 596 036e 06       		.uleb128 0x6
 597 036f 45040000 		.4byte	.LASF56
 598 0373 09       		.byte	0x9
 599 0374 28       		.byte	0x28
 600 0375 13020000 		.4byte	0x213
 601 0379 08       		.byte	0x8
 602 037a 06       		.uleb128 0x6
 603 037b AC030000 		.4byte	.LASF57
 604 037f 09       		.byte	0x9
 605 0380 2A       		.byte	0x2a
 606 0381 87030000 		.4byte	0x387
 607 0385 0C       		.byte	0xc
 608 0386 00       		.byte	0
 609 0387 09       		.uleb128 0x9
 610 0388 04       		.byte	0x4
 611 0389 56030000 		.4byte	0x356
 612 038d 03       		.uleb128 0x3
 613 038e 4C020000 		.4byte	.LASF54
 614 0392 09       		.byte	0x9
 615 0393 2C       		.byte	0x2c
 616 0394 56030000 		.4byte	0x356
 617 0398 0E       		.uleb128 0xe
 618 0399 04       		.byte	0x4
 619 039a 06       		.byte	0x6
 620 039b 8F       		.byte	0x8f
 621 039c CD030000 		.4byte	0x3cd
 622 03a0 0F       		.uleb128 0xf
 623 03a1 1A000000 		.4byte	.LASF58
 624 03a5 06       		.byte	0x6
 625 03a6 96       		.byte	0x96
 626 03a7 D5000000 		.4byte	0xd5
 627 03ab 0F       		.uleb128 0xf
ARM GAS  /tmp/ccKd4dpn.s 			page 12


 628 03ac 46000000 		.4byte	.LASF59
 629 03b0 06       		.byte	0x6
 630 03b1 9D       		.byte	0x9d
 631 03b2 D5000000 		.4byte	0xd5
 632 03b6 0F       		.uleb128 0xf
 633 03b7 2C040000 		.4byte	.LASF60
 634 03bb 06       		.byte	0x6
 635 03bc A4       		.byte	0xa4
 636 03bd 4F020000 		.4byte	0x24f
 637 03c1 0F       		.uleb128 0xf
 638 03c2 29030000 		.4byte	.LASF61
 639 03c6 06       		.byte	0x6
 640 03c7 AB       		.byte	0xab
 641 03c8 E0000000 		.4byte	0xe0
 642 03cc 00       		.byte	0
 643 03cd 09       		.uleb128 0x9
 644 03ce 04       		.byte	0x4
 645 03cf D3030000 		.4byte	0x3d3
 646 03d3 10       		.uleb128 0x10
 647 03d4 D8030000 		.4byte	0x3d8
 648 03d8 04       		.uleb128 0x4
 649 03d9 01       		.byte	0x1
 650 03da 08       		.byte	0x8
 651 03db 97030000 		.4byte	.LASF62
 652 03df 09       		.uleb128 0x9
 653 03e0 04       		.byte	0x4
 654 03e1 8D030000 		.4byte	0x38d
 655 03e5 08       		.uleb128 0x8
 656 03e6 16       		.byte	0x16
 657 03e7 0A       		.byte	0xa
 658 03e8 25       		.byte	0x25
 659 03e9 C6040000 		.4byte	0x4c6
 660 03ed 06       		.uleb128 0x6
 661 03ee BB000000 		.4byte	.LASF63
 662 03f2 0A       		.byte	0xa
 663 03f3 26       		.byte	0x26
 664 03f4 C6040000 		.4byte	0x4c6
 665 03f8 00       		.byte	0
 666 03f9 06       		.uleb128 0x6
 667 03fa 52020000 		.4byte	.LASF64
 668 03fe 0A       		.byte	0xa
 669 03ff 27       		.byte	0x27
 670 0400 45000000 		.4byte	0x45
 671 0404 04       		.byte	0x4
 672 0405 06       		.uleb128 0x6
 673 0406 A2020000 		.4byte	.LASF65
 674 040a 0A       		.byte	0xa
 675 040b 28       		.byte	0x28
 676 040c 45000000 		.4byte	0x45
 677 0410 05       		.byte	0x5
 678 0411 06       		.uleb128 0x6
 679 0412 3A040000 		.4byte	.LASF66
 680 0416 0A       		.byte	0xa
 681 0417 29       		.byte	0x29
 682 0418 5E000000 		.4byte	0x5e
 683 041c 06       		.byte	0x6
 684 041d 06       		.uleb128 0x6
ARM GAS  /tmp/ccKd4dpn.s 			page 13


 685 041e C4020000 		.4byte	.LASF67
 686 0422 0A       		.byte	0xa
 687 0423 2A       		.byte	0x2a
 688 0424 45000000 		.4byte	0x45
 689 0428 08       		.byte	0x8
 690 0429 06       		.uleb128 0x6
 691 042a 6F020000 		.4byte	.LASF68
 692 042e 0A       		.byte	0xa
 693 042f 2B       		.byte	0x2b
 694 0430 45000000 		.4byte	0x45
 695 0434 09       		.byte	0x9
 696 0435 06       		.uleb128 0x6
 697 0436 38000000 		.4byte	.LASF69
 698 043a 0A       		.byte	0xa
 699 043b 2C       		.byte	0x2c
 700 043c 45000000 		.4byte	0x45
 701 0440 0A       		.byte	0xa
 702 0441 06       		.uleb128 0x6
 703 0442 83030000 		.4byte	.LASF70
 704 0446 0A       		.byte	0xa
 705 0447 2D       		.byte	0x2d
 706 0448 45000000 		.4byte	0x45
 707 044c 0B       		.byte	0xb
 708 044d 06       		.uleb128 0x6
 709 044e 02040000 		.4byte	.LASF71
 710 0452 0A       		.byte	0xa
 711 0453 2E       		.byte	0x2e
 712 0454 45000000 		.4byte	0x45
 713 0458 0C       		.byte	0xc
 714 0459 06       		.uleb128 0x6
 715 045a 62030000 		.4byte	.LASF72
 716 045e 0A       		.byte	0xa
 717 045f 2F       		.byte	0x2f
 718 0460 45000000 		.4byte	0x45
 719 0464 0D       		.byte	0xd
 720 0465 06       		.uleb128 0x6
 721 0466 00000000 		.4byte	.LASF73
 722 046a 0A       		.byte	0xa
 723 046b 30       		.byte	0x30
 724 046c 45000000 		.4byte	0x45
 725 0470 0E       		.byte	0xe
 726 0471 06       		.uleb128 0x6
 727 0472 7B020000 		.4byte	.LASF74
 728 0476 0A       		.byte	0xa
 729 0477 31       		.byte	0x31
 730 0478 45000000 		.4byte	0x45
 731 047c 0F       		.byte	0xf
 732 047d 06       		.uleb128 0x6
 733 047e 8E000000 		.4byte	.LASF75
 734 0482 0A       		.byte	0xa
 735 0483 32       		.byte	0x32
 736 0484 45000000 		.4byte	0x45
 737 0488 10       		.byte	0x10
 738 0489 06       		.uleb128 0x6
 739 048a 67000000 		.4byte	.LASF76
 740 048e 0A       		.byte	0xa
 741 048f 34       		.byte	0x34
ARM GAS  /tmp/ccKd4dpn.s 			page 14


 742 0490 45000000 		.4byte	0x45
 743 0494 11       		.byte	0x11
 744 0495 06       		.uleb128 0x6
 745 0496 9E000000 		.4byte	.LASF77
 746 049a 0A       		.byte	0xa
 747 049b 35       		.byte	0x35
 748 049c 45000000 		.4byte	0x45
 749 04a0 12       		.byte	0x12
 750 04a1 06       		.uleb128 0x6
 751 04a2 5A020000 		.4byte	.LASF78
 752 04a6 0A       		.byte	0xa
 753 04a7 36       		.byte	0x36
 754 04a8 45000000 		.4byte	0x45
 755 04ac 13       		.byte	0x13
 756 04ad 06       		.uleb128 0x6
 757 04ae 37030000 		.4byte	.LASF79
 758 04b2 0A       		.byte	0xa
 759 04b3 37       		.byte	0x37
 760 04b4 45000000 		.4byte	0x45
 761 04b8 14       		.byte	0x14
 762 04b9 06       		.uleb128 0x6
 763 04ba 16030000 		.4byte	.LASF80
 764 04be 0A       		.byte	0xa
 765 04bf 39       		.byte	0x39
 766 04c0 45000000 		.4byte	0x45
 767 04c4 15       		.byte	0x15
 768 04c5 00       		.byte	0
 769 04c6 11       		.uleb128 0x11
 770 04c7 D8030000 		.4byte	0x3d8
 771 04cb D6040000 		.4byte	0x4d6
 772 04cf 12       		.uleb128 0x12
 773 04d0 EE020000 		.4byte	0x2ee
 774 04d4 03       		.byte	0x3
 775 04d5 00       		.byte	0
 776 04d6 03       		.uleb128 0x3
 777 04d7 E4000000 		.4byte	.LASF81
 778 04db 0A       		.byte	0xa
 779 04dc 3A       		.byte	0x3a
 780 04dd E5030000 		.4byte	0x3e5
 781 04e1 13       		.uleb128 0x13
 782 04e2 4F000000 		.4byte	.LASF82
 783 04e6 01       		.byte	0x1
 784 04e7 6E       		.byte	0x6e
 785 04e8 13020000 		.4byte	0x213
 786 04ec 00000000 		.4byte	.LFB7
 787 04f0 1E000000 		.4byte	.LFE7-.LFB7
 788 04f4 01       		.uleb128 0x1
 789 04f5 9C       		.byte	0x9c
 790 04f6 35050000 		.4byte	0x535
 791 04fa 14       		.uleb128 0x14
 792 04fb 747000   		.ascii	"tp\000"
 793 04fe 01       		.byte	0x1
 794 04ff 6F       		.byte	0x6f
 795 0500 13020000 		.4byte	0x213
 796 0504 01       		.uleb128 0x1
 797 0505 50       		.byte	0x50
 798 0506 15       		.uleb128 0x15
ARM GAS  /tmp/ccKd4dpn.s 			page 15


 799 0507 00000000 		.4byte	.LBB2
 800 050b 06000000 		.4byte	.LBE2-.LBB2
 801 050f 21050000 		.4byte	0x521
 802 0513 14       		.uleb128 0x14
 803 0514 746D7000 		.ascii	"tmp\000"
 804 0518 01       		.byte	0x1
 805 0519 71       		.byte	0x71
 806 051a 82000000 		.4byte	0x82
 807 051e 01       		.uleb128 0x1
 808 051f 53       		.byte	0x53
 809 0520 00       		.byte	0
 810 0521 16       		.uleb128 0x16
 811 0522 00000000 		.4byte	.Ldebug_ranges0+0
 812 0526 14       		.uleb128 0x14
 813 0527 746D7000 		.ascii	"tmp\000"
 814 052b 01       		.byte	0x1
 815 052c 76       		.byte	0x76
 816 052d 82000000 		.4byte	0x82
 817 0531 01       		.uleb128 0x1
 818 0532 53       		.byte	0x53
 819 0533 00       		.byte	0
 820 0534 00       		.byte	0
 821 0535 13       		.uleb128 0x13
 822 0536 9C030000 		.4byte	.LASF83
 823 053a 01       		.byte	0x1
 824 053b 85       		.byte	0x85
 825 053c 13020000 		.4byte	0x213
 826 0540 00000000 		.4byte	.LFB8
 827 0544 2C000000 		.4byte	.LFE8-.LFB8
 828 0548 01       		.uleb128 0x1
 829 0549 9C       		.byte	0x9c
 830 054a B1050000 		.4byte	0x5b1
 831 054e 17       		.uleb128 0x17
 832 054f 747000   		.ascii	"tp\000"
 833 0552 01       		.byte	0x1
 834 0553 85       		.byte	0x85
 835 0554 13020000 		.4byte	0x213
 836 0558 00000000 		.4byte	.LLST0
 837 055c 14       		.uleb128 0x14
 838 055d 6E747000 		.ascii	"ntp\000"
 839 0561 01       		.byte	0x1
 840 0562 86       		.byte	0x86
 841 0563 13020000 		.4byte	0x213
 842 0567 01       		.uleb128 0x1
 843 0568 54       		.byte	0x54
 844 0569 15       		.uleb128 0x15
 845 056a 02000000 		.4byte	.LBB5
 846 056e 06000000 		.4byte	.LBE5-.LBB5
 847 0572 84050000 		.4byte	0x584
 848 0576 14       		.uleb128 0x14
 849 0577 746D7000 		.ascii	"tmp\000"
 850 057b 01       		.byte	0x1
 851 057c 88       		.byte	0x88
 852 057d 82000000 		.4byte	0x82
 853 0581 01       		.uleb128 0x1
 854 0582 53       		.byte	0x53
 855 0583 00       		.byte	0
ARM GAS  /tmp/ccKd4dpn.s 			page 16


 856 0584 15       		.uleb128 0x15
 857 0585 1E000000 		.4byte	.LBB6
 858 0589 06000000 		.4byte	.LBE6-.LBB6
 859 058d 9F050000 		.4byte	0x59f
 860 0591 14       		.uleb128 0x14
 861 0592 746D7000 		.ascii	"tmp\000"
 862 0596 01       		.byte	0x1
 863 0597 93       		.byte	0x93
 864 0598 82000000 		.4byte	0x82
 865 059c 01       		.uleb128 0x1
 866 059d 53       		.byte	0x53
 867 059e 00       		.byte	0
 868 059f 18       		.uleb128 0x18
 869 05a0 28000000 		.4byte	.LVL4
 870 05a4 D2050000 		.4byte	0x5d2
 871 05a8 19       		.uleb128 0x19
 872 05a9 01       		.uleb128 0x1
 873 05aa 50       		.byte	0x50
 874 05ab 03       		.uleb128 0x3
 875 05ac F3       		.byte	0xf3
 876 05ad 01       		.uleb128 0x1
 877 05ae 50       		.byte	0x50
 878 05af 00       		.byte	0
 879 05b0 00       		.byte	0
 880 05b1 1A       		.uleb128 0x1a
 881 05b2 1E040000 		.4byte	.LASF84
 882 05b6 08       		.byte	0x8
 883 05b7 68       		.byte	0x68
 884 05b8 4B030000 		.4byte	0x34b
 885 05bc 1B       		.uleb128 0x1b
 886 05bd 02020000 		.4byte	.LASF85
 887 05c1 01       		.byte	0x1
 888 05c2 3B       		.byte	0x3b
 889 05c3 CD050000 		.4byte	0x5cd
 890 05c7 05       		.uleb128 0x5
 891 05c8 03       		.byte	0x3
 892 05c9 00000000 		.4byte	ch_debug
 893 05cd 10       		.uleb128 0x10
 894 05ce D6040000 		.4byte	0x4d6
 895 05d2 1C       		.uleb128 0x1c
 896 05d3 4E030000 		.4byte	.LASF89
 897 05d7 0B       		.byte	0xb
 898 05d8 33       		.byte	0x33
 899 05d9 1D       		.uleb128 0x1d
 900 05da 13020000 		.4byte	0x213
 901 05de 00       		.byte	0
 902 05df 00       		.byte	0
 903              		.section	.debug_abbrev,"",%progbits
 904              	.Ldebug_abbrev0:
 905 0000 01       		.uleb128 0x1
 906 0001 11       		.uleb128 0x11
 907 0002 01       		.byte	0x1
 908 0003 25       		.uleb128 0x25
 909 0004 0E       		.uleb128 0xe
 910 0005 13       		.uleb128 0x13
 911 0006 0B       		.uleb128 0xb
 912 0007 03       		.uleb128 0x3
ARM GAS  /tmp/ccKd4dpn.s 			page 17


 913 0008 0E       		.uleb128 0xe
 914 0009 1B       		.uleb128 0x1b
 915 000a 0E       		.uleb128 0xe
 916 000b 55       		.uleb128 0x55
 917 000c 17       		.uleb128 0x17
 918 000d 11       		.uleb128 0x11
 919 000e 01       		.uleb128 0x1
 920 000f 10       		.uleb128 0x10
 921 0010 17       		.uleb128 0x17
 922 0011 00       		.byte	0
 923 0012 00       		.byte	0
 924 0013 02       		.uleb128 0x2
 925 0014 24       		.uleb128 0x24
 926 0015 00       		.byte	0
 927 0016 0B       		.uleb128 0xb
 928 0017 0B       		.uleb128 0xb
 929 0018 3E       		.uleb128 0x3e
 930 0019 0B       		.uleb128 0xb
 931 001a 03       		.uleb128 0x3
 932 001b 08       		.uleb128 0x8
 933 001c 00       		.byte	0
 934 001d 00       		.byte	0
 935 001e 03       		.uleb128 0x3
 936 001f 16       		.uleb128 0x16
 937 0020 00       		.byte	0
 938 0021 03       		.uleb128 0x3
 939 0022 0E       		.uleb128 0xe
 940 0023 3A       		.uleb128 0x3a
 941 0024 0B       		.uleb128 0xb
 942 0025 3B       		.uleb128 0x3b
 943 0026 0B       		.uleb128 0xb
 944 0027 49       		.uleb128 0x49
 945 0028 13       		.uleb128 0x13
 946 0029 00       		.byte	0
 947 002a 00       		.byte	0
 948 002b 04       		.uleb128 0x4
 949 002c 24       		.uleb128 0x24
 950 002d 00       		.byte	0
 951 002e 0B       		.uleb128 0xb
 952 002f 0B       		.uleb128 0xb
 953 0030 3E       		.uleb128 0x3e
 954 0031 0B       		.uleb128 0xb
 955 0032 03       		.uleb128 0x3
 956 0033 0E       		.uleb128 0xe
 957 0034 00       		.byte	0
 958 0035 00       		.byte	0
 959 0036 05       		.uleb128 0x5
 960 0037 13       		.uleb128 0x13
 961 0038 01       		.byte	0x1
 962 0039 03       		.uleb128 0x3
 963 003a 0E       		.uleb128 0xe
 964 003b 0B       		.uleb128 0xb
 965 003c 0B       		.uleb128 0xb
 966 003d 3A       		.uleb128 0x3a
 967 003e 0B       		.uleb128 0xb
 968 003f 3B       		.uleb128 0x3b
 969 0040 0B       		.uleb128 0xb
ARM GAS  /tmp/ccKd4dpn.s 			page 18


 970 0041 01       		.uleb128 0x1
 971 0042 13       		.uleb128 0x13
 972 0043 00       		.byte	0
 973 0044 00       		.byte	0
 974 0045 06       		.uleb128 0x6
 975 0046 0D       		.uleb128 0xd
 976 0047 00       		.byte	0
 977 0048 03       		.uleb128 0x3
 978 0049 0E       		.uleb128 0xe
 979 004a 3A       		.uleb128 0x3a
 980 004b 0B       		.uleb128 0xb
 981 004c 3B       		.uleb128 0x3b
 982 004d 0B       		.uleb128 0xb
 983 004e 49       		.uleb128 0x49
 984 004f 13       		.uleb128 0x13
 985 0050 38       		.uleb128 0x38
 986 0051 0B       		.uleb128 0xb
 987 0052 00       		.byte	0
 988 0053 00       		.byte	0
 989 0054 07       		.uleb128 0x7
 990 0055 0D       		.uleb128 0xd
 991 0056 00       		.byte	0
 992 0057 03       		.uleb128 0x3
 993 0058 08       		.uleb128 0x8
 994 0059 3A       		.uleb128 0x3a
 995 005a 0B       		.uleb128 0xb
 996 005b 3B       		.uleb128 0x3b
 997 005c 0B       		.uleb128 0xb
 998 005d 49       		.uleb128 0x49
 999 005e 13       		.uleb128 0x13
 1000 005f 38       		.uleb128 0x38
 1001 0060 0B       		.uleb128 0xb
 1002 0061 00       		.byte	0
 1003 0062 00       		.byte	0
 1004 0063 08       		.uleb128 0x8
 1005 0064 13       		.uleb128 0x13
 1006 0065 01       		.byte	0x1
 1007 0066 0B       		.uleb128 0xb
 1008 0067 0B       		.uleb128 0xb
 1009 0068 3A       		.uleb128 0x3a
 1010 0069 0B       		.uleb128 0xb
 1011 006a 3B       		.uleb128 0x3b
 1012 006b 0B       		.uleb128 0xb
 1013 006c 01       		.uleb128 0x1
 1014 006d 13       		.uleb128 0x13
 1015 006e 00       		.byte	0
 1016 006f 00       		.byte	0
 1017 0070 09       		.uleb128 0x9
 1018 0071 0F       		.uleb128 0xf
 1019 0072 00       		.byte	0
 1020 0073 0B       		.uleb128 0xb
 1021 0074 0B       		.uleb128 0xb
 1022 0075 49       		.uleb128 0x49
 1023 0076 13       		.uleb128 0x13
 1024 0077 00       		.byte	0
 1025 0078 00       		.byte	0
 1026 0079 0A       		.uleb128 0xa
ARM GAS  /tmp/ccKd4dpn.s 			page 19


 1027 007a 0F       		.uleb128 0xf
 1028 007b 00       		.byte	0
 1029 007c 0B       		.uleb128 0xb
 1030 007d 0B       		.uleb128 0xb
 1031 007e 00       		.byte	0
 1032 007f 00       		.byte	0
 1033 0080 0B       		.uleb128 0xb
 1034 0081 13       		.uleb128 0x13
 1035 0082 01       		.byte	0x1
 1036 0083 03       		.uleb128 0x3
 1037 0084 0E       		.uleb128 0xe
 1038 0085 0B       		.uleb128 0xb
 1039 0086 0B       		.uleb128 0xb
 1040 0087 3A       		.uleb128 0x3a
 1041 0088 0B       		.uleb128 0xb
 1042 0089 3B       		.uleb128 0x3b
 1043 008a 05       		.uleb128 0x5
 1044 008b 01       		.uleb128 0x1
 1045 008c 13       		.uleb128 0x13
 1046 008d 00       		.byte	0
 1047 008e 00       		.byte	0
 1048 008f 0C       		.uleb128 0xc
 1049 0090 0D       		.uleb128 0xd
 1050 0091 00       		.byte	0
 1051 0092 03       		.uleb128 0x3
 1052 0093 08       		.uleb128 0x8
 1053 0094 3A       		.uleb128 0x3a
 1054 0095 0B       		.uleb128 0xb
 1055 0096 3B       		.uleb128 0x3b
 1056 0097 05       		.uleb128 0x5
 1057 0098 49       		.uleb128 0x49
 1058 0099 13       		.uleb128 0x13
 1059 009a 38       		.uleb128 0x38
 1060 009b 0B       		.uleb128 0xb
 1061 009c 00       		.byte	0
 1062 009d 00       		.byte	0
 1063 009e 0D       		.uleb128 0xd
 1064 009f 35       		.uleb128 0x35
 1065 00a0 00       		.byte	0
 1066 00a1 49       		.uleb128 0x49
 1067 00a2 13       		.uleb128 0x13
 1068 00a3 00       		.byte	0
 1069 00a4 00       		.byte	0
 1070 00a5 0E       		.uleb128 0xe
 1071 00a6 17       		.uleb128 0x17
 1072 00a7 01       		.byte	0x1
 1073 00a8 0B       		.uleb128 0xb
 1074 00a9 0B       		.uleb128 0xb
 1075 00aa 3A       		.uleb128 0x3a
 1076 00ab 0B       		.uleb128 0xb
 1077 00ac 3B       		.uleb128 0x3b
 1078 00ad 0B       		.uleb128 0xb
 1079 00ae 01       		.uleb128 0x1
 1080 00af 13       		.uleb128 0x13
 1081 00b0 00       		.byte	0
 1082 00b1 00       		.byte	0
 1083 00b2 0F       		.uleb128 0xf
ARM GAS  /tmp/ccKd4dpn.s 			page 20


 1084 00b3 0D       		.uleb128 0xd
 1085 00b4 00       		.byte	0
 1086 00b5 03       		.uleb128 0x3
 1087 00b6 0E       		.uleb128 0xe
 1088 00b7 3A       		.uleb128 0x3a
 1089 00b8 0B       		.uleb128 0xb
 1090 00b9 3B       		.uleb128 0x3b
 1091 00ba 0B       		.uleb128 0xb
 1092 00bb 49       		.uleb128 0x49
 1093 00bc 13       		.uleb128 0x13
 1094 00bd 00       		.byte	0
 1095 00be 00       		.byte	0
 1096 00bf 10       		.uleb128 0x10
 1097 00c0 26       		.uleb128 0x26
 1098 00c1 00       		.byte	0
 1099 00c2 49       		.uleb128 0x49
 1100 00c3 13       		.uleb128 0x13
 1101 00c4 00       		.byte	0
 1102 00c5 00       		.byte	0
 1103 00c6 11       		.uleb128 0x11
 1104 00c7 01       		.uleb128 0x1
 1105 00c8 01       		.byte	0x1
 1106 00c9 49       		.uleb128 0x49
 1107 00ca 13       		.uleb128 0x13
 1108 00cb 01       		.uleb128 0x1
 1109 00cc 13       		.uleb128 0x13
 1110 00cd 00       		.byte	0
 1111 00ce 00       		.byte	0
 1112 00cf 12       		.uleb128 0x12
 1113 00d0 21       		.uleb128 0x21
 1114 00d1 00       		.byte	0
 1115 00d2 49       		.uleb128 0x49
 1116 00d3 13       		.uleb128 0x13
 1117 00d4 2F       		.uleb128 0x2f
 1118 00d5 0B       		.uleb128 0xb
 1119 00d6 00       		.byte	0
 1120 00d7 00       		.byte	0
 1121 00d8 13       		.uleb128 0x13
 1122 00d9 2E       		.uleb128 0x2e
 1123 00da 01       		.byte	0x1
 1124 00db 3F       		.uleb128 0x3f
 1125 00dc 19       		.uleb128 0x19
 1126 00dd 03       		.uleb128 0x3
 1127 00de 0E       		.uleb128 0xe
 1128 00df 3A       		.uleb128 0x3a
 1129 00e0 0B       		.uleb128 0xb
 1130 00e1 3B       		.uleb128 0x3b
 1131 00e2 0B       		.uleb128 0xb
 1132 00e3 27       		.uleb128 0x27
 1133 00e4 19       		.uleb128 0x19
 1134 00e5 49       		.uleb128 0x49
 1135 00e6 13       		.uleb128 0x13
 1136 00e7 11       		.uleb128 0x11
 1137 00e8 01       		.uleb128 0x1
 1138 00e9 12       		.uleb128 0x12
 1139 00ea 06       		.uleb128 0x6
 1140 00eb 40       		.uleb128 0x40
ARM GAS  /tmp/ccKd4dpn.s 			page 21


 1141 00ec 18       		.uleb128 0x18
 1142 00ed 9742     		.uleb128 0x2117
 1143 00ef 19       		.uleb128 0x19
 1144 00f0 01       		.uleb128 0x1
 1145 00f1 13       		.uleb128 0x13
 1146 00f2 00       		.byte	0
 1147 00f3 00       		.byte	0
 1148 00f4 14       		.uleb128 0x14
 1149 00f5 34       		.uleb128 0x34
 1150 00f6 00       		.byte	0
 1151 00f7 03       		.uleb128 0x3
 1152 00f8 08       		.uleb128 0x8
 1153 00f9 3A       		.uleb128 0x3a
 1154 00fa 0B       		.uleb128 0xb
 1155 00fb 3B       		.uleb128 0x3b
 1156 00fc 0B       		.uleb128 0xb
 1157 00fd 49       		.uleb128 0x49
 1158 00fe 13       		.uleb128 0x13
 1159 00ff 02       		.uleb128 0x2
 1160 0100 18       		.uleb128 0x18
 1161 0101 00       		.byte	0
 1162 0102 00       		.byte	0
 1163 0103 15       		.uleb128 0x15
 1164 0104 0B       		.uleb128 0xb
 1165 0105 01       		.byte	0x1
 1166 0106 11       		.uleb128 0x11
 1167 0107 01       		.uleb128 0x1
 1168 0108 12       		.uleb128 0x12
 1169 0109 06       		.uleb128 0x6
 1170 010a 01       		.uleb128 0x1
 1171 010b 13       		.uleb128 0x13
 1172 010c 00       		.byte	0
 1173 010d 00       		.byte	0
 1174 010e 16       		.uleb128 0x16
 1175 010f 0B       		.uleb128 0xb
 1176 0110 01       		.byte	0x1
 1177 0111 55       		.uleb128 0x55
 1178 0112 17       		.uleb128 0x17
 1179 0113 00       		.byte	0
 1180 0114 00       		.byte	0
 1181 0115 17       		.uleb128 0x17
 1182 0116 05       		.uleb128 0x5
 1183 0117 00       		.byte	0
 1184 0118 03       		.uleb128 0x3
 1185 0119 08       		.uleb128 0x8
 1186 011a 3A       		.uleb128 0x3a
 1187 011b 0B       		.uleb128 0xb
 1188 011c 3B       		.uleb128 0x3b
 1189 011d 0B       		.uleb128 0xb
 1190 011e 49       		.uleb128 0x49
 1191 011f 13       		.uleb128 0x13
 1192 0120 02       		.uleb128 0x2
 1193 0121 17       		.uleb128 0x17
 1194 0122 00       		.byte	0
 1195 0123 00       		.byte	0
 1196 0124 18       		.uleb128 0x18
 1197 0125 898201   		.uleb128 0x4109
ARM GAS  /tmp/ccKd4dpn.s 			page 22


 1198 0128 01       		.byte	0x1
 1199 0129 11       		.uleb128 0x11
 1200 012a 01       		.uleb128 0x1
 1201 012b 31       		.uleb128 0x31
 1202 012c 13       		.uleb128 0x13
 1203 012d 00       		.byte	0
 1204 012e 00       		.byte	0
 1205 012f 19       		.uleb128 0x19
 1206 0130 8A8201   		.uleb128 0x410a
 1207 0133 00       		.byte	0
 1208 0134 02       		.uleb128 0x2
 1209 0135 18       		.uleb128 0x18
 1210 0136 9142     		.uleb128 0x2111
 1211 0138 18       		.uleb128 0x18
 1212 0139 00       		.byte	0
 1213 013a 00       		.byte	0
 1214 013b 1A       		.uleb128 0x1a
 1215 013c 34       		.uleb128 0x34
 1216 013d 00       		.byte	0
 1217 013e 03       		.uleb128 0x3
 1218 013f 0E       		.uleb128 0xe
 1219 0140 3A       		.uleb128 0x3a
 1220 0141 0B       		.uleb128 0xb
 1221 0142 3B       		.uleb128 0x3b
 1222 0143 0B       		.uleb128 0xb
 1223 0144 49       		.uleb128 0x49
 1224 0145 13       		.uleb128 0x13
 1225 0146 3F       		.uleb128 0x3f
 1226 0147 19       		.uleb128 0x19
 1227 0148 3C       		.uleb128 0x3c
 1228 0149 19       		.uleb128 0x19
 1229 014a 00       		.byte	0
 1230 014b 00       		.byte	0
 1231 014c 1B       		.uleb128 0x1b
 1232 014d 34       		.uleb128 0x34
 1233 014e 00       		.byte	0
 1234 014f 03       		.uleb128 0x3
 1235 0150 0E       		.uleb128 0xe
 1236 0151 3A       		.uleb128 0x3a
 1237 0152 0B       		.uleb128 0xb
 1238 0153 3B       		.uleb128 0x3b
 1239 0154 0B       		.uleb128 0xb
 1240 0155 49       		.uleb128 0x49
 1241 0156 13       		.uleb128 0x13
 1242 0157 3F       		.uleb128 0x3f
 1243 0158 19       		.uleb128 0x19
 1244 0159 02       		.uleb128 0x2
 1245 015a 18       		.uleb128 0x18
 1246 015b 00       		.byte	0
 1247 015c 00       		.byte	0
 1248 015d 1C       		.uleb128 0x1c
 1249 015e 2E       		.uleb128 0x2e
 1250 015f 01       		.byte	0x1
 1251 0160 3F       		.uleb128 0x3f
 1252 0161 19       		.uleb128 0x19
 1253 0162 03       		.uleb128 0x3
 1254 0163 0E       		.uleb128 0xe
ARM GAS  /tmp/ccKd4dpn.s 			page 23


 1255 0164 3A       		.uleb128 0x3a
 1256 0165 0B       		.uleb128 0xb
 1257 0166 3B       		.uleb128 0x3b
 1258 0167 0B       		.uleb128 0xb
 1259 0168 27       		.uleb128 0x27
 1260 0169 19       		.uleb128 0x19
 1261 016a 3C       		.uleb128 0x3c
 1262 016b 19       		.uleb128 0x19
 1263 016c 00       		.byte	0
 1264 016d 00       		.byte	0
 1265 016e 1D       		.uleb128 0x1d
 1266 016f 05       		.uleb128 0x5
 1267 0170 00       		.byte	0
 1268 0171 49       		.uleb128 0x49
 1269 0172 13       		.uleb128 0x13
 1270 0173 00       		.byte	0
 1271 0174 00       		.byte	0
 1272 0175 00       		.byte	0
 1273              		.section	.debug_loc,"",%progbits
 1274              	.Ldebug_loc0:
 1275              	.LLST0:
 1276 0000 00000000 		.4byte	.LVL1
 1277 0004 27000000 		.4byte	.LVL4-1
 1278 0008 0100     		.2byte	0x1
 1279 000a 50       		.byte	0x50
 1280 000b 27000000 		.4byte	.LVL4-1
 1281 000f 2C000000 		.4byte	.LFE8
 1282 0013 0400     		.2byte	0x4
 1283 0015 F3       		.byte	0xf3
 1284 0016 01       		.uleb128 0x1
 1285 0017 50       		.byte	0x50
 1286 0018 9F       		.byte	0x9f
 1287 0019 00000000 		.4byte	0
 1288 001d 00000000 		.4byte	0
 1289              		.section	.debug_aranges,"",%progbits
 1290 0000 24000000 		.4byte	0x24
 1291 0004 0200     		.2byte	0x2
 1292 0006 00000000 		.4byte	.Ldebug_info0
 1293 000a 04       		.byte	0x4
 1294 000b 00       		.byte	0
 1295 000c 0000     		.2byte	0
 1296 000e 0000     		.2byte	0
 1297 0010 00000000 		.4byte	.LFB7
 1298 0014 1E000000 		.4byte	.LFE7-.LFB7
 1299 0018 00000000 		.4byte	.LFB8
 1300 001c 2C000000 		.4byte	.LFE8-.LFB8
 1301 0020 00000000 		.4byte	0
 1302 0024 00000000 		.4byte	0
 1303              		.section	.debug_ranges,"",%progbits
 1304              	.Ldebug_ranges0:
 1305 0000 10000000 		.4byte	.LBB3
 1306 0004 12000000 		.4byte	.LBE3
 1307 0008 18000000 		.4byte	.LBB4
 1308 000c 1C000000 		.4byte	.LBE4
 1309 0010 00000000 		.4byte	0
 1310 0014 00000000 		.4byte	0
 1311 0018 00000000 		.4byte	.LFB7
ARM GAS  /tmp/ccKd4dpn.s 			page 24


 1312 001c 1E000000 		.4byte	.LFE7
 1313 0020 00000000 		.4byte	.LFB8
 1314 0024 2C000000 		.4byte	.LFE8
 1315 0028 00000000 		.4byte	0
 1316 002c 00000000 		.4byte	0
 1317              		.section	.debug_line,"",%progbits
 1318              	.Ldebug_line0:
 1319 0000 98010000 		.section	.debug_str,"MS",%progbits,1
 1319      02006201 
 1319      00000201 
 1319      FB0E0D00 
 1319      01010101 
 1320              	.LASF73:
 1321 0000 63665F6F 		.ascii	"cf_off_older\000"
 1321      66665F6F 
 1321      6C646572 
 1321      00
 1322              	.LASF36:
 1323 000d 705F6D73 		.ascii	"p_msg\000"
 1323      6700
 1324              	.LASF2:
 1325 0013 73697A65 		.ascii	"size_t\000"
 1325      5F7400
 1326              	.LASF58:
 1327 001a 7264796D 		.ascii	"rdymsg\000"
 1327      736700
 1328              	.LASF13:
 1329 0021 6C6F6E67 		.ascii	"long long unsigned int\000"
 1329      206C6F6E 
 1329      6720756E 
 1329      7369676E 
 1329      65642069 
 1330              	.LASF69:
 1331 0038 63685F74 		.ascii	"ch_threadsize\000"
 1331      68726561 
 1331      6473697A 
 1331      6500
 1332              	.LASF59:
 1333 0046 65786974 		.ascii	"exitcode\000"
 1333      636F6465 
 1333      00
 1334              	.LASF82:
 1335 004f 63685265 		.ascii	"chRegFirstThread\000"
 1335      67466972 
 1335      73745468 
 1335      72656164 
 1335      00
 1336              	.LASF25:
 1337 0060 705F7072 		.ascii	"p_prio\000"
 1337      696F00
 1338              	.LASF76:
 1339 0067 63665F6F 		.ascii	"cf_off_state\000"
 1339      66665F73 
 1339      74617465 
 1339      00
 1340              	.LASF12:
 1341 0074 6C6F6E67 		.ascii	"long long int\000"
ARM GAS  /tmp/ccKd4dpn.s 			page 25


 1341      206C6F6E 
 1341      6720696E 
 1341      7400
 1342              	.LASF1:
 1343 0082 7369676E 		.ascii	"signed char\000"
 1343      65642063 
 1343      68617200 
 1344              	.LASF75:
 1345 008e 63665F6F 		.ascii	"cf_off_stklimit\000"
 1345      66665F73 
 1345      746B6C69 
 1345      6D697400 
 1346              	.LASF77:
 1347 009e 63665F6F 		.ascii	"cf_off_flags\000"
 1347      66665F66 
 1347      6C616773 
 1347      00
 1348              	.LASF40:
 1349 00ab 705F6D70 		.ascii	"p_mpool\000"
 1349      6F6F6C00 
 1350              	.LASF55:
 1351 00b3 6D5F7175 		.ascii	"m_queue\000"
 1351      65756500 
 1352              	.LASF63:
 1353 00bb 63685F69 		.ascii	"ch_identifier\000"
 1353      64656E74 
 1353      69666965 
 1353      7200
 1354              	.LASF9:
 1355 00c9 6C6F6E67 		.ascii	"long int\000"
 1355      20696E74 
 1355      00
 1356              	.LASF16:
 1357 00d2 74737461 		.ascii	"tstate_t\000"
 1357      74655F74 
 1357      00
 1358              	.LASF6:
 1359 00db 75696E74 		.ascii	"uint16_t\000"
 1359      31365F74 
 1359      00
 1360              	.LASF81:
 1361 00e4 63686465 		.ascii	"chdebug_t\000"
 1361      6275675F 
 1361      7400
 1362              	.LASF27:
 1363 00ee 705F6E65 		.ascii	"p_newer\000"
 1363      77657200 
 1364              	.LASF50:
 1365 00f6 725F6E65 		.ascii	"r_newer\000"
 1365      77657200 
 1366              	.LASF43:
 1367 00fe 72656761 		.ascii	"regarm_t\000"
 1367      726D5F74 
 1367      00
 1368              	.LASF86:
 1369 0107 474E5520 		.ascii	"GNU C 4.8.1 -mcpu=cortex-m3 -mno-thumb-interwork -m"
 1369      4320342E 
ARM GAS  /tmp/ccKd4dpn.s 			page 26


 1369      382E3120 
 1369      2D6D6370 
 1369      753D636F 
 1370 013a 7468756D 		.ascii	"thumb -mfloat-abi=soft -ggdb -O2 -fomit-frame-point"
 1370      62202D6D 
 1370      666C6F61 
 1370      742D6162 
 1370      693D736F 
 1371 016d 6572202D 		.ascii	"er -ffunction-sections -fdata-sections -fno-common\000"
 1371      6666756E 
 1371      6374696F 
 1371      6E2D7365 
 1371      6374696F 
 1372              	.LASF88:
 1373 01a0 2F686F6D 		.ascii	"/home/daniofb/Programming/ChibiOS-RT/demos/ARMCM3-L"
 1373      652F6461 
 1373      6E696F66 
 1373      622F5072 
 1373      6F677261 
 1374 01d3 50433137 		.ascii	"PC1768-AKAIKABA\000"
 1374      36382D41 
 1374      4B41494B 
 1374      41424100 
 1375              	.LASF0:
 1376 01e3 756E7369 		.ascii	"unsigned int\000"
 1376      676E6564 
 1376      20696E74 
 1376      00
 1377              	.LASF11:
 1378 01f0 6C6F6E67 		.ascii	"long unsigned int\000"
 1378      20756E73 
 1378      69676E65 
 1378      6420696E 
 1378      7400
 1379              	.LASF85:
 1380 0202 63685F64 		.ascii	"ch_debug\000"
 1380      65627567 
 1380      00
 1381              	.LASF45:
 1382 020b 636F6E74 		.ascii	"context\000"
 1382      65787400 
 1383              	.LASF7:
 1384 0213 73686F72 		.ascii	"short unsigned int\000"
 1384      7420756E 
 1384      7369676E 
 1384      65642069 
 1384      6E7400
 1385              	.LASF19:
 1386 0226 6D73675F 		.ascii	"msg_t\000"
 1386      7400
 1387              	.LASF15:
 1388 022c 746D6F64 		.ascii	"tmode_t\000"
 1388      655F7400 
 1389              	.LASF42:
 1390 0234 54687265 		.ascii	"ThreadsList\000"
 1390      6164734C 
 1390      69737400 
ARM GAS  /tmp/ccKd4dpn.s 			page 27


 1391              	.LASF20:
 1392 0240 6576656E 		.ascii	"eventmask_t\000"
 1392      746D6173 
 1392      6B5F7400 
 1393              	.LASF54:
 1394 024c 4D757465 		.ascii	"Mutex\000"
 1394      7800
 1395              	.LASF64:
 1396 0252 63685F7A 		.ascii	"ch_zero\000"
 1396      65726F00 
 1397              	.LASF78:
 1398 025a 63665F6F 		.ascii	"cf_off_refs\000"
 1398      66665F72 
 1398      65667300 
 1399              	.LASF46:
 1400 0266 73697A65 		.ascii	"sizetype\000"
 1400      74797065 
 1400      00
 1401              	.LASF68:
 1402 026f 63685F74 		.ascii	"ch_timesize\000"
 1402      696D6573 
 1402      697A6500 
 1403              	.LASF74:
 1404 027b 63665F6F 		.ascii	"cf_off_name\000"
 1404      66665F6E 
 1404      616D6500 
 1405              	.LASF28:
 1406 0287 705F6F6C 		.ascii	"p_older\000"
 1406      64657200 
 1407              	.LASF49:
 1408 028f 725F6374 		.ascii	"r_ctx\000"
 1408      7800
 1409              	.LASF41:
 1410 0295 54687265 		.ascii	"ThreadsQueue\000"
 1410      61647351 
 1410      75657565 
 1410      00
 1411              	.LASF65:
 1412 02a2 63685F73 		.ascii	"ch_size\000"
 1412      697A6500 
 1413              	.LASF52:
 1414 02aa 725F6375 		.ascii	"r_current\000"
 1414      7272656E 
 1414      7400
 1415              	.LASF51:
 1416 02b4 725F6F6C 		.ascii	"r_older\000"
 1416      64657200 
 1417              	.LASF17:
 1418 02bc 74726566 		.ascii	"trefs_t\000"
 1418      735F7400 
 1419              	.LASF67:
 1420 02c4 63685F70 		.ascii	"ch_ptrsize\000"
 1420      74727369 
 1420      7A6500
 1421              	.LASF24:
 1422 02cf 705F7072 		.ascii	"p_prev\000"
 1422      657600
ARM GAS  /tmp/ccKd4dpn.s 			page 28


 1423              	.LASF18:
 1424 02d6 74707269 		.ascii	"tprio_t\000"
 1424      6F5F7400 
 1425              	.LASF14:
 1426 02de 5F426F6F 		.ascii	"_Bool\000"
 1426      6C00
 1427              	.LASF8:
 1428 02e4 696E7433 		.ascii	"int32_t\000"
 1428      325F7400 
 1429              	.LASF4:
 1430 02ec 756E7369 		.ascii	"unsigned char\000"
 1430      676E6564 
 1430      20636861 
 1430      7200
 1431              	.LASF38:
 1432 02fa 705F6D74 		.ascii	"p_mtxlist\000"
 1432      786C6973 
 1432      7400
 1433              	.LASF5:
 1434 0304 73686F72 		.ascii	"short int\000"
 1434      7420696E 
 1434      7400
 1435              	.LASF30:
 1436 030e 705F7374 		.ascii	"p_state\000"
 1436      61746500 
 1437              	.LASF80:
 1438 0316 63665F6F 		.ascii	"cf_off_time\000"
 1438      66665F74 
 1438      696D6500 
 1439              	.LASF48:
 1440 0322 725F7072 		.ascii	"r_prio\000"
 1440      696F00
 1441              	.LASF61:
 1442 0329 65776D61 		.ascii	"ewmask\000"
 1442      736B00
 1443              	.LASF23:
 1444 0330 705F6E65 		.ascii	"p_next\000"
 1444      787400
 1445              	.LASF79:
 1446 0337 63665F6F 		.ascii	"cf_off_preempt\000"
 1446      66665F70 
 1446      7265656D 
 1446      707400
 1447              	.LASF31:
 1448 0346 705F666C 		.ascii	"p_flags\000"
 1448      61677300 
 1449              	.LASF89:
 1450 034e 63685468 		.ascii	"chThdRelease\000"
 1450      6452656C 
 1450      65617365 
 1450      00
 1451              	.LASF22:
 1452 035b 54687265 		.ascii	"Thread\000"
 1452      616400
 1453              	.LASF72:
 1454 0362 63665F6F 		.ascii	"cf_off_newer\000"
 1454      66665F6E 
ARM GAS  /tmp/ccKd4dpn.s 			page 29


 1454      65776572 
 1454      00
 1455              	.LASF37:
 1456 036f 705F6570 		.ascii	"p_epending\000"
 1456      656E6469 
 1456      6E6700
 1457              	.LASF10:
 1458 037a 75696E74 		.ascii	"uint32_t\000"
 1458      33325F74 
 1458      00
 1459              	.LASF70:
 1460 0383 63665F6F 		.ascii	"cf_off_prio\000"
 1460      66665F70 
 1460      72696F00 
 1461              	.LASF47:
 1462 038f 725F7175 		.ascii	"r_queue\000"
 1462      65756500 
 1463              	.LASF62:
 1464 0397 63686172 		.ascii	"char\000"
 1464      00
 1465              	.LASF83:
 1466 039c 63685265 		.ascii	"chRegNextThread\000"
 1466      674E6578 
 1466      74546872 
 1466      65616400 
 1467              	.LASF57:
 1468 03ac 6D5F6E65 		.ascii	"m_next\000"
 1468      787400
 1469              	.LASF21:
 1470 03b3 73797374 		.ascii	"systime_t\000"
 1470      696D655F 
 1470      7400
 1471              	.LASF39:
 1472 03bd 705F7265 		.ascii	"p_realprio\000"
 1472      616C7072 
 1472      696F00
 1473              	.LASF33:
 1474 03c8 705F7469 		.ascii	"p_time\000"
 1474      6D6500
 1475              	.LASF44:
 1476 03cf 696E7463 		.ascii	"intctx\000"
 1476      747800
 1477              	.LASF35:
 1478 03d6 705F6D73 		.ascii	"p_msgqueue\000"
 1478      67717565 
 1478      756500
 1479              	.LASF87:
 1480 03e1 2E2E2F2E 		.ascii	"../../os/kernel/src/chregistry.c\000"
 1480      2E2F6F73 
 1480      2F6B6572 
 1480      6E656C2F 
 1480      7372632F 
 1481              	.LASF71:
 1482 0402 63665F6F 		.ascii	"cf_off_ctx\000"
 1482      66665F63 
 1482      747800
 1483              	.LASF32:
ARM GAS  /tmp/ccKd4dpn.s 			page 30


 1484 040d 705F7265 		.ascii	"p_refs\000"
 1484      667300
 1485              	.LASF53:
 1486 0414 52656164 		.ascii	"ReadyList\000"
 1486      794C6973 
 1486      7400
 1487              	.LASF84:
 1488 041e 726C6973 		.ascii	"rlist\000"
 1488      7400
 1489              	.LASF3:
 1490 0424 75696E74 		.ascii	"uint8_t\000"
 1490      385F7400 
 1491              	.LASF60:
 1492 042c 77746F62 		.ascii	"wtobjp\000"
 1492      6A7000
 1493              	.LASF29:
 1494 0433 705F6E61 		.ascii	"p_name\000"
 1494      6D6500
 1495              	.LASF66:
 1496 043a 63685F76 		.ascii	"ch_version\000"
 1496      65727369 
 1496      6F6E00
 1497              	.LASF56:
 1498 0445 6D5F6F77 		.ascii	"m_owner\000"
 1498      6E657200 
 1499              	.LASF26:
 1500 044d 705F6374 		.ascii	"p_ctx\000"
 1500      7800
 1501              	.LASF34:
 1502 0453 705F7761 		.ascii	"p_waiting\000"
 1502      6974696E 
 1502      6700
 1503              		.ident	"GCC: (GNU) 4.8.1"
ARM GAS  /tmp/ccKd4dpn.s 			page 31


DEFINED SYMBOLS
                            *ABS*:0000000000000000 chregistry.c
     /tmp/ccKd4dpn.s:19     .text.chRegFirstThread:0000000000000000 $t
     /tmp/ccKd4dpn.s:24     .text.chRegFirstThread:0000000000000000 chRegFirstThread
     /tmp/ccKd4dpn.s:66     .text.chRegNextThread:0000000000000000 $t
     /tmp/ccKd4dpn.s:71     .text.chRegNextThread:0000000000000000 chRegNextThread
     /tmp/ccKd4dpn.s:129    .rodata.ch_debug:0000000000000000 ch_debug
     /tmp/ccKd4dpn.s:126    .rodata.ch_debug:0000000000000000 $d
                     .debug_frame:0000000000000010 $d

UNDEFINED SYMBOLS
rlist
chThdRelease
