ARM GAS  /tmp/ccNadMj1.s 			page 1


   1              		.syntax unified
   2              		.cpu cortex-m3
   3              		.fpu softvfp
   4              		.eabi_attribute 20, 1
   5              		.eabi_attribute 21, 1
   6              		.eabi_attribute 23, 3
   7              		.eabi_attribute 24, 1
   8              		.eabi_attribute 25, 1
   9              		.eabi_attribute 26, 1
  10              		.eabi_attribute 30, 2
  11              		.eabi_attribute 34, 1
  12              		.eabi_attribute 18, 4
  13              		.thumb
  14              		.file	"chvt.c"
  15              		.text
  16              	.Ltext0:
  17              		.cfi_sections	.debug_frame
  18              		.section	.text._vt_init,"ax",%progbits
  19              		.align	2
  20              		.global	_vt_init
  21              		.thumb
  22              		.thumb_func
  23              		.type	_vt_init, %function
  24              	_vt_init:
  25              	.LFB7:
  26              		.file 1 "../../os/kernel/src/chvt.c"
  27              		.loc 1 43 0
  28              		.cfi_startproc
  29              		@ args = 0, pretend = 0, frame = 0
  30              		@ frame_needed = 0, uses_anonymous_args = 0
  31              		@ link register save eliminated.
  32              		.loc 1 45 0
  33 0000 40F20003 		movw	r3, #:lower16:.LANCHOR0
  34 0004 C0F20003 		movt	r3, #:upper16:.LANCHOR0
  35              		.loc 1 46 0
  36 0008 4FF0FF31 		mov	r1, #-1
  37              		.loc 1 47 0
  38 000c 0022     		movs	r2, #0
  39              		.loc 1 45 0
  40 000e 5B60     		str	r3, [r3, #4]
  41 0010 1B60     		str	r3, [r3]
  42              		.loc 1 46 0
  43 0012 9960     		str	r1, [r3, #8]
  44              		.loc 1 47 0
  45 0014 DA60     		str	r2, [r3, #12]
  46 0016 7047     		bx	lr
  47              		.cfi_endproc
  48              	.LFE7:
  49              		.size	_vt_init, .-_vt_init
  50              		.section	.text.chVTSetI,"ax",%progbits
  51              		.align	2
  52              		.global	chVTSetI
  53              		.thumb
  54              		.thumb_func
  55              		.type	chVTSetI, %function
  56              	chVTSetI:
  57              	.LFB8:
ARM GAS  /tmp/ccNadMj1.s 			page 2


  58              		.loc 1 69 0
  59              		.cfi_startproc
  60              		@ args = 0, pretend = 0, frame = 0
  61              		@ frame_needed = 0, uses_anonymous_args = 0
  62              		@ link register save eliminated.
  63              	.LVL0:
  64 0000 70B4     		push	{r4, r5, r6}
  65              		.cfi_def_cfa_offset 12
  66              		.cfi_offset 4, -12
  67              		.cfi_offset 5, -8
  68              		.cfi_offset 6, -4
  69              		.loc 1 78 0
  70 0002 40F20006 		movw	r6, #:lower16:.LANCHOR0
  71 0006 C0F20006 		movt	r6, #:upper16:.LANCHOR0
  72 000a 3468     		ldr	r4, [r6]
  73              	.LVL1:
  74              		.loc 1 79 0
  75 000c A568     		ldr	r5, [r4, #8]
  76              		.loc 1 76 0
  77 000e 0361     		str	r3, [r0, #16]
  78              		.loc 1 79 0
  79 0010 A942     		cmp	r1, r5
  80              		.loc 1 77 0
  81 0012 C260     		str	r2, [r0, #12]
  82              		.loc 1 79 0
  83 0014 04D9     		bls	.L3
  84              	.L4:
  85              		.loc 1 81 0
  86 0016 2468     		ldr	r4, [r4]
  87              	.LVL2:
  88              		.loc 1 80 0
  89 0018 491B     		subs	r1, r1, r5
  90              	.LVL3:
  91              		.loc 1 79 0
  92 001a A568     		ldr	r5, [r4, #8]
  93 001c 8D42     		cmp	r5, r1
  94 001e FAD3     		bcc	.L4
  95              	.L3:
  96              		.loc 1 84 0
  97 0020 6368     		ldr	r3, [r4, #4]
  98              	.LVL4:
  99              		.loc 1 87 0
 100 0022 B442     		cmp	r4, r6
 101              		.loc 1 84 0
 102 0024 0460     		str	r4, [r0]
 103 0026 4360     		str	r3, [r0, #4]
 104              		.loc 1 85 0
 105 0028 6060     		str	r0, [r4, #4]
 106 002a 1860     		str	r0, [r3]
 107              		.loc 1 86 0
 108 002c 8160     		str	r1, [r0, #8]
 109              		.loc 1 88 0
 110 002e 1EBF     		ittt	ne
 111 0030 A368     		ldrne	r3, [r4, #8]
 112 0032 C1EB0301 		rsbne	r1, r1, r3
 113              	.LVL5:
 114 0036 A160     		strne	r1, [r4, #8]
ARM GAS  /tmp/ccNadMj1.s 			page 3


 115              	.LVL6:
 116              		.loc 1 89 0
 117 0038 70BC     		pop	{r4, r5, r6}
 118              	.LVL7:
 119 003a 7047     		bx	lr
 120              		.cfi_endproc
 121              	.LFE8:
 122              		.size	chVTSetI, .-chVTSetI
 123              		.section	.text.chVTResetI,"ax",%progbits
 124              		.align	2
 125              		.global	chVTResetI
 126              		.thumb
 127              		.thumb_func
 128              		.type	chVTResetI, %function
 129              	chVTResetI:
 130              	.LFB9:
 131              		.loc 1 99 0
 132              		.cfi_startproc
 133              		@ args = 0, pretend = 0, frame = 0
 134              		@ frame_needed = 0, uses_anonymous_args = 0
 135              		@ link register save eliminated.
 136              	.LVL8:
 137              		.loc 1 107 0
 138 0000 0368     		ldr	r3, [r0]
 139 0002 40F20002 		movw	r2, #:lower16:.LANCHOR0
 140 0006 C0F20002 		movt	r2, #:upper16:.LANCHOR0
 141 000a 9342     		cmp	r3, r2
 142              		.loc 1 108 0
 143 000c 1FBF     		itttt	ne
 144 000e 9968     		ldrne	r1, [r3, #8]
 145 0010 8268     		ldrne	r2, [r0, #8]
 146 0012 5218     		addne	r2, r2, r1
 147 0014 9A60     		strne	r2, [r3, #8]
 148              		.loc 1 109 0
 149 0016 4268     		ldr	r2, [r0, #4]
 150              		.loc 1 111 0
 151 0018 0021     		movs	r1, #0
 152              		.loc 1 109 0
 153 001a 1360     		str	r3, [r2]
 154              		.loc 1 110 0
 155 001c 0368     		ldr	r3, [r0]
 156 001e 5A60     		str	r2, [r3, #4]
 157              		.loc 1 111 0
 158 0020 C160     		str	r1, [r0, #12]
 159 0022 7047     		bx	lr
 160              		.cfi_endproc
 161              	.LFE9:
 162              		.size	chVTResetI, .-chVTResetI
 163              		.section	.text.chTimeIsWithin,"ax",%progbits
 164              		.align	2
 165              		.global	chTimeIsWithin
 166              		.thumb
 167              		.thumb_func
 168              		.type	chTimeIsWithin, %function
 169              	chTimeIsWithin:
 170              	.LFB10:
 171              		.loc 1 127 0
ARM GAS  /tmp/ccNadMj1.s 			page 4


 172              		.cfi_startproc
 173              		@ args = 0, pretend = 0, frame = 0
 174              		@ frame_needed = 0, uses_anonymous_args = 0
 175              		@ link register save eliminated.
 176              	.LVL9:
 177              		.loc 1 129 0
 178 0000 40F20003 		movw	r3, #:lower16:.LANCHOR0
 179 0004 C0F20003 		movt	r3, #:upper16:.LANCHOR0
 180              		.loc 1 130 0
 181 0008 8142     		cmp	r1, r0
 182              		.loc 1 127 0
 183 000a 0246     		mov	r2, r0
 184              		.loc 1 129 0
 185 000c DB68     		ldr	r3, [r3, #12]
 186              	.LVL10:
 187              		.loc 1 130 0
 188 000e 09D8     		bhi	.L12
 189              		.loc 1 131 0 discriminator 2
 190 0010 8342     		cmp	r3, r0
 191 0012 34BF     		ite	cc
 192 0014 0022     		movcc	r2, #0
 193 0016 0122     		movcs	r2, #1
 194 0018 8B42     		cmp	r3, r1
 195 001a 2CBF     		ite	cs
 196 001c 1046     		movcs	r0, r2
 197 001e 42F00100 		orrcc	r0, r2, #1
 198              	.LVL11:
 199              		.loc 1 132 0 discriminator 2
 200 0022 7047     		bx	lr
 201              	.LVL12:
 202              	.L12:
 203              		.loc 1 130 0 discriminator 1
 204 0024 8B42     		cmp	r3, r1
 205 0026 2CBF     		ite	cs
 206 0028 0020     		movcs	r0, #0
 207              	.LVL13:
 208 002a 0120     		movcc	r0, #1
 209 002c 9342     		cmp	r3, r2
 210 002e 38BF     		it	cc
 211 0030 0020     		movcc	r0, #0
 212 0032 7047     		bx	lr
 213              		.cfi_endproc
 214              	.LFE10:
 215              		.size	chTimeIsWithin, .-chTimeIsWithin
 216              		.global	vtlist
 217              		.section	.bss.vtlist,"aw",%nobits
 218              		.align	2
 219              		.set	.LANCHOR0,. + 0
 220              		.type	vtlist, %object
 221              		.size	vtlist, 16
 222              	vtlist:
 223 0000 00000000 		.space	16
 223      00000000 
 223      00000000 
 223      00000000 
 224              		.text
 225              	.Letext0:
ARM GAS  /tmp/ccNadMj1.s 			page 5


 226              		.file 2 "/home/daniofb/arm-cm3-eabi/arm-cm3-eabi/sys-include/stdint.h"
 227              		.file 3 "../../os/ports/GCC/ARMCMx/chtypes.h"
 228              		.file 4 "../../os/kernel/include/chvt.h"
 229              		.section	.debug_info,"",%progbits
 230              	.Ldebug_info0:
 231 0000 42020000 		.4byte	0x242
 232 0004 0400     		.2byte	0x4
 233 0006 00000000 		.4byte	.Ldebug_abbrev0
 234 000a 04       		.byte	0x4
 235 000b 01       		.uleb128 0x1
 236 000c 5B000000 		.4byte	.LASF29
 237 0010 01       		.byte	0x1
 238 0011 57010000 		.4byte	.LASF30
 239 0015 B4010000 		.4byte	.LASF31
 240 0019 00000000 		.4byte	.Ldebug_ranges0+0
 241 001d 00000000 		.4byte	0
 242 0021 00000000 		.4byte	.Ldebug_line0
 243 0025 02       		.uleb128 0x2
 244 0026 04       		.byte	0x4
 245 0027 05       		.byte	0x5
 246 0028 696E7400 		.ascii	"int\000"
 247 002c 03       		.uleb128 0x3
 248 002d 04       		.byte	0x4
 249 002e 07       		.byte	0x7
 250 002f 0B010000 		.4byte	.LASF0
 251 0033 03       		.uleb128 0x3
 252 0034 01       		.byte	0x1
 253 0035 06       		.byte	0x6
 254 0036 11020000 		.4byte	.LASF1
 255 003a 03       		.uleb128 0x3
 256 003b 01       		.byte	0x1
 257 003c 08       		.byte	0x8
 258 003d FD000000 		.4byte	.LASF2
 259 0041 03       		.uleb128 0x3
 260 0042 02       		.byte	0x2
 261 0043 05       		.byte	0x5
 262 0044 9B010000 		.4byte	.LASF3
 263 0048 03       		.uleb128 0x3
 264 0049 02       		.byte	0x2
 265 004a 07       		.byte	0x7
 266 004b 3B000000 		.4byte	.LASF4
 267 004f 03       		.uleb128 0x3
 268 0050 04       		.byte	0x4
 269 0051 05       		.byte	0x5
 270 0052 08020000 		.4byte	.LASF5
 271 0056 04       		.uleb128 0x4
 272 0057 FF010000 		.4byte	.LASF9
 273 005b 02       		.byte	0x2
 274 005c 50       		.byte	0x50
 275 005d 61000000 		.4byte	0x61
 276 0061 03       		.uleb128 0x3
 277 0062 04       		.byte	0x4
 278 0063 07       		.byte	0x7
 279 0064 29000000 		.4byte	.LASF6
 280 0068 03       		.uleb128 0x3
 281 0069 08       		.byte	0x8
 282 006a 05       		.byte	0x5
ARM GAS  /tmp/ccNadMj1.s 			page 6


 283 006b 72010000 		.4byte	.LASF7
 284 006f 03       		.uleb128 0x3
 285 0070 08       		.byte	0x8
 286 0071 07       		.byte	0x7
 287 0072 18010000 		.4byte	.LASF8
 288 0076 04       		.uleb128 0x4
 289 0077 19000000 		.4byte	.LASF10
 290 007b 03       		.byte	0x3
 291 007c 24       		.byte	0x24
 292 007d 81000000 		.4byte	0x81
 293 0081 03       		.uleb128 0x3
 294 0082 01       		.byte	0x1
 295 0083 02       		.byte	0x2
 296 0084 37020000 		.4byte	.LASF11
 297 0088 04       		.uleb128 0x4
 298 0089 09000000 		.4byte	.LASF12
 299 008d 03       		.byte	0x3
 300 008e 2E       		.byte	0x2e
 301 008f 56000000 		.4byte	0x56
 302 0093 05       		.uleb128 0x5
 303 0094 04       		.byte	0x4
 304 0095 03       		.uleb128 0x3
 305 0096 04       		.byte	0x4
 306 0097 07       		.byte	0x7
 307 0098 43010000 		.4byte	.LASF13
 308 009c 04       		.uleb128 0x4
 309 009d 20000000 		.4byte	.LASF14
 310 00a1 04       		.byte	0x4
 311 00a2 51       		.byte	0x51
 312 00a3 A7000000 		.4byte	0xa7
 313 00a7 06       		.uleb128 0x6
 314 00a8 04       		.byte	0x4
 315 00a9 AD000000 		.4byte	0xad
 316 00ad 07       		.uleb128 0x7
 317 00ae B8000000 		.4byte	0xb8
 318 00b2 08       		.uleb128 0x8
 319 00b3 93000000 		.4byte	0x93
 320 00b7 00       		.byte	0
 321 00b8 04       		.uleb128 0x4
 322 00b9 4E000000 		.4byte	.LASF15
 323 00bd 04       		.byte	0x4
 324 00be 56       		.byte	0x56
 325 00bf C3000000 		.4byte	0xc3
 326 00c3 09       		.uleb128 0x9
 327 00c4 4E000000 		.4byte	.LASF15
 328 00c8 14       		.byte	0x14
 329 00c9 04       		.byte	0x4
 330 00ca 5D       		.byte	0x5d
 331 00cb 0C010000 		.4byte	0x10c
 332 00cf 0A       		.uleb128 0xa
 333 00d0 24020000 		.4byte	.LASF16
 334 00d4 04       		.byte	0x4
 335 00d5 5E       		.byte	0x5e
 336 00d6 0C010000 		.4byte	0x10c
 337 00da 00       		.byte	0
 338 00db 0A       		.uleb128 0xa
 339 00dc F7010000 		.4byte	.LASF17
ARM GAS  /tmp/ccNadMj1.s 			page 7


 340 00e0 04       		.byte	0x4
 341 00e1 60       		.byte	0x60
 342 00e2 0C010000 		.4byte	0x10c
 343 00e6 04       		.byte	0x4
 344 00e7 0A       		.uleb128 0xa
 345 00e8 3B010000 		.4byte	.LASF18
 346 00ec 04       		.byte	0x4
 347 00ed 62       		.byte	0x62
 348 00ee 88000000 		.4byte	0x88
 349 00f2 08       		.byte	0x8
 350 00f3 0A       		.uleb128 0xa
 351 00f4 80010000 		.4byte	.LASF19
 352 00f8 04       		.byte	0x4
 353 00f9 63       		.byte	0x63
 354 00fa 9C000000 		.4byte	0x9c
 355 00fe 0C       		.byte	0xc
 356 00ff 0A       		.uleb128 0xa
 357 0100 94010000 		.4byte	.LASF20
 358 0104 04       		.byte	0x4
 359 0105 65       		.byte	0x65
 360 0106 93000000 		.4byte	0x93
 361 010a 10       		.byte	0x10
 362 010b 00       		.byte	0
 363 010c 06       		.uleb128 0x6
 364 010d 04       		.byte	0x4
 365 010e B8000000 		.4byte	0xb8
 366 0112 0B       		.uleb128 0xb
 367 0113 10       		.byte	0x10
 368 0114 04       		.byte	0x4
 369 0115 6F       		.byte	0x6f
 370 0116 4B010000 		.4byte	0x14b
 371 011a 0A       		.uleb128 0xa
 372 011b 24020000 		.4byte	.LASF16
 373 011f 04       		.byte	0x4
 374 0120 70       		.byte	0x70
 375 0121 0C010000 		.4byte	0x10c
 376 0125 00       		.byte	0
 377 0126 0A       		.uleb128 0xa
 378 0127 F7010000 		.4byte	.LASF17
 379 012b 04       		.byte	0x4
 380 012c 72       		.byte	0x72
 381 012d 0C010000 		.4byte	0x10c
 382 0131 04       		.byte	0x4
 383 0132 0A       		.uleb128 0xa
 384 0133 3B010000 		.4byte	.LASF18
 385 0137 04       		.byte	0x4
 386 0138 74       		.byte	0x74
 387 0139 88000000 		.4byte	0x88
 388 013d 08       		.byte	0x8
 389 013e 0A       		.uleb128 0xa
 390 013f 4C010000 		.4byte	.LASF21
 391 0143 04       		.byte	0x4
 392 0144 75       		.byte	0x75
 393 0145 4B010000 		.4byte	0x14b
 394 0149 0C       		.byte	0xc
 395 014a 00       		.byte	0
 396 014b 0C       		.uleb128 0xc
ARM GAS  /tmp/ccNadMj1.s 			page 8


 397 014c 88000000 		.4byte	0x88
 398 0150 04       		.uleb128 0x4
 399 0151 1D020000 		.4byte	.LASF22
 400 0155 04       		.byte	0x4
 401 0156 76       		.byte	0x76
 402 0157 12010000 		.4byte	0x112
 403 015b 03       		.uleb128 0x3
 404 015c 01       		.byte	0x1
 405 015d 08       		.byte	0x8
 406 015e 8F010000 		.4byte	.LASF23
 407 0162 0D       		.uleb128 0xd
 408 0163 F4000000 		.4byte	.LASF32
 409 0167 01       		.byte	0x1
 410 0168 2B       		.byte	0x2b
 411 0169 00000000 		.4byte	.LFB7
 412 016d 18000000 		.4byte	.LFE7-.LFB7
 413 0171 01       		.uleb128 0x1
 414 0172 9C       		.byte	0x9c
 415 0173 0E       		.uleb128 0xe
 416 0174 00000000 		.4byte	.LASF26
 417 0178 01       		.byte	0x1
 418 0179 45       		.byte	0x45
 419 017a 00000000 		.4byte	.LFB8
 420 017e 3C000000 		.4byte	.LFE8-.LFB8
 421 0182 01       		.uleb128 0x1
 422 0183 9C       		.byte	0x9c
 423 0184 CE010000 		.4byte	0x1ce
 424 0188 0F       		.uleb128 0xf
 425 0189 76747000 		.ascii	"vtp\000"
 426 018d 01       		.byte	0x1
 427 018e 45       		.byte	0x45
 428 018f 0C010000 		.4byte	0x10c
 429 0193 01       		.uleb128 0x1
 430 0194 50       		.byte	0x50
 431 0195 10       		.uleb128 0x10
 432 0196 36010000 		.4byte	.LASF24
 433 019a 01       		.byte	0x1
 434 019b 45       		.byte	0x45
 435 019c 88000000 		.4byte	0x88
 436 01a0 00000000 		.4byte	.LLST0
 437 01a4 11       		.uleb128 0x11
 438 01a5 88010000 		.4byte	.LASF25
 439 01a9 01       		.byte	0x1
 440 01aa 45       		.byte	0x45
 441 01ab 9C000000 		.4byte	0x9c
 442 01af 01       		.uleb128 0x1
 443 01b0 52       		.byte	0x52
 444 01b1 12       		.uleb128 0x12
 445 01b2 70617200 		.ascii	"par\000"
 446 01b6 01       		.byte	0x1
 447 01b7 45       		.byte	0x45
 448 01b8 93000000 		.4byte	0x93
 449 01bc 2D000000 		.4byte	.LLST1
 450 01c0 13       		.uleb128 0x13
 451 01c1 7000     		.ascii	"p\000"
 452 01c3 01       		.byte	0x1
 453 01c4 46       		.byte	0x46
ARM GAS  /tmp/ccNadMj1.s 			page 9


 454 01c5 0C010000 		.4byte	0x10c
 455 01c9 4C000000 		.4byte	.LLST2
 456 01cd 00       		.byte	0
 457 01ce 0E       		.uleb128 0xe
 458 01cf 2C020000 		.4byte	.LASF27
 459 01d3 01       		.byte	0x1
 460 01d4 63       		.byte	0x63
 461 01d5 00000000 		.4byte	.LFB9
 462 01d9 24000000 		.4byte	.LFE9-.LFB9
 463 01dd 01       		.uleb128 0x1
 464 01de 9C       		.byte	0x9c
 465 01df F1010000 		.4byte	0x1f1
 466 01e3 0F       		.uleb128 0xf
 467 01e4 76747000 		.ascii	"vtp\000"
 468 01e8 01       		.byte	0x1
 469 01e9 63       		.byte	0x63
 470 01ea 0C010000 		.4byte	0x10c
 471 01ee 01       		.uleb128 0x1
 472 01ef 50       		.byte	0x50
 473 01f0 00       		.byte	0
 474 01f1 14       		.uleb128 0x14
 475 01f2 A5010000 		.4byte	.LASF33
 476 01f6 01       		.byte	0x1
 477 01f7 7F       		.byte	0x7f
 478 01f8 76000000 		.4byte	0x76
 479 01fc 00000000 		.4byte	.LFB10
 480 0200 34000000 		.4byte	.LFE10-.LFB10
 481 0204 01       		.uleb128 0x1
 482 0205 9C       		.byte	0x9c
 483 0206 34020000 		.4byte	0x234
 484 020a 10       		.uleb128 0x10
 485 020b 13000000 		.4byte	.LASF28
 486 020f 01       		.byte	0x1
 487 0210 7F       		.byte	0x7f
 488 0211 88000000 		.4byte	0x88
 489 0215 6A000000 		.4byte	.LLST3
 490 0219 0F       		.uleb128 0xf
 491 021a 656E6400 		.ascii	"end\000"
 492 021e 01       		.byte	0x1
 493 021f 7F       		.byte	0x7f
 494 0220 88000000 		.4byte	0x88
 495 0224 01       		.uleb128 0x1
 496 0225 51       		.byte	0x51
 497 0226 15       		.uleb128 0x15
 498 0227 36010000 		.4byte	.LASF24
 499 022b 01       		.byte	0x1
 500 022c 81       		.byte	0x81
 501 022d 88000000 		.4byte	0x88
 502 0231 01       		.uleb128 0x1
 503 0232 53       		.byte	0x53
 504 0233 00       		.byte	0
 505 0234 16       		.uleb128 0x16
 506 0235 2F010000 		.4byte	.LASF34
 507 0239 01       		.byte	0x1
 508 023a 23       		.byte	0x23
 509 023b 50010000 		.4byte	0x150
 510 023f 05       		.uleb128 0x5
ARM GAS  /tmp/ccNadMj1.s 			page 10


 511 0240 03       		.byte	0x3
 512 0241 00000000 		.4byte	vtlist
 513 0245 00       		.byte	0
 514              		.section	.debug_abbrev,"",%progbits
 515              	.Ldebug_abbrev0:
 516 0000 01       		.uleb128 0x1
 517 0001 11       		.uleb128 0x11
 518 0002 01       		.byte	0x1
 519 0003 25       		.uleb128 0x25
 520 0004 0E       		.uleb128 0xe
 521 0005 13       		.uleb128 0x13
 522 0006 0B       		.uleb128 0xb
 523 0007 03       		.uleb128 0x3
 524 0008 0E       		.uleb128 0xe
 525 0009 1B       		.uleb128 0x1b
 526 000a 0E       		.uleb128 0xe
 527 000b 55       		.uleb128 0x55
 528 000c 17       		.uleb128 0x17
 529 000d 11       		.uleb128 0x11
 530 000e 01       		.uleb128 0x1
 531 000f 10       		.uleb128 0x10
 532 0010 17       		.uleb128 0x17
 533 0011 00       		.byte	0
 534 0012 00       		.byte	0
 535 0013 02       		.uleb128 0x2
 536 0014 24       		.uleb128 0x24
 537 0015 00       		.byte	0
 538 0016 0B       		.uleb128 0xb
 539 0017 0B       		.uleb128 0xb
 540 0018 3E       		.uleb128 0x3e
 541 0019 0B       		.uleb128 0xb
 542 001a 03       		.uleb128 0x3
 543 001b 08       		.uleb128 0x8
 544 001c 00       		.byte	0
 545 001d 00       		.byte	0
 546 001e 03       		.uleb128 0x3
 547 001f 24       		.uleb128 0x24
 548 0020 00       		.byte	0
 549 0021 0B       		.uleb128 0xb
 550 0022 0B       		.uleb128 0xb
 551 0023 3E       		.uleb128 0x3e
 552 0024 0B       		.uleb128 0xb
 553 0025 03       		.uleb128 0x3
 554 0026 0E       		.uleb128 0xe
 555 0027 00       		.byte	0
 556 0028 00       		.byte	0
 557 0029 04       		.uleb128 0x4
 558 002a 16       		.uleb128 0x16
 559 002b 00       		.byte	0
 560 002c 03       		.uleb128 0x3
 561 002d 0E       		.uleb128 0xe
 562 002e 3A       		.uleb128 0x3a
 563 002f 0B       		.uleb128 0xb
 564 0030 3B       		.uleb128 0x3b
 565 0031 0B       		.uleb128 0xb
 566 0032 49       		.uleb128 0x49
 567 0033 13       		.uleb128 0x13
ARM GAS  /tmp/ccNadMj1.s 			page 11


 568 0034 00       		.byte	0
 569 0035 00       		.byte	0
 570 0036 05       		.uleb128 0x5
 571 0037 0F       		.uleb128 0xf
 572 0038 00       		.byte	0
 573 0039 0B       		.uleb128 0xb
 574 003a 0B       		.uleb128 0xb
 575 003b 00       		.byte	0
 576 003c 00       		.byte	0
 577 003d 06       		.uleb128 0x6
 578 003e 0F       		.uleb128 0xf
 579 003f 00       		.byte	0
 580 0040 0B       		.uleb128 0xb
 581 0041 0B       		.uleb128 0xb
 582 0042 49       		.uleb128 0x49
 583 0043 13       		.uleb128 0x13
 584 0044 00       		.byte	0
 585 0045 00       		.byte	0
 586 0046 07       		.uleb128 0x7
 587 0047 15       		.uleb128 0x15
 588 0048 01       		.byte	0x1
 589 0049 27       		.uleb128 0x27
 590 004a 19       		.uleb128 0x19
 591 004b 01       		.uleb128 0x1
 592 004c 13       		.uleb128 0x13
 593 004d 00       		.byte	0
 594 004e 00       		.byte	0
 595 004f 08       		.uleb128 0x8
 596 0050 05       		.uleb128 0x5
 597 0051 00       		.byte	0
 598 0052 49       		.uleb128 0x49
 599 0053 13       		.uleb128 0x13
 600 0054 00       		.byte	0
 601 0055 00       		.byte	0
 602 0056 09       		.uleb128 0x9
 603 0057 13       		.uleb128 0x13
 604 0058 01       		.byte	0x1
 605 0059 03       		.uleb128 0x3
 606 005a 0E       		.uleb128 0xe
 607 005b 0B       		.uleb128 0xb
 608 005c 0B       		.uleb128 0xb
 609 005d 3A       		.uleb128 0x3a
 610 005e 0B       		.uleb128 0xb
 611 005f 3B       		.uleb128 0x3b
 612 0060 0B       		.uleb128 0xb
 613 0061 01       		.uleb128 0x1
 614 0062 13       		.uleb128 0x13
 615 0063 00       		.byte	0
 616 0064 00       		.byte	0
 617 0065 0A       		.uleb128 0xa
 618 0066 0D       		.uleb128 0xd
 619 0067 00       		.byte	0
 620 0068 03       		.uleb128 0x3
 621 0069 0E       		.uleb128 0xe
 622 006a 3A       		.uleb128 0x3a
 623 006b 0B       		.uleb128 0xb
 624 006c 3B       		.uleb128 0x3b
ARM GAS  /tmp/ccNadMj1.s 			page 12


 625 006d 0B       		.uleb128 0xb
 626 006e 49       		.uleb128 0x49
 627 006f 13       		.uleb128 0x13
 628 0070 38       		.uleb128 0x38
 629 0071 0B       		.uleb128 0xb
 630 0072 00       		.byte	0
 631 0073 00       		.byte	0
 632 0074 0B       		.uleb128 0xb
 633 0075 13       		.uleb128 0x13
 634 0076 01       		.byte	0x1
 635 0077 0B       		.uleb128 0xb
 636 0078 0B       		.uleb128 0xb
 637 0079 3A       		.uleb128 0x3a
 638 007a 0B       		.uleb128 0xb
 639 007b 3B       		.uleb128 0x3b
 640 007c 0B       		.uleb128 0xb
 641 007d 01       		.uleb128 0x1
 642 007e 13       		.uleb128 0x13
 643 007f 00       		.byte	0
 644 0080 00       		.byte	0
 645 0081 0C       		.uleb128 0xc
 646 0082 35       		.uleb128 0x35
 647 0083 00       		.byte	0
 648 0084 49       		.uleb128 0x49
 649 0085 13       		.uleb128 0x13
 650 0086 00       		.byte	0
 651 0087 00       		.byte	0
 652 0088 0D       		.uleb128 0xd
 653 0089 2E       		.uleb128 0x2e
 654 008a 00       		.byte	0
 655 008b 3F       		.uleb128 0x3f
 656 008c 19       		.uleb128 0x19
 657 008d 03       		.uleb128 0x3
 658 008e 0E       		.uleb128 0xe
 659 008f 3A       		.uleb128 0x3a
 660 0090 0B       		.uleb128 0xb
 661 0091 3B       		.uleb128 0x3b
 662 0092 0B       		.uleb128 0xb
 663 0093 27       		.uleb128 0x27
 664 0094 19       		.uleb128 0x19
 665 0095 11       		.uleb128 0x11
 666 0096 01       		.uleb128 0x1
 667 0097 12       		.uleb128 0x12
 668 0098 06       		.uleb128 0x6
 669 0099 40       		.uleb128 0x40
 670 009a 18       		.uleb128 0x18
 671 009b 9742     		.uleb128 0x2117
 672 009d 19       		.uleb128 0x19
 673 009e 00       		.byte	0
 674 009f 00       		.byte	0
 675 00a0 0E       		.uleb128 0xe
 676 00a1 2E       		.uleb128 0x2e
 677 00a2 01       		.byte	0x1
 678 00a3 3F       		.uleb128 0x3f
 679 00a4 19       		.uleb128 0x19
 680 00a5 03       		.uleb128 0x3
 681 00a6 0E       		.uleb128 0xe
ARM GAS  /tmp/ccNadMj1.s 			page 13


 682 00a7 3A       		.uleb128 0x3a
 683 00a8 0B       		.uleb128 0xb
 684 00a9 3B       		.uleb128 0x3b
 685 00aa 0B       		.uleb128 0xb
 686 00ab 27       		.uleb128 0x27
 687 00ac 19       		.uleb128 0x19
 688 00ad 11       		.uleb128 0x11
 689 00ae 01       		.uleb128 0x1
 690 00af 12       		.uleb128 0x12
 691 00b0 06       		.uleb128 0x6
 692 00b1 40       		.uleb128 0x40
 693 00b2 18       		.uleb128 0x18
 694 00b3 9742     		.uleb128 0x2117
 695 00b5 19       		.uleb128 0x19
 696 00b6 01       		.uleb128 0x1
 697 00b7 13       		.uleb128 0x13
 698 00b8 00       		.byte	0
 699 00b9 00       		.byte	0
 700 00ba 0F       		.uleb128 0xf
 701 00bb 05       		.uleb128 0x5
 702 00bc 00       		.byte	0
 703 00bd 03       		.uleb128 0x3
 704 00be 08       		.uleb128 0x8
 705 00bf 3A       		.uleb128 0x3a
 706 00c0 0B       		.uleb128 0xb
 707 00c1 3B       		.uleb128 0x3b
 708 00c2 0B       		.uleb128 0xb
 709 00c3 49       		.uleb128 0x49
 710 00c4 13       		.uleb128 0x13
 711 00c5 02       		.uleb128 0x2
 712 00c6 18       		.uleb128 0x18
 713 00c7 00       		.byte	0
 714 00c8 00       		.byte	0
 715 00c9 10       		.uleb128 0x10
 716 00ca 05       		.uleb128 0x5
 717 00cb 00       		.byte	0
 718 00cc 03       		.uleb128 0x3
 719 00cd 0E       		.uleb128 0xe
 720 00ce 3A       		.uleb128 0x3a
 721 00cf 0B       		.uleb128 0xb
 722 00d0 3B       		.uleb128 0x3b
 723 00d1 0B       		.uleb128 0xb
 724 00d2 49       		.uleb128 0x49
 725 00d3 13       		.uleb128 0x13
 726 00d4 02       		.uleb128 0x2
 727 00d5 17       		.uleb128 0x17
 728 00d6 00       		.byte	0
 729 00d7 00       		.byte	0
 730 00d8 11       		.uleb128 0x11
 731 00d9 05       		.uleb128 0x5
 732 00da 00       		.byte	0
 733 00db 03       		.uleb128 0x3
 734 00dc 0E       		.uleb128 0xe
 735 00dd 3A       		.uleb128 0x3a
 736 00de 0B       		.uleb128 0xb
 737 00df 3B       		.uleb128 0x3b
 738 00e0 0B       		.uleb128 0xb
ARM GAS  /tmp/ccNadMj1.s 			page 14


 739 00e1 49       		.uleb128 0x49
 740 00e2 13       		.uleb128 0x13
 741 00e3 02       		.uleb128 0x2
 742 00e4 18       		.uleb128 0x18
 743 00e5 00       		.byte	0
 744 00e6 00       		.byte	0
 745 00e7 12       		.uleb128 0x12
 746 00e8 05       		.uleb128 0x5
 747 00e9 00       		.byte	0
 748 00ea 03       		.uleb128 0x3
 749 00eb 08       		.uleb128 0x8
 750 00ec 3A       		.uleb128 0x3a
 751 00ed 0B       		.uleb128 0xb
 752 00ee 3B       		.uleb128 0x3b
 753 00ef 0B       		.uleb128 0xb
 754 00f0 49       		.uleb128 0x49
 755 00f1 13       		.uleb128 0x13
 756 00f2 02       		.uleb128 0x2
 757 00f3 17       		.uleb128 0x17
 758 00f4 00       		.byte	0
 759 00f5 00       		.byte	0
 760 00f6 13       		.uleb128 0x13
 761 00f7 34       		.uleb128 0x34
 762 00f8 00       		.byte	0
 763 00f9 03       		.uleb128 0x3
 764 00fa 08       		.uleb128 0x8
 765 00fb 3A       		.uleb128 0x3a
 766 00fc 0B       		.uleb128 0xb
 767 00fd 3B       		.uleb128 0x3b
 768 00fe 0B       		.uleb128 0xb
 769 00ff 49       		.uleb128 0x49
 770 0100 13       		.uleb128 0x13
 771 0101 02       		.uleb128 0x2
 772 0102 17       		.uleb128 0x17
 773 0103 00       		.byte	0
 774 0104 00       		.byte	0
 775 0105 14       		.uleb128 0x14
 776 0106 2E       		.uleb128 0x2e
 777 0107 01       		.byte	0x1
 778 0108 3F       		.uleb128 0x3f
 779 0109 19       		.uleb128 0x19
 780 010a 03       		.uleb128 0x3
 781 010b 0E       		.uleb128 0xe
 782 010c 3A       		.uleb128 0x3a
 783 010d 0B       		.uleb128 0xb
 784 010e 3B       		.uleb128 0x3b
 785 010f 0B       		.uleb128 0xb
 786 0110 27       		.uleb128 0x27
 787 0111 19       		.uleb128 0x19
 788 0112 49       		.uleb128 0x49
 789 0113 13       		.uleb128 0x13
 790 0114 11       		.uleb128 0x11
 791 0115 01       		.uleb128 0x1
 792 0116 12       		.uleb128 0x12
 793 0117 06       		.uleb128 0x6
 794 0118 40       		.uleb128 0x40
 795 0119 18       		.uleb128 0x18
ARM GAS  /tmp/ccNadMj1.s 			page 15


 796 011a 9742     		.uleb128 0x2117
 797 011c 19       		.uleb128 0x19
 798 011d 01       		.uleb128 0x1
 799 011e 13       		.uleb128 0x13
 800 011f 00       		.byte	0
 801 0120 00       		.byte	0
 802 0121 15       		.uleb128 0x15
 803 0122 34       		.uleb128 0x34
 804 0123 00       		.byte	0
 805 0124 03       		.uleb128 0x3
 806 0125 0E       		.uleb128 0xe
 807 0126 3A       		.uleb128 0x3a
 808 0127 0B       		.uleb128 0xb
 809 0128 3B       		.uleb128 0x3b
 810 0129 0B       		.uleb128 0xb
 811 012a 49       		.uleb128 0x49
 812 012b 13       		.uleb128 0x13
 813 012c 02       		.uleb128 0x2
 814 012d 18       		.uleb128 0x18
 815 012e 00       		.byte	0
 816 012f 00       		.byte	0
 817 0130 16       		.uleb128 0x16
 818 0131 34       		.uleb128 0x34
 819 0132 00       		.byte	0
 820 0133 03       		.uleb128 0x3
 821 0134 0E       		.uleb128 0xe
 822 0135 3A       		.uleb128 0x3a
 823 0136 0B       		.uleb128 0xb
 824 0137 3B       		.uleb128 0x3b
 825 0138 0B       		.uleb128 0xb
 826 0139 49       		.uleb128 0x49
 827 013a 13       		.uleb128 0x13
 828 013b 3F       		.uleb128 0x3f
 829 013c 19       		.uleb128 0x19
 830 013d 02       		.uleb128 0x2
 831 013e 18       		.uleb128 0x18
 832 013f 00       		.byte	0
 833 0140 00       		.byte	0
 834 0141 00       		.byte	0
 835              		.section	.debug_loc,"",%progbits
 836              	.Ldebug_loc0:
 837              	.LLST0:
 838 0000 00000000 		.4byte	.LVL0
 839 0004 1A000000 		.4byte	.LVL3
 840 0008 0100     		.2byte	0x1
 841 000a 51       		.byte	0x51
 842 000b 1A000000 		.4byte	.LVL3
 843 000f 36000000 		.4byte	.LVL5
 844 0013 0100     		.2byte	0x1
 845 0015 51       		.byte	0x51
 846 0016 36000000 		.4byte	.LVL5
 847 001a 38000000 		.4byte	.LVL6
 848 001e 0500     		.2byte	0x5
 849 0020 74       		.byte	0x74
 850 0021 04       		.sleb128 4
 851 0022 06       		.byte	0x6
 852 0023 23       		.byte	0x23
ARM GAS  /tmp/ccNadMj1.s 			page 16


 853 0024 08       		.uleb128 0x8
 854 0025 00000000 		.4byte	0
 855 0029 00000000 		.4byte	0
 856              	.LLST1:
 857 002d 00000000 		.4byte	.LVL0
 858 0031 22000000 		.4byte	.LVL4
 859 0035 0100     		.2byte	0x1
 860 0037 53       		.byte	0x53
 861 0038 22000000 		.4byte	.LVL4
 862 003c 3C000000 		.4byte	.LFE8
 863 0040 0200     		.2byte	0x2
 864 0042 70       		.byte	0x70
 865 0043 10       		.sleb128 16
 866 0044 00000000 		.4byte	0
 867 0048 00000000 		.4byte	0
 868              	.LLST2:
 869 004c 0C000000 		.4byte	.LVL1
 870 0050 18000000 		.4byte	.LVL2
 871 0054 0100     		.2byte	0x1
 872 0056 54       		.byte	0x54
 873 0057 1A000000 		.4byte	.LVL3
 874 005b 3A000000 		.4byte	.LVL7
 875 005f 0100     		.2byte	0x1
 876 0061 54       		.byte	0x54
 877 0062 00000000 		.4byte	0
 878 0066 00000000 		.4byte	0
 879              	.LLST3:
 880 006a 00000000 		.4byte	.LVL9
 881 006e 22000000 		.4byte	.LVL11
 882 0072 0100     		.2byte	0x1
 883 0074 50       		.byte	0x50
 884 0075 22000000 		.4byte	.LVL11
 885 0079 24000000 		.4byte	.LVL12
 886 007d 0400     		.2byte	0x4
 887 007f F3       		.byte	0xf3
 888 0080 01       		.uleb128 0x1
 889 0081 50       		.byte	0x50
 890 0082 9F       		.byte	0x9f
 891 0083 24000000 		.4byte	.LVL12
 892 0087 2A000000 		.4byte	.LVL13
 893 008b 0100     		.2byte	0x1
 894 008d 50       		.byte	0x50
 895 008e 2A000000 		.4byte	.LVL13
 896 0092 34000000 		.4byte	.LFE10
 897 0096 0100     		.2byte	0x1
 898 0098 52       		.byte	0x52
 899 0099 00000000 		.4byte	0
 900 009d 00000000 		.4byte	0
 901              		.section	.debug_aranges,"",%progbits
 902 0000 34000000 		.4byte	0x34
 903 0004 0200     		.2byte	0x2
 904 0006 00000000 		.4byte	.Ldebug_info0
 905 000a 04       		.byte	0x4
 906 000b 00       		.byte	0
 907 000c 0000     		.2byte	0
 908 000e 0000     		.2byte	0
 909 0010 00000000 		.4byte	.LFB7
ARM GAS  /tmp/ccNadMj1.s 			page 17


 910 0014 18000000 		.4byte	.LFE7-.LFB7
 911 0018 00000000 		.4byte	.LFB8
 912 001c 3C000000 		.4byte	.LFE8-.LFB8
 913 0020 00000000 		.4byte	.LFB9
 914 0024 24000000 		.4byte	.LFE9-.LFB9
 915 0028 00000000 		.4byte	.LFB10
 916 002c 34000000 		.4byte	.LFE10-.LFB10
 917 0030 00000000 		.4byte	0
 918 0034 00000000 		.4byte	0
 919              		.section	.debug_ranges,"",%progbits
 920              	.Ldebug_ranges0:
 921 0000 00000000 		.4byte	.LFB7
 922 0004 18000000 		.4byte	.LFE7
 923 0008 00000000 		.4byte	.LFB8
 924 000c 3C000000 		.4byte	.LFE8
 925 0010 00000000 		.4byte	.LFB9
 926 0014 24000000 		.4byte	.LFE9
 927 0018 00000000 		.4byte	.LFB10
 928 001c 34000000 		.4byte	.LFE10
 929 0020 00000000 		.4byte	0
 930 0024 00000000 		.4byte	0
 931              		.section	.debug_line,"",%progbits
 932              	.Ldebug_line0:
 933 0000 32010000 		.section	.debug_str,"MS",%progbits,1
 933      0200BA00 
 933      00000201 
 933      FB0E0D00 
 933      01010101 
 934              	.LASF26:
 935 0000 63685654 		.ascii	"chVTSetI\000"
 935      53657449 
 935      00
 936              	.LASF12:
 937 0009 73797374 		.ascii	"systime_t\000"
 937      696D655F 
 937      7400
 938              	.LASF28:
 939 0013 73746172 		.ascii	"start\000"
 939      7400
 940              	.LASF10:
 941 0019 626F6F6C 		.ascii	"bool_t\000"
 941      5F7400
 942              	.LASF14:
 943 0020 76746675 		.ascii	"vtfunc_t\000"
 943      6E635F74 
 943      00
 944              	.LASF6:
 945 0029 6C6F6E67 		.ascii	"long unsigned int\000"
 945      20756E73 
 945      69676E65 
 945      6420696E 
 945      7400
 946              	.LASF4:
 947 003b 73686F72 		.ascii	"short unsigned int\000"
 947      7420756E 
 947      7369676E 
 947      65642069 
ARM GAS  /tmp/ccNadMj1.s 			page 18


 947      6E7400
 948              	.LASF15:
 949 004e 56697274 		.ascii	"VirtualTimer\000"
 949      75616C54 
 949      696D6572 
 949      00
 950              	.LASF29:
 951 005b 474E5520 		.ascii	"GNU C 4.8.1 -mcpu=cortex-m3 -mno-thumb-interwork -m"
 951      4320342E 
 951      382E3120 
 951      2D6D6370 
 951      753D636F 
 952 008e 7468756D 		.ascii	"thumb -mfloat-abi=soft -ggdb -O2 -fomit-frame-point"
 952      62202D6D 
 952      666C6F61 
 952      742D6162 
 952      693D736F 
 953 00c1 6572202D 		.ascii	"er -ffunction-sections -fdata-sections -fno-common\000"
 953      6666756E 
 953      6374696F 
 953      6E2D7365 
 953      6374696F 
 954              	.LASF32:
 955 00f4 5F76745F 		.ascii	"_vt_init\000"
 955      696E6974 
 955      00
 956              	.LASF2:
 957 00fd 756E7369 		.ascii	"unsigned char\000"
 957      676E6564 
 957      20636861 
 957      7200
 958              	.LASF0:
 959 010b 756E7369 		.ascii	"unsigned int\000"
 959      676E6564 
 959      20696E74 
 959      00
 960              	.LASF8:
 961 0118 6C6F6E67 		.ascii	"long long unsigned int\000"
 961      206C6F6E 
 961      6720756E 
 961      7369676E 
 961      65642069 
 962              	.LASF34:
 963 012f 76746C69 		.ascii	"vtlist\000"
 963      737400
 964              	.LASF24:
 965 0136 74696D65 		.ascii	"time\000"
 965      00
 966              	.LASF18:
 967 013b 76745F74 		.ascii	"vt_time\000"
 967      696D6500 
 968              	.LASF13:
 969 0143 73697A65 		.ascii	"sizetype\000"
 969      74797065 
 969      00
 970              	.LASF21:
 971 014c 76745F73 		.ascii	"vt_systime\000"
ARM GAS  /tmp/ccNadMj1.s 			page 19


 971      79737469 
 971      6D6500
 972              	.LASF30:
 973 0157 2E2E2F2E 		.ascii	"../../os/kernel/src/chvt.c\000"
 973      2E2F6F73 
 973      2F6B6572 
 973      6E656C2F 
 973      7372632F 
 974              	.LASF7:
 975 0172 6C6F6E67 		.ascii	"long long int\000"
 975      206C6F6E 
 975      6720696E 
 975      7400
 976              	.LASF19:
 977 0180 76745F66 		.ascii	"vt_func\000"
 977      756E6300 
 978              	.LASF25:
 979 0188 76746675 		.ascii	"vtfunc\000"
 979      6E6300
 980              	.LASF23:
 981 018f 63686172 		.ascii	"char\000"
 981      00
 982              	.LASF20:
 983 0194 76745F70 		.ascii	"vt_par\000"
 983      617200
 984              	.LASF3:
 985 019b 73686F72 		.ascii	"short int\000"
 985      7420696E 
 985      7400
 986              	.LASF33:
 987 01a5 63685469 		.ascii	"chTimeIsWithin\000"
 987      6D654973 
 987      57697468 
 987      696E00
 988              	.LASF31:
 989 01b4 2F686F6D 		.ascii	"/home/daniofb/Programming/ChibiOS-RT/demos/ARMCM3-L"
 989      652F6461 
 989      6E696F66 
 989      622F5072 
 989      6F677261 
 990 01e7 50433137 		.ascii	"PC1768-AKAIKABA\000"
 990      36382D41 
 990      4B41494B 
 990      41424100 
 991              	.LASF17:
 992 01f7 76745F70 		.ascii	"vt_prev\000"
 992      72657600 
 993              	.LASF9:
 994 01ff 75696E74 		.ascii	"uint32_t\000"
 994      33325F74 
 994      00
 995              	.LASF5:
 996 0208 6C6F6E67 		.ascii	"long int\000"
 996      20696E74 
 996      00
 997              	.LASF1:
 998 0211 7369676E 		.ascii	"signed char\000"
ARM GAS  /tmp/ccNadMj1.s 			page 20


 998      65642063 
 998      68617200 
 999              	.LASF22:
 1000 021d 56544C69 		.ascii	"VTList\000"
 1000      737400
 1001              	.LASF16:
 1002 0224 76745F6E 		.ascii	"vt_next\000"
 1002      65787400 
 1003              	.LASF27:
 1004 022c 63685654 		.ascii	"chVTResetI\000"
 1004      52657365 
 1004      744900
 1005              	.LASF11:
 1006 0237 5F426F6F 		.ascii	"_Bool\000"
 1006      6C00
 1007              		.ident	"GCC: (GNU) 4.8.1"
ARM GAS  /tmp/ccNadMj1.s 			page 21


DEFINED SYMBOLS
                            *ABS*:0000000000000000 chvt.c
     /tmp/ccNadMj1.s:19     .text._vt_init:0000000000000000 $t
     /tmp/ccNadMj1.s:24     .text._vt_init:0000000000000000 _vt_init
     /tmp/ccNadMj1.s:219    .bss.vtlist:0000000000000000 .LANCHOR0
     /tmp/ccNadMj1.s:51     .text.chVTSetI:0000000000000000 $t
     /tmp/ccNadMj1.s:56     .text.chVTSetI:0000000000000000 chVTSetI
     /tmp/ccNadMj1.s:124    .text.chVTResetI:0000000000000000 $t
     /tmp/ccNadMj1.s:129    .text.chVTResetI:0000000000000000 chVTResetI
     /tmp/ccNadMj1.s:164    .text.chTimeIsWithin:0000000000000000 $t
     /tmp/ccNadMj1.s:169    .text.chTimeIsWithin:0000000000000000 chTimeIsWithin
     /tmp/ccNadMj1.s:222    .bss.vtlist:0000000000000000 vtlist
     /tmp/ccNadMj1.s:218    .bss.vtlist:0000000000000000 $d
                     .debug_frame:0000000000000010 $d

NO UNDEFINED SYMBOLS
