ARM GAS  /tmp/cc2j4C6l.s 			page 1


   1              		.syntax unified
   2              		.cpu cortex-m3
   3              		.fpu softvfp
   4              		.eabi_attribute 20, 1
   5              		.eabi_attribute 21, 1
   6              		.eabi_attribute 23, 3
   7              		.eabi_attribute 24, 1
   8              		.eabi_attribute 25, 1
   9              		.eabi_attribute 26, 1
  10              		.eabi_attribute 30, 2
  11              		.eabi_attribute 34, 1
  12              		.eabi_attribute 18, 4
  13              		.thumb
  14              		.file	"evtimer.c"
  15              		.text
  16              	.Ltext0:
  17              		.cfi_sections	.debug_frame
  18              		.section	.text.tmrcb,"ax",%progbits
  19              		.align	2
  20              		.thumb
  21              		.thumb_func
  22              		.type	tmrcb, %function
  23              	tmrcb:
  24              	.LFB7:
  25              		.file 1 "../../os/various/evtimer.c"
  26              		.loc 1 28 0
  27              		.cfi_startproc
  28              		@ args = 0, pretend = 0, frame = 0
  29              		@ frame_needed = 0, uses_anonymous_args = 0
  30              	.LVL0:
  31 0000 10B5     		push	{r4, lr}
  32              		.cfi_def_cfa_offset 8
  33              		.cfi_offset 4, -8
  34              		.cfi_offset 14, -4
  35              	.LBB2:
  36              		.loc 1 31 0
  37 0002 4023     		movs	r3, #64
  38              	.LBE2:
  39              		.loc 1 28 0
  40 0004 0446     		mov	r4, r0
  41              	.LVL1:
  42              	.LBB3:
  43              		.loc 1 31 0
  44              	@ 31 "../../os/various/evtimer.c" 1
  45 0006 83F31188 		msr     BASEPRI, r3
  46              	@ 0 "" 2
  47              		.thumb
  48              	.LBE3:
  49              		.loc 1 32 0
  50 000a 0021     		movs	r1, #0
  51 000c 1430     		adds	r0, r0, #20
  52              	.LVL2:
  53 000e FFF7FEFF 		bl	chEvtBroadcastFlagsI
  54              	.LVL3:
  55              		.loc 1 33 0
  56 0012 40F20002 		movw	r2, #:lower16:tmrcb
  57 0016 2346     		mov	r3, r4
ARM GAS  /tmp/cc2j4C6l.s 			page 2


  58 0018 2046     		mov	r0, r4
  59 001a A169     		ldr	r1, [r4, #24]
  60 001c C0F20002 		movt	r2, #:upper16:tmrcb
  61 0020 FFF7FEFF 		bl	chVTSetI
  62              	.LVL4:
  63              	.LBB4:
  64              		.loc 1 34 0
  65 0024 0023     		movs	r3, #0
  66              	@ 34 "../../os/various/evtimer.c" 1
  67 0026 83F31188 		msr     BASEPRI, r3
  68              	@ 0 "" 2
  69              		.thumb
  70 002a 10BD     		pop	{r4, pc}
  71              	.LBE4:
  72              		.cfi_endproc
  73              	.LFE7:
  74              		.size	tmrcb, .-tmrcb
  75              		.section	.text.evtStart,"ax",%progbits
  76              		.align	2
  77              		.global	evtStart
  78              		.thumb
  79              		.thumb_func
  80              		.type	evtStart, %function
  81              	evtStart:
  82              	.LFB8:
  83              		.loc 1 43 0
  84              		.cfi_startproc
  85              		@ args = 0, pretend = 0, frame = 0
  86              		@ frame_needed = 0, uses_anonymous_args = 0
  87              	.LVL5:
  88 0000 08B5     		push	{r3, lr}
  89              		.cfi_def_cfa_offset 8
  90              		.cfi_offset 3, -8
  91              		.cfi_offset 14, -4
  92              	.LBB5:
  93              		.loc 1 45 0
  94 0002 4023     		movs	r3, #64
  95              	@ 45 "../../os/various/evtimer.c" 1
  96 0004 83F31188 		msr     BASEPRI, r3
  97              	@ 0 "" 2
  98              		.thumb
  99              	.LBE5:
 100              		.loc 1 47 0
 101 0008 C368     		ldr	r3, [r0, #12]
 102 000a 1BB1     		cbz	r3, .L5
 103              	.LBB6:
 104              		.loc 1 50 0
 105 000c 0023     		movs	r3, #0
 106              	@ 50 "../../os/various/evtimer.c" 1
 107 000e 83F31188 		msr     BASEPRI, r3
 108              	@ 0 "" 2
 109              		.thumb
 110 0012 08BD     		pop	{r3, pc}
 111              	.L5:
 112              	.LBE6:
 113              		.loc 1 48 0
 114 0014 40F20002 		movw	r2, #:lower16:tmrcb
ARM GAS  /tmp/cc2j4C6l.s 			page 3


 115 0018 0346     		mov	r3, r0
 116 001a 8169     		ldr	r1, [r0, #24]
 117 001c C0F20002 		movt	r2, #:upper16:tmrcb
 118 0020 FFF7FEFF 		bl	chVTSetI
 119              	.LVL6:
 120              	.LBB7:
 121              		.loc 1 50 0
 122 0024 0023     		movs	r3, #0
 123              	@ 50 "../../os/various/evtimer.c" 1
 124 0026 83F31188 		msr     BASEPRI, r3
 125              	@ 0 "" 2
 126              		.thumb
 127 002a 08BD     		pop	{r3, pc}
 128              	.LBE7:
 129              		.cfi_endproc
 130              	.LFE8:
 131              		.size	evtStart, .-evtStart
 132              		.section	.text.evtStop,"ax",%progbits
 133              		.align	2
 134              		.global	evtStop
 135              		.thumb
 136              		.thumb_func
 137              		.type	evtStop, %function
 138              	evtStop:
 139              	.LFB9:
 140              		.loc 1 59 0
 141              		.cfi_startproc
 142              		@ args = 0, pretend = 0, frame = 0
 143              		@ frame_needed = 0, uses_anonymous_args = 0
 144              	.LVL7:
 145 0000 08B5     		push	{r3, lr}
 146              		.cfi_def_cfa_offset 8
 147              		.cfi_offset 3, -8
 148              		.cfi_offset 14, -4
 149              	.LBB8:
 150              		.loc 1 61 0
 151 0002 4023     		movs	r3, #64
 152              	@ 61 "../../os/various/evtimer.c" 1
 153 0004 83F31188 		msr     BASEPRI, r3
 154              	@ 0 "" 2
 155              		.thumb
 156              	.LBE8:
 157 0008 C368     		ldr	r3, [r0, #12]
 158 000a 0BB1     		cbz	r3, .L7
 159              		.loc 1 61 0 is_stmt 0 discriminator 1
 160 000c FFF7FEFF 		bl	chVTResetI
 161              	.LVL8:
 162              	.L7:
 163              	.LBB9:
 164              		.loc 1 61 0 discriminator 2
 165 0010 0023     		movs	r3, #0
 166              	@ 61 "../../os/various/evtimer.c" 1
 167 0012 83F31188 		msr     BASEPRI, r3
 168              	@ 0 "" 2
 169              		.thumb
 170 0016 08BD     		pop	{r3, pc}
 171              	.LBE9:
ARM GAS  /tmp/cc2j4C6l.s 			page 4


 172              		.cfi_endproc
 173              	.LFE9:
 174              		.size	evtStop, .-evtStop
 175              		.text
 176              	.Letext0:
 177              		.file 2 "/home/daniofb/arm-cm3-eabi/arm-cm3-eabi/sys-include/stdint.h"
 178              		.file 3 "../../os/ports/GCC/ARMCMx/chtypes.h"
 179              		.file 4 "../../os/kernel/include/chlists.h"
 180              		.file 5 "../../os/kernel/include/chthreads.h"
 181              		.file 6 "../../os/ports/GCC/ARMCMx/chcore_v7m.h"
 182              		.file 7 "../../os/kernel/include/chvt.h"
 183              		.file 8 "../../os/kernel/include/chmtx.h"
 184              		.file 9 "../../os/kernel/include/chevents.h"
 185              		.file 10 "../../os/various/evtimer.h"
 186              		.section	.debug_info,"",%progbits
 187              	.Ldebug_info0:
 188 0000 6A060000 		.4byte	0x66a
 189 0004 0400     		.2byte	0x4
 190 0006 00000000 		.4byte	.Ldebug_abbrev0
 191 000a 04       		.byte	0x4
 192 000b 01       		.uleb128 0x1
 193 000c BB000000 		.4byte	.LASF77
 194 0010 01       		.byte	0x1
 195 0011 C0030000 		.4byte	.LASF78
 196 0015 60010000 		.4byte	.LASF79
 197 0019 30000000 		.4byte	.Ldebug_ranges0+0x30
 198 001d 00000000 		.4byte	0
 199 0021 00000000 		.4byte	.Ldebug_line0
 200 0025 02       		.uleb128 0x2
 201 0026 04       		.byte	0x4
 202 0027 05       		.byte	0x5
 203 0028 696E7400 		.ascii	"int\000"
 204 002c 03       		.uleb128 0x3
 205 002d 04       		.byte	0x4
 206 002e 07       		.byte	0x7
 207 002f A3010000 		.4byte	.LASF0
 208 0033 03       		.uleb128 0x3
 209 0034 01       		.byte	0x1
 210 0035 06       		.byte	0x6
 211 0036 57000000 		.4byte	.LASF1
 212 003a 04       		.uleb128 0x4
 213 003b 76030000 		.4byte	.LASF5
 214 003f 02       		.byte	0x2
 215 0040 2A       		.byte	0x2a
 216 0041 45000000 		.4byte	0x45
 217 0045 03       		.uleb128 0x3
 218 0046 01       		.byte	0x1
 219 0047 08       		.byte	0x8
 220 0048 83020000 		.4byte	.LASF2
 221 004c 03       		.uleb128 0x3
 222 004d 02       		.byte	0x2
 223 004e 05       		.byte	0x5
 224 004f B0020000 		.4byte	.LASF3
 225 0053 03       		.uleb128 0x3
 226 0054 02       		.byte	0x2
 227 0055 07       		.byte	0x7
 228 0056 D2010000 		.4byte	.LASF4
ARM GAS  /tmp/cc2j4C6l.s 			page 5


 229 005a 04       		.uleb128 0x4
 230 005b 7B020000 		.4byte	.LASF6
 231 005f 02       		.byte	0x2
 232 0060 4F       		.byte	0x4f
 233 0061 65000000 		.4byte	0x65
 234 0065 03       		.uleb128 0x3
 235 0066 04       		.byte	0x4
 236 0067 05       		.byte	0x5
 237 0068 7B000000 		.4byte	.LASF7
 238 006c 04       		.uleb128 0x4
 239 006d F5020000 		.4byte	.LASF8
 240 0071 02       		.byte	0x2
 241 0072 50       		.byte	0x50
 242 0073 77000000 		.4byte	0x77
 243 0077 03       		.uleb128 0x3
 244 0078 04       		.byte	0x4
 245 0079 07       		.byte	0x7
 246 007a B8010000 		.4byte	.LASF9
 247 007e 03       		.uleb128 0x3
 248 007f 08       		.byte	0x8
 249 0080 05       		.byte	0x5
 250 0081 49000000 		.4byte	.LASF10
 251 0085 03       		.uleb128 0x3
 252 0086 08       		.byte	0x8
 253 0087 07       		.byte	0x7
 254 0088 19000000 		.4byte	.LASF11
 255 008c 03       		.uleb128 0x3
 256 008d 01       		.byte	0x1
 257 008e 02       		.byte	0x2
 258 008f 75020000 		.4byte	.LASF12
 259 0093 04       		.uleb128 0x4
 260 0094 F3010000 		.4byte	.LASF13
 261 0098 03       		.byte	0x3
 262 0099 25       		.byte	0x25
 263 009a 3A000000 		.4byte	0x3a
 264 009e 04       		.uleb128 0x4
 265 009f 84000000 		.4byte	.LASF14
 266 00a3 03       		.byte	0x3
 267 00a4 26       		.byte	0x26
 268 00a5 3A000000 		.4byte	0x3a
 269 00a9 04       		.uleb128 0x4
 270 00aa 5E020000 		.4byte	.LASF15
 271 00ae 03       		.byte	0x3
 272 00af 27       		.byte	0x27
 273 00b0 3A000000 		.4byte	0x3a
 274 00b4 04       		.uleb128 0x4
 275 00b5 6D020000 		.4byte	.LASF16
 276 00b9 03       		.byte	0x3
 277 00ba 29       		.byte	0x29
 278 00bb 6C000000 		.4byte	0x6c
 279 00bf 04       		.uleb128 0x4
 280 00c0 E5010000 		.4byte	.LASF17
 281 00c4 03       		.byte	0x3
 282 00c5 2A       		.byte	0x2a
 283 00c6 5A000000 		.4byte	0x5a
 284 00ca 04       		.uleb128 0x4
 285 00cb 07020000 		.4byte	.LASF18
ARM GAS  /tmp/cc2j4C6l.s 			page 6


 286 00cf 03       		.byte	0x3
 287 00d0 2C       		.byte	0x2c
 288 00d1 6C000000 		.4byte	0x6c
 289 00d5 04       		.uleb128 0x4
 290 00d6 63030000 		.4byte	.LASF19
 291 00da 03       		.byte	0x3
 292 00db 2D       		.byte	0x2d
 293 00dc 6C000000 		.4byte	0x6c
 294 00e0 04       		.uleb128 0x4
 295 00e1 1D030000 		.4byte	.LASF20
 296 00e5 03       		.byte	0x3
 297 00e6 2E       		.byte	0x2e
 298 00e7 6C000000 		.4byte	0x6c
 299 00eb 04       		.uleb128 0x4
 300 00ec D8020000 		.4byte	.LASF21
 301 00f0 04       		.byte	0x4
 302 00f1 23       		.byte	0x23
 303 00f2 F6000000 		.4byte	0xf6
 304 00f6 05       		.uleb128 0x5
 305 00f7 D8020000 		.4byte	.LASF21
 306 00fb 48       		.byte	0x48
 307 00fc 05       		.byte	0x5
 308 00fd 57       		.byte	0x57
 309 00fe E7010000 		.4byte	0x1e7
 310 0102 06       		.uleb128 0x6
 311 0103 C9020000 		.4byte	.LASF22
 312 0107 05       		.byte	0x5
 313 0108 58       		.byte	0x58
 314 0109 08020000 		.4byte	0x208
 315 010d 00       		.byte	0
 316 010e 06       		.uleb128 0x6
 317 010f 66020000 		.4byte	.LASF23
 318 0113 05       		.byte	0x5
 319 0114 5A       		.byte	0x5a
 320 0115 08020000 		.4byte	0x208
 321 0119 04       		.byte	0x4
 322 011a 06       		.uleb128 0x6
 323 011b 42000000 		.4byte	.LASF24
 324 011f 05       		.byte	0x5
 325 0120 5C       		.byte	0x5c
 326 0121 B4000000 		.4byte	0xb4
 327 0125 08       		.byte	0x8
 328 0126 06       		.uleb128 0x6
 329 0127 B0030000 		.4byte	.LASF25
 330 012b 05       		.byte	0x5
 331 012c 5D       		.byte	0x5d
 332 012d C2020000 		.4byte	0x2c2
 333 0131 0C       		.byte	0xc
 334 0132 06       		.uleb128 0x6
 335 0133 A2000000 		.4byte	.LASF26
 336 0137 05       		.byte	0x5
 337 0138 5F       		.byte	0x5f
 338 0139 08020000 		.4byte	0x208
 339 013d 10       		.byte	0x10
 340 013e 06       		.uleb128 0x6
 341 013f 41020000 		.4byte	.LASF27
 342 0143 05       		.byte	0x5
ARM GAS  /tmp/cc2j4C6l.s 			page 7


 343 0144 60       		.byte	0x60
 344 0145 08020000 		.4byte	0x208
 345 0149 14       		.byte	0x14
 346 014a 06       		.uleb128 0x6
 347 014b 93030000 		.4byte	.LASF28
 348 014f 05       		.byte	0x5
 349 0150 67       		.byte	0x67
 350 0151 4E040000 		.4byte	0x44e
 351 0155 18       		.byte	0x18
 352 0156 06       		.uleb128 0x6
 353 0157 BA020000 		.4byte	.LASF29
 354 015b 05       		.byte	0x5
 355 015c 72       		.byte	0x72
 356 015d 9E000000 		.4byte	0x9e
 357 0161 1C       		.byte	0x1c
 358 0162 06       		.uleb128 0x6
 359 0163 D0020000 		.4byte	.LASF30
 360 0167 05       		.byte	0x5
 361 0168 76       		.byte	0x76
 362 0169 93000000 		.4byte	0x93
 363 016d 1D       		.byte	0x1d
 364 016e 06       		.uleb128 0x6
 365 016f 6F030000 		.4byte	.LASF31
 366 0173 05       		.byte	0x5
 367 0174 7B       		.byte	0x7b
 368 0175 A9000000 		.4byte	0xa9
 369 0179 1E       		.byte	0x1e
 370 017a 06       		.uleb128 0x6
 371 017b 43030000 		.4byte	.LASF32
 372 017f 05       		.byte	0x5
 373 0180 88       		.byte	0x88
 374 0181 60030000 		.4byte	0x360
 375 0185 20       		.byte	0x20
 376 0186 07       		.uleb128 0x7
 377 0187 705F7500 		.ascii	"p_u\000"
 378 018b 05       		.byte	0x5
 379 018c AD       		.byte	0xad
 380 018d 19040000 		.4byte	0x419
 381 0191 24       		.byte	0x24
 382 0192 06       		.uleb128 0x6
 383 0193 B6030000 		.4byte	.LASF33
 384 0197 05       		.byte	0x5
 385 0198 B2       		.byte	0xb2
 386 0199 2E020000 		.4byte	0x22e
 387 019d 28       		.byte	0x28
 388 019e 06       		.uleb128 0x6
 389 019f 51030000 		.4byte	.LASF34
 390 01a3 05       		.byte	0x5
 391 01a4 B8       		.byte	0xb8
 392 01a5 0E020000 		.4byte	0x20e
 393 01a9 2C       		.byte	0x2c
 394 01aa 06       		.uleb128 0x6
 395 01ab 0C000000 		.4byte	.LASF35
 396 01af 05       		.byte	0x5
 397 01b0 BC       		.byte	0xbc
 398 01b1 BF000000 		.4byte	0xbf
 399 01b5 34       		.byte	0x34
ARM GAS  /tmp/cc2j4C6l.s 			page 8


 400 01b6 06       		.uleb128 0x6
 401 01b7 EA020000 		.4byte	.LASF36
 402 01bb 05       		.byte	0x5
 403 01bc C2       		.byte	0xc2
 404 01bd CA000000 		.4byte	0xca
 405 01c1 38       		.byte	0x38
 406 01c2 06       		.uleb128 0x6
 407 01c3 A6020000 		.4byte	.LASF37
 408 01c7 05       		.byte	0x5
 409 01c8 C9       		.byte	0xc9
 410 01c9 60040000 		.4byte	0x460
 411 01cd 3C       		.byte	0x3c
 412 01ce 06       		.uleb128 0x6
 413 01cf 27030000 		.4byte	.LASF38
 414 01d3 05       		.byte	0x5
 415 01d4 CD       		.byte	0xcd
 416 01d5 B4000000 		.4byte	0xb4
 417 01d9 40       		.byte	0x40
 418 01da 06       		.uleb128 0x6
 419 01db 6B000000 		.4byte	.LASF39
 420 01df 05       		.byte	0x5
 421 01e0 D3       		.byte	0xd3
 422 01e1 44020000 		.4byte	0x244
 423 01e5 44       		.byte	0x44
 424 01e6 00       		.byte	0
 425 01e7 08       		.uleb128 0x8
 426 01e8 08       		.byte	0x8
 427 01e9 04       		.byte	0x4
 428 01ea 5A       		.byte	0x5a
 429 01eb 08020000 		.4byte	0x208
 430 01ef 06       		.uleb128 0x6
 431 01f0 C9020000 		.4byte	.LASF22
 432 01f4 04       		.byte	0x4
 433 01f5 5B       		.byte	0x5b
 434 01f6 08020000 		.4byte	0x208
 435 01fa 00       		.byte	0
 436 01fb 06       		.uleb128 0x6
 437 01fc 66020000 		.4byte	.LASF23
 438 0200 04       		.byte	0x4
 439 0201 5D       		.byte	0x5d
 440 0202 08020000 		.4byte	0x208
 441 0206 04       		.byte	0x4
 442 0207 00       		.byte	0
 443 0208 09       		.uleb128 0x9
 444 0209 04       		.byte	0x4
 445 020a EB000000 		.4byte	0xeb
 446 020e 04       		.uleb128 0x4
 447 020f 49020000 		.4byte	.LASF40
 448 0213 04       		.byte	0x4
 449 0214 5F       		.byte	0x5f
 450 0215 E7010000 		.4byte	0x1e7
 451 0219 08       		.uleb128 0x8
 452 021a 04       		.byte	0x4
 453 021b 04       		.byte	0x4
 454 021c 64       		.byte	0x64
 455 021d 2E020000 		.4byte	0x22e
 456 0221 06       		.uleb128 0x6
ARM GAS  /tmp/cc2j4C6l.s 			page 9


 457 0222 C9020000 		.4byte	.LASF22
 458 0226 04       		.byte	0x4
 459 0227 66       		.byte	0x66
 460 0228 08020000 		.4byte	0x208
 461 022c 00       		.byte	0
 462 022d 00       		.byte	0
 463 022e 04       		.uleb128 0x4
 464 022f FB010000 		.4byte	.LASF41
 465 0233 04       		.byte	0x4
 466 0234 69       		.byte	0x69
 467 0235 19020000 		.4byte	0x219
 468 0239 04       		.uleb128 0x4
 469 023a AA000000 		.4byte	.LASF42
 470 023e 06       		.byte	0x6
 471 023f DE       		.byte	0xde
 472 0240 44020000 		.4byte	0x244
 473 0244 0A       		.uleb128 0xa
 474 0245 04       		.byte	0x4
 475 0246 0B       		.uleb128 0xb
 476 0247 4A030000 		.4byte	.LASF43
 477 024b 24       		.byte	0x24
 478 024c 06       		.byte	0x6
 479 024d 0501     		.2byte	0x105
 480 024f C2020000 		.4byte	0x2c2
 481 0253 0C       		.uleb128 0xc
 482 0254 723400   		.ascii	"r4\000"
 483 0257 06       		.byte	0x6
 484 0258 1801     		.2byte	0x118
 485 025a 39020000 		.4byte	0x239
 486 025e 00       		.byte	0
 487 025f 0C       		.uleb128 0xc
 488 0260 723500   		.ascii	"r5\000"
 489 0263 06       		.byte	0x6
 490 0264 1901     		.2byte	0x119
 491 0266 39020000 		.4byte	0x239
 492 026a 04       		.byte	0x4
 493 026b 0C       		.uleb128 0xc
 494 026c 723600   		.ascii	"r6\000"
 495 026f 06       		.byte	0x6
 496 0270 1A01     		.2byte	0x11a
 497 0272 39020000 		.4byte	0x239
 498 0276 08       		.byte	0x8
 499 0277 0C       		.uleb128 0xc
 500 0278 723700   		.ascii	"r7\000"
 501 027b 06       		.byte	0x6
 502 027c 1B01     		.2byte	0x11b
 503 027e 39020000 		.4byte	0x239
 504 0282 0C       		.byte	0xc
 505 0283 0C       		.uleb128 0xc
 506 0284 723800   		.ascii	"r8\000"
 507 0287 06       		.byte	0x6
 508 0288 1C01     		.2byte	0x11c
 509 028a 39020000 		.4byte	0x239
 510 028e 10       		.byte	0x10
 511 028f 0C       		.uleb128 0xc
 512 0290 723900   		.ascii	"r9\000"
 513 0293 06       		.byte	0x6
ARM GAS  /tmp/cc2j4C6l.s 			page 10


 514 0294 1D01     		.2byte	0x11d
 515 0296 39020000 		.4byte	0x239
 516 029a 14       		.byte	0x14
 517 029b 0C       		.uleb128 0xc
 518 029c 72313000 		.ascii	"r10\000"
 519 02a0 06       		.byte	0x6
 520 02a1 1E01     		.2byte	0x11e
 521 02a3 39020000 		.4byte	0x239
 522 02a7 18       		.byte	0x18
 523 02a8 0C       		.uleb128 0xc
 524 02a9 72313100 		.ascii	"r11\000"
 525 02ad 06       		.byte	0x6
 526 02ae 1F01     		.2byte	0x11f
 527 02b0 39020000 		.4byte	0x239
 528 02b4 1C       		.byte	0x1c
 529 02b5 0C       		.uleb128 0xc
 530 02b6 6C7200   		.ascii	"lr\000"
 531 02b9 06       		.byte	0x6
 532 02ba 2001     		.2byte	0x120
 533 02bc 39020000 		.4byte	0x239
 534 02c0 20       		.byte	0x20
 535 02c1 00       		.byte	0
 536 02c2 0B       		.uleb128 0xb
 537 02c3 CA010000 		.4byte	.LASF44
 538 02c7 04       		.byte	0x4
 539 02c8 06       		.byte	0x6
 540 02c9 2A01     		.2byte	0x12a
 541 02cb DD020000 		.4byte	0x2dd
 542 02cf 0C       		.uleb128 0xc
 543 02d0 72313300 		.ascii	"r13\000"
 544 02d4 06       		.byte	0x6
 545 02d5 2B01     		.2byte	0x12b
 546 02d7 DD020000 		.4byte	0x2dd
 547 02db 00       		.byte	0
 548 02dc 00       		.byte	0
 549 02dd 09       		.uleb128 0x9
 550 02de 04       		.byte	0x4
 551 02df 46020000 		.4byte	0x246
 552 02e3 03       		.uleb128 0x3
 553 02e4 04       		.byte	0x4
 554 02e5 07       		.byte	0x7
 555 02e6 27020000 		.4byte	.LASF45
 556 02ea 04       		.uleb128 0x4
 557 02eb 32030000 		.4byte	.LASF46
 558 02ef 07       		.byte	0x7
 559 02f0 51       		.byte	0x51
 560 02f1 F5020000 		.4byte	0x2f5
 561 02f5 09       		.uleb128 0x9
 562 02f6 04       		.byte	0x4
 563 02f7 FB020000 		.4byte	0x2fb
 564 02fb 0D       		.uleb128 0xd
 565 02fc 06030000 		.4byte	0x306
 566 0300 0E       		.uleb128 0xe
 567 0301 44020000 		.4byte	0x244
 568 0305 00       		.byte	0
 569 0306 04       		.uleb128 0x4
 570 0307 FE020000 		.4byte	.LASF47
ARM GAS  /tmp/cc2j4C6l.s 			page 11


 571 030b 07       		.byte	0x7
 572 030c 56       		.byte	0x56
 573 030d 11030000 		.4byte	0x311
 574 0311 05       		.uleb128 0x5
 575 0312 FE020000 		.4byte	.LASF47
 576 0316 14       		.byte	0x14
 577 0317 07       		.byte	0x7
 578 0318 5D       		.byte	0x5d
 579 0319 5A030000 		.4byte	0x35a
 580 031d 06       		.uleb128 0x6
 581 031e B0010000 		.4byte	.LASF48
 582 0322 07       		.byte	0x7
 583 0323 5E       		.byte	0x5e
 584 0324 5A030000 		.4byte	0x35a
 585 0328 00       		.byte	0
 586 0329 06       		.uleb128 0x6
 587 032a B3000000 		.4byte	.LASF49
 588 032e 07       		.byte	0x7
 589 032f 60       		.byte	0x60
 590 0330 5A030000 		.4byte	0x35a
 591 0334 04       		.byte	0x4
 592 0335 06       		.uleb128 0x6
 593 0336 19020000 		.4byte	.LASF50
 594 033a 07       		.byte	0x7
 595 033b 62       		.byte	0x62
 596 033c E0000000 		.4byte	0xe0
 597 0340 08       		.byte	0x8
 598 0341 06       		.uleb128 0x6
 599 0342 30020000 		.4byte	.LASF51
 600 0346 07       		.byte	0x7
 601 0347 63       		.byte	0x63
 602 0348 EA020000 		.4byte	0x2ea
 603 034c 0C       		.byte	0xc
 604 034d 06       		.uleb128 0x6
 605 034e 5C030000 		.4byte	.LASF52
 606 0352 07       		.byte	0x7
 607 0353 65       		.byte	0x65
 608 0354 44020000 		.4byte	0x244
 609 0358 10       		.byte	0x10
 610 0359 00       		.byte	0
 611 035a 09       		.uleb128 0x9
 612 035b 04       		.byte	0x4
 613 035c 06030000 		.4byte	0x306
 614 0360 0F       		.uleb128 0xf
 615 0361 E0000000 		.4byte	0xe0
 616 0365 05       		.uleb128 0x5
 617 0366 13020000 		.4byte	.LASF53
 618 036a 10       		.byte	0x10
 619 036b 08       		.byte	0x8
 620 036c 25       		.byte	0x25
 621 036d 96030000 		.4byte	0x396
 622 0371 06       		.uleb128 0x6
 623 0372 73000000 		.4byte	.LASF54
 624 0376 08       		.byte	0x8
 625 0377 26       		.byte	0x26
 626 0378 0E020000 		.4byte	0x20e
 627 037c 00       		.byte	0
ARM GAS  /tmp/cc2j4C6l.s 			page 12


 628 037d 06       		.uleb128 0x6
 629 037e A8030000 		.4byte	.LASF55
 630 0382 08       		.byte	0x8
 631 0383 28       		.byte	0x28
 632 0384 08020000 		.4byte	0x208
 633 0388 08       		.byte	0x8
 634 0389 06       		.uleb128 0x6
 635 038a 16030000 		.4byte	.LASF56
 636 038e 08       		.byte	0x8
 637 038f 2A       		.byte	0x2a
 638 0390 96030000 		.4byte	0x396
 639 0394 0C       		.byte	0xc
 640 0395 00       		.byte	0
 641 0396 09       		.uleb128 0x9
 642 0397 04       		.byte	0x4
 643 0398 65030000 		.4byte	0x365
 644 039c 04       		.uleb128 0x4
 645 039d 13020000 		.4byte	.LASF53
 646 03a1 08       		.byte	0x8
 647 03a2 2C       		.byte	0x2c
 648 03a3 65030000 		.4byte	0x365
 649 03a7 04       		.uleb128 0x4
 650 03a8 7E030000 		.4byte	.LASF57
 651 03ac 09       		.byte	0x9
 652 03ad 25       		.byte	0x25
 653 03ae B2030000 		.4byte	0x3b2
 654 03b2 05       		.uleb128 0x5
 655 03b3 7E030000 		.4byte	.LASF57
 656 03b7 10       		.byte	0x10
 657 03b8 09       		.byte	0x9
 658 03b9 2A       		.byte	0x2a
 659 03ba EF030000 		.4byte	0x3ef
 660 03be 06       		.uleb128 0x6
 661 03bf EB010000 		.4byte	.LASF58
 662 03c3 09       		.byte	0x9
 663 03c4 2B       		.byte	0x2b
 664 03c5 EF030000 		.4byte	0x3ef
 665 03c9 00       		.byte	0
 666 03ca 06       		.uleb128 0x6
 667 03cb 91020000 		.4byte	.LASF59
 668 03cf 09       		.byte	0x9
 669 03d0 2E       		.byte	0x2e
 670 03d1 08020000 		.4byte	0x208
 671 03d5 04       		.byte	0x4
 672 03d6 06       		.uleb128 0x6
 673 03d7 56020000 		.4byte	.LASF60
 674 03db 09       		.byte	0x9
 675 03dc 30       		.byte	0x30
 676 03dd CA000000 		.4byte	0xca
 677 03e1 08       		.byte	0x8
 678 03e2 06       		.uleb128 0x6
 679 03e3 9D020000 		.4byte	.LASF61
 680 03e7 09       		.byte	0x9
 681 03e8 33       		.byte	0x33
 682 03e9 D5000000 		.4byte	0xd5
 683 03ed 0C       		.byte	0xc
 684 03ee 00       		.byte	0
ARM GAS  /tmp/cc2j4C6l.s 			page 13


 685 03ef 09       		.uleb128 0x9
 686 03f0 04       		.byte	0x4
 687 03f1 A7030000 		.4byte	0x3a7
 688 03f5 05       		.uleb128 0x5
 689 03f6 54010000 		.4byte	.LASF62
 690 03fa 04       		.byte	0x4
 691 03fb 09       		.byte	0x9
 692 03fc 3A       		.byte	0x3a
 693 03fd 0E040000 		.4byte	0x40e
 694 0401 06       		.uleb128 0x6
 695 0402 9A030000 		.4byte	.LASF63
 696 0406 09       		.byte	0x9
 697 0407 3B       		.byte	0x3b
 698 0408 EF030000 		.4byte	0x3ef
 699 040c 00       		.byte	0
 700 040d 00       		.byte	0
 701 040e 04       		.uleb128 0x4
 702 040f 54010000 		.4byte	.LASF62
 703 0413 09       		.byte	0x9
 704 0414 3E       		.byte	0x3e
 705 0415 F5030000 		.4byte	0x3f5
 706 0419 10       		.uleb128 0x10
 707 041a 04       		.byte	0x4
 708 041b 05       		.byte	0x5
 709 041c 8F       		.byte	0x8f
 710 041d 4E040000 		.4byte	0x44e
 711 0421 11       		.uleb128 0x11
 712 0422 12000000 		.4byte	.LASF64
 713 0426 05       		.byte	0x5
 714 0427 96       		.byte	0x96
 715 0428 BF000000 		.4byte	0xbf
 716 042c 11       		.uleb128 0x11
 717 042d 30000000 		.4byte	.LASF65
 718 0431 05       		.byte	0x5
 719 0432 9D       		.byte	0x9d
 720 0433 BF000000 		.4byte	0xbf
 721 0437 11       		.uleb128 0x11
 722 0438 8C030000 		.4byte	.LASF66
 723 043c 05       		.byte	0x5
 724 043d A4       		.byte	0xa4
 725 043e 44020000 		.4byte	0x244
 726 0442 11       		.uleb128 0x11
 727 0443 C2020000 		.4byte	.LASF67
 728 0447 05       		.byte	0x5
 729 0448 AB       		.byte	0xab
 730 0449 CA000000 		.4byte	0xca
 731 044d 00       		.byte	0
 732 044e 09       		.uleb128 0x9
 733 044f 04       		.byte	0x4
 734 0450 54040000 		.4byte	0x454
 735 0454 12       		.uleb128 0x12
 736 0455 59040000 		.4byte	0x459
 737 0459 03       		.uleb128 0x3
 738 045a 01       		.byte	0x1
 739 045b 08       		.byte	0x8
 740 045c 0B030000 		.4byte	.LASF68
 741 0460 09       		.uleb128 0x9
ARM GAS  /tmp/cc2j4C6l.s 			page 14


 742 0461 04       		.byte	0x4
 743 0462 9C030000 		.4byte	0x39c
 744 0466 08       		.uleb128 0x8
 745 0467 1C       		.byte	0x1c
 746 0468 0A       		.byte	0xa
 747 0469 27       		.byte	0x27
 748 046a 93040000 		.4byte	0x493
 749 046e 06       		.uleb128 0x6
 750 046f A2030000 		.4byte	.LASF69
 751 0473 0A       		.byte	0xa
 752 0474 28       		.byte	0x28
 753 0475 06030000 		.4byte	0x306
 754 0479 00       		.byte	0
 755 047a 06       		.uleb128 0x6
 756 047b 21020000 		.4byte	.LASF70
 757 047f 0A       		.byte	0xa
 758 0480 29       		.byte	0x29
 759 0481 0E040000 		.4byte	0x40e
 760 0485 14       		.byte	0x14
 761 0486 06       		.uleb128 0x6
 762 0487 00000000 		.4byte	.LASF71
 763 048b 0A       		.byte	0xa
 764 048c 2A       		.byte	0x2a
 765 048d E0000000 		.4byte	0xe0
 766 0491 18       		.byte	0x18
 767 0492 00       		.byte	0
 768 0493 04       		.uleb128 0x4
 769 0494 63000000 		.4byte	.LASF72
 770 0498 0A       		.byte	0xa
 771 0499 2B       		.byte	0x2b
 772 049a 66040000 		.4byte	0x466
 773 049e 13       		.uleb128 0x13
 774 049f 10030000 		.4byte	.LASF80
 775 04a3 01       		.byte	0x1
 776 04a4 1C       		.byte	0x1c
 777 04a5 00000000 		.4byte	.LFB7
 778 04a9 2C000000 		.4byte	.LFE7-.LFB7
 779 04ad 01       		.uleb128 0x1
 780 04ae 9C       		.byte	0x9c
 781 04af 3A050000 		.4byte	0x53a
 782 04b3 14       		.uleb128 0x14
 783 04b4 7000     		.ascii	"p\000"
 784 04b6 01       		.byte	0x1
 785 04b7 1C       		.byte	0x1c
 786 04b8 44020000 		.4byte	0x244
 787 04bc 00000000 		.4byte	.LLST0
 788 04c0 15       		.uleb128 0x15
 789 04c1 65747000 		.ascii	"etp\000"
 790 04c5 01       		.byte	0x1
 791 04c6 1D       		.byte	0x1d
 792 04c7 3A050000 		.4byte	0x53a
 793 04cb 1E000000 		.4byte	.LLST1
 794 04cf 16       		.uleb128 0x16
 795 04d0 00000000 		.4byte	.Ldebug_ranges0+0
 796 04d4 E6040000 		.4byte	0x4e6
 797 04d8 17       		.uleb128 0x17
 798 04d9 746D7000 		.ascii	"tmp\000"
ARM GAS  /tmp/cc2j4C6l.s 			page 15


 799 04dd 01       		.byte	0x1
 800 04de 1F       		.byte	0x1f
 801 04df 6C000000 		.4byte	0x6c
 802 04e3 01       		.uleb128 0x1
 803 04e4 53       		.byte	0x53
 804 04e5 00       		.byte	0
 805 04e6 18       		.uleb128 0x18
 806 04e7 24000000 		.4byte	.LBB4
 807 04eb 08000000 		.4byte	.LBE4-.LBB4
 808 04ef 01050000 		.4byte	0x501
 809 04f3 17       		.uleb128 0x17
 810 04f4 746D7000 		.ascii	"tmp\000"
 811 04f8 01       		.byte	0x1
 812 04f9 22       		.byte	0x22
 813 04fa 6C000000 		.4byte	0x6c
 814 04fe 01       		.uleb128 0x1
 815 04ff 53       		.byte	0x53
 816 0500 00       		.byte	0
 817 0501 19       		.uleb128 0x19
 818 0502 12000000 		.4byte	.LVL3
 819 0506 24060000 		.4byte	0x624
 820 050a 1A050000 		.4byte	0x51a
 821 050e 1A       		.uleb128 0x1a
 822 050f 01       		.uleb128 0x1
 823 0510 51       		.byte	0x51
 824 0511 01       		.uleb128 0x1
 825 0512 30       		.byte	0x30
 826 0513 1A       		.uleb128 0x1a
 827 0514 01       		.uleb128 0x1
 828 0515 50       		.byte	0x50
 829 0516 02       		.uleb128 0x2
 830 0517 74       		.byte	0x74
 831 0518 14       		.sleb128 20
 832 0519 00       		.byte	0
 833 051a 1B       		.uleb128 0x1b
 834 051b 24000000 		.4byte	.LVL4
 835 051f 40060000 		.4byte	0x640
 836 0523 1A       		.uleb128 0x1a
 837 0524 01       		.uleb128 0x1
 838 0525 53       		.byte	0x53
 839 0526 02       		.uleb128 0x2
 840 0527 74       		.byte	0x74
 841 0528 00       		.sleb128 0
 842 0529 1A       		.uleb128 0x1a
 843 052a 01       		.uleb128 0x1
 844 052b 52       		.byte	0x52
 845 052c 05       		.uleb128 0x5
 846 052d 03       		.byte	0x3
 847 052e 00000000 		.4byte	tmrcb
 848 0532 1A       		.uleb128 0x1a
 849 0533 01       		.uleb128 0x1
 850 0534 50       		.byte	0x50
 851 0535 02       		.uleb128 0x2
 852 0536 74       		.byte	0x74
 853 0537 00       		.sleb128 0
 854 0538 00       		.byte	0
 855 0539 00       		.byte	0
ARM GAS  /tmp/cc2j4C6l.s 			page 16


 856 053a 09       		.uleb128 0x9
 857 053b 04       		.byte	0x4
 858 053c 93040000 		.4byte	0x493
 859 0540 1C       		.uleb128 0x1c
 860 0541 39000000 		.4byte	.LASF73
 861 0545 01       		.byte	0x1
 862 0546 2B       		.byte	0x2b
 863 0547 00000000 		.4byte	.LFB8
 864 054b 2C000000 		.4byte	.LFE8-.LFB8
 865 054f 01       		.uleb128 0x1
 866 0550 9C       		.byte	0x9c
 867 0551 B8050000 		.4byte	0x5b8
 868 0555 14       		.uleb128 0x14
 869 0556 65747000 		.ascii	"etp\000"
 870 055a 01       		.byte	0x1
 871 055b 2B       		.byte	0x2b
 872 055c 3A050000 		.4byte	0x53a
 873 0560 3C000000 		.4byte	.LLST2
 874 0564 18       		.uleb128 0x18
 875 0565 02000000 		.4byte	.LBB5
 876 0569 06000000 		.4byte	.LBE5-.LBB5
 877 056d 7F050000 		.4byte	0x57f
 878 0571 17       		.uleb128 0x17
 879 0572 746D7000 		.ascii	"tmp\000"
 880 0576 01       		.byte	0x1
 881 0577 2D       		.byte	0x2d
 882 0578 6C000000 		.4byte	0x6c
 883 057c 01       		.uleb128 0x1
 884 057d 53       		.byte	0x53
 885 057e 00       		.byte	0
 886 057f 16       		.uleb128 0x16
 887 0580 18000000 		.4byte	.Ldebug_ranges0+0x18
 888 0584 96050000 		.4byte	0x596
 889 0588 17       		.uleb128 0x17
 890 0589 746D7000 		.ascii	"tmp\000"
 891 058d 01       		.byte	0x1
 892 058e 32       		.byte	0x32
 893 058f 6C000000 		.4byte	0x6c
 894 0593 01       		.uleb128 0x1
 895 0594 53       		.byte	0x53
 896 0595 00       		.byte	0
 897 0596 1B       		.uleb128 0x1b
 898 0597 24000000 		.4byte	.LVL6
 899 059b 40060000 		.4byte	0x640
 900 059f 1A       		.uleb128 0x1a
 901 05a0 01       		.uleb128 0x1
 902 05a1 53       		.byte	0x53
 903 05a2 03       		.uleb128 0x3
 904 05a3 F3       		.byte	0xf3
 905 05a4 01       		.uleb128 0x1
 906 05a5 50       		.byte	0x50
 907 05a6 1A       		.uleb128 0x1a
 908 05a7 01       		.uleb128 0x1
 909 05a8 52       		.byte	0x52
 910 05a9 05       		.uleb128 0x5
 911 05aa 03       		.byte	0x3
 912 05ab 00000000 		.4byte	tmrcb
ARM GAS  /tmp/cc2j4C6l.s 			page 17


 913 05af 1A       		.uleb128 0x1a
 914 05b0 01       		.uleb128 0x1
 915 05b1 50       		.byte	0x50
 916 05b2 03       		.uleb128 0x3
 917 05b3 F3       		.byte	0xf3
 918 05b4 01       		.uleb128 0x1
 919 05b5 50       		.byte	0x50
 920 05b6 00       		.byte	0
 921 05b7 00       		.byte	0
 922 05b8 1C       		.uleb128 0x1c
 923 05b9 3B030000 		.4byte	.LASF74
 924 05bd 01       		.byte	0x1
 925 05be 3B       		.byte	0x3b
 926 05bf 00000000 		.4byte	.LFB9
 927 05c3 18000000 		.4byte	.LFE9-.LFB9
 928 05c7 01       		.uleb128 0x1
 929 05c8 9C       		.byte	0x9c
 930 05c9 24060000 		.4byte	0x624
 931 05cd 14       		.uleb128 0x14
 932 05ce 65747000 		.ascii	"etp\000"
 933 05d2 01       		.byte	0x1
 934 05d3 3B       		.byte	0x3b
 935 05d4 3A050000 		.4byte	0x53a
 936 05d8 5D000000 		.4byte	.LLST3
 937 05dc 18       		.uleb128 0x18
 938 05dd 02000000 		.4byte	.LBB8
 939 05e1 06000000 		.4byte	.LBE8-.LBB8
 940 05e5 F7050000 		.4byte	0x5f7
 941 05e9 17       		.uleb128 0x17
 942 05ea 746D7000 		.ascii	"tmp\000"
 943 05ee 01       		.byte	0x1
 944 05ef 3D       		.byte	0x3d
 945 05f0 6C000000 		.4byte	0x6c
 946 05f4 01       		.uleb128 0x1
 947 05f5 53       		.byte	0x53
 948 05f6 00       		.byte	0
 949 05f7 18       		.uleb128 0x18
 950 05f8 10000000 		.4byte	.LBB9
 951 05fc 08000000 		.4byte	.LBE9-.LBB9
 952 0600 12060000 		.4byte	0x612
 953 0604 17       		.uleb128 0x17
 954 0605 746D7000 		.ascii	"tmp\000"
 955 0609 01       		.byte	0x1
 956 060a 3D       		.byte	0x3d
 957 060b 6C000000 		.4byte	0x6c
 958 060f 01       		.uleb128 0x1
 959 0610 53       		.byte	0x53
 960 0611 00       		.byte	0
 961 0612 1B       		.uleb128 0x1b
 962 0613 10000000 		.4byte	.LVL8
 963 0617 60060000 		.4byte	0x660
 964 061b 1A       		.uleb128 0x1a
 965 061c 01       		.uleb128 0x1
 966 061d 50       		.byte	0x50
 967 061e 03       		.uleb128 0x3
 968 061f F3       		.byte	0xf3
 969 0620 01       		.uleb128 0x1
ARM GAS  /tmp/cc2j4C6l.s 			page 18


 970 0621 50       		.byte	0x50
 971 0622 00       		.byte	0
 972 0623 00       		.byte	0
 973 0624 1D       		.uleb128 0x1d
 974 0625 8D000000 		.4byte	.LASF75
 975 0629 09       		.byte	0x9
 976 062a B3       		.byte	0xb3
 977 062b 3A060000 		.4byte	0x63a
 978 062f 0E       		.uleb128 0xe
 979 0630 3A060000 		.4byte	0x63a
 980 0634 0E       		.uleb128 0xe
 981 0635 D5000000 		.4byte	0xd5
 982 0639 00       		.byte	0
 983 063a 09       		.uleb128 0x9
 984 063b 04       		.byte	0x4
 985 063c 0E040000 		.4byte	0x40e
 986 0640 1D       		.uleb128 0x1d
 987 0641 38020000 		.4byte	.LASF76
 988 0645 07       		.byte	0x7
 989 0646 DD       		.byte	0xdd
 990 0647 60060000 		.4byte	0x660
 991 064b 0E       		.uleb128 0xe
 992 064c 5A030000 		.4byte	0x35a
 993 0650 0E       		.uleb128 0xe
 994 0651 E0000000 		.4byte	0xe0
 995 0655 0E       		.uleb128 0xe
 996 0656 EA020000 		.4byte	0x2ea
 997 065a 0E       		.uleb128 0xe
 998 065b 44020000 		.4byte	0x244
 999 065f 00       		.byte	0
 1000 0660 1E       		.uleb128 0x1e
 1001 0661 DF020000 		.4byte	.LASF81
 1002 0665 07       		.byte	0x7
 1003 0666 DE       		.byte	0xde
 1004 0667 0E       		.uleb128 0xe
 1005 0668 5A030000 		.4byte	0x35a
 1006 066c 00       		.byte	0
 1007 066d 00       		.byte	0
 1008              		.section	.debug_abbrev,"",%progbits
 1009              	.Ldebug_abbrev0:
 1010 0000 01       		.uleb128 0x1
 1011 0001 11       		.uleb128 0x11
 1012 0002 01       		.byte	0x1
 1013 0003 25       		.uleb128 0x25
 1014 0004 0E       		.uleb128 0xe
 1015 0005 13       		.uleb128 0x13
 1016 0006 0B       		.uleb128 0xb
 1017 0007 03       		.uleb128 0x3
 1018 0008 0E       		.uleb128 0xe
 1019 0009 1B       		.uleb128 0x1b
 1020 000a 0E       		.uleb128 0xe
 1021 000b 55       		.uleb128 0x55
 1022 000c 17       		.uleb128 0x17
 1023 000d 11       		.uleb128 0x11
 1024 000e 01       		.uleb128 0x1
 1025 000f 10       		.uleb128 0x10
 1026 0010 17       		.uleb128 0x17
ARM GAS  /tmp/cc2j4C6l.s 			page 19


 1027 0011 00       		.byte	0
 1028 0012 00       		.byte	0
 1029 0013 02       		.uleb128 0x2
 1030 0014 24       		.uleb128 0x24
 1031 0015 00       		.byte	0
 1032 0016 0B       		.uleb128 0xb
 1033 0017 0B       		.uleb128 0xb
 1034 0018 3E       		.uleb128 0x3e
 1035 0019 0B       		.uleb128 0xb
 1036 001a 03       		.uleb128 0x3
 1037 001b 08       		.uleb128 0x8
 1038 001c 00       		.byte	0
 1039 001d 00       		.byte	0
 1040 001e 03       		.uleb128 0x3
 1041 001f 24       		.uleb128 0x24
 1042 0020 00       		.byte	0
 1043 0021 0B       		.uleb128 0xb
 1044 0022 0B       		.uleb128 0xb
 1045 0023 3E       		.uleb128 0x3e
 1046 0024 0B       		.uleb128 0xb
 1047 0025 03       		.uleb128 0x3
 1048 0026 0E       		.uleb128 0xe
 1049 0027 00       		.byte	0
 1050 0028 00       		.byte	0
 1051 0029 04       		.uleb128 0x4
 1052 002a 16       		.uleb128 0x16
 1053 002b 00       		.byte	0
 1054 002c 03       		.uleb128 0x3
 1055 002d 0E       		.uleb128 0xe
 1056 002e 3A       		.uleb128 0x3a
 1057 002f 0B       		.uleb128 0xb
 1058 0030 3B       		.uleb128 0x3b
 1059 0031 0B       		.uleb128 0xb
 1060 0032 49       		.uleb128 0x49
 1061 0033 13       		.uleb128 0x13
 1062 0034 00       		.byte	0
 1063 0035 00       		.byte	0
 1064 0036 05       		.uleb128 0x5
 1065 0037 13       		.uleb128 0x13
 1066 0038 01       		.byte	0x1
 1067 0039 03       		.uleb128 0x3
 1068 003a 0E       		.uleb128 0xe
 1069 003b 0B       		.uleb128 0xb
 1070 003c 0B       		.uleb128 0xb
 1071 003d 3A       		.uleb128 0x3a
 1072 003e 0B       		.uleb128 0xb
 1073 003f 3B       		.uleb128 0x3b
 1074 0040 0B       		.uleb128 0xb
 1075 0041 01       		.uleb128 0x1
 1076 0042 13       		.uleb128 0x13
 1077 0043 00       		.byte	0
 1078 0044 00       		.byte	0
 1079 0045 06       		.uleb128 0x6
 1080 0046 0D       		.uleb128 0xd
 1081 0047 00       		.byte	0
 1082 0048 03       		.uleb128 0x3
 1083 0049 0E       		.uleb128 0xe
ARM GAS  /tmp/cc2j4C6l.s 			page 20


 1084 004a 3A       		.uleb128 0x3a
 1085 004b 0B       		.uleb128 0xb
 1086 004c 3B       		.uleb128 0x3b
 1087 004d 0B       		.uleb128 0xb
 1088 004e 49       		.uleb128 0x49
 1089 004f 13       		.uleb128 0x13
 1090 0050 38       		.uleb128 0x38
 1091 0051 0B       		.uleb128 0xb
 1092 0052 00       		.byte	0
 1093 0053 00       		.byte	0
 1094 0054 07       		.uleb128 0x7
 1095 0055 0D       		.uleb128 0xd
 1096 0056 00       		.byte	0
 1097 0057 03       		.uleb128 0x3
 1098 0058 08       		.uleb128 0x8
 1099 0059 3A       		.uleb128 0x3a
 1100 005a 0B       		.uleb128 0xb
 1101 005b 3B       		.uleb128 0x3b
 1102 005c 0B       		.uleb128 0xb
 1103 005d 49       		.uleb128 0x49
 1104 005e 13       		.uleb128 0x13
 1105 005f 38       		.uleb128 0x38
 1106 0060 0B       		.uleb128 0xb
 1107 0061 00       		.byte	0
 1108 0062 00       		.byte	0
 1109 0063 08       		.uleb128 0x8
 1110 0064 13       		.uleb128 0x13
 1111 0065 01       		.byte	0x1
 1112 0066 0B       		.uleb128 0xb
 1113 0067 0B       		.uleb128 0xb
 1114 0068 3A       		.uleb128 0x3a
 1115 0069 0B       		.uleb128 0xb
 1116 006a 3B       		.uleb128 0x3b
 1117 006b 0B       		.uleb128 0xb
 1118 006c 01       		.uleb128 0x1
 1119 006d 13       		.uleb128 0x13
 1120 006e 00       		.byte	0
 1121 006f 00       		.byte	0
 1122 0070 09       		.uleb128 0x9
 1123 0071 0F       		.uleb128 0xf
 1124 0072 00       		.byte	0
 1125 0073 0B       		.uleb128 0xb
 1126 0074 0B       		.uleb128 0xb
 1127 0075 49       		.uleb128 0x49
 1128 0076 13       		.uleb128 0x13
 1129 0077 00       		.byte	0
 1130 0078 00       		.byte	0
 1131 0079 0A       		.uleb128 0xa
 1132 007a 0F       		.uleb128 0xf
 1133 007b 00       		.byte	0
 1134 007c 0B       		.uleb128 0xb
 1135 007d 0B       		.uleb128 0xb
 1136 007e 00       		.byte	0
 1137 007f 00       		.byte	0
 1138 0080 0B       		.uleb128 0xb
 1139 0081 13       		.uleb128 0x13
 1140 0082 01       		.byte	0x1
ARM GAS  /tmp/cc2j4C6l.s 			page 21


 1141 0083 03       		.uleb128 0x3
 1142 0084 0E       		.uleb128 0xe
 1143 0085 0B       		.uleb128 0xb
 1144 0086 0B       		.uleb128 0xb
 1145 0087 3A       		.uleb128 0x3a
 1146 0088 0B       		.uleb128 0xb
 1147 0089 3B       		.uleb128 0x3b
 1148 008a 05       		.uleb128 0x5
 1149 008b 01       		.uleb128 0x1
 1150 008c 13       		.uleb128 0x13
 1151 008d 00       		.byte	0
 1152 008e 00       		.byte	0
 1153 008f 0C       		.uleb128 0xc
 1154 0090 0D       		.uleb128 0xd
 1155 0091 00       		.byte	0
 1156 0092 03       		.uleb128 0x3
 1157 0093 08       		.uleb128 0x8
 1158 0094 3A       		.uleb128 0x3a
 1159 0095 0B       		.uleb128 0xb
 1160 0096 3B       		.uleb128 0x3b
 1161 0097 05       		.uleb128 0x5
 1162 0098 49       		.uleb128 0x49
 1163 0099 13       		.uleb128 0x13
 1164 009a 38       		.uleb128 0x38
 1165 009b 0B       		.uleb128 0xb
 1166 009c 00       		.byte	0
 1167 009d 00       		.byte	0
 1168 009e 0D       		.uleb128 0xd
 1169 009f 15       		.uleb128 0x15
 1170 00a0 01       		.byte	0x1
 1171 00a1 27       		.uleb128 0x27
 1172 00a2 19       		.uleb128 0x19
 1173 00a3 01       		.uleb128 0x1
 1174 00a4 13       		.uleb128 0x13
 1175 00a5 00       		.byte	0
 1176 00a6 00       		.byte	0
 1177 00a7 0E       		.uleb128 0xe
 1178 00a8 05       		.uleb128 0x5
 1179 00a9 00       		.byte	0
 1180 00aa 49       		.uleb128 0x49
 1181 00ab 13       		.uleb128 0x13
 1182 00ac 00       		.byte	0
 1183 00ad 00       		.byte	0
 1184 00ae 0F       		.uleb128 0xf
 1185 00af 35       		.uleb128 0x35
 1186 00b0 00       		.byte	0
 1187 00b1 49       		.uleb128 0x49
 1188 00b2 13       		.uleb128 0x13
 1189 00b3 00       		.byte	0
 1190 00b4 00       		.byte	0
 1191 00b5 10       		.uleb128 0x10
 1192 00b6 17       		.uleb128 0x17
 1193 00b7 01       		.byte	0x1
 1194 00b8 0B       		.uleb128 0xb
 1195 00b9 0B       		.uleb128 0xb
 1196 00ba 3A       		.uleb128 0x3a
 1197 00bb 0B       		.uleb128 0xb
ARM GAS  /tmp/cc2j4C6l.s 			page 22


 1198 00bc 3B       		.uleb128 0x3b
 1199 00bd 0B       		.uleb128 0xb
 1200 00be 01       		.uleb128 0x1
 1201 00bf 13       		.uleb128 0x13
 1202 00c0 00       		.byte	0
 1203 00c1 00       		.byte	0
 1204 00c2 11       		.uleb128 0x11
 1205 00c3 0D       		.uleb128 0xd
 1206 00c4 00       		.byte	0
 1207 00c5 03       		.uleb128 0x3
 1208 00c6 0E       		.uleb128 0xe
 1209 00c7 3A       		.uleb128 0x3a
 1210 00c8 0B       		.uleb128 0xb
 1211 00c9 3B       		.uleb128 0x3b
 1212 00ca 0B       		.uleb128 0xb
 1213 00cb 49       		.uleb128 0x49
 1214 00cc 13       		.uleb128 0x13
 1215 00cd 00       		.byte	0
 1216 00ce 00       		.byte	0
 1217 00cf 12       		.uleb128 0x12
 1218 00d0 26       		.uleb128 0x26
 1219 00d1 00       		.byte	0
 1220 00d2 49       		.uleb128 0x49
 1221 00d3 13       		.uleb128 0x13
 1222 00d4 00       		.byte	0
 1223 00d5 00       		.byte	0
 1224 00d6 13       		.uleb128 0x13
 1225 00d7 2E       		.uleb128 0x2e
 1226 00d8 01       		.byte	0x1
 1227 00d9 03       		.uleb128 0x3
 1228 00da 0E       		.uleb128 0xe
 1229 00db 3A       		.uleb128 0x3a
 1230 00dc 0B       		.uleb128 0xb
 1231 00dd 3B       		.uleb128 0x3b
 1232 00de 0B       		.uleb128 0xb
 1233 00df 27       		.uleb128 0x27
 1234 00e0 19       		.uleb128 0x19
 1235 00e1 11       		.uleb128 0x11
 1236 00e2 01       		.uleb128 0x1
 1237 00e3 12       		.uleb128 0x12
 1238 00e4 06       		.uleb128 0x6
 1239 00e5 40       		.uleb128 0x40
 1240 00e6 18       		.uleb128 0x18
 1241 00e7 9742     		.uleb128 0x2117
 1242 00e9 19       		.uleb128 0x19
 1243 00ea 01       		.uleb128 0x1
 1244 00eb 13       		.uleb128 0x13
 1245 00ec 00       		.byte	0
 1246 00ed 00       		.byte	0
 1247 00ee 14       		.uleb128 0x14
 1248 00ef 05       		.uleb128 0x5
 1249 00f0 00       		.byte	0
 1250 00f1 03       		.uleb128 0x3
 1251 00f2 08       		.uleb128 0x8
 1252 00f3 3A       		.uleb128 0x3a
 1253 00f4 0B       		.uleb128 0xb
 1254 00f5 3B       		.uleb128 0x3b
ARM GAS  /tmp/cc2j4C6l.s 			page 23


 1255 00f6 0B       		.uleb128 0xb
 1256 00f7 49       		.uleb128 0x49
 1257 00f8 13       		.uleb128 0x13
 1258 00f9 02       		.uleb128 0x2
 1259 00fa 17       		.uleb128 0x17
 1260 00fb 00       		.byte	0
 1261 00fc 00       		.byte	0
 1262 00fd 15       		.uleb128 0x15
 1263 00fe 34       		.uleb128 0x34
 1264 00ff 00       		.byte	0
 1265 0100 03       		.uleb128 0x3
 1266 0101 08       		.uleb128 0x8
 1267 0102 3A       		.uleb128 0x3a
 1268 0103 0B       		.uleb128 0xb
 1269 0104 3B       		.uleb128 0x3b
 1270 0105 0B       		.uleb128 0xb
 1271 0106 49       		.uleb128 0x49
 1272 0107 13       		.uleb128 0x13
 1273 0108 02       		.uleb128 0x2
 1274 0109 17       		.uleb128 0x17
 1275 010a 00       		.byte	0
 1276 010b 00       		.byte	0
 1277 010c 16       		.uleb128 0x16
 1278 010d 0B       		.uleb128 0xb
 1279 010e 01       		.byte	0x1
 1280 010f 55       		.uleb128 0x55
 1281 0110 17       		.uleb128 0x17
 1282 0111 01       		.uleb128 0x1
 1283 0112 13       		.uleb128 0x13
 1284 0113 00       		.byte	0
 1285 0114 00       		.byte	0
 1286 0115 17       		.uleb128 0x17
 1287 0116 34       		.uleb128 0x34
 1288 0117 00       		.byte	0
 1289 0118 03       		.uleb128 0x3
 1290 0119 08       		.uleb128 0x8
 1291 011a 3A       		.uleb128 0x3a
 1292 011b 0B       		.uleb128 0xb
 1293 011c 3B       		.uleb128 0x3b
 1294 011d 0B       		.uleb128 0xb
 1295 011e 49       		.uleb128 0x49
 1296 011f 13       		.uleb128 0x13
 1297 0120 02       		.uleb128 0x2
 1298 0121 18       		.uleb128 0x18
 1299 0122 00       		.byte	0
 1300 0123 00       		.byte	0
 1301 0124 18       		.uleb128 0x18
 1302 0125 0B       		.uleb128 0xb
 1303 0126 01       		.byte	0x1
 1304 0127 11       		.uleb128 0x11
 1305 0128 01       		.uleb128 0x1
 1306 0129 12       		.uleb128 0x12
 1307 012a 06       		.uleb128 0x6
 1308 012b 01       		.uleb128 0x1
 1309 012c 13       		.uleb128 0x13
 1310 012d 00       		.byte	0
 1311 012e 00       		.byte	0
ARM GAS  /tmp/cc2j4C6l.s 			page 24


 1312 012f 19       		.uleb128 0x19
 1313 0130 898201   		.uleb128 0x4109
 1314 0133 01       		.byte	0x1
 1315 0134 11       		.uleb128 0x11
 1316 0135 01       		.uleb128 0x1
 1317 0136 31       		.uleb128 0x31
 1318 0137 13       		.uleb128 0x13
 1319 0138 01       		.uleb128 0x1
 1320 0139 13       		.uleb128 0x13
 1321 013a 00       		.byte	0
 1322 013b 00       		.byte	0
 1323 013c 1A       		.uleb128 0x1a
 1324 013d 8A8201   		.uleb128 0x410a
 1325 0140 00       		.byte	0
 1326 0141 02       		.uleb128 0x2
 1327 0142 18       		.uleb128 0x18
 1328 0143 9142     		.uleb128 0x2111
 1329 0145 18       		.uleb128 0x18
 1330 0146 00       		.byte	0
 1331 0147 00       		.byte	0
 1332 0148 1B       		.uleb128 0x1b
 1333 0149 898201   		.uleb128 0x4109
 1334 014c 01       		.byte	0x1
 1335 014d 11       		.uleb128 0x11
 1336 014e 01       		.uleb128 0x1
 1337 014f 31       		.uleb128 0x31
 1338 0150 13       		.uleb128 0x13
 1339 0151 00       		.byte	0
 1340 0152 00       		.byte	0
 1341 0153 1C       		.uleb128 0x1c
 1342 0154 2E       		.uleb128 0x2e
 1343 0155 01       		.byte	0x1
 1344 0156 3F       		.uleb128 0x3f
 1345 0157 19       		.uleb128 0x19
 1346 0158 03       		.uleb128 0x3
 1347 0159 0E       		.uleb128 0xe
 1348 015a 3A       		.uleb128 0x3a
 1349 015b 0B       		.uleb128 0xb
 1350 015c 3B       		.uleb128 0x3b
 1351 015d 0B       		.uleb128 0xb
 1352 015e 27       		.uleb128 0x27
 1353 015f 19       		.uleb128 0x19
 1354 0160 11       		.uleb128 0x11
 1355 0161 01       		.uleb128 0x1
 1356 0162 12       		.uleb128 0x12
 1357 0163 06       		.uleb128 0x6
 1358 0164 40       		.uleb128 0x40
 1359 0165 18       		.uleb128 0x18
 1360 0166 9742     		.uleb128 0x2117
 1361 0168 19       		.uleb128 0x19
 1362 0169 01       		.uleb128 0x1
 1363 016a 13       		.uleb128 0x13
 1364 016b 00       		.byte	0
 1365 016c 00       		.byte	0
 1366 016d 1D       		.uleb128 0x1d
 1367 016e 2E       		.uleb128 0x2e
 1368 016f 01       		.byte	0x1
ARM GAS  /tmp/cc2j4C6l.s 			page 25


 1369 0170 3F       		.uleb128 0x3f
 1370 0171 19       		.uleb128 0x19
 1371 0172 03       		.uleb128 0x3
 1372 0173 0E       		.uleb128 0xe
 1373 0174 3A       		.uleb128 0x3a
 1374 0175 0B       		.uleb128 0xb
 1375 0176 3B       		.uleb128 0x3b
 1376 0177 0B       		.uleb128 0xb
 1377 0178 27       		.uleb128 0x27
 1378 0179 19       		.uleb128 0x19
 1379 017a 3C       		.uleb128 0x3c
 1380 017b 19       		.uleb128 0x19
 1381 017c 01       		.uleb128 0x1
 1382 017d 13       		.uleb128 0x13
 1383 017e 00       		.byte	0
 1384 017f 00       		.byte	0
 1385 0180 1E       		.uleb128 0x1e
 1386 0181 2E       		.uleb128 0x2e
 1387 0182 01       		.byte	0x1
 1388 0183 3F       		.uleb128 0x3f
 1389 0184 19       		.uleb128 0x19
 1390 0185 03       		.uleb128 0x3
 1391 0186 0E       		.uleb128 0xe
 1392 0187 3A       		.uleb128 0x3a
 1393 0188 0B       		.uleb128 0xb
 1394 0189 3B       		.uleb128 0x3b
 1395 018a 0B       		.uleb128 0xb
 1396 018b 27       		.uleb128 0x27
 1397 018c 19       		.uleb128 0x19
 1398 018d 3C       		.uleb128 0x3c
 1399 018e 19       		.uleb128 0x19
 1400 018f 00       		.byte	0
 1401 0190 00       		.byte	0
 1402 0191 00       		.byte	0
 1403              		.section	.debug_loc,"",%progbits
 1404              	.Ldebug_loc0:
 1405              	.LLST0:
 1406 0000 00000000 		.4byte	.LVL0
 1407 0004 0E000000 		.4byte	.LVL2
 1408 0008 0100     		.2byte	0x1
 1409 000a 50       		.byte	0x50
 1410 000b 0E000000 		.4byte	.LVL2
 1411 000f 2C000000 		.4byte	.LFE7
 1412 0013 0100     		.2byte	0x1
 1413 0015 54       		.byte	0x54
 1414 0016 00000000 		.4byte	0
 1415 001a 00000000 		.4byte	0
 1416              	.LLST1:
 1417 001e 06000000 		.4byte	.LVL1
 1418 0022 0E000000 		.4byte	.LVL2
 1419 0026 0100     		.2byte	0x1
 1420 0028 50       		.byte	0x50
 1421 0029 0E000000 		.4byte	.LVL2
 1422 002d 2C000000 		.4byte	.LFE7
 1423 0031 0100     		.2byte	0x1
 1424 0033 54       		.byte	0x54
 1425 0034 00000000 		.4byte	0
ARM GAS  /tmp/cc2j4C6l.s 			page 26


 1426 0038 00000000 		.4byte	0
 1427              	.LLST2:
 1428 003c 00000000 		.4byte	.LVL5
 1429 0040 23000000 		.4byte	.LVL6-1
 1430 0044 0100     		.2byte	0x1
 1431 0046 50       		.byte	0x50
 1432 0047 23000000 		.4byte	.LVL6-1
 1433 004b 2C000000 		.4byte	.LFE8
 1434 004f 0400     		.2byte	0x4
 1435 0051 F3       		.byte	0xf3
 1436 0052 01       		.uleb128 0x1
 1437 0053 50       		.byte	0x50
 1438 0054 9F       		.byte	0x9f
 1439 0055 00000000 		.4byte	0
 1440 0059 00000000 		.4byte	0
 1441              	.LLST3:
 1442 005d 00000000 		.4byte	.LVL7
 1443 0061 0F000000 		.4byte	.LVL8-1
 1444 0065 0100     		.2byte	0x1
 1445 0067 50       		.byte	0x50
 1446 0068 0F000000 		.4byte	.LVL8-1
 1447 006c 18000000 		.4byte	.LFE9
 1448 0070 0400     		.2byte	0x4
 1449 0072 F3       		.byte	0xf3
 1450 0073 01       		.uleb128 0x1
 1451 0074 50       		.byte	0x50
 1452 0075 9F       		.byte	0x9f
 1453 0076 00000000 		.4byte	0
 1454 007a 00000000 		.4byte	0
 1455              		.section	.debug_aranges,"",%progbits
 1456 0000 2C000000 		.4byte	0x2c
 1457 0004 0200     		.2byte	0x2
 1458 0006 00000000 		.4byte	.Ldebug_info0
 1459 000a 04       		.byte	0x4
 1460 000b 00       		.byte	0
 1461 000c 0000     		.2byte	0
 1462 000e 0000     		.2byte	0
 1463 0010 00000000 		.4byte	.LFB7
 1464 0014 2C000000 		.4byte	.LFE7-.LFB7
 1465 0018 00000000 		.4byte	.LFB8
 1466 001c 2C000000 		.4byte	.LFE8-.LFB8
 1467 0020 00000000 		.4byte	.LFB9
 1468 0024 18000000 		.4byte	.LFE9-.LFB9
 1469 0028 00000000 		.4byte	0
 1470 002c 00000000 		.4byte	0
 1471              		.section	.debug_ranges,"",%progbits
 1472              	.Ldebug_ranges0:
 1473 0000 02000000 		.4byte	.LBB2
 1474 0004 04000000 		.4byte	.LBE2
 1475 0008 06000000 		.4byte	.LBB3
 1476 000c 0A000000 		.4byte	.LBE3
 1477 0010 00000000 		.4byte	0
 1478 0014 00000000 		.4byte	0
 1479 0018 0C000000 		.4byte	.LBB6
 1480 001c 14000000 		.4byte	.LBE6
 1481 0020 24000000 		.4byte	.LBB7
 1482 0024 2C000000 		.4byte	.LBE7
ARM GAS  /tmp/cc2j4C6l.s 			page 27


 1483 0028 00000000 		.4byte	0
 1484 002c 00000000 		.4byte	0
 1485 0030 00000000 		.4byte	.LFB7
 1486 0034 2C000000 		.4byte	.LFE7
 1487 0038 00000000 		.4byte	.LFB8
 1488 003c 2C000000 		.4byte	.LFE8
 1489 0040 00000000 		.4byte	.LFB9
 1490 0044 18000000 		.4byte	.LFE9
 1491 0048 00000000 		.4byte	0
 1492 004c 00000000 		.4byte	0
 1493              		.section	.debug_line,"",%progbits
 1494              	.Ldebug_line0:
 1495 0000 56010000 		.section	.debug_str,"MS",%progbits,1
 1495      02000C01 
 1495      00000201 
 1495      FB0E0D00 
 1495      01010101 
 1496              	.LASF71:
 1497 0000 65745F69 		.ascii	"et_interval\000"
 1497      6E746572 
 1497      76616C00 
 1498              	.LASF35:
 1499 000c 705F6D73 		.ascii	"p_msg\000"
 1499      6700
 1500              	.LASF64:
 1501 0012 7264796D 		.ascii	"rdymsg\000"
 1501      736700
 1502              	.LASF11:
 1503 0019 6C6F6E67 		.ascii	"long long unsigned int\000"
 1503      206C6F6E 
 1503      6720756E 
 1503      7369676E 
 1503      65642069 
 1504              	.LASF65:
 1505 0030 65786974 		.ascii	"exitcode\000"
 1505      636F6465 
 1505      00
 1506              	.LASF73:
 1507 0039 65767453 		.ascii	"evtStart\000"
 1507      74617274 
 1507      00
 1508              	.LASF24:
 1509 0042 705F7072 		.ascii	"p_prio\000"
 1509      696F00
 1510              	.LASF10:
 1511 0049 6C6F6E67 		.ascii	"long long int\000"
 1511      206C6F6E 
 1511      6720696E 
 1511      7400
 1512              	.LASF1:
 1513 0057 7369676E 		.ascii	"signed char\000"
 1513      65642063 
 1513      68617200 
 1514              	.LASF72:
 1515 0063 45765469 		.ascii	"EvTimer\000"
 1515      6D657200 
 1516              	.LASF39:
ARM GAS  /tmp/cc2j4C6l.s 			page 28


 1517 006b 705F6D70 		.ascii	"p_mpool\000"
 1517      6F6F6C00 
 1518              	.LASF54:
 1519 0073 6D5F7175 		.ascii	"m_queue\000"
 1519      65756500 
 1520              	.LASF7:
 1521 007b 6C6F6E67 		.ascii	"long int\000"
 1521      20696E74 
 1521      00
 1522              	.LASF14:
 1523 0084 74737461 		.ascii	"tstate_t\000"
 1523      74655F74 
 1523      00
 1524              	.LASF75:
 1525 008d 63684576 		.ascii	"chEvtBroadcastFlagsI\000"
 1525      7442726F 
 1525      61646361 
 1525      7374466C 
 1525      61677349 
 1526              	.LASF26:
 1527 00a2 705F6E65 		.ascii	"p_newer\000"
 1527      77657200 
 1528              	.LASF42:
 1529 00aa 72656761 		.ascii	"regarm_t\000"
 1529      726D5F74 
 1529      00
 1530              	.LASF49:
 1531 00b3 76745F70 		.ascii	"vt_prev\000"
 1531      72657600 
 1532              	.LASF77:
 1533 00bb 474E5520 		.ascii	"GNU C 4.8.1 -mcpu=cortex-m3 -mno-thumb-interwork -m"
 1533      4320342E 
 1533      382E3120 
 1533      2D6D6370 
 1533      753D636F 
 1534 00ee 7468756D 		.ascii	"thumb -mfloat-abi=soft -ggdb -O2 -fomit-frame-point"
 1534      62202D6D 
 1534      666C6F61 
 1534      742D6162 
 1534      693D736F 
 1535 0121 6572202D 		.ascii	"er -ffunction-sections -fdata-sections -fno-common\000"
 1535      6666756E 
 1535      6374696F 
 1535      6E2D7365 
 1535      6374696F 
 1536              	.LASF62:
 1537 0154 4576656E 		.ascii	"EventSource\000"
 1537      74536F75 
 1537      72636500 
 1538              	.LASF79:
 1539 0160 2F686F6D 		.ascii	"/home/daniofb/Programming/ChibiOS-RT/demos/ARMCM3-L"
 1539      652F6461 
 1539      6E696F66 
 1539      622F5072 
 1539      6F677261 
 1540 0193 50433137 		.ascii	"PC1768-AKAIKABA\000"
 1540      36382D41 
ARM GAS  /tmp/cc2j4C6l.s 			page 29


 1540      4B41494B 
 1540      41424100 
 1541              	.LASF0:
 1542 01a3 756E7369 		.ascii	"unsigned int\000"
 1542      676E6564 
 1542      20696E74 
 1542      00
 1543              	.LASF48:
 1544 01b0 76745F6E 		.ascii	"vt_next\000"
 1544      65787400 
 1545              	.LASF9:
 1546 01b8 6C6F6E67 		.ascii	"long unsigned int\000"
 1546      20756E73 
 1546      69676E65 
 1546      6420696E 
 1546      7400
 1547              	.LASF44:
 1548 01ca 636F6E74 		.ascii	"context\000"
 1548      65787400 
 1549              	.LASF4:
 1550 01d2 73686F72 		.ascii	"short unsigned int\000"
 1550      7420756E 
 1550      7369676E 
 1550      65642069 
 1550      6E7400
 1551              	.LASF17:
 1552 01e5 6D73675F 		.ascii	"msg_t\000"
 1552      7400
 1553              	.LASF58:
 1554 01eb 656C5F6E 		.ascii	"el_next\000"
 1554      65787400 
 1555              	.LASF13:
 1556 01f3 746D6F64 		.ascii	"tmode_t\000"
 1556      655F7400 
 1557              	.LASF41:
 1558 01fb 54687265 		.ascii	"ThreadsList\000"
 1558      6164734C 
 1558      69737400 
 1559              	.LASF18:
 1560 0207 6576656E 		.ascii	"eventmask_t\000"
 1560      746D6173 
 1560      6B5F7400 
 1561              	.LASF53:
 1562 0213 4D757465 		.ascii	"Mutex\000"
 1562      7800
 1563              	.LASF50:
 1564 0219 76745F74 		.ascii	"vt_time\000"
 1564      696D6500 
 1565              	.LASF70:
 1566 0221 65745F65 		.ascii	"et_es\000"
 1566      7300
 1567              	.LASF45:
 1568 0227 73697A65 		.ascii	"sizetype\000"
 1568      74797065 
 1568      00
 1569              	.LASF51:
 1570 0230 76745F66 		.ascii	"vt_func\000"
ARM GAS  /tmp/cc2j4C6l.s 			page 30


 1570      756E6300 
 1571              	.LASF76:
 1572 0238 63685654 		.ascii	"chVTSetI\000"
 1572      53657449 
 1572      00
 1573              	.LASF27:
 1574 0241 705F6F6C 		.ascii	"p_older\000"
 1574      64657200 
 1575              	.LASF40:
 1576 0249 54687265 		.ascii	"ThreadsQueue\000"
 1576      61647351 
 1576      75657565 
 1576      00
 1577              	.LASF60:
 1578 0256 656C5F6D 		.ascii	"el_mask\000"
 1578      61736B00 
 1579              	.LASF15:
 1580 025e 74726566 		.ascii	"trefs_t\000"
 1580      735F7400 
 1581              	.LASF23:
 1582 0266 705F7072 		.ascii	"p_prev\000"
 1582      657600
 1583              	.LASF16:
 1584 026d 74707269 		.ascii	"tprio_t\000"
 1584      6F5F7400 
 1585              	.LASF12:
 1586 0275 5F426F6F 		.ascii	"_Bool\000"
 1586      6C00
 1587              	.LASF6:
 1588 027b 696E7433 		.ascii	"int32_t\000"
 1588      325F7400 
 1589              	.LASF2:
 1590 0283 756E7369 		.ascii	"unsigned char\000"
 1590      676E6564 
 1590      20636861 
 1590      7200
 1591              	.LASF59:
 1592 0291 656C5F6C 		.ascii	"el_listener\000"
 1592      69737465 
 1592      6E657200 
 1593              	.LASF61:
 1594 029d 656C5F66 		.ascii	"el_flags\000"
 1594      6C616773 
 1594      00
 1595              	.LASF37:
 1596 02a6 705F6D74 		.ascii	"p_mtxlist\000"
 1596      786C6973 
 1596      7400
 1597              	.LASF3:
 1598 02b0 73686F72 		.ascii	"short int\000"
 1598      7420696E 
 1598      7400
 1599              	.LASF29:
 1600 02ba 705F7374 		.ascii	"p_state\000"
 1600      61746500 
 1601              	.LASF67:
 1602 02c2 65776D61 		.ascii	"ewmask\000"
ARM GAS  /tmp/cc2j4C6l.s 			page 31


 1602      736B00
 1603              	.LASF22:
 1604 02c9 705F6E65 		.ascii	"p_next\000"
 1604      787400
 1605              	.LASF30:
 1606 02d0 705F666C 		.ascii	"p_flags\000"
 1606      61677300 
 1607              	.LASF21:
 1608 02d8 54687265 		.ascii	"Thread\000"
 1608      616400
 1609              	.LASF81:
 1610 02df 63685654 		.ascii	"chVTResetI\000"
 1610      52657365 
 1610      744900
 1611              	.LASF36:
 1612 02ea 705F6570 		.ascii	"p_epending\000"
 1612      656E6469 
 1612      6E6700
 1613              	.LASF8:
 1614 02f5 75696E74 		.ascii	"uint32_t\000"
 1614      33325F74 
 1614      00
 1615              	.LASF47:
 1616 02fe 56697274 		.ascii	"VirtualTimer\000"
 1616      75616C54 
 1616      696D6572 
 1616      00
 1617              	.LASF68:
 1618 030b 63686172 		.ascii	"char\000"
 1618      00
 1619              	.LASF80:
 1620 0310 746D7263 		.ascii	"tmrcb\000"
 1620      6200
 1621              	.LASF56:
 1622 0316 6D5F6E65 		.ascii	"m_next\000"
 1622      787400
 1623              	.LASF20:
 1624 031d 73797374 		.ascii	"systime_t\000"
 1624      696D655F 
 1624      7400
 1625              	.LASF38:
 1626 0327 705F7265 		.ascii	"p_realprio\000"
 1626      616C7072 
 1626      696F00
 1627              	.LASF46:
 1628 0332 76746675 		.ascii	"vtfunc_t\000"
 1628      6E635F74 
 1628      00
 1629              	.LASF74:
 1630 033b 65767453 		.ascii	"evtStop\000"
 1630      746F7000 
 1631              	.LASF32:
 1632 0343 705F7469 		.ascii	"p_time\000"
 1632      6D6500
 1633              	.LASF43:
 1634 034a 696E7463 		.ascii	"intctx\000"
 1634      747800
ARM GAS  /tmp/cc2j4C6l.s 			page 32


 1635              	.LASF34:
 1636 0351 705F6D73 		.ascii	"p_msgqueue\000"
 1636      67717565 
 1636      756500
 1637              	.LASF52:
 1638 035c 76745F70 		.ascii	"vt_par\000"
 1638      617200
 1639              	.LASF19:
 1640 0363 666C6167 		.ascii	"flagsmask_t\000"
 1640      736D6173 
 1640      6B5F7400 
 1641              	.LASF31:
 1642 036f 705F7265 		.ascii	"p_refs\000"
 1642      667300
 1643              	.LASF5:
 1644 0376 75696E74 		.ascii	"uint8_t\000"
 1644      385F7400 
 1645              	.LASF57:
 1646 037e 4576656E 		.ascii	"EventListener\000"
 1646      744C6973 
 1646      74656E65 
 1646      7200
 1647              	.LASF66:
 1648 038c 77746F62 		.ascii	"wtobjp\000"
 1648      6A7000
 1649              	.LASF28:
 1650 0393 705F6E61 		.ascii	"p_name\000"
 1650      6D6500
 1651              	.LASF63:
 1652 039a 65735F6E 		.ascii	"es_next\000"
 1652      65787400 
 1653              	.LASF69:
 1654 03a2 65745F76 		.ascii	"et_vt\000"
 1654      7400
 1655              	.LASF55:
 1656 03a8 6D5F6F77 		.ascii	"m_owner\000"
 1656      6E657200 
 1657              	.LASF25:
 1658 03b0 705F6374 		.ascii	"p_ctx\000"
 1658      7800
 1659              	.LASF33:
 1660 03b6 705F7761 		.ascii	"p_waiting\000"
 1660      6974696E 
 1660      6700
 1661              	.LASF78:
 1662 03c0 2E2E2F2E 		.ascii	"../../os/various/evtimer.c\000"
 1662      2E2F6F73 
 1662      2F766172 
 1662      696F7573 
 1662      2F657674 
 1663              		.ident	"GCC: (GNU) 4.8.1"
ARM GAS  /tmp/cc2j4C6l.s 			page 33


DEFINED SYMBOLS
                            *ABS*:0000000000000000 evtimer.c
     /tmp/cc2j4C6l.s:19     .text.tmrcb:0000000000000000 $t
     /tmp/cc2j4C6l.s:23     .text.tmrcb:0000000000000000 tmrcb
     /tmp/cc2j4C6l.s:76     .text.evtStart:0000000000000000 $t
     /tmp/cc2j4C6l.s:81     .text.evtStart:0000000000000000 evtStart
     /tmp/cc2j4C6l.s:133    .text.evtStop:0000000000000000 $t
     /tmp/cc2j4C6l.s:138    .text.evtStop:0000000000000000 evtStop
                     .debug_frame:0000000000000010 $d

UNDEFINED SYMBOLS
chEvtBroadcastFlagsI
chVTSetI
chVTResetI
