ARM GAS  /tmp/ccgW6Ilw.s 			page 1


   1              		.syntax unified
   2              		.cpu cortex-m3
   3              		.fpu softvfp
   4              		.eabi_attribute 20, 1
   5              		.eabi_attribute 21, 1
   6              		.eabi_attribute 23, 3
   7              		.eabi_attribute 24, 1
   8              		.eabi_attribute 25, 1
   9              		.eabi_attribute 26, 1
  10              		.eabi_attribute 30, 2
  11              		.eabi_attribute 34, 1
  12              		.eabi_attribute 18, 4
  13              		.thumb
  14              		.file	"main.c"
  15              		.text
  16              	.Ltext0:
  17              		.cfi_sections	.debug_frame
  18              		.section	.text.Thread2,"ax",%progbits
  19              		.align	2
  20              		.thumb
  21              		.thumb_func
  22              		.type	Thread2, %function
  23              	Thread2:
  24              	.LFB64:
  25              		.file 1 "main.c"
  26              		.loc 1 46 0
  27              		.cfi_startproc
  28              		@ Volatile: function does not return.
  29              		@ args = 0, pretend = 0, frame = 0
  30              		@ frame_needed = 0, uses_anonymous_args = 0
  31              	.LVL0:
  32 0000 08B5     		push	{r3, lr}
  33              		.cfi_def_cfa_offset 8
  34              		.cfi_offset 3, -8
  35              		.cfi_offset 14, -4
  36              		.loc 1 49 0
  37 0002 40F20003 		movw	r3, #:lower16:rlist
  38 0006 C0F20003 		movt	r3, #:upper16:rlist
  39 000a 9A69     		ldr	r2, [r3, #24]
  40 000c 40F20003 		movw	r3, #:lower16:.LC0
  41 0010 C0F20003 		movt	r3, #:upper16:.LC0
  42 0014 9361     		str	r3, [r2, #24]
  43              	.LVL1:
  44              	.L2:
  45              		.loc 1 52 0 discriminator 1
  46 0016 40F6C410 		movw	r0, #2500
  47 001a FFF7FEFF 		bl	chThdSleep
  48              	.LVL2:
  49 001e FAE7     		b	.L2
  50              		.cfi_endproc
  51              	.LFE64:
  52              		.size	Thread2, .-Thread2
  53              		.section	.text.Thread1,"ax",%progbits
  54              		.align	2
  55              		.thumb
  56              		.thumb_func
  57              		.type	Thread1, %function
ARM GAS  /tmp/ccgW6Ilw.s 			page 2


  58              	Thread1:
  59              	.LFB63:
  60              		.loc 1 26 0
  61              		.cfi_startproc
  62              		@ args = 0, pretend = 0, frame = 0
  63              		@ frame_needed = 0, uses_anonymous_args = 0
  64              	.LVL3:
  65 0000 38B5     		push	{r3, r4, r5, lr}
  66              		.cfi_def_cfa_offset 16
  67              		.cfi_offset 3, -16
  68              		.cfi_offset 4, -12
  69              		.cfi_offset 5, -8
  70              		.cfi_offset 14, -4
  71              		.loc 1 29 0
  72 0002 40F20003 		movw	r3, #:lower16:rlist
  73 0006 C0F20003 		movt	r3, #:upper16:rlist
  74 000a 40F20004 		movw	r4, #:lower16:.LANCHOR0
  75 000e 9969     		ldr	r1, [r3, #24]
  76 0010 40F20002 		movw	r2, #:lower16:.LC1
  77 0014 C0F20004 		movt	r4, #:upper16:.LANCHOR0
  78 0018 C0F20002 		movt	r2, #:upper16:.LC1
  79              		.loc 1 36 0
  80 001c 4FF44045 		mov	r5, #49152
  81 0020 2368     		ldr	r3, [r4]
  82              		.loc 1 29 0
  83 0022 8A61     		str	r2, [r1, #24]
  84              		.loc 1 36 0
  85 0024 C2F20905 		movt	r5, 8201
  86              	.LVL4:
  87              	.L7:
  88              		.loc 1 33 0
  89 0028 DB07     		lsls	r3, r3, #31
  90              		.loc 1 34 0
  91 002a 4BBF     		itete	mi
  92 002c AB69     		ldrmi	r3, [r5, #24]
  93              		.loc 1 36 0
  94 002e EB69     		ldrpl	r3, [r5, #28]
  95              		.loc 1 34 0
  96 0030 43F48073 		orrmi	r3, r3, #256
  97              		.loc 1 36 0
  98 0034 43F48073 		orrpl	r3, r3, #256
  99              		.loc 1 34 0
 100 0038 4CBF     		ite	mi
 101 003a AB61     		strmi	r3, [r5, #24]
 102              		.loc 1 36 0
 103 003c EB61     		strpl	r3, [r5, #28]
 104              		.loc 1 37 0
 105 003e 4FF4FA60 		mov	r0, #2000
 106 0042 FFF7FEFF 		bl	chThdSleep
 107              	.LVL5:
 108              		.loc 1 38 0
 109 0046 2368     		ldr	r3, [r4]
 110 0048 0133     		adds	r3, r3, #1
 111 004a 2360     		str	r3, [r4]
 112              		.loc 1 39 0
 113 004c ECE7     		b	.L7
 114              		.cfi_endproc
ARM GAS  /tmp/ccgW6Ilw.s 			page 3


 115              	.LFE63:
 116              		.size	Thread1, .-Thread1
 117 004e 00BF     		.section	.text.startup.main,"ax",%progbits
 118              		.align	2
 119              		.global	main
 120              		.thumb
 121              		.thumb_func
 122              		.type	main, %function
 123              	main:
 124              	.LFB65:
 125              		.loc 1 62 0
 126              		.cfi_startproc
 127              		@ Volatile: function does not return.
 128              		@ args = 0, pretend = 0, frame = 0
 129              		@ frame_needed = 0, uses_anonymous_args = 0
 130 0000 00B5     		push	{lr}
 131              		.cfi_def_cfa_offset 4
 132              		.cfi_offset 14, -4
 133              		.loc 1 73 0
 134 0002 4FF44043 		mov	r3, #49152
 135 0006 C2F20903 		movt	r3, 8201
 136 000a 1A68     		ldr	r2, [r3]
 137              		.loc 1 62 0
 138 000c 83B0     		sub	sp, sp, #12
 139              		.cfi_def_cfa_offset 16
 140              		.loc 1 73 0
 141 000e 42F40072 		orr	r2, r2, #512
 142 0012 1A60     		str	r2, [r3]
 143              		.loc 1 74 0
 144 0014 1A68     		ldr	r2, [r3]
 145              		.loc 1 85 0
 146 0016 0024     		movs	r4, #0
 147              		.loc 1 74 0
 148 0018 42F48072 		orr	r2, r2, #256
 149 001c 1A60     		str	r2, [r3]
 150              		.loc 1 75 0
 151 001e 1A68     		ldr	r2, [r3]
 152 0020 42F08002 		orr	r2, r2, #128
 153 0024 1A60     		str	r2, [r3]
 154              		.loc 1 80 0
 155 0026 FFF7FEFF 		bl	chSysInit
 156              	.LVL6:
 157              		.loc 1 85 0
 158 002a 40F20000 		movw	r0, #:lower16:.LANCHOR1
 159 002e 40F20003 		movw	r3, #:lower16:Thread1
 160 0032 C0F20003 		movt	r3, #:upper16:Thread1
 161 0036 4FF49871 		mov	r1, #304
 162 003a 4022     		movs	r2, #64
 163 003c 0094     		str	r4, [sp]
 164 003e C0F20000 		movt	r0, #:upper16:.LANCHOR1
 165 0042 FFF7FEFF 		bl	chThdCreateStatic
 166              	.LVL7:
 167              		.loc 1 86 0
 168 0046 40F20000 		movw	r0, #:lower16:.LANCHOR2
 169 004a 40F20003 		movw	r3, #:lower16:Thread2
 170 004e 0094     		str	r4, [sp]
 171 0050 C0F20000 		movt	r0, #:upper16:.LANCHOR2
ARM GAS  /tmp/ccgW6Ilw.s 			page 4


 172 0054 C0F20003 		movt	r3, #:upper16:Thread2
 173 0058 4FF49871 		mov	r1, #304
 174 005c 4022     		movs	r2, #64
 175 005e FFF7FEFF 		bl	chThdCreateStatic
 176              	.LVL8:
 177              	.L9:
 178              		.loc 1 93 0 discriminator 1
 179 0062 4FF4FA60 		mov	r0, #2000
 180 0066 FFF7FEFF 		bl	chThdSleep
 181              	.LVL9:
 182 006a FAE7     		b	.L9
 183              		.cfi_endproc
 184              	.LFE65:
 185              		.size	main, .-main
 186              		.section	.bss.waThread1,"aw",%nobits
 187              		.align	3
 188              		.set	.LANCHOR1,. + 0
 189              		.type	waThread1, %object
 190              		.size	waThread1, 304
 191              	waThread1:
 192 0000 00000000 		.space	304
 192      00000000 
 192      00000000 
 192      00000000 
 192      00000000 
 193              		.section	.bss.waThread2,"aw",%nobits
 194              		.align	3
 195              		.set	.LANCHOR2,. + 0
 196              		.type	waThread2, %object
 197              		.size	waThread2, 304
 198              	waThread2:
 199 0000 00000000 		.space	304
 199      00000000 
 199      00000000 
 199      00000000 
 199      00000000 
 200              		.section	.bss.i.5941,"aw",%nobits
 201              		.align	2
 202              		.set	.LANCHOR0,. + 0
 203              		.type	i.5941, %object
 204              		.size	i.5941, 4
 205              	i.5941:
 206 0000 00000000 		.space	4
 207              		.section	.rodata.str1.4,"aMS",%progbits,1
 208              		.align	2
 209              	.LC0:
 210 0000 626C696E 		.ascii	"blinker2\000"
 210      6B657232 
 210      00
 211 0009 000000   		.space	3
 212              	.LC1:
 213 000c 626C696E 		.ascii	"blinker1\000"
 213      6B657231 
 213      00
 214 0015 000000   		.text
 215              	.Letext0:
 216              		.file 2 "/home/daniofb/arm-cm3-eabi/lib/gcc/arm-cm3-eabi/4.8.1/include/stddef.h"
ARM GAS  /tmp/ccgW6Ilw.s 			page 5


 217              		.file 3 "/home/daniofb/arm-cm3-eabi/arm-cm3-eabi/sys-include/stdint.h"
 218              		.file 4 "../../os/ports/GCC/ARMCMx/chtypes.h"
 219              		.file 5 "../../os/kernel/include/chlists.h"
 220              		.file 6 "../../os/kernel/include/chthreads.h"
 221              		.file 7 "../../os/ports/GCC/ARMCMx/chcore_v7m.h"
 222              		.file 8 "../../os/kernel/include/chschd.h"
 223              		.file 9 "../../os/kernel/include/chmtx.h"
 224              		.file 10 "../../boards/AKAIKABA_LPC1768/LPC17xx.h"
 225              		.file 11 "../../os/ports/common/ARMCMx/CMSIS/include/core_cm3.h"
 226              		.file 12 "../../os/kernel/include/chsys.h"
 227              		.section	.debug_info,"",%progbits
 228              	.Ldebug_info0:
 229 0000 79080000 		.4byte	0x879
 230 0004 0400     		.2byte	0x4
 231 0006 00000000 		.4byte	.Ldebug_abbrev0
 232 000a 04       		.byte	0x4
 233 000b 01       		.uleb128 0x1
 234 000c 19010000 		.4byte	.LASF111
 235 0010 01       		.byte	0x1
 236 0011 67020000 		.4byte	.LASF112
 237 0015 BA010000 		.4byte	.LASF113
 238 0019 00000000 		.4byte	.Ldebug_ranges0+0
 239 001d 00000000 		.4byte	0
 240 0021 00000000 		.4byte	.Ldebug_line0
 241 0025 02       		.uleb128 0x2
 242 0026 04       		.byte	0x4
 243 0027 05       		.byte	0x5
 244 0028 696E7400 		.ascii	"int\000"
 245 002c 03       		.uleb128 0x3
 246 002d 08000000 		.4byte	.LASF2
 247 0031 02       		.byte	0x2
 248 0032 D4       		.byte	0xd4
 249 0033 37000000 		.4byte	0x37
 250 0037 04       		.uleb128 0x4
 251 0038 04       		.byte	0x4
 252 0039 07       		.byte	0x7
 253 003a 0D020000 		.4byte	.LASF0
 254 003e 04       		.uleb128 0x4
 255 003f 01       		.byte	0x1
 256 0040 06       		.byte	0x6
 257 0041 8F000000 		.4byte	.LASF1
 258 0045 03       		.uleb128 0x3
 259 0046 59040000 		.4byte	.LASF3
 260 004a 03       		.byte	0x3
 261 004b 2A       		.byte	0x2a
 262 004c 50000000 		.4byte	0x50
 263 0050 04       		.uleb128 0x4
 264 0051 01       		.byte	0x1
 265 0052 08       		.byte	0x8
 266 0053 5C030000 		.4byte	.LASF4
 267 0057 04       		.uleb128 0x4
 268 0058 02       		.byte	0x2
 269 0059 05       		.byte	0x5
 270 005a 74030000 		.4byte	.LASF5
 271 005e 03       		.uleb128 0x3
 272 005f F0000000 		.4byte	.LASF6
 273 0063 03       		.byte	0x3
ARM GAS  /tmp/ccgW6Ilw.s 			page 6


 274 0064 36       		.byte	0x36
 275 0065 69000000 		.4byte	0x69
 276 0069 04       		.uleb128 0x4
 277 006a 02       		.byte	0x2
 278 006b 07       		.byte	0x7
 279 006c 46020000 		.4byte	.LASF7
 280 0070 03       		.uleb128 0x3
 281 0071 54030000 		.4byte	.LASF8
 282 0075 03       		.byte	0x3
 283 0076 4F       		.byte	0x4f
 284 0077 7B000000 		.4byte	0x7b
 285 007b 04       		.uleb128 0x4
 286 007c 04       		.byte	0x4
 287 007d 05       		.byte	0x5
 288 007e DE000000 		.4byte	.LASF9
 289 0082 03       		.uleb128 0x3
 290 0083 BC030000 		.4byte	.LASF10
 291 0087 03       		.byte	0x3
 292 0088 50       		.byte	0x50
 293 0089 8D000000 		.4byte	0x8d
 294 008d 04       		.uleb128 0x4
 295 008e 04       		.byte	0x4
 296 008f 07       		.byte	0x7
 297 0090 DD030000 		.4byte	.LASF11
 298 0094 04       		.uleb128 0x4
 299 0095 08       		.byte	0x8
 300 0096 05       		.byte	0x5
 301 0097 81000000 		.4byte	.LASF12
 302 009b 03       		.uleb128 0x3
 303 009c 16000000 		.4byte	.LASF13
 304 00a0 03       		.byte	0x3
 305 00a1 78       		.byte	0x78
 306 00a2 A6000000 		.4byte	0xa6
 307 00a6 04       		.uleb128 0x4
 308 00a7 08       		.byte	0x8
 309 00a8 07       		.byte	0x7
 310 00a9 AD000000 		.4byte	.LASF14
 311 00ad 04       		.uleb128 0x4
 312 00ae 01       		.byte	0x1
 313 00af 02       		.byte	0x2
 314 00b0 4E030000 		.4byte	.LASF15
 315 00b4 03       		.uleb128 0x3
 316 00b5 6E020000 		.4byte	.LASF16
 317 00b9 04       		.byte	0x4
 318 00ba 25       		.byte	0x25
 319 00bb 45000000 		.4byte	0x45
 320 00bf 03       		.uleb128 0x3
 321 00c0 E7000000 		.4byte	.LASF17
 322 00c4 04       		.byte	0x4
 323 00c5 26       		.byte	0x26
 324 00c6 45000000 		.4byte	0x45
 325 00ca 03       		.uleb128 0x3
 326 00cb 2D030000 		.4byte	.LASF18
 327 00cf 04       		.byte	0x4
 328 00d0 27       		.byte	0x27
 329 00d1 45000000 		.4byte	0x45
 330 00d5 03       		.uleb128 0x3
ARM GAS  /tmp/ccgW6Ilw.s 			page 7


 331 00d6 46030000 		.4byte	.LASF19
 332 00da 04       		.byte	0x4
 333 00db 29       		.byte	0x29
 334 00dc 82000000 		.4byte	0x82
 335 00e0 03       		.uleb128 0x3
 336 00e1 61020000 		.4byte	.LASF20
 337 00e5 04       		.byte	0x4
 338 00e6 2A       		.byte	0x2a
 339 00e7 70000000 		.4byte	0x70
 340 00eb 03       		.uleb128 0x3
 341 00ec 82020000 		.4byte	.LASF21
 342 00f0 04       		.byte	0x4
 343 00f1 2C       		.byte	0x2c
 344 00f2 82000000 		.4byte	0x82
 345 00f6 03       		.uleb128 0x3
 346 00f7 03040000 		.4byte	.LASF22
 347 00fb 04       		.byte	0x4
 348 00fc 2E       		.byte	0x2e
 349 00fd 82000000 		.4byte	0x82
 350 0101 03       		.uleb128 0x3
 351 0102 AA030000 		.4byte	.LASF23
 352 0106 05       		.byte	0x5
 353 0107 23       		.byte	0x23
 354 0108 0C010000 		.4byte	0x10c
 355 010c 05       		.uleb128 0x5
 356 010d AA030000 		.4byte	.LASF23
 357 0111 48       		.byte	0x48
 358 0112 06       		.byte	0x6
 359 0113 57       		.byte	0x57
 360 0114 FD010000 		.4byte	0x1fd
 361 0118 06       		.uleb128 0x6
 362 0119 94030000 		.4byte	.LASF24
 363 011d 06       		.byte	0x6
 364 011e 58       		.byte	0x58
 365 011f 1E020000 		.4byte	0x21e
 366 0123 00       		.byte	0
 367 0124 06       		.uleb128 0x6
 368 0125 3F030000 		.4byte	.LASF25
 369 0129 06       		.byte	0x6
 370 012a 5A       		.byte	0x5a
 371 012b 1E020000 		.4byte	0x21e
 372 012f 04       		.byte	0x4
 373 0130 06       		.uleb128 0x6
 374 0131 6A000000 		.4byte	.LASF26
 375 0135 06       		.byte	0x6
 376 0136 5C       		.byte	0x5c
 377 0137 D5000000 		.4byte	0xd5
 378 013b 08       		.byte	0x8
 379 013c 06       		.uleb128 0x6
 380 013d C4040000 		.4byte	.LASF27
 381 0141 06       		.byte	0x6
 382 0142 5D       		.byte	0x5d
 383 0143 E3020000 		.4byte	0x2e3
 384 0147 0C       		.byte	0xc
 385 0148 06       		.uleb128 0x6
 386 0149 00010000 		.4byte	.LASF28
 387 014d 06       		.byte	0x6
ARM GAS  /tmp/ccgW6Ilw.s 			page 8


 388 014e 5F       		.byte	0x5f
 389 014f 1E020000 		.4byte	0x21e
 390 0153 10       		.byte	0x10
 391 0154 06       		.uleb128 0x6
 392 0155 EE020000 		.4byte	.LASF29
 393 0159 06       		.byte	0x6
 394 015a 60       		.byte	0x60
 395 015b 1E020000 		.4byte	0x21e
 396 015f 14       		.byte	0x14
 397 0160 06       		.uleb128 0x6
 398 0161 88040000 		.4byte	.LASF30
 399 0165 06       		.byte	0x6
 400 0166 67       		.byte	0x67
 401 0167 ED030000 		.4byte	0x3ed
 402 016b 18       		.byte	0x18
 403 016c 06       		.uleb128 0x6
 404 016d 7E030000 		.4byte	.LASF31
 405 0171 06       		.byte	0x6
 406 0172 72       		.byte	0x72
 407 0173 BF000000 		.4byte	0xbf
 408 0177 1C       		.byte	0x1c
 409 0178 06       		.uleb128 0x6
 410 0179 8F040000 		.4byte	.LASF32
 411 017d 06       		.byte	0x6
 412 017e 76       		.byte	0x76
 413 017f B4000000 		.4byte	0xb4
 414 0183 1D       		.byte	0x1d
 415 0184 06       		.uleb128 0x6
 416 0185 42040000 		.4byte	.LASF33
 417 0189 06       		.byte	0x6
 418 018a 7B       		.byte	0x7b
 419 018b CA000000 		.4byte	0xca
 420 018f 1E       		.byte	0x1e
 421 0190 06       		.uleb128 0x6
 422 0191 F9000000 		.4byte	.LASF34
 423 0195 06       		.byte	0x6
 424 0196 88       		.byte	0x88
 425 0197 15030000 		.4byte	0x315
 426 019b 20       		.byte	0x20
 427 019c 07       		.uleb128 0x7
 428 019d 705F7500 		.ascii	"p_u\000"
 429 01a1 06       		.byte	0x6
 430 01a2 AD       		.byte	0xad
 431 01a3 B8030000 		.4byte	0x3b8
 432 01a7 24       		.byte	0x24
 433 01a8 06       		.uleb128 0x6
 434 01a9 CA040000 		.4byte	.LASF35
 435 01ad 06       		.byte	0x6
 436 01ae B2       		.byte	0xb2
 437 01af 44020000 		.4byte	0x244
 438 01b3 28       		.byte	0x28
 439 01b4 06       		.uleb128 0x6
 440 01b5 2B020000 		.4byte	.LASF36
 441 01b9 06       		.byte	0x6
 442 01ba B8       		.byte	0xb8
 443 01bb 24020000 		.4byte	0x224
 444 01bf 2C       		.byte	0x2c
ARM GAS  /tmp/ccgW6Ilw.s 			page 9


 445 01c0 06       		.uleb128 0x6
 446 01c1 9F040000 		.4byte	.LASF37
 447 01c5 06       		.byte	0x6
 448 01c6 BC       		.byte	0xbc
 449 01c7 E0000000 		.4byte	0xe0
 450 01cb 34       		.byte	0x34
 451 01cc 06       		.uleb128 0x6
 452 01cd B1030000 		.4byte	.LASF38
 453 01d1 06       		.byte	0x6
 454 01d2 C2       		.byte	0xc2
 455 01d3 EB000000 		.4byte	0xeb
 456 01d7 38       		.byte	0x38
 457 01d8 06       		.uleb128 0x6
 458 01d9 6A030000 		.4byte	.LASF39
 459 01dd 06       		.byte	0x6
 460 01de C9       		.byte	0xc9
 461 01df FF030000 		.4byte	0x3ff
 462 01e3 3C       		.byte	0x3c
 463 01e4 06       		.uleb128 0x6
 464 01e5 0D040000 		.4byte	.LASF40
 465 01e9 06       		.byte	0x6
 466 01ea CD       		.byte	0xcd
 467 01eb D5000000 		.4byte	0xd5
 468 01ef 40       		.byte	0x40
 469 01f0 06       		.uleb128 0x6
 470 01f1 A5000000 		.4byte	.LASF41
 471 01f5 06       		.byte	0x6
 472 01f6 D3       		.byte	0xd3
 473 01f7 5A020000 		.4byte	0x25a
 474 01fb 44       		.byte	0x44
 475 01fc 00       		.byte	0
 476 01fd 08       		.uleb128 0x8
 477 01fe 08       		.byte	0x8
 478 01ff 05       		.byte	0x5
 479 0200 5A       		.byte	0x5a
 480 0201 1E020000 		.4byte	0x21e
 481 0205 06       		.uleb128 0x6
 482 0206 94030000 		.4byte	.LASF24
 483 020a 05       		.byte	0x5
 484 020b 5B       		.byte	0x5b
 485 020c 1E020000 		.4byte	0x21e
 486 0210 00       		.byte	0
 487 0211 06       		.uleb128 0x6
 488 0212 3F030000 		.4byte	.LASF25
 489 0216 05       		.byte	0x5
 490 0217 5D       		.byte	0x5d
 491 0218 1E020000 		.4byte	0x21e
 492 021c 04       		.byte	0x4
 493 021d 00       		.byte	0
 494 021e 09       		.uleb128 0x9
 495 021f 04       		.byte	0x4
 496 0220 01010000 		.4byte	0x101
 497 0224 03       		.uleb128 0x3
 498 0225 FC020000 		.4byte	.LASF42
 499 0229 05       		.byte	0x5
 500 022a 5F       		.byte	0x5f
 501 022b FD010000 		.4byte	0x1fd
ARM GAS  /tmp/ccgW6Ilw.s 			page 10


 502 022f 08       		.uleb128 0x8
 503 0230 04       		.byte	0x4
 504 0231 05       		.byte	0x5
 505 0232 64       		.byte	0x64
 506 0233 44020000 		.4byte	0x244
 507 0237 06       		.uleb128 0x6
 508 0238 94030000 		.4byte	.LASF24
 509 023c 05       		.byte	0x5
 510 023d 66       		.byte	0x66
 511 023e 1E020000 		.4byte	0x21e
 512 0242 00       		.byte	0
 513 0243 00       		.byte	0
 514 0244 03       		.uleb128 0x3
 515 0245 76020000 		.4byte	.LASF43
 516 0249 05       		.byte	0x5
 517 024a 69       		.byte	0x69
 518 024b 2F020000 		.4byte	0x22f
 519 024f 03       		.uleb128 0x3
 520 0250 10010000 		.4byte	.LASF44
 521 0254 07       		.byte	0x7
 522 0255 DE       		.byte	0xde
 523 0256 5A020000 		.4byte	0x25a
 524 025a 0A       		.uleb128 0xa
 525 025b 04       		.byte	0x4
 526 025c 03       		.uleb128 0x3
 527 025d 8E020000 		.4byte	.LASF45
 528 0261 07       		.byte	0x7
 529 0262 E4       		.byte	0xe4
 530 0263 9B000000 		.4byte	0x9b
 531 0267 0B       		.uleb128 0xb
 532 0268 30040000 		.4byte	.LASF46
 533 026c 24       		.byte	0x24
 534 026d 07       		.byte	0x7
 535 026e 0501     		.2byte	0x105
 536 0270 E3020000 		.4byte	0x2e3
 537 0274 0C       		.uleb128 0xc
 538 0275 723400   		.ascii	"r4\000"
 539 0278 07       		.byte	0x7
 540 0279 1801     		.2byte	0x118
 541 027b 4F020000 		.4byte	0x24f
 542 027f 00       		.byte	0
 543 0280 0C       		.uleb128 0xc
 544 0281 723500   		.ascii	"r5\000"
 545 0284 07       		.byte	0x7
 546 0285 1901     		.2byte	0x119
 547 0287 4F020000 		.4byte	0x24f
 548 028b 04       		.byte	0x4
 549 028c 0C       		.uleb128 0xc
 550 028d 723600   		.ascii	"r6\000"
 551 0290 07       		.byte	0x7
 552 0291 1A01     		.2byte	0x11a
 553 0293 4F020000 		.4byte	0x24f
 554 0297 08       		.byte	0x8
 555 0298 0C       		.uleb128 0xc
 556 0299 723700   		.ascii	"r7\000"
 557 029c 07       		.byte	0x7
 558 029d 1B01     		.2byte	0x11b
ARM GAS  /tmp/ccgW6Ilw.s 			page 11


 559 029f 4F020000 		.4byte	0x24f
 560 02a3 0C       		.byte	0xc
 561 02a4 0C       		.uleb128 0xc
 562 02a5 723800   		.ascii	"r8\000"
 563 02a8 07       		.byte	0x7
 564 02a9 1C01     		.2byte	0x11c
 565 02ab 4F020000 		.4byte	0x24f
 566 02af 10       		.byte	0x10
 567 02b0 0C       		.uleb128 0xc
 568 02b1 723900   		.ascii	"r9\000"
 569 02b4 07       		.byte	0x7
 570 02b5 1D01     		.2byte	0x11d
 571 02b7 4F020000 		.4byte	0x24f
 572 02bb 14       		.byte	0x14
 573 02bc 0C       		.uleb128 0xc
 574 02bd 72313000 		.ascii	"r10\000"
 575 02c1 07       		.byte	0x7
 576 02c2 1E01     		.2byte	0x11e
 577 02c4 4F020000 		.4byte	0x24f
 578 02c8 18       		.byte	0x18
 579 02c9 0C       		.uleb128 0xc
 580 02ca 72313100 		.ascii	"r11\000"
 581 02ce 07       		.byte	0x7
 582 02cf 1F01     		.2byte	0x11f
 583 02d1 4F020000 		.4byte	0x24f
 584 02d5 1C       		.byte	0x1c
 585 02d6 0C       		.uleb128 0xc
 586 02d7 6C7200   		.ascii	"lr\000"
 587 02da 07       		.byte	0x7
 588 02db 2001     		.2byte	0x120
 589 02dd 4F020000 		.4byte	0x24f
 590 02e1 20       		.byte	0x20
 591 02e2 00       		.byte	0
 592 02e3 0B       		.uleb128 0xb
 593 02e4 28040000 		.4byte	.LASF47
 594 02e8 04       		.byte	0x4
 595 02e9 07       		.byte	0x7
 596 02ea 2A01     		.2byte	0x12a
 597 02ec FE020000 		.4byte	0x2fe
 598 02f0 0C       		.uleb128 0xc
 599 02f1 72313300 		.ascii	"r13\000"
 600 02f5 07       		.byte	0x7
 601 02f6 2B01     		.2byte	0x12b
 602 02f8 FE020000 		.4byte	0x2fe
 603 02fc 00       		.byte	0
 604 02fd 00       		.byte	0
 605 02fe 09       		.uleb128 0x9
 606 02ff 04       		.byte	0x4
 607 0300 67020000 		.4byte	0x267
 608 0304 0D       		.uleb128 0xd
 609 0305 45000000 		.4byte	0x45
 610 0309 0D       		.uleb128 0xd
 611 030a 82000000 		.4byte	0x82
 612 030e 04       		.uleb128 0x4
 613 030f 04       		.byte	0x4
 614 0310 07       		.byte	0x7
 615 0311 CD020000 		.4byte	.LASF48
ARM GAS  /tmp/ccgW6Ilw.s 			page 12


 616 0315 0D       		.uleb128 0xd
 617 0316 F6000000 		.4byte	0xf6
 618 031a 08       		.uleb128 0x8
 619 031b 1C       		.byte	0x1c
 620 031c 08       		.byte	0x8
 621 031d 57       		.byte	0x57
 622 031e 6B030000 		.4byte	0x36b
 623 0322 06       		.uleb128 0x6
 624 0323 C5030000 		.4byte	.LASF49
 625 0327 08       		.byte	0x8
 626 0328 58       		.byte	0x58
 627 0329 24020000 		.4byte	0x224
 628 032d 00       		.byte	0
 629 032e 06       		.uleb128 0x6
 630 032f 86030000 		.4byte	.LASF50
 631 0333 08       		.byte	0x8
 632 0334 59       		.byte	0x59
 633 0335 D5000000 		.4byte	0xd5
 634 0339 08       		.byte	0x8
 635 033a 06       		.uleb128 0x6
 636 033b F6020000 		.4byte	.LASF51
 637 033f 08       		.byte	0x8
 638 0340 5B       		.byte	0x5b
 639 0341 E3020000 		.4byte	0x2e3
 640 0345 0C       		.byte	0xc
 641 0346 06       		.uleb128 0x6
 642 0347 08010000 		.4byte	.LASF52
 643 034b 08       		.byte	0x8
 644 034c 5E       		.byte	0x5e
 645 034d 1E020000 		.4byte	0x21e
 646 0351 10       		.byte	0x10
 647 0352 06       		.uleb128 0x6
 648 0353 13030000 		.4byte	.LASF53
 649 0357 08       		.byte	0x8
 650 0358 5F       		.byte	0x5f
 651 0359 1E020000 		.4byte	0x21e
 652 035d 14       		.byte	0x14
 653 035e 06       		.uleb128 0x6
 654 035f 09030000 		.4byte	.LASF54
 655 0363 08       		.byte	0x8
 656 0364 62       		.byte	0x62
 657 0365 1E020000 		.4byte	0x21e
 658 0369 18       		.byte	0x18
 659 036a 00       		.byte	0
 660 036b 03       		.uleb128 0x3
 661 036c 49040000 		.4byte	.LASF55
 662 0370 08       		.byte	0x8
 663 0371 64       		.byte	0x64
 664 0372 1A030000 		.4byte	0x31a
 665 0376 05       		.uleb128 0x5
 666 0377 D6020000 		.4byte	.LASF56
 667 037b 10       		.byte	0x10
 668 037c 09       		.byte	0x9
 669 037d 25       		.byte	0x25
 670 037e A7030000 		.4byte	0x3a7
 671 0382 06       		.uleb128 0x6
 672 0383 C4000000 		.4byte	.LASF57
ARM GAS  /tmp/ccgW6Ilw.s 			page 13


 673 0387 09       		.byte	0x9
 674 0388 26       		.byte	0x26
 675 0389 24020000 		.4byte	0x224
 676 038d 00       		.byte	0
 677 038e 06       		.uleb128 0x6
 678 038f BC040000 		.4byte	.LASF58
 679 0393 09       		.byte	0x9
 680 0394 28       		.byte	0x28
 681 0395 1E020000 		.4byte	0x21e
 682 0399 08       		.byte	0x8
 683 039a 06       		.uleb128 0x6
 684 039b FC030000 		.4byte	.LASF59
 685 039f 09       		.byte	0x9
 686 03a0 2A       		.byte	0x2a
 687 03a1 A7030000 		.4byte	0x3a7
 688 03a5 0C       		.byte	0xc
 689 03a6 00       		.byte	0
 690 03a7 09       		.uleb128 0x9
 691 03a8 04       		.byte	0x4
 692 03a9 76030000 		.4byte	0x376
 693 03ad 03       		.uleb128 0x3
 694 03ae D6020000 		.4byte	.LASF56
 695 03b2 09       		.byte	0x9
 696 03b3 2C       		.byte	0x2c
 697 03b4 76030000 		.4byte	0x376
 698 03b8 0E       		.uleb128 0xe
 699 03b9 04       		.byte	0x4
 700 03ba 06       		.byte	0x6
 701 03bb 8F       		.byte	0x8f
 702 03bc ED030000 		.4byte	0x3ed
 703 03c0 0F       		.uleb128 0xf
 704 03c1 0F000000 		.4byte	.LASF60
 705 03c5 06       		.byte	0x6
 706 03c6 96       		.byte	0x96
 707 03c7 E0000000 		.4byte	0xe0
 708 03cb 0F       		.uleb128 0xf
 709 03cc 4D000000 		.4byte	.LASF61
 710 03d0 06       		.byte	0x6
 711 03d1 9D       		.byte	0x9d
 712 03d2 E0000000 		.4byte	0xe0
 713 03d6 0F       		.uleb128 0xf
 714 03d7 81040000 		.4byte	.LASF62
 715 03db 06       		.byte	0x6
 716 03dc A4       		.byte	0xa4
 717 03dd 5A020000 		.4byte	0x25a
 718 03e1 0F       		.uleb128 0xf
 719 03e2 8D030000 		.4byte	.LASF63
 720 03e6 06       		.byte	0x6
 721 03e7 AB       		.byte	0xab
 722 03e8 EB000000 		.4byte	0xeb
 723 03ec 00       		.byte	0
 724 03ed 09       		.uleb128 0x9
 725 03ee 04       		.byte	0x4
 726 03ef F3030000 		.4byte	0x3f3
 727 03f3 10       		.uleb128 0x10
 728 03f4 F8030000 		.4byte	0x3f8
 729 03f8 04       		.uleb128 0x4
ARM GAS  /tmp/ccgW6Ilw.s 			page 14


 730 03f9 01       		.byte	0x1
 731 03fa 08       		.byte	0x8
 732 03fb F7030000 		.4byte	.LASF64
 733 03ff 09       		.uleb128 0x9
 734 0400 04       		.byte	0x4
 735 0401 AD030000 		.4byte	0x3ad
 736 0405 03       		.uleb128 0x3
 737 0406 00000000 		.4byte	.LASF65
 738 040a 06       		.byte	0x6
 739 040b DE       		.byte	0xde
 740 040c 10040000 		.4byte	0x410
 741 0410 09       		.uleb128 0x9
 742 0411 04       		.byte	0x4
 743 0412 16040000 		.4byte	0x416
 744 0416 11       		.uleb128 0x11
 745 0417 E0000000 		.4byte	0xe0
 746 041b 25040000 		.4byte	0x425
 747 041f 12       		.uleb128 0x12
 748 0420 5A020000 		.4byte	0x25a
 749 0424 00       		.byte	0
 750 0425 0D       		.uleb128 0xd
 751 0426 5E000000 		.4byte	0x5e
 752 042a 08       		.uleb128 0x8
 753 042b 04       		.byte	0x4
 754 042c 0A       		.byte	0xa
 755 042d B9       		.byte	0xb9
 756 042e 4B040000 		.4byte	0x44b
 757 0432 06       		.uleb128 0x6
 758 0433 20040000 		.4byte	.LASF66
 759 0437 0A       		.byte	0xa
 760 0438 BA       		.byte	0xba
 761 0439 25040000 		.4byte	0x425
 762 043d 00       		.byte	0
 763 043e 06       		.uleb128 0x6
 764 043f 18040000 		.4byte	.LASF67
 765 0443 0A       		.byte	0xa
 766 0444 BB       		.byte	0xbb
 767 0445 25040000 		.4byte	0x425
 768 0449 02       		.byte	0x2
 769 044a 00       		.byte	0
 770 044b 08       		.uleb128 0x8
 771 044c 04       		.byte	0x4
 772 044d 0A       		.byte	0xa
 773 044e BD       		.byte	0xbd
 774 044f 84040000 		.4byte	0x484
 775 0453 06       		.uleb128 0x6
 776 0454 CD030000 		.4byte	.LASF68
 777 0458 0A       		.byte	0xa
 778 0459 BE       		.byte	0xbe
 779 045a 04030000 		.4byte	0x304
 780 045e 00       		.byte	0
 781 045f 06       		.uleb128 0x6
 782 0460 D5030000 		.4byte	.LASF69
 783 0464 0A       		.byte	0xa
 784 0465 BF       		.byte	0xbf
 785 0466 04030000 		.4byte	0x304
 786 046a 01       		.byte	0x1
ARM GAS  /tmp/ccgW6Ilw.s 			page 15


 787 046b 06       		.uleb128 0x6
 788 046c 9B030000 		.4byte	.LASF70
 789 0470 0A       		.byte	0xa
 790 0471 C0       		.byte	0xc0
 791 0472 04030000 		.4byte	0x304
 792 0476 02       		.byte	0x2
 793 0477 06       		.uleb128 0x6
 794 0478 EF030000 		.4byte	.LASF71
 795 047c 0A       		.byte	0xa
 796 047d C1       		.byte	0xc1
 797 047e 04030000 		.4byte	0x304
 798 0482 03       		.byte	0x3
 799 0483 00       		.byte	0
 800 0484 0E       		.uleb128 0xe
 801 0485 04       		.byte	0x4
 802 0486 0A       		.byte	0xa
 803 0487 B7       		.byte	0xb7
 804 0488 A2040000 		.4byte	0x4a2
 805 048c 0F       		.uleb128 0xf
 806 048d 1F000000 		.4byte	.LASF72
 807 0491 0A       		.byte	0xa
 808 0492 B8       		.byte	0xb8
 809 0493 09030000 		.4byte	0x309
 810 0497 13       		.uleb128 0x13
 811 0498 2A040000 		.4byte	0x42a
 812 049c 13       		.uleb128 0x13
 813 049d 4B040000 		.4byte	0x44b
 814 04a1 00       		.byte	0
 815 04a2 08       		.uleb128 0x8
 816 04a3 04       		.byte	0x4
 817 04a4 0A       		.byte	0xa
 818 04a5 C7       		.byte	0xc7
 819 04a6 C3040000 		.4byte	0x4c3
 820 04aa 06       		.uleb128 0x6
 821 04ab E5020000 		.4byte	.LASF73
 822 04af 0A       		.byte	0xa
 823 04b0 C8       		.byte	0xc8
 824 04b1 25040000 		.4byte	0x425
 825 04b5 00       		.byte	0
 826 04b6 06       		.uleb128 0x6
 827 04b7 DC020000 		.4byte	.LASF74
 828 04bb 0A       		.byte	0xa
 829 04bc C9       		.byte	0xc9
 830 04bd 25040000 		.4byte	0x425
 831 04c1 02       		.byte	0x2
 832 04c2 00       		.byte	0
 833 04c3 08       		.uleb128 0x8
 834 04c4 04       		.byte	0x4
 835 04c5 0A       		.byte	0xa
 836 04c6 CB       		.byte	0xcb
 837 04c7 FC040000 		.4byte	0x4fc
 838 04cb 06       		.uleb128 0x6
 839 04cc A9020000 		.4byte	.LASF75
 840 04d0 0A       		.byte	0xa
 841 04d1 CC       		.byte	0xcc
 842 04d2 04030000 		.4byte	0x304
 843 04d6 00       		.byte	0
ARM GAS  /tmp/ccgW6Ilw.s 			page 16


 844 04d7 06       		.uleb128 0x6
 845 04d8 B2020000 		.4byte	.LASF76
 846 04dc 0A       		.byte	0xa
 847 04dd CD       		.byte	0xcd
 848 04de 04030000 		.4byte	0x304
 849 04e2 01       		.byte	0x1
 850 04e3 06       		.uleb128 0x6
 851 04e4 BB020000 		.4byte	.LASF77
 852 04e8 0A       		.byte	0xa
 853 04e9 CE       		.byte	0xce
 854 04ea 04030000 		.4byte	0x304
 855 04ee 02       		.byte	0x2
 856 04ef 06       		.uleb128 0x6
 857 04f0 C4020000 		.4byte	.LASF78
 858 04f4 0A       		.byte	0xa
 859 04f5 CF       		.byte	0xcf
 860 04f6 04030000 		.4byte	0x304
 861 04fa 03       		.byte	0x3
 862 04fb 00       		.byte	0
 863 04fc 0E       		.uleb128 0xe
 864 04fd 04       		.byte	0x4
 865 04fe 0A       		.byte	0xa
 866 04ff C5       		.byte	0xc5
 867 0500 1A050000 		.4byte	0x51a
 868 0504 0F       		.uleb128 0xf
 869 0505 59020000 		.4byte	.LASF79
 870 0509 0A       		.byte	0xa
 871 050a C6       		.byte	0xc6
 872 050b 09030000 		.4byte	0x309
 873 050f 13       		.uleb128 0x13
 874 0510 A2040000 		.4byte	0x4a2
 875 0514 13       		.uleb128 0x13
 876 0515 C3040000 		.4byte	0x4c3
 877 0519 00       		.byte	0
 878 051a 08       		.uleb128 0x8
 879 051b 04       		.byte	0x4
 880 051c 0A       		.byte	0xa
 881 051d D4       		.byte	0xd4
 882 051e 3B050000 		.4byte	0x53b
 883 0522 06       		.uleb128 0x6
 884 0523 A5040000 		.4byte	.LASF80
 885 0527 0A       		.byte	0xa
 886 0528 D5       		.byte	0xd5
 887 0529 25040000 		.4byte	0x425
 888 052d 00       		.byte	0
 889 052e 06       		.uleb128 0x6
 890 052f 97040000 		.4byte	.LASF81
 891 0533 0A       		.byte	0xa
 892 0534 D6       		.byte	0xd6
 893 0535 25040000 		.4byte	0x425
 894 0539 02       		.byte	0x2
 895 053a 00       		.byte	0
 896 053b 08       		.uleb128 0x8
 897 053c 04       		.byte	0x4
 898 053d 0A       		.byte	0xa
 899 053e D8       		.byte	0xd8
 900 053f 74050000 		.4byte	0x574
ARM GAS  /tmp/ccgW6Ilw.s 			page 17


 901 0543 06       		.uleb128 0x6
 902 0544 61040000 		.4byte	.LASF82
 903 0548 0A       		.byte	0xa
 904 0549 D9       		.byte	0xd9
 905 054a 04030000 		.4byte	0x304
 906 054e 00       		.byte	0
 907 054f 06       		.uleb128 0x6
 908 0550 69040000 		.4byte	.LASF83
 909 0554 0A       		.byte	0xa
 910 0555 DA       		.byte	0xda
 911 0556 04030000 		.4byte	0x304
 912 055a 01       		.byte	0x1
 913 055b 06       		.uleb128 0x6
 914 055c 71040000 		.4byte	.LASF84
 915 0560 0A       		.byte	0xa
 916 0561 DB       		.byte	0xdb
 917 0562 04030000 		.4byte	0x304
 918 0566 02       		.byte	0x2
 919 0567 06       		.uleb128 0x6
 920 0568 79040000 		.4byte	.LASF85
 921 056c 0A       		.byte	0xa
 922 056d DC       		.byte	0xdc
 923 056e 04030000 		.4byte	0x304
 924 0572 03       		.byte	0x3
 925 0573 00       		.byte	0
 926 0574 0E       		.uleb128 0xe
 927 0575 04       		.byte	0x4
 928 0576 0A       		.byte	0xa
 929 0577 D2       		.byte	0xd2
 930 0578 92050000 		.4byte	0x592
 931 057c 0F       		.uleb128 0xf
 932 057d 26000000 		.4byte	.LASF86
 933 0581 0A       		.byte	0xa
 934 0582 D3       		.byte	0xd3
 935 0583 09030000 		.4byte	0x309
 936 0587 13       		.uleb128 0x13
 937 0588 1A050000 		.4byte	0x51a
 938 058c 13       		.uleb128 0x13
 939 058d 3B050000 		.4byte	0x53b
 940 0591 00       		.byte	0
 941 0592 08       		.uleb128 0x8
 942 0593 04       		.byte	0x4
 943 0594 0A       		.byte	0xa
 944 0595 E1       		.byte	0xe1
 945 0596 B3050000 		.4byte	0x5b3
 946 059a 06       		.uleb128 0x6
 947 059b 79000000 		.4byte	.LASF87
 948 059f 0A       		.byte	0xa
 949 05a0 E2       		.byte	0xe2
 950 05a1 25040000 		.4byte	0x425
 951 05a5 00       		.byte	0
 952 05a6 06       		.uleb128 0x6
 953 05a7 71000000 		.4byte	.LASF88
 954 05ab 0A       		.byte	0xa
 955 05ac E3       		.byte	0xe3
 956 05ad 25040000 		.4byte	0x425
 957 05b1 02       		.byte	0x2
ARM GAS  /tmp/ccgW6Ilw.s 			page 18


 958 05b2 00       		.byte	0
 959 05b3 08       		.uleb128 0x8
 960 05b4 04       		.byte	0x4
 961 05b5 0A       		.byte	0xa
 962 05b6 E5       		.byte	0xe5
 963 05b7 EC050000 		.4byte	0x5ec
 964 05bb 06       		.uleb128 0x6
 965 05bc 2D000000 		.4byte	.LASF89
 966 05c0 0A       		.byte	0xa
 967 05c1 E6       		.byte	0xe6
 968 05c2 04030000 		.4byte	0x304
 969 05c6 00       		.byte	0
 970 05c7 06       		.uleb128 0x6
 971 05c8 35000000 		.4byte	.LASF90
 972 05cc 0A       		.byte	0xa
 973 05cd E7       		.byte	0xe7
 974 05ce 04030000 		.4byte	0x304
 975 05d2 01       		.byte	0x1
 976 05d3 06       		.uleb128 0x6
 977 05d4 3D000000 		.4byte	.LASF91
 978 05d8 0A       		.byte	0xa
 979 05d9 E8       		.byte	0xe8
 980 05da 04030000 		.4byte	0x304
 981 05de 02       		.byte	0x2
 982 05df 06       		.uleb128 0x6
 983 05e0 45000000 		.4byte	.LASF92
 984 05e4 0A       		.byte	0xa
 985 05e5 E9       		.byte	0xe9
 986 05e6 04030000 		.4byte	0x304
 987 05ea 03       		.byte	0x3
 988 05eb 00       		.byte	0
 989 05ec 0E       		.uleb128 0xe
 990 05ed 04       		.byte	0x4
 991 05ee 0A       		.byte	0xa
 992 05ef DF       		.byte	0xdf
 993 05f0 0A060000 		.4byte	0x60a
 994 05f4 0F       		.uleb128 0xf
 995 05f5 A3030000 		.4byte	.LASF93
 996 05f9 0A       		.byte	0xa
 997 05fa E0       		.byte	0xe0
 998 05fb 09030000 		.4byte	0x309
 999 05ff 13       		.uleb128 0x13
 1000 0600 92050000 		.4byte	0x592
 1001 0604 13       		.uleb128 0x13
 1002 0605 B3050000 		.4byte	0x5b3
 1003 0609 00       		.byte	0
 1004 060a 08       		.uleb128 0x8
 1005 060b 04       		.byte	0x4
 1006 060c 0A       		.byte	0xa
 1007 060d EE       		.byte	0xee
 1008 060e 2B060000 		.4byte	0x62b
 1009 0612 06       		.uleb128 0x6
 1010 0613 3E020000 		.4byte	.LASF94
 1011 0617 0A       		.byte	0xa
 1012 0618 EF       		.byte	0xef
 1013 0619 25040000 		.4byte	0x425
 1014 061d 00       		.byte	0
ARM GAS  /tmp/ccgW6Ilw.s 			page 19


 1015 061e 06       		.uleb128 0x6
 1016 061f 36020000 		.4byte	.LASF95
 1017 0623 0A       		.byte	0xa
 1018 0624 F0       		.byte	0xf0
 1019 0625 25040000 		.4byte	0x425
 1020 0629 02       		.byte	0x2
 1021 062a 00       		.byte	0
 1022 062b 08       		.uleb128 0x8
 1023 062c 04       		.byte	0x4
 1024 062d 0A       		.byte	0xa
 1025 062e F2       		.byte	0xf2
 1026 062f 64060000 		.4byte	0x664
 1027 0633 06       		.uleb128 0x6
 1028 0634 B2010000 		.4byte	.LASF96
 1029 0638 0A       		.byte	0xa
 1030 0639 F3       		.byte	0xf3
 1031 063a 04030000 		.4byte	0x304
 1032 063e 00       		.byte	0
 1033 063f 06       		.uleb128 0x6
 1034 0640 1B030000 		.4byte	.LASF97
 1035 0644 0A       		.byte	0xa
 1036 0645 F4       		.byte	0xf4
 1037 0646 04030000 		.4byte	0x304
 1038 064a 01       		.byte	0x1
 1039 064b 06       		.uleb128 0x6
 1040 064c FD010000 		.4byte	.LASF98
 1041 0650 0A       		.byte	0xa
 1042 0651 F5       		.byte	0xf5
 1043 0652 04030000 		.4byte	0x304
 1044 0656 02       		.byte	0x2
 1045 0657 06       		.uleb128 0x6
 1046 0658 05020000 		.4byte	.LASF99
 1047 065c 0A       		.byte	0xa
 1048 065d F6       		.byte	0xf6
 1049 065e 04030000 		.4byte	0x304
 1050 0662 03       		.byte	0x3
 1051 0663 00       		.byte	0
 1052 0664 0E       		.uleb128 0xe
 1053 0665 04       		.byte	0x4
 1054 0666 0A       		.byte	0xa
 1055 0667 EC       		.byte	0xec
 1056 0668 82060000 		.4byte	0x682
 1057 066c 0F       		.uleb128 0xf
 1058 066d 56000000 		.4byte	.LASF100
 1059 0671 0A       		.byte	0xa
 1060 0672 ED       		.byte	0xed
 1061 0673 09030000 		.4byte	0x309
 1062 0677 13       		.uleb128 0x13
 1063 0678 0A060000 		.4byte	0x60a
 1064 067c 13       		.uleb128 0x13
 1065 067d 2B060000 		.4byte	0x62b
 1066 0681 00       		.byte	0
 1067 0682 08       		.uleb128 0x8
 1068 0683 20       		.byte	0x20
 1069 0684 0A       		.byte	0xa
 1070 0685 B5       		.byte	0xb5
 1071 0686 B5060000 		.4byte	0x6b5
ARM GAS  /tmp/ccgW6Ilw.s 			page 20


 1072 068a 14       		.uleb128 0x14
 1073 068b 84040000 		.4byte	0x484
 1074 068f 00       		.byte	0
 1075 0690 06       		.uleb128 0x6
 1076 0691 35030000 		.4byte	.LASF101
 1077 0695 0A       		.byte	0xa
 1078 0696 C4       		.byte	0xc4
 1079 0697 B5060000 		.4byte	0x6b5
 1080 069b 04       		.byte	0x4
 1081 069c 14       		.uleb128 0x14
 1082 069d FC040000 		.4byte	0x4fc
 1083 06a1 10       		.byte	0x10
 1084 06a2 14       		.uleb128 0x14
 1085 06a3 74050000 		.4byte	0x574
 1086 06a7 14       		.byte	0x14
 1087 06a8 14       		.uleb128 0x14
 1088 06a9 EC050000 		.4byte	0x5ec
 1089 06ad 18       		.byte	0x18
 1090 06ae 14       		.uleb128 0x14
 1091 06af 64060000 		.4byte	0x664
 1092 06b3 1C       		.byte	0x1c
 1093 06b4 00       		.byte	0
 1094 06b5 15       		.uleb128 0x15
 1095 06b6 82000000 		.4byte	0x82
 1096 06ba C5060000 		.4byte	0x6c5
 1097 06be 16       		.uleb128 0x16
 1098 06bf 0E030000 		.4byte	0x30e
 1099 06c3 02       		.byte	0x2
 1100 06c4 00       		.byte	0
 1101 06c5 03       		.uleb128 0x3
 1102 06c6 1A020000 		.4byte	.LASF102
 1103 06ca 0A       		.byte	0xa
 1104 06cb F9       		.byte	0xf9
 1105 06cc 82060000 		.4byte	0x682
 1106 06d0 17       		.uleb128 0x17
 1107 06d1 A1020000 		.4byte	.LASF103
 1108 06d5 01       		.byte	0x1
 1109 06d6 2E       		.byte	0x2e
 1110 06d7 E0000000 		.4byte	0xe0
 1111 06db 00000000 		.4byte	.LFB64
 1112 06df 20000000 		.4byte	.LFE64-.LFB64
 1113 06e3 01       		.uleb128 0x1
 1114 06e4 9C       		.byte	0x9c
 1115 06e5 0A070000 		.4byte	0x70a
 1116 06e9 18       		.uleb128 0x18
 1117 06ea 61726700 		.ascii	"arg\000"
 1118 06ee 01       		.byte	0x1
 1119 06ef 2E       		.byte	0x2e
 1120 06f0 5A020000 		.4byte	0x25a
 1121 06f4 00000000 		.4byte	.LLST0
 1122 06f8 19       		.uleb128 0x19
 1123 06f9 1E000000 		.4byte	.LVL2
 1124 06fd 3D080000 		.4byte	0x83d
 1125 0701 1A       		.uleb128 0x1a
 1126 0702 01       		.uleb128 0x1
 1127 0703 50       		.byte	0x50
 1128 0704 03       		.uleb128 0x3
ARM GAS  /tmp/ccgW6Ilw.s 			page 21


 1129 0705 0A       		.byte	0xa
 1130 0706 C409     		.2byte	0x9c4
 1131 0708 00       		.byte	0
 1132 0709 00       		.byte	0
 1133 070a 17       		.uleb128 0x17
 1134 070b 99020000 		.4byte	.LASF104
 1135 070f 01       		.byte	0x1
 1136 0710 1A       		.byte	0x1a
 1137 0711 E0000000 		.4byte	0xe0
 1138 0715 00000000 		.4byte	.LFB63
 1139 0719 4E000000 		.4byte	.LFE63-.LFB63
 1140 071d 01       		.uleb128 0x1
 1141 071e 9C       		.byte	0x9c
 1142 071f 53070000 		.4byte	0x753
 1143 0723 18       		.uleb128 0x18
 1144 0724 61726700 		.ascii	"arg\000"
 1145 0728 01       		.byte	0x1
 1146 0729 1A       		.byte	0x1a
 1147 072a 5A020000 		.4byte	0x25a
 1148 072e 21000000 		.4byte	.LLST1
 1149 0732 1B       		.uleb128 0x1b
 1150 0733 6900     		.ascii	"i\000"
 1151 0735 01       		.byte	0x1
 1152 0736 1E       		.byte	0x1e
 1153 0737 37000000 		.4byte	0x37
 1154 073b 05       		.uleb128 0x5
 1155 073c 03       		.byte	0x3
 1156 073d 00000000 		.4byte	i.5941
 1157 0741 19       		.uleb128 0x19
 1158 0742 46000000 		.4byte	.LVL5
 1159 0746 3D080000 		.4byte	0x83d
 1160 074a 1A       		.uleb128 0x1a
 1161 074b 01       		.uleb128 0x1
 1162 074c 50       		.byte	0x50
 1163 074d 03       		.uleb128 0x3
 1164 074e 0A       		.byte	0xa
 1165 074f D007     		.2byte	0x7d0
 1166 0751 00       		.byte	0
 1167 0752 00       		.byte	0
 1168 0753 1C       		.uleb128 0x1c
 1169 0754 B7040000 		.4byte	.LASF114
 1170 0758 01       		.byte	0x1
 1171 0759 3E       		.byte	0x3e
 1172 075a 25000000 		.4byte	0x25
 1173 075e 00000000 		.4byte	.LFB65
 1174 0762 6C000000 		.4byte	.LFE65-.LFB65
 1175 0766 01       		.uleb128 0x1
 1176 0767 9C       		.byte	0x9c
 1177 0768 EF070000 		.4byte	0x7ef
 1178 076c 1D       		.uleb128 0x1d
 1179 076d 2A000000 		.4byte	.LVL6
 1180 0771 4F080000 		.4byte	0x84f
 1181 0775 1E       		.uleb128 0x1e
 1182 0776 46000000 		.4byte	.LVL7
 1183 077a 56080000 		.4byte	0x856
 1184 077e A9070000 		.4byte	0x7a9
 1185 0782 1A       		.uleb128 0x1a
ARM GAS  /tmp/ccgW6Ilw.s 			page 22


 1186 0783 01       		.uleb128 0x1
 1187 0784 53       		.byte	0x53
 1188 0785 05       		.uleb128 0x5
 1189 0786 03       		.byte	0x3
 1190 0787 00000000 		.4byte	Thread1
 1191 078b 1A       		.uleb128 0x1a
 1192 078c 01       		.uleb128 0x1
 1193 078d 52       		.byte	0x52
 1194 078e 02       		.uleb128 0x2
 1195 078f 08       		.byte	0x8
 1196 0790 40       		.byte	0x40
 1197 0791 1A       		.uleb128 0x1a
 1198 0792 01       		.uleb128 0x1
 1199 0793 51       		.byte	0x51
 1200 0794 03       		.uleb128 0x3
 1201 0795 0A       		.byte	0xa
 1202 0796 3001     		.2byte	0x130
 1203 0798 1A       		.uleb128 0x1a
 1204 0799 01       		.uleb128 0x1
 1205 079a 50       		.byte	0x50
 1206 079b 05       		.uleb128 0x5
 1207 079c 03       		.byte	0x3
 1208 079d 00000000 		.4byte	.LANCHOR1
 1209 07a1 1A       		.uleb128 0x1a
 1210 07a2 02       		.uleb128 0x2
 1211 07a3 7D       		.byte	0x7d
 1212 07a4 00       		.sleb128 0
 1213 07a5 02       		.uleb128 0x2
 1214 07a6 74       		.byte	0x74
 1215 07a7 00       		.sleb128 0
 1216 07a8 00       		.byte	0
 1217 07a9 1E       		.uleb128 0x1e
 1218 07aa 62000000 		.4byte	.LVL8
 1219 07ae 56080000 		.4byte	0x856
 1220 07b2 DD070000 		.4byte	0x7dd
 1221 07b6 1A       		.uleb128 0x1a
 1222 07b7 01       		.uleb128 0x1
 1223 07b8 53       		.byte	0x53
 1224 07b9 05       		.uleb128 0x5
 1225 07ba 03       		.byte	0x3
 1226 07bb 00000000 		.4byte	Thread2
 1227 07bf 1A       		.uleb128 0x1a
 1228 07c0 01       		.uleb128 0x1
 1229 07c1 52       		.byte	0x52
 1230 07c2 02       		.uleb128 0x2
 1231 07c3 08       		.byte	0x8
 1232 07c4 40       		.byte	0x40
 1233 07c5 1A       		.uleb128 0x1a
 1234 07c6 01       		.uleb128 0x1
 1235 07c7 51       		.byte	0x51
 1236 07c8 03       		.uleb128 0x3
 1237 07c9 0A       		.byte	0xa
 1238 07ca 3001     		.2byte	0x130
 1239 07cc 1A       		.uleb128 0x1a
 1240 07cd 01       		.uleb128 0x1
 1241 07ce 50       		.byte	0x50
 1242 07cf 05       		.uleb128 0x5
ARM GAS  /tmp/ccgW6Ilw.s 			page 23


 1243 07d0 03       		.byte	0x3
 1244 07d1 00000000 		.4byte	.LANCHOR2
 1245 07d5 1A       		.uleb128 0x1a
 1246 07d6 02       		.uleb128 0x2
 1247 07d7 7D       		.byte	0x7d
 1248 07d8 00       		.sleb128 0
 1249 07d9 02       		.uleb128 0x2
 1250 07da 74       		.byte	0x74
 1251 07db 00       		.sleb128 0
 1252 07dc 00       		.byte	0
 1253 07dd 19       		.uleb128 0x19
 1254 07de 6A000000 		.4byte	.LVL9
 1255 07e2 3D080000 		.4byte	0x83d
 1256 07e6 1A       		.uleb128 0x1a
 1257 07e7 01       		.uleb128 0x1
 1258 07e8 50       		.byte	0x50
 1259 07e9 03       		.uleb128 0x3
 1260 07ea 0A       		.byte	0xa
 1261 07eb D007     		.2byte	0x7d0
 1262 07ed 00       		.byte	0
 1263 07ee 00       		.byte	0
 1264 07ef 15       		.uleb128 0x15
 1265 07f0 5C020000 		.4byte	0x25c
 1266 07f4 FF070000 		.4byte	0x7ff
 1267 07f8 16       		.uleb128 0x16
 1268 07f9 0E030000 		.4byte	0x30e
 1269 07fd 25       		.byte	0x25
 1270 07fe 00       		.byte	0
 1271 07ff 1F       		.uleb128 0x1f
 1272 0800 AD040000 		.4byte	.LASF105
 1273 0804 01       		.byte	0x1
 1274 0805 19       		.byte	0x19
 1275 0806 EF070000 		.4byte	0x7ef
 1276 080a 05       		.uleb128 0x5
 1277 080b 03       		.byte	0x3
 1278 080c 00000000 		.4byte	waThread1
 1279 0810 1F       		.uleb128 0x1f
 1280 0811 23030000 		.4byte	.LASF106
 1281 0815 01       		.byte	0x1
 1282 0816 2D       		.byte	0x2d
 1283 0817 EF070000 		.4byte	0x7ef
 1284 081b 05       		.uleb128 0x5
 1285 081c 03       		.byte	0x3
 1286 081d 00000000 		.4byte	waThread2
 1287 0821 20       		.uleb128 0x20
 1288 0822 53040000 		.4byte	.LASF107
 1289 0826 08       		.byte	0x8
 1290 0827 68       		.byte	0x68
 1291 0828 6B030000 		.4byte	0x36b
 1292 082c 21       		.uleb128 0x21
 1293 082d 5D000000 		.4byte	.LASF108
 1294 0831 0B       		.byte	0xb
 1295 0832 0706     		.2byte	0x607
 1296 0834 38080000 		.4byte	0x838
 1297 0838 0D       		.uleb128 0xd
 1298 0839 70000000 		.4byte	0x70
 1299 083d 22       		.uleb128 0x22
ARM GAS  /tmp/ccgW6Ilw.s 			page 24


 1300 083e 37040000 		.4byte	.LASF109
 1301 0842 06       		.byte	0x6
 1302 0843 6E01     		.2byte	0x16e
 1303 0845 4F080000 		.4byte	0x84f
 1304 0849 12       		.uleb128 0x12
 1305 084a F6000000 		.4byte	0xf6
 1306 084e 00       		.byte	0
 1307 084f 23       		.uleb128 0x23
 1308 0850 9B000000 		.4byte	.LASF115
 1309 0854 0C       		.byte	0xc
 1310 0855 EF       		.byte	0xef
 1311 0856 24       		.uleb128 0x24
 1312 0857 CC000000 		.4byte	.LASF110
 1313 085b 06       		.byte	0x6
 1314 085c 6901     		.2byte	0x169
 1315 085e 1E020000 		.4byte	0x21e
 1316 0862 12       		.uleb128 0x12
 1317 0863 5A020000 		.4byte	0x25a
 1318 0867 12       		.uleb128 0x12
 1319 0868 2C000000 		.4byte	0x2c
 1320 086c 12       		.uleb128 0x12
 1321 086d D5000000 		.4byte	0xd5
 1322 0871 12       		.uleb128 0x12
 1323 0872 05040000 		.4byte	0x405
 1324 0876 12       		.uleb128 0x12
 1325 0877 5A020000 		.4byte	0x25a
 1326 087b 00       		.byte	0
 1327 087c 00       		.byte	0
 1328              		.section	.debug_abbrev,"",%progbits
 1329              	.Ldebug_abbrev0:
 1330 0000 01       		.uleb128 0x1
 1331 0001 11       		.uleb128 0x11
 1332 0002 01       		.byte	0x1
 1333 0003 25       		.uleb128 0x25
 1334 0004 0E       		.uleb128 0xe
 1335 0005 13       		.uleb128 0x13
 1336 0006 0B       		.uleb128 0xb
 1337 0007 03       		.uleb128 0x3
 1338 0008 0E       		.uleb128 0xe
 1339 0009 1B       		.uleb128 0x1b
 1340 000a 0E       		.uleb128 0xe
 1341 000b 55       		.uleb128 0x55
 1342 000c 17       		.uleb128 0x17
 1343 000d 11       		.uleb128 0x11
 1344 000e 01       		.uleb128 0x1
 1345 000f 10       		.uleb128 0x10
 1346 0010 17       		.uleb128 0x17
 1347 0011 00       		.byte	0
 1348 0012 00       		.byte	0
 1349 0013 02       		.uleb128 0x2
 1350 0014 24       		.uleb128 0x24
 1351 0015 00       		.byte	0
 1352 0016 0B       		.uleb128 0xb
 1353 0017 0B       		.uleb128 0xb
 1354 0018 3E       		.uleb128 0x3e
 1355 0019 0B       		.uleb128 0xb
 1356 001a 03       		.uleb128 0x3
ARM GAS  /tmp/ccgW6Ilw.s 			page 25


 1357 001b 08       		.uleb128 0x8
 1358 001c 00       		.byte	0
 1359 001d 00       		.byte	0
 1360 001e 03       		.uleb128 0x3
 1361 001f 16       		.uleb128 0x16
 1362 0020 00       		.byte	0
 1363 0021 03       		.uleb128 0x3
 1364 0022 0E       		.uleb128 0xe
 1365 0023 3A       		.uleb128 0x3a
 1366 0024 0B       		.uleb128 0xb
 1367 0025 3B       		.uleb128 0x3b
 1368 0026 0B       		.uleb128 0xb
 1369 0027 49       		.uleb128 0x49
 1370 0028 13       		.uleb128 0x13
 1371 0029 00       		.byte	0
 1372 002a 00       		.byte	0
 1373 002b 04       		.uleb128 0x4
 1374 002c 24       		.uleb128 0x24
 1375 002d 00       		.byte	0
 1376 002e 0B       		.uleb128 0xb
 1377 002f 0B       		.uleb128 0xb
 1378 0030 3E       		.uleb128 0x3e
 1379 0031 0B       		.uleb128 0xb
 1380 0032 03       		.uleb128 0x3
 1381 0033 0E       		.uleb128 0xe
 1382 0034 00       		.byte	0
 1383 0035 00       		.byte	0
 1384 0036 05       		.uleb128 0x5
 1385 0037 13       		.uleb128 0x13
 1386 0038 01       		.byte	0x1
 1387 0039 03       		.uleb128 0x3
 1388 003a 0E       		.uleb128 0xe
 1389 003b 0B       		.uleb128 0xb
 1390 003c 0B       		.uleb128 0xb
 1391 003d 3A       		.uleb128 0x3a
 1392 003e 0B       		.uleb128 0xb
 1393 003f 3B       		.uleb128 0x3b
 1394 0040 0B       		.uleb128 0xb
 1395 0041 01       		.uleb128 0x1
 1396 0042 13       		.uleb128 0x13
 1397 0043 00       		.byte	0
 1398 0044 00       		.byte	0
 1399 0045 06       		.uleb128 0x6
 1400 0046 0D       		.uleb128 0xd
 1401 0047 00       		.byte	0
 1402 0048 03       		.uleb128 0x3
 1403 0049 0E       		.uleb128 0xe
 1404 004a 3A       		.uleb128 0x3a
 1405 004b 0B       		.uleb128 0xb
 1406 004c 3B       		.uleb128 0x3b
 1407 004d 0B       		.uleb128 0xb
 1408 004e 49       		.uleb128 0x49
 1409 004f 13       		.uleb128 0x13
 1410 0050 38       		.uleb128 0x38
 1411 0051 0B       		.uleb128 0xb
 1412 0052 00       		.byte	0
 1413 0053 00       		.byte	0
ARM GAS  /tmp/ccgW6Ilw.s 			page 26


 1414 0054 07       		.uleb128 0x7
 1415 0055 0D       		.uleb128 0xd
 1416 0056 00       		.byte	0
 1417 0057 03       		.uleb128 0x3
 1418 0058 08       		.uleb128 0x8
 1419 0059 3A       		.uleb128 0x3a
 1420 005a 0B       		.uleb128 0xb
 1421 005b 3B       		.uleb128 0x3b
 1422 005c 0B       		.uleb128 0xb
 1423 005d 49       		.uleb128 0x49
 1424 005e 13       		.uleb128 0x13
 1425 005f 38       		.uleb128 0x38
 1426 0060 0B       		.uleb128 0xb
 1427 0061 00       		.byte	0
 1428 0062 00       		.byte	0
 1429 0063 08       		.uleb128 0x8
 1430 0064 13       		.uleb128 0x13
 1431 0065 01       		.byte	0x1
 1432 0066 0B       		.uleb128 0xb
 1433 0067 0B       		.uleb128 0xb
 1434 0068 3A       		.uleb128 0x3a
 1435 0069 0B       		.uleb128 0xb
 1436 006a 3B       		.uleb128 0x3b
 1437 006b 0B       		.uleb128 0xb
 1438 006c 01       		.uleb128 0x1
 1439 006d 13       		.uleb128 0x13
 1440 006e 00       		.byte	0
 1441 006f 00       		.byte	0
 1442 0070 09       		.uleb128 0x9
 1443 0071 0F       		.uleb128 0xf
 1444 0072 00       		.byte	0
 1445 0073 0B       		.uleb128 0xb
 1446 0074 0B       		.uleb128 0xb
 1447 0075 49       		.uleb128 0x49
 1448 0076 13       		.uleb128 0x13
 1449 0077 00       		.byte	0
 1450 0078 00       		.byte	0
 1451 0079 0A       		.uleb128 0xa
 1452 007a 0F       		.uleb128 0xf
 1453 007b 00       		.byte	0
 1454 007c 0B       		.uleb128 0xb
 1455 007d 0B       		.uleb128 0xb
 1456 007e 00       		.byte	0
 1457 007f 00       		.byte	0
 1458 0080 0B       		.uleb128 0xb
 1459 0081 13       		.uleb128 0x13
 1460 0082 01       		.byte	0x1
 1461 0083 03       		.uleb128 0x3
 1462 0084 0E       		.uleb128 0xe
 1463 0085 0B       		.uleb128 0xb
 1464 0086 0B       		.uleb128 0xb
 1465 0087 3A       		.uleb128 0x3a
 1466 0088 0B       		.uleb128 0xb
 1467 0089 3B       		.uleb128 0x3b
 1468 008a 05       		.uleb128 0x5
 1469 008b 01       		.uleb128 0x1
 1470 008c 13       		.uleb128 0x13
ARM GAS  /tmp/ccgW6Ilw.s 			page 27


 1471 008d 00       		.byte	0
 1472 008e 00       		.byte	0
 1473 008f 0C       		.uleb128 0xc
 1474 0090 0D       		.uleb128 0xd
 1475 0091 00       		.byte	0
 1476 0092 03       		.uleb128 0x3
 1477 0093 08       		.uleb128 0x8
 1478 0094 3A       		.uleb128 0x3a
 1479 0095 0B       		.uleb128 0xb
 1480 0096 3B       		.uleb128 0x3b
 1481 0097 05       		.uleb128 0x5
 1482 0098 49       		.uleb128 0x49
 1483 0099 13       		.uleb128 0x13
 1484 009a 38       		.uleb128 0x38
 1485 009b 0B       		.uleb128 0xb
 1486 009c 00       		.byte	0
 1487 009d 00       		.byte	0
 1488 009e 0D       		.uleb128 0xd
 1489 009f 35       		.uleb128 0x35
 1490 00a0 00       		.byte	0
 1491 00a1 49       		.uleb128 0x49
 1492 00a2 13       		.uleb128 0x13
 1493 00a3 00       		.byte	0
 1494 00a4 00       		.byte	0
 1495 00a5 0E       		.uleb128 0xe
 1496 00a6 17       		.uleb128 0x17
 1497 00a7 01       		.byte	0x1
 1498 00a8 0B       		.uleb128 0xb
 1499 00a9 0B       		.uleb128 0xb
 1500 00aa 3A       		.uleb128 0x3a
 1501 00ab 0B       		.uleb128 0xb
 1502 00ac 3B       		.uleb128 0x3b
 1503 00ad 0B       		.uleb128 0xb
 1504 00ae 01       		.uleb128 0x1
 1505 00af 13       		.uleb128 0x13
 1506 00b0 00       		.byte	0
 1507 00b1 00       		.byte	0
 1508 00b2 0F       		.uleb128 0xf
 1509 00b3 0D       		.uleb128 0xd
 1510 00b4 00       		.byte	0
 1511 00b5 03       		.uleb128 0x3
 1512 00b6 0E       		.uleb128 0xe
 1513 00b7 3A       		.uleb128 0x3a
 1514 00b8 0B       		.uleb128 0xb
 1515 00b9 3B       		.uleb128 0x3b
 1516 00ba 0B       		.uleb128 0xb
 1517 00bb 49       		.uleb128 0x49
 1518 00bc 13       		.uleb128 0x13
 1519 00bd 00       		.byte	0
 1520 00be 00       		.byte	0
 1521 00bf 10       		.uleb128 0x10
 1522 00c0 26       		.uleb128 0x26
 1523 00c1 00       		.byte	0
 1524 00c2 49       		.uleb128 0x49
 1525 00c3 13       		.uleb128 0x13
 1526 00c4 00       		.byte	0
 1527 00c5 00       		.byte	0
ARM GAS  /tmp/ccgW6Ilw.s 			page 28


 1528 00c6 11       		.uleb128 0x11
 1529 00c7 15       		.uleb128 0x15
 1530 00c8 01       		.byte	0x1
 1531 00c9 27       		.uleb128 0x27
 1532 00ca 19       		.uleb128 0x19
 1533 00cb 49       		.uleb128 0x49
 1534 00cc 13       		.uleb128 0x13
 1535 00cd 01       		.uleb128 0x1
 1536 00ce 13       		.uleb128 0x13
 1537 00cf 00       		.byte	0
 1538 00d0 00       		.byte	0
 1539 00d1 12       		.uleb128 0x12
 1540 00d2 05       		.uleb128 0x5
 1541 00d3 00       		.byte	0
 1542 00d4 49       		.uleb128 0x49
 1543 00d5 13       		.uleb128 0x13
 1544 00d6 00       		.byte	0
 1545 00d7 00       		.byte	0
 1546 00d8 13       		.uleb128 0x13
 1547 00d9 0D       		.uleb128 0xd
 1548 00da 00       		.byte	0
 1549 00db 49       		.uleb128 0x49
 1550 00dc 13       		.uleb128 0x13
 1551 00dd 00       		.byte	0
 1552 00de 00       		.byte	0
 1553 00df 14       		.uleb128 0x14
 1554 00e0 0D       		.uleb128 0xd
 1555 00e1 00       		.byte	0
 1556 00e2 49       		.uleb128 0x49
 1557 00e3 13       		.uleb128 0x13
 1558 00e4 38       		.uleb128 0x38
 1559 00e5 0B       		.uleb128 0xb
 1560 00e6 00       		.byte	0
 1561 00e7 00       		.byte	0
 1562 00e8 15       		.uleb128 0x15
 1563 00e9 01       		.uleb128 0x1
 1564 00ea 01       		.byte	0x1
 1565 00eb 49       		.uleb128 0x49
 1566 00ec 13       		.uleb128 0x13
 1567 00ed 01       		.uleb128 0x1
 1568 00ee 13       		.uleb128 0x13
 1569 00ef 00       		.byte	0
 1570 00f0 00       		.byte	0
 1571 00f1 16       		.uleb128 0x16
 1572 00f2 21       		.uleb128 0x21
 1573 00f3 00       		.byte	0
 1574 00f4 49       		.uleb128 0x49
 1575 00f5 13       		.uleb128 0x13
 1576 00f6 2F       		.uleb128 0x2f
 1577 00f7 0B       		.uleb128 0xb
 1578 00f8 00       		.byte	0
 1579 00f9 00       		.byte	0
 1580 00fa 17       		.uleb128 0x17
 1581 00fb 2E       		.uleb128 0x2e
 1582 00fc 01       		.byte	0x1
 1583 00fd 03       		.uleb128 0x3
 1584 00fe 0E       		.uleb128 0xe
ARM GAS  /tmp/ccgW6Ilw.s 			page 29


 1585 00ff 3A       		.uleb128 0x3a
 1586 0100 0B       		.uleb128 0xb
 1587 0101 3B       		.uleb128 0x3b
 1588 0102 0B       		.uleb128 0xb
 1589 0103 27       		.uleb128 0x27
 1590 0104 19       		.uleb128 0x19
 1591 0105 49       		.uleb128 0x49
 1592 0106 13       		.uleb128 0x13
 1593 0107 11       		.uleb128 0x11
 1594 0108 01       		.uleb128 0x1
 1595 0109 12       		.uleb128 0x12
 1596 010a 06       		.uleb128 0x6
 1597 010b 40       		.uleb128 0x40
 1598 010c 18       		.uleb128 0x18
 1599 010d 9742     		.uleb128 0x2117
 1600 010f 19       		.uleb128 0x19
 1601 0110 01       		.uleb128 0x1
 1602 0111 13       		.uleb128 0x13
 1603 0112 00       		.byte	0
 1604 0113 00       		.byte	0
 1605 0114 18       		.uleb128 0x18
 1606 0115 05       		.uleb128 0x5
 1607 0116 00       		.byte	0
 1608 0117 03       		.uleb128 0x3
 1609 0118 08       		.uleb128 0x8
 1610 0119 3A       		.uleb128 0x3a
 1611 011a 0B       		.uleb128 0xb
 1612 011b 3B       		.uleb128 0x3b
 1613 011c 0B       		.uleb128 0xb
 1614 011d 49       		.uleb128 0x49
 1615 011e 13       		.uleb128 0x13
 1616 011f 02       		.uleb128 0x2
 1617 0120 17       		.uleb128 0x17
 1618 0121 00       		.byte	0
 1619 0122 00       		.byte	0
 1620 0123 19       		.uleb128 0x19
 1621 0124 898201   		.uleb128 0x4109
 1622 0127 01       		.byte	0x1
 1623 0128 11       		.uleb128 0x11
 1624 0129 01       		.uleb128 0x1
 1625 012a 31       		.uleb128 0x31
 1626 012b 13       		.uleb128 0x13
 1627 012c 00       		.byte	0
 1628 012d 00       		.byte	0
 1629 012e 1A       		.uleb128 0x1a
 1630 012f 8A8201   		.uleb128 0x410a
 1631 0132 00       		.byte	0
 1632 0133 02       		.uleb128 0x2
 1633 0134 18       		.uleb128 0x18
 1634 0135 9142     		.uleb128 0x2111
 1635 0137 18       		.uleb128 0x18
 1636 0138 00       		.byte	0
 1637 0139 00       		.byte	0
 1638 013a 1B       		.uleb128 0x1b
 1639 013b 34       		.uleb128 0x34
 1640 013c 00       		.byte	0
 1641 013d 03       		.uleb128 0x3
ARM GAS  /tmp/ccgW6Ilw.s 			page 30


 1642 013e 08       		.uleb128 0x8
 1643 013f 3A       		.uleb128 0x3a
 1644 0140 0B       		.uleb128 0xb
 1645 0141 3B       		.uleb128 0x3b
 1646 0142 0B       		.uleb128 0xb
 1647 0143 49       		.uleb128 0x49
 1648 0144 13       		.uleb128 0x13
 1649 0145 02       		.uleb128 0x2
 1650 0146 18       		.uleb128 0x18
 1651 0147 00       		.byte	0
 1652 0148 00       		.byte	0
 1653 0149 1C       		.uleb128 0x1c
 1654 014a 2E       		.uleb128 0x2e
 1655 014b 01       		.byte	0x1
 1656 014c 3F       		.uleb128 0x3f
 1657 014d 19       		.uleb128 0x19
 1658 014e 03       		.uleb128 0x3
 1659 014f 0E       		.uleb128 0xe
 1660 0150 3A       		.uleb128 0x3a
 1661 0151 0B       		.uleb128 0xb
 1662 0152 3B       		.uleb128 0x3b
 1663 0153 0B       		.uleb128 0xb
 1664 0154 27       		.uleb128 0x27
 1665 0155 19       		.uleb128 0x19
 1666 0156 49       		.uleb128 0x49
 1667 0157 13       		.uleb128 0x13
 1668 0158 11       		.uleb128 0x11
 1669 0159 01       		.uleb128 0x1
 1670 015a 12       		.uleb128 0x12
 1671 015b 06       		.uleb128 0x6
 1672 015c 40       		.uleb128 0x40
 1673 015d 18       		.uleb128 0x18
 1674 015e 9742     		.uleb128 0x2117
 1675 0160 19       		.uleb128 0x19
 1676 0161 01       		.uleb128 0x1
 1677 0162 13       		.uleb128 0x13
 1678 0163 00       		.byte	0
 1679 0164 00       		.byte	0
 1680 0165 1D       		.uleb128 0x1d
 1681 0166 898201   		.uleb128 0x4109
 1682 0169 00       		.byte	0
 1683 016a 11       		.uleb128 0x11
 1684 016b 01       		.uleb128 0x1
 1685 016c 31       		.uleb128 0x31
 1686 016d 13       		.uleb128 0x13
 1687 016e 00       		.byte	0
 1688 016f 00       		.byte	0
 1689 0170 1E       		.uleb128 0x1e
 1690 0171 898201   		.uleb128 0x4109
 1691 0174 01       		.byte	0x1
 1692 0175 11       		.uleb128 0x11
 1693 0176 01       		.uleb128 0x1
 1694 0177 31       		.uleb128 0x31
 1695 0178 13       		.uleb128 0x13
 1696 0179 01       		.uleb128 0x1
 1697 017a 13       		.uleb128 0x13
 1698 017b 00       		.byte	0
ARM GAS  /tmp/ccgW6Ilw.s 			page 31


 1699 017c 00       		.byte	0
 1700 017d 1F       		.uleb128 0x1f
 1701 017e 34       		.uleb128 0x34
 1702 017f 00       		.byte	0
 1703 0180 03       		.uleb128 0x3
 1704 0181 0E       		.uleb128 0xe
 1705 0182 3A       		.uleb128 0x3a
 1706 0183 0B       		.uleb128 0xb
 1707 0184 3B       		.uleb128 0x3b
 1708 0185 0B       		.uleb128 0xb
 1709 0186 49       		.uleb128 0x49
 1710 0187 13       		.uleb128 0x13
 1711 0188 02       		.uleb128 0x2
 1712 0189 18       		.uleb128 0x18
 1713 018a 00       		.byte	0
 1714 018b 00       		.byte	0
 1715 018c 20       		.uleb128 0x20
 1716 018d 34       		.uleb128 0x34
 1717 018e 00       		.byte	0
 1718 018f 03       		.uleb128 0x3
 1719 0190 0E       		.uleb128 0xe
 1720 0191 3A       		.uleb128 0x3a
 1721 0192 0B       		.uleb128 0xb
 1722 0193 3B       		.uleb128 0x3b
 1723 0194 0B       		.uleb128 0xb
 1724 0195 49       		.uleb128 0x49
 1725 0196 13       		.uleb128 0x13
 1726 0197 3F       		.uleb128 0x3f
 1727 0198 19       		.uleb128 0x19
 1728 0199 3C       		.uleb128 0x3c
 1729 019a 19       		.uleb128 0x19
 1730 019b 00       		.byte	0
 1731 019c 00       		.byte	0
 1732 019d 21       		.uleb128 0x21
 1733 019e 34       		.uleb128 0x34
 1734 019f 00       		.byte	0
 1735 01a0 03       		.uleb128 0x3
 1736 01a1 0E       		.uleb128 0xe
 1737 01a2 3A       		.uleb128 0x3a
 1738 01a3 0B       		.uleb128 0xb
 1739 01a4 3B       		.uleb128 0x3b
 1740 01a5 05       		.uleb128 0x5
 1741 01a6 49       		.uleb128 0x49
 1742 01a7 13       		.uleb128 0x13
 1743 01a8 3F       		.uleb128 0x3f
 1744 01a9 19       		.uleb128 0x19
 1745 01aa 3C       		.uleb128 0x3c
 1746 01ab 19       		.uleb128 0x19
 1747 01ac 00       		.byte	0
 1748 01ad 00       		.byte	0
 1749 01ae 22       		.uleb128 0x22
 1750 01af 2E       		.uleb128 0x2e
 1751 01b0 01       		.byte	0x1
 1752 01b1 3F       		.uleb128 0x3f
 1753 01b2 19       		.uleb128 0x19
 1754 01b3 03       		.uleb128 0x3
 1755 01b4 0E       		.uleb128 0xe
ARM GAS  /tmp/ccgW6Ilw.s 			page 32


 1756 01b5 3A       		.uleb128 0x3a
 1757 01b6 0B       		.uleb128 0xb
 1758 01b7 3B       		.uleb128 0x3b
 1759 01b8 05       		.uleb128 0x5
 1760 01b9 27       		.uleb128 0x27
 1761 01ba 19       		.uleb128 0x19
 1762 01bb 3C       		.uleb128 0x3c
 1763 01bc 19       		.uleb128 0x19
 1764 01bd 01       		.uleb128 0x1
 1765 01be 13       		.uleb128 0x13
 1766 01bf 00       		.byte	0
 1767 01c0 00       		.byte	0
 1768 01c1 23       		.uleb128 0x23
 1769 01c2 2E       		.uleb128 0x2e
 1770 01c3 00       		.byte	0
 1771 01c4 3F       		.uleb128 0x3f
 1772 01c5 19       		.uleb128 0x19
 1773 01c6 03       		.uleb128 0x3
 1774 01c7 0E       		.uleb128 0xe
 1775 01c8 3A       		.uleb128 0x3a
 1776 01c9 0B       		.uleb128 0xb
 1777 01ca 3B       		.uleb128 0x3b
 1778 01cb 0B       		.uleb128 0xb
 1779 01cc 27       		.uleb128 0x27
 1780 01cd 19       		.uleb128 0x19
 1781 01ce 3C       		.uleb128 0x3c
 1782 01cf 19       		.uleb128 0x19
 1783 01d0 00       		.byte	0
 1784 01d1 00       		.byte	0
 1785 01d2 24       		.uleb128 0x24
 1786 01d3 2E       		.uleb128 0x2e
 1787 01d4 01       		.byte	0x1
 1788 01d5 3F       		.uleb128 0x3f
 1789 01d6 19       		.uleb128 0x19
 1790 01d7 03       		.uleb128 0x3
 1791 01d8 0E       		.uleb128 0xe
 1792 01d9 3A       		.uleb128 0x3a
 1793 01da 0B       		.uleb128 0xb
 1794 01db 3B       		.uleb128 0x3b
 1795 01dc 05       		.uleb128 0x5
 1796 01dd 27       		.uleb128 0x27
 1797 01de 19       		.uleb128 0x19
 1798 01df 49       		.uleb128 0x49
 1799 01e0 13       		.uleb128 0x13
 1800 01e1 3C       		.uleb128 0x3c
 1801 01e2 19       		.uleb128 0x19
 1802 01e3 00       		.byte	0
 1803 01e4 00       		.byte	0
 1804 01e5 00       		.byte	0
 1805              		.section	.debug_loc,"",%progbits
 1806              	.Ldebug_loc0:
 1807              	.LLST0:
 1808 0000 00000000 		.4byte	.LVL0
 1809 0004 16000000 		.4byte	.LVL1
 1810 0008 0100     		.2byte	0x1
 1811 000a 50       		.byte	0x50
 1812 000b 16000000 		.4byte	.LVL1
ARM GAS  /tmp/ccgW6Ilw.s 			page 33


 1813 000f 20000000 		.4byte	.LFE64
 1814 0013 0400     		.2byte	0x4
 1815 0015 F3       		.byte	0xf3
 1816 0016 01       		.uleb128 0x1
 1817 0017 50       		.byte	0x50
 1818 0018 9F       		.byte	0x9f
 1819 0019 00000000 		.4byte	0
 1820 001d 00000000 		.4byte	0
 1821              	.LLST1:
 1822 0021 00000000 		.4byte	.LVL3
 1823 0025 28000000 		.4byte	.LVL4
 1824 0029 0100     		.2byte	0x1
 1825 002b 50       		.byte	0x50
 1826 002c 28000000 		.4byte	.LVL4
 1827 0030 4E000000 		.4byte	.LFE63
 1828 0034 0400     		.2byte	0x4
 1829 0036 F3       		.byte	0xf3
 1830 0037 01       		.uleb128 0x1
 1831 0038 50       		.byte	0x50
 1832 0039 9F       		.byte	0x9f
 1833 003a 00000000 		.4byte	0
 1834 003e 00000000 		.4byte	0
 1835              		.section	.debug_aranges,"",%progbits
 1836 0000 2C000000 		.4byte	0x2c
 1837 0004 0200     		.2byte	0x2
 1838 0006 00000000 		.4byte	.Ldebug_info0
 1839 000a 04       		.byte	0x4
 1840 000b 00       		.byte	0
 1841 000c 0000     		.2byte	0
 1842 000e 0000     		.2byte	0
 1843 0010 00000000 		.4byte	.LFB64
 1844 0014 20000000 		.4byte	.LFE64-.LFB64
 1845 0018 00000000 		.4byte	.LFB63
 1846 001c 4E000000 		.4byte	.LFE63-.LFB63
 1847 0020 00000000 		.4byte	.LFB65
 1848 0024 6C000000 		.4byte	.LFE65-.LFB65
 1849 0028 00000000 		.4byte	0
 1850 002c 00000000 		.4byte	0
 1851              		.section	.debug_ranges,"",%progbits
 1852              	.Ldebug_ranges0:
 1853 0000 00000000 		.4byte	.LFB64
 1854 0004 20000000 		.4byte	.LFE64
 1855 0008 00000000 		.4byte	.LFB63
 1856 000c 4E000000 		.4byte	.LFE63
 1857 0010 00000000 		.4byte	.LFB65
 1858 0014 6C000000 		.4byte	.LFE65
 1859 0018 00000000 		.4byte	0
 1860 001c 00000000 		.4byte	0
 1861              		.section	.debug_line,"",%progbits
 1862              	.Ldebug_line0:
 1863 0000 FA010000 		.section	.debug_str,"MS",%progbits,1
 1863      02009801 
 1863      00000201 
 1863      FB0E0D00 
 1863      01010101 
 1864              	.LASF65:
 1865 0000 7466756E 		.ascii	"tfunc_t\000"
ARM GAS  /tmp/ccgW6Ilw.s 			page 34


 1865      635F7400 
 1866              	.LASF2:
 1867 0008 73697A65 		.ascii	"size_t\000"
 1867      5F7400
 1868              	.LASF60:
 1869 000f 7264796D 		.ascii	"rdymsg\000"
 1869      736700
 1870              	.LASF13:
 1871 0016 75696E74 		.ascii	"uint64_t\000"
 1871      36345F74 
 1871      00
 1872              	.LASF72:
 1873 001f 46494F44 		.ascii	"FIODIR\000"
 1873      495200
 1874              	.LASF86:
 1875 0026 46494F50 		.ascii	"FIOPIN\000"
 1875      494E00
 1876              	.LASF89:
 1877 002d 46494F53 		.ascii	"FIOSET0\000"
 1877      45543000 
 1878              	.LASF90:
 1879 0035 46494F53 		.ascii	"FIOSET1\000"
 1879      45543100 
 1880              	.LASF91:
 1881 003d 46494F53 		.ascii	"FIOSET2\000"
 1881      45543200 
 1882              	.LASF92:
 1883 0045 46494F53 		.ascii	"FIOSET3\000"
 1883      45543300 
 1884              	.LASF61:
 1885 004d 65786974 		.ascii	"exitcode\000"
 1885      636F6465 
 1885      00
 1886              	.LASF100:
 1887 0056 46494F43 		.ascii	"FIOCLR\000"
 1887      4C5200
 1888              	.LASF108:
 1889 005d 49544D5F 		.ascii	"ITM_RxBuffer\000"
 1889      52784275 
 1889      66666572 
 1889      00
 1890              	.LASF26:
 1891 006a 705F7072 		.ascii	"p_prio\000"
 1891      696F00
 1892              	.LASF88:
 1893 0071 46494F53 		.ascii	"FIOSETH\000"
 1893      45544800 
 1894              	.LASF87:
 1895 0079 46494F53 		.ascii	"FIOSETL\000"
 1895      45544C00 
 1896              	.LASF12:
 1897 0081 6C6F6E67 		.ascii	"long long int\000"
 1897      206C6F6E 
 1897      6720696E 
 1897      7400
 1898              	.LASF1:
 1899 008f 7369676E 		.ascii	"signed char\000"
ARM GAS  /tmp/ccgW6Ilw.s 			page 35


 1899      65642063 
 1899      68617200 
 1900              	.LASF115:
 1901 009b 63685379 		.ascii	"chSysInit\000"
 1901      73496E69 
 1901      7400
 1902              	.LASF41:
 1903 00a5 705F6D70 		.ascii	"p_mpool\000"
 1903      6F6F6C00 
 1904              	.LASF14:
 1905 00ad 6C6F6E67 		.ascii	"long long unsigned int\000"
 1905      206C6F6E 
 1905      6720756E 
 1905      7369676E 
 1905      65642069 
 1906              	.LASF57:
 1907 00c4 6D5F7175 		.ascii	"m_queue\000"
 1907      65756500 
 1908              	.LASF110:
 1909 00cc 63685468 		.ascii	"chThdCreateStatic\000"
 1909      64437265 
 1909      61746553 
 1909      74617469 
 1909      6300
 1910              	.LASF9:
 1911 00de 6C6F6E67 		.ascii	"long int\000"
 1911      20696E74 
 1911      00
 1912              	.LASF17:
 1913 00e7 74737461 		.ascii	"tstate_t\000"
 1913      74655F74 
 1913      00
 1914              	.LASF6:
 1915 00f0 75696E74 		.ascii	"uint16_t\000"
 1915      31365F74 
 1915      00
 1916              	.LASF34:
 1917 00f9 705F7469 		.ascii	"p_time\000"
 1917      6D6500
 1918              	.LASF28:
 1919 0100 705F6E65 		.ascii	"p_newer\000"
 1919      77657200 
 1920              	.LASF52:
 1921 0108 725F6E65 		.ascii	"r_newer\000"
 1921      77657200 
 1922              	.LASF44:
 1923 0110 72656761 		.ascii	"regarm_t\000"
 1923      726D5F74 
 1923      00
 1924              	.LASF111:
 1925 0119 474E5520 		.ascii	"GNU C 4.8.1 -mcpu=cortex-m3 -mno-thumb-interwork -m"
 1925      4320342E 
 1925      382E3120 
 1925      2D6D6370 
 1925      753D636F 
 1926 014c 7468756D 		.ascii	"thumb -mfloat-abi=soft -ggdb -O2 -fomit-frame-point"
 1926      62202D6D 
ARM GAS  /tmp/ccgW6Ilw.s 			page 36


 1926      666C6F61 
 1926      742D6162 
 1926      693D736F 
 1927 017f 6572202D 		.ascii	"er -ffunction-sections -fdata-sections -fno-common\000"
 1927      6666756E 
 1927      6374696F 
 1927      6E2D7365 
 1927      6374696F 
 1928              	.LASF96:
 1929 01b2 46494F43 		.ascii	"FIOCLR0\000"
 1929      4C523000 
 1930              	.LASF113:
 1931 01ba 2F686F6D 		.ascii	"/home/daniofb/Programming/ChibiOS-RT/demos/ARMCM3-L"
 1931      652F6461 
 1931      6E696F66 
 1931      622F5072 
 1931      6F677261 
 1932 01ed 50433137 		.ascii	"PC1768-AKAIKABA\000"
 1932      36382D41 
 1932      4B41494B 
 1932      41424100 
 1933              	.LASF98:
 1934 01fd 46494F43 		.ascii	"FIOCLR2\000"
 1934      4C523200 
 1935              	.LASF99:
 1936 0205 46494F43 		.ascii	"FIOCLR3\000"
 1936      4C523300 
 1937              	.LASF0:
 1938 020d 756E7369 		.ascii	"unsigned int\000"
 1938      676E6564 
 1938      20696E74 
 1938      00
 1939              	.LASF102:
 1940 021a 4C50435F 		.ascii	"LPC_GPIO_TypeDef\000"
 1940      4750494F 
 1940      5F547970 
 1940      65446566 
 1940      00
 1941              	.LASF36:
 1942 022b 705F6D73 		.ascii	"p_msgqueue\000"
 1942      67717565 
 1942      756500
 1943              	.LASF95:
 1944 0236 46494F43 		.ascii	"FIOCLRH\000"
 1944      4C524800 
 1945              	.LASF94:
 1946 023e 46494F43 		.ascii	"FIOCLRL\000"
 1946      4C524C00 
 1947              	.LASF7:
 1948 0246 73686F72 		.ascii	"short unsigned int\000"
 1948      7420756E 
 1948      7369676E 
 1948      65642069 
 1948      6E7400
 1949              	.LASF79:
 1950 0259 46494F4D 		.ascii	"FIOMASK\000"
 1950      41534B00 
ARM GAS  /tmp/ccgW6Ilw.s 			page 37


 1951              	.LASF20:
 1952 0261 6D73675F 		.ascii	"msg_t\000"
 1952      7400
 1953              	.LASF112:
 1954 0267 6D61696E 		.ascii	"main.c\000"
 1954      2E6300
 1955              	.LASF16:
 1956 026e 746D6F64 		.ascii	"tmode_t\000"
 1956      655F7400 
 1957              	.LASF43:
 1958 0276 54687265 		.ascii	"ThreadsList\000"
 1958      6164734C 
 1958      69737400 
 1959              	.LASF21:
 1960 0282 6576656E 		.ascii	"eventmask_t\000"
 1960      746D6173 
 1960      6B5F7400 
 1961              	.LASF45:
 1962 028e 73746B61 		.ascii	"stkalign_t\000"
 1962      6C69676E 
 1962      5F7400
 1963              	.LASF104:
 1964 0299 54687265 		.ascii	"Thread1\000"
 1964      61643100 
 1965              	.LASF103:
 1966 02a1 54687265 		.ascii	"Thread2\000"
 1966      61643200 
 1967              	.LASF75:
 1968 02a9 46494F4D 		.ascii	"FIOMASK0\000"
 1968      41534B30 
 1968      00
 1969              	.LASF76:
 1970 02b2 46494F4D 		.ascii	"FIOMASK1\000"
 1970      41534B31 
 1970      00
 1971              	.LASF77:
 1972 02bb 46494F4D 		.ascii	"FIOMASK2\000"
 1972      41534B32 
 1972      00
 1973              	.LASF78:
 1974 02c4 46494F4D 		.ascii	"FIOMASK3\000"
 1974      41534B33 
 1974      00
 1975              	.LASF48:
 1976 02cd 73697A65 		.ascii	"sizetype\000"
 1976      74797065 
 1976      00
 1977              	.LASF56:
 1978 02d6 4D757465 		.ascii	"Mutex\000"
 1978      7800
 1979              	.LASF74:
 1980 02dc 46494F4D 		.ascii	"FIOMASKH\000"
 1980      41534B48 
 1980      00
 1981              	.LASF73:
 1982 02e5 46494F4D 		.ascii	"FIOMASKL\000"
 1982      41534B4C 
ARM GAS  /tmp/ccgW6Ilw.s 			page 38


 1982      00
 1983              	.LASF29:
 1984 02ee 705F6F6C 		.ascii	"p_older\000"
 1984      64657200 
 1985              	.LASF51:
 1986 02f6 725F6374 		.ascii	"r_ctx\000"
 1986      7800
 1987              	.LASF42:
 1988 02fc 54687265 		.ascii	"ThreadsQueue\000"
 1988      61647351 
 1988      75657565 
 1988      00
 1989              	.LASF54:
 1990 0309 725F6375 		.ascii	"r_current\000"
 1990      7272656E 
 1990      7400
 1991              	.LASF53:
 1992 0313 725F6F6C 		.ascii	"r_older\000"
 1992      64657200 
 1993              	.LASF97:
 1994 031b 46494F43 		.ascii	"FIOCLR1\000"
 1994      4C523100 
 1995              	.LASF106:
 1996 0323 77615468 		.ascii	"waThread2\000"
 1996      72656164 
 1996      3200
 1997              	.LASF18:
 1998 032d 74726566 		.ascii	"trefs_t\000"
 1998      735F7400 
 1999              	.LASF101:
 2000 0335 52455345 		.ascii	"RESERVED0\000"
 2000      52564544 
 2000      3000
 2001              	.LASF25:
 2002 033f 705F7072 		.ascii	"p_prev\000"
 2002      657600
 2003              	.LASF19:
 2004 0346 74707269 		.ascii	"tprio_t\000"
 2004      6F5F7400 
 2005              	.LASF15:
 2006 034e 5F426F6F 		.ascii	"_Bool\000"
 2006      6C00
 2007              	.LASF8:
 2008 0354 696E7433 		.ascii	"int32_t\000"
 2008      325F7400 
 2009              	.LASF4:
 2010 035c 756E7369 		.ascii	"unsigned char\000"
 2010      676E6564 
 2010      20636861 
 2010      7200
 2011              	.LASF39:
 2012 036a 705F6D74 		.ascii	"p_mtxlist\000"
 2012      786C6973 
 2012      7400
 2013              	.LASF5:
 2014 0374 73686F72 		.ascii	"short int\000"
 2014      7420696E 
ARM GAS  /tmp/ccgW6Ilw.s 			page 39


 2014      7400
 2015              	.LASF31:
 2016 037e 705F7374 		.ascii	"p_state\000"
 2016      61746500 
 2017              	.LASF50:
 2018 0386 725F7072 		.ascii	"r_prio\000"
 2018      696F00
 2019              	.LASF63:
 2020 038d 65776D61 		.ascii	"ewmask\000"
 2020      736B00
 2021              	.LASF24:
 2022 0394 705F6E65 		.ascii	"p_next\000"
 2022      787400
 2023              	.LASF70:
 2024 039b 46494F44 		.ascii	"FIODIR2\000"
 2024      49523200 
 2025              	.LASF93:
 2026 03a3 46494F53 		.ascii	"FIOSET\000"
 2026      455400
 2027              	.LASF23:
 2028 03aa 54687265 		.ascii	"Thread\000"
 2028      616400
 2029              	.LASF38:
 2030 03b1 705F6570 		.ascii	"p_epending\000"
 2030      656E6469 
 2030      6E6700
 2031              	.LASF10:
 2032 03bc 75696E74 		.ascii	"uint32_t\000"
 2032      33325F74 
 2032      00
 2033              	.LASF49:
 2034 03c5 725F7175 		.ascii	"r_queue\000"
 2034      65756500 
 2035              	.LASF68:
 2036 03cd 46494F44 		.ascii	"FIODIR0\000"
 2036      49523000 
 2037              	.LASF69:
 2038 03d5 46494F44 		.ascii	"FIODIR1\000"
 2038      49523100 
 2039              	.LASF11:
 2040 03dd 6C6F6E67 		.ascii	"long unsigned int\000"
 2040      20756E73 
 2040      69676E65 
 2040      6420696E 
 2040      7400
 2041              	.LASF71:
 2042 03ef 46494F44 		.ascii	"FIODIR3\000"
 2042      49523300 
 2043              	.LASF64:
 2044 03f7 63686172 		.ascii	"char\000"
 2044      00
 2045              	.LASF59:
 2046 03fc 6D5F6E65 		.ascii	"m_next\000"
 2046      787400
 2047              	.LASF22:
 2048 0403 73797374 		.ascii	"systime_t\000"
 2048      696D655F 
ARM GAS  /tmp/ccgW6Ilw.s 			page 40


 2048      7400
 2049              	.LASF40:
 2050 040d 705F7265 		.ascii	"p_realprio\000"
 2050      616C7072 
 2050      696F00
 2051              	.LASF67:
 2052 0418 46494F44 		.ascii	"FIODIRH\000"
 2052      49524800 
 2053              	.LASF66:
 2054 0420 46494F44 		.ascii	"FIODIRL\000"
 2054      49524C00 
 2055              	.LASF47:
 2056 0428 636F6E74 		.ascii	"context\000"
 2056      65787400 
 2057              	.LASF46:
 2058 0430 696E7463 		.ascii	"intctx\000"
 2058      747800
 2059              	.LASF109:
 2060 0437 63685468 		.ascii	"chThdSleep\000"
 2060      64536C65 
 2060      657000
 2061              	.LASF33:
 2062 0442 705F7265 		.ascii	"p_refs\000"
 2062      667300
 2063              	.LASF55:
 2064 0449 52656164 		.ascii	"ReadyList\000"
 2064      794C6973 
 2064      7400
 2065              	.LASF107:
 2066 0453 726C6973 		.ascii	"rlist\000"
 2066      7400
 2067              	.LASF3:
 2068 0459 75696E74 		.ascii	"uint8_t\000"
 2068      385F7400 
 2069              	.LASF82:
 2070 0461 46494F50 		.ascii	"FIOPIN0\000"
 2070      494E3000 
 2071              	.LASF83:
 2072 0469 46494F50 		.ascii	"FIOPIN1\000"
 2072      494E3100 
 2073              	.LASF84:
 2074 0471 46494F50 		.ascii	"FIOPIN2\000"
 2074      494E3200 
 2075              	.LASF85:
 2076 0479 46494F50 		.ascii	"FIOPIN3\000"
 2076      494E3300 
 2077              	.LASF62:
 2078 0481 77746F62 		.ascii	"wtobjp\000"
 2078      6A7000
 2079              	.LASF30:
 2080 0488 705F6E61 		.ascii	"p_name\000"
 2080      6D6500
 2081              	.LASF32:
 2082 048f 705F666C 		.ascii	"p_flags\000"
 2082      61677300 
 2083              	.LASF81:
 2084 0497 46494F50 		.ascii	"FIOPINH\000"
ARM GAS  /tmp/ccgW6Ilw.s 			page 41


 2084      494E4800 
 2085              	.LASF37:
 2086 049f 705F6D73 		.ascii	"p_msg\000"
 2086      6700
 2087              	.LASF80:
 2088 04a5 46494F50 		.ascii	"FIOPINL\000"
 2088      494E4C00 
 2089              	.LASF105:
 2090 04ad 77615468 		.ascii	"waThread1\000"
 2090      72656164 
 2090      3100
 2091              	.LASF114:
 2092 04b7 6D61696E 		.ascii	"main\000"
 2092      00
 2093              	.LASF58:
 2094 04bc 6D5F6F77 		.ascii	"m_owner\000"
 2094      6E657200 
 2095              	.LASF27:
 2096 04c4 705F6374 		.ascii	"p_ctx\000"
 2096      7800
 2097              	.LASF35:
 2098 04ca 705F7761 		.ascii	"p_waiting\000"
 2098      6974696E 
 2098      6700
 2099              		.ident	"GCC: (GNU) 4.8.1"
ARM GAS  /tmp/ccgW6Ilw.s 			page 42


DEFINED SYMBOLS
                            *ABS*:0000000000000000 main.c
     /tmp/ccgW6Ilw.s:19     .text.Thread2:0000000000000000 $t
     /tmp/ccgW6Ilw.s:23     .text.Thread2:0000000000000000 Thread2
     /tmp/ccgW6Ilw.s:209    .rodata.str1.4:0000000000000000 .LC0
     /tmp/ccgW6Ilw.s:54     .text.Thread1:0000000000000000 $t
     /tmp/ccgW6Ilw.s:58     .text.Thread1:0000000000000000 Thread1
     /tmp/ccgW6Ilw.s:202    .bss.i.5941:0000000000000000 .LANCHOR0
     /tmp/ccgW6Ilw.s:212    .rodata.str1.4:000000000000000c .LC1
     /tmp/ccgW6Ilw.s:118    .text.startup.main:0000000000000000 $t
     /tmp/ccgW6Ilw.s:123    .text.startup.main:0000000000000000 main
     /tmp/ccgW6Ilw.s:188    .bss.waThread1:0000000000000000 .LANCHOR1
     /tmp/ccgW6Ilw.s:195    .bss.waThread2:0000000000000000 .LANCHOR2
     /tmp/ccgW6Ilw.s:187    .bss.waThread1:0000000000000000 $d
     /tmp/ccgW6Ilw.s:191    .bss.waThread1:0000000000000000 waThread1
     /tmp/ccgW6Ilw.s:194    .bss.waThread2:0000000000000000 $d
     /tmp/ccgW6Ilw.s:198    .bss.waThread2:0000000000000000 waThread2
     /tmp/ccgW6Ilw.s:201    .bss.i.5941:0000000000000000 $d
     /tmp/ccgW6Ilw.s:205    .bss.i.5941:0000000000000000 i.5941
     /tmp/ccgW6Ilw.s:208    .rodata.str1.4:0000000000000000 $d
                     .debug_frame:0000000000000010 $d

UNDEFINED SYMBOLS
rlist
chThdSleep
chSysInit
chThdCreateStatic
