ARM GAS  /tmp/ccc58n6P.s 			page 1


   1              		.syntax unified
   2              		.cpu cortex-m3
   3              		.fpu softvfp
   4              		.eabi_attribute 20, 1
   5              		.eabi_attribute 21, 1
   6              		.eabi_attribute 23, 3
   7              		.eabi_attribute 24, 1
   8              		.eabi_attribute 25, 1
   9              		.eabi_attribute 26, 1
  10              		.eabi_attribute 30, 2
  11              		.eabi_attribute 34, 1
  12              		.eabi_attribute 18, 4
  13              		.thumb
  14              		.file	"nvic.c"
  15              		.text
  16              	.Ltext0:
  17              		.cfi_sections	.debug_frame
  18              		.section	.text.nvicEnableVector,"ax",%progbits
  19              		.align	2
  20              		.global	nvicEnableVector
  21              		.thumb
  22              		.thumb_func
  23              		.type	nvicEnableVector, %function
  24              	nvicEnableVector:
  25              	.LFB7:
  26              		.file 1 "../../os/ports/common/ARMCMx/nvic.c"
  27              		.loc 1 39 0
  28              		.cfi_startproc
  29              		@ args = 0, pretend = 0, frame = 0
  30              		@ frame_needed = 0, uses_anonymous_args = 0
  31              		@ link register save eliminated.
  32              	.LVL0:
  33              		.loc 1 40 0
  34 0000 00F00303 		and	r3, r0, #3
  35              		.loc 1 39 0
  36 0004 30B4     		push	{r4, r5}
  37              		.cfi_def_cfa_offset 8
  38              		.cfi_offset 4, -8
  39              		.cfi_offset 5, -4
  40              		.loc 1 40 0
  41 0006 DB00     		lsls	r3, r3, #3
  42              	.LVL1:
  43              		.loc 1 42 0
  44 0008 FF25     		movs	r5, #255
  45 000a 9D40     		lsls	r5, r5, r3
  46 000c 9940     		lsls	r1, r1, r3
  47              	.LVL2:
  48              		.loc 1 43 0
  49 000e 0122     		movs	r2, #1
  50 0010 00F01F03 		and	r3, r0, #31
  51              	.LVL3:
  52 0014 9A40     		lsls	r2, r2, r3
  53 0016 20F00304 		bic	r4, r0, #3
  54 001a 04F16044 		add	r4, r4, #-536870912
  55 001e 04F56144 		add	r4, r4, #57600
  56              		.loc 1 42 0
  57 0022 D4F80033 		ldr	r3, [r4, #768]
ARM GAS  /tmp/ccc58n6P.s 			page 2


  58              		.loc 1 43 0
  59 0026 4009     		lsrs	r0, r0, #5
  60              	.LVL4:
  61 0028 8000     		lsls	r0, r0, #2
  62              		.loc 1 42 0
  63 002a 23EA0503 		bic	r3, r3, r5
  64 002e 00F16040 		add	r0, r0, #-536870912
  65 0032 00F56140 		add	r0, r0, #57600
  66 0036 0B43     		orrs	r3, r3, r1
  67 0038 C4F80033 		str	r3, [r4, #768]
  68              		.loc 1 43 0
  69 003c C0F88021 		str	r2, [r0, #384]
  70              		.loc 1 45 0
  71 0040 30BC     		pop	{r4, r5}
  72              		.loc 1 44 0
  73 0042 0260     		str	r2, [r0]
  74              		.loc 1 45 0
  75 0044 7047     		bx	lr
  76              		.cfi_endproc
  77              	.LFE7:
  78              		.size	nvicEnableVector, .-nvicEnableVector
  79 0046 00BF     		.section	.text.nvicDisableVector,"ax",%progbits
  80              		.align	2
  81              		.global	nvicDisableVector
  82              		.thumb
  83              		.thumb_func
  84              		.type	nvicDisableVector, %function
  85              	nvicDisableVector:
  86              	.LFB8:
  87              		.loc 1 53 0
  88              		.cfi_startproc
  89              		@ args = 0, pretend = 0, frame = 0
  90              		@ frame_needed = 0, uses_anonymous_args = 0
  91              		@ link register save eliminated.
  92              	.LVL5:
  93 0000 10B4     		push	{r4}
  94              		.cfi_def_cfa_offset 4
  95              		.cfi_offset 4, -4
  96              		.loc 1 56 0
  97 0002 00F01F03 		and	r3, r0, #31
  98 0006 0124     		movs	r4, #1
  99 0008 9C40     		lsls	r4, r4, r3
 100              		.loc 1 54 0
 101 000a 00F00301 		and	r1, r0, #3
 102              		.loc 1 57 0
 103 000e FF23     		movs	r3, #255
 104              		.loc 1 54 0
 105 0010 C900     		lsls	r1, r1, #3
 106              	.LVL6:
 107              		.loc 1 57 0
 108 0012 03FA01F1 		lsl	r1, r3, r1
 109              	.LVL7:
 110              		.loc 1 56 0
 111 0016 4209     		lsrs	r2, r0, #5
 112 0018 4FF46143 		mov	r3, #57600
 113 001c 20F00300 		bic	r0, r0, #3
 114              	.LVL8:
ARM GAS  /tmp/ccc58n6P.s 			page 3


 115 0020 2032     		adds	r2, r2, #32
 116 0022 CEF20003 		movt	r3, 57344
 117 0026 00F16040 		add	r0, r0, #-536870912
 118 002a 43F82240 		str	r4, [r3, r2, lsl #2]
 119 002e 00F56140 		add	r0, r0, #57600
 120              		.loc 1 57 0
 121 0032 D0F80023 		ldr	r2, [r0, #768]
 122              		.loc 1 58 0
 123 0036 5DF8044B 		ldr	r4, [sp], #4
 124              		.loc 1 57 0
 125 003a 22EA0103 		bic	r3, r2, r1
 126 003e C0F80033 		str	r3, [r0, #768]
 127              		.loc 1 58 0
 128 0042 7047     		bx	lr
 129              		.cfi_endproc
 130              	.LFE8:
 131              		.size	nvicDisableVector, .-nvicDisableVector
 132              		.section	.text.nvicSetSystemHandlerPriority,"ax",%progbits
 133              		.align	2
 134              		.global	nvicSetSystemHandlerPriority
 135              		.thumb
 136              		.thumb_func
 137              		.type	nvicSetSystemHandlerPriority, %function
 138              	nvicSetSystemHandlerPriority:
 139              	.LFB9:
 140              		.loc 1 67 0
 141              		.cfi_startproc
 142              		@ args = 0, pretend = 0, frame = 0
 143              		@ frame_needed = 0, uses_anonymous_args = 0
 144              		@ link register save eliminated.
 145              	.LVL9:
 146              		.loc 1 68 0
 147 0000 00F00303 		and	r3, r0, #3
 148 0004 DB00     		lsls	r3, r3, #3
 149              	.LVL10:
 150              		.loc 1 71 0
 151 0006 FF22     		movs	r2, #255
 152 0008 9A40     		lsls	r2, r2, r3
 153 000a 9940     		lsls	r1, r1, r3
 154              	.LVL11:
 155 000c 20F00300 		bic	r0, r0, #3
 156              	.LVL12:
 157 0010 00F16040 		add	r0, r0, #-536870912
 158 0014 00F56D40 		add	r0, r0, #60672
 159              		.loc 1 70 0
 160 0018 8369     		ldr	r3, [r0, #24]
 161              	.LVL13:
 162 001a 23EA0203 		bic	r3, r3, r2
 163              		.loc 1 71 0
 164 001e 0B43     		orrs	r3, r3, r1
 165              		.loc 1 70 0
 166 0020 8361     		str	r3, [r0, #24]
 167 0022 7047     		bx	lr
 168              		.cfi_endproc
 169              	.LFE9:
 170              		.size	nvicSetSystemHandlerPriority, .-nvicSetSystemHandlerPriority
 171              		.text
ARM GAS  /tmp/ccc58n6P.s 			page 4


 172              	.Letext0:
 173              		.file 2 "/home/daniofb/arm-cm3-eabi/arm-cm3-eabi/sys-include/stdint.h"
 174              		.file 3 "../../os/ports/common/ARMCMx/nvic.h"
 175              		.section	.debug_info,"",%progbits
 176              	.Ldebug_info0:
 177 0000 F7030000 		.4byte	0x3f7
 178 0004 0400     		.2byte	0x4
 179 0006 00000000 		.4byte	.Ldebug_abbrev0
 180 000a 04       		.byte	0x4
 181 000b 01       		.uleb128 0x1
 182 000c BC000000 		.4byte	.LASF46
 183 0010 01       		.byte	0x1
 184 0011 0F000000 		.4byte	.LASF47
 185 0015 01020000 		.4byte	.LASF48
 186 0019 00000000 		.4byte	.Ldebug_ranges0+0
 187 001d 00000000 		.4byte	0
 188 0021 00000000 		.4byte	.Ldebug_line0
 189 0025 02       		.uleb128 0x2
 190 0026 04       		.byte	0x4
 191 0027 05       		.byte	0x5
 192 0028 696E7400 		.ascii	"int\000"
 193 002c 03       		.uleb128 0x3
 194 002d 04       		.byte	0x4
 195 002e 07       		.byte	0x7
 196 002f 81010000 		.4byte	.LASF0
 197 0033 03       		.uleb128 0x3
 198 0034 01       		.byte	0x1
 199 0035 06       		.byte	0x6
 200 0036 61020000 		.4byte	.LASF1
 201 003a 03       		.uleb128 0x3
 202 003b 01       		.byte	0x1
 203 003c 08       		.byte	0x8
 204 003d 66000000 		.4byte	.LASF2
 205 0041 03       		.uleb128 0x3
 206 0042 02       		.byte	0x2
 207 0043 05       		.byte	0x5
 208 0044 77010000 		.4byte	.LASF3
 209 0048 03       		.uleb128 0x3
 210 0049 02       		.byte	0x2
 211 004a 07       		.byte	0x7
 212 004b A4000000 		.4byte	.LASF4
 213 004f 03       		.uleb128 0x3
 214 0050 04       		.byte	0x4
 215 0051 05       		.byte	0x5
 216 0052 53020000 		.4byte	.LASF5
 217 0056 04       		.uleb128 0x4
 218 0057 4A020000 		.4byte	.LASF10
 219 005b 02       		.byte	0x2
 220 005c 50       		.byte	0x50
 221 005d 61000000 		.4byte	0x61
 222 0061 03       		.uleb128 0x3
 223 0062 04       		.byte	0x4
 224 0063 07       		.byte	0x7
 225 0064 5A010000 		.4byte	.LASF6
 226 0068 03       		.uleb128 0x3
 227 0069 08       		.byte	0x8
 228 006a 05       		.byte	0x5
ARM GAS  /tmp/ccc58n6P.s 			page 5


 229 006b D8010000 		.4byte	.LASF7
 230 006f 03       		.uleb128 0x3
 231 0070 08       		.byte	0x8
 232 0071 07       		.byte	0x7
 233 0072 98010000 		.4byte	.LASF8
 234 0076 03       		.uleb128 0x3
 235 0077 01       		.byte	0x1
 236 0078 02       		.byte	0x2
 237 0079 53000000 		.4byte	.LASF9
 238 007d 04       		.uleb128 0x4
 239 007e 5E000000 		.4byte	.LASF11
 240 0082 03       		.byte	0x3
 241 0083 33       		.byte	0x33
 242 0084 88000000 		.4byte	0x88
 243 0088 05       		.uleb128 0x5
 244 0089 56000000 		.4byte	0x56
 245 008d 06       		.uleb128 0x6
 246 008e 040E     		.2byte	0xe04
 247 0090 03       		.byte	0x3
 248 0091 63       		.byte	0x63
 249 0092 3C010000 		.4byte	0x13c
 250 0096 07       		.uleb128 0x7
 251 0097 F1010000 		.4byte	.LASF12
 252 009b 03       		.byte	0x3
 253 009c 64       		.byte	0x64
 254 009d 53010000 		.4byte	0x153
 255 00a1 00       		.byte	0
 256 00a2 07       		.uleb128 0x7
 257 00a3 74000000 		.4byte	.LASF13
 258 00a7 03       		.byte	0x3
 259 00a8 65       		.byte	0x65
 260 00a9 68010000 		.4byte	0x168
 261 00ad 20       		.byte	0x20
 262 00ae 07       		.uleb128 0x7
 263 00af 59000000 		.4byte	.LASF14
 264 00b3 03       		.byte	0x3
 265 00b4 66       		.byte	0x66
 266 00b5 6D010000 		.4byte	0x16d
 267 00b9 80       		.byte	0x80
 268 00ba 07       		.uleb128 0x7
 269 00bb 7C000000 		.4byte	.LASF15
 270 00bf 03       		.byte	0x3
 271 00c0 67       		.byte	0x67
 272 00c1 72010000 		.4byte	0x172
 273 00c5 A0       		.byte	0xa0
 274 00c6 08       		.uleb128 0x8
 275 00c7 8E010000 		.4byte	.LASF16
 276 00cb 03       		.byte	0x3
 277 00cc 68       		.byte	0x68
 278 00cd 77010000 		.4byte	0x177
 279 00d1 0001     		.2byte	0x100
 280 00d3 08       		.uleb128 0x8
 281 00d4 84000000 		.4byte	.LASF17
 282 00d8 03       		.byte	0x3
 283 00d9 69       		.byte	0x69
 284 00da 7C010000 		.4byte	0x17c
 285 00de 2001     		.2byte	0x120
ARM GAS  /tmp/ccc58n6P.s 			page 6


 286 00e0 08       		.uleb128 0x8
 287 00e1 05000000 		.4byte	.LASF18
 288 00e5 03       		.byte	0x3
 289 00e6 6A       		.byte	0x6a
 290 00e7 81010000 		.4byte	0x181
 291 00eb 8001     		.2byte	0x180
 292 00ed 08       		.uleb128 0x8
 293 00ee 8C000000 		.4byte	.LASF19
 294 00f2 03       		.byte	0x3
 295 00f3 6B       		.byte	0x6b
 296 00f4 86010000 		.4byte	0x186
 297 00f8 A001     		.2byte	0x1a0
 298 00fa 08       		.uleb128 0x8
 299 00fb 8A020000 		.4byte	.LASF20
 300 00ff 03       		.byte	0x3
 301 0100 6C       		.byte	0x6c
 302 0101 8B010000 		.4byte	0x18b
 303 0105 0002     		.2byte	0x200
 304 0107 08       		.uleb128 0x8
 305 0108 94000000 		.4byte	.LASF21
 306 010c 03       		.byte	0x3
 307 010d 6D       		.byte	0x6d
 308 010e A0010000 		.4byte	0x1a0
 309 0112 2002     		.2byte	0x220
 310 0114 09       		.uleb128 0x9
 311 0115 49505200 		.ascii	"IPR\000"
 312 0119 03       		.byte	0x3
 313 011a 6E       		.byte	0x6e
 314 011b B5010000 		.4byte	0x1b5
 315 011f 0003     		.2byte	0x300
 316 0121 08       		.uleb128 0x8
 317 0122 9C000000 		.4byte	.LASF22
 318 0126 03       		.byte	0x3
 319 0127 6F       		.byte	0x6f
 320 0128 CB010000 		.4byte	0x1cb
 321 012c F003     		.2byte	0x3f0
 322 012e 08       		.uleb128 0x8
 323 012f 72010000 		.4byte	.LASF23
 324 0133 03       		.byte	0x3
 325 0134 70       		.byte	0x70
 326 0135 7D000000 		.4byte	0x7d
 327 0139 000E     		.2byte	0xe00
 328 013b 00       		.byte	0
 329 013c 0A       		.uleb128 0xa
 330 013d 7D000000 		.4byte	0x7d
 331 0141 4C010000 		.4byte	0x14c
 332 0145 0B       		.uleb128 0xb
 333 0146 4C010000 		.4byte	0x14c
 334 014a 07       		.byte	0x7
 335 014b 00       		.byte	0
 336 014c 03       		.uleb128 0x3
 337 014d 04       		.byte	0x4
 338 014e 07       		.byte	0x7
 339 014f CF010000 		.4byte	.LASF24
 340 0153 05       		.uleb128 0x5
 341 0154 3C010000 		.4byte	0x13c
 342 0158 0A       		.uleb128 0xa
ARM GAS  /tmp/ccc58n6P.s 			page 7


 343 0159 7D000000 		.4byte	0x7d
 344 015d 68010000 		.4byte	0x168
 345 0161 0B       		.uleb128 0xb
 346 0162 4C010000 		.4byte	0x14c
 347 0166 17       		.byte	0x17
 348 0167 00       		.byte	0
 349 0168 05       		.uleb128 0x5
 350 0169 58010000 		.4byte	0x158
 351 016d 05       		.uleb128 0x5
 352 016e 3C010000 		.4byte	0x13c
 353 0172 05       		.uleb128 0x5
 354 0173 58010000 		.4byte	0x158
 355 0177 05       		.uleb128 0x5
 356 0178 3C010000 		.4byte	0x13c
 357 017c 05       		.uleb128 0x5
 358 017d 58010000 		.4byte	0x158
 359 0181 05       		.uleb128 0x5
 360 0182 3C010000 		.4byte	0x13c
 361 0186 05       		.uleb128 0x5
 362 0187 58010000 		.4byte	0x158
 363 018b 05       		.uleb128 0x5
 364 018c 3C010000 		.4byte	0x13c
 365 0190 0A       		.uleb128 0xa
 366 0191 7D000000 		.4byte	0x7d
 367 0195 A0010000 		.4byte	0x1a0
 368 0199 0B       		.uleb128 0xb
 369 019a 4C010000 		.4byte	0x14c
 370 019e 37       		.byte	0x37
 371 019f 00       		.byte	0
 372 01a0 05       		.uleb128 0x5
 373 01a1 90010000 		.4byte	0x190
 374 01a5 0A       		.uleb128 0xa
 375 01a6 7D000000 		.4byte	0x7d
 376 01aa B5010000 		.4byte	0x1b5
 377 01ae 0B       		.uleb128 0xb
 378 01af 4C010000 		.4byte	0x14c
 379 01b3 3B       		.byte	0x3b
 380 01b4 00       		.byte	0
 381 01b5 05       		.uleb128 0x5
 382 01b6 A5010000 		.4byte	0x1a5
 383 01ba 0A       		.uleb128 0xa
 384 01bb 7D000000 		.4byte	0x7d
 385 01bf CB010000 		.4byte	0x1cb
 386 01c3 0C       		.uleb128 0xc
 387 01c4 4C010000 		.4byte	0x14c
 388 01c8 8302     		.2byte	0x283
 389 01ca 00       		.byte	0
 390 01cb 05       		.uleb128 0x5
 391 01cc BA010000 		.4byte	0x1ba
 392 01d0 04       		.uleb128 0x4
 393 01d1 45000000 		.4byte	.LASF25
 394 01d5 03       		.byte	0x3
 395 01d6 71       		.byte	0x71
 396 01d7 8D000000 		.4byte	0x8d
 397 01db 0D       		.uleb128 0xd
 398 01dc 8C       		.byte	0x8c
 399 01dd 03       		.byte	0x3
ARM GAS  /tmp/ccc58n6P.s 			page 8


 400 01de 82       		.byte	0x82
 401 01df E0020000 		.4byte	0x2e0
 402 01e3 07       		.uleb128 0x7
 403 01e4 E6010000 		.4byte	.LASF26
 404 01e8 03       		.byte	0x3
 405 01e9 83       		.byte	0x83
 406 01ea 7D000000 		.4byte	0x7d
 407 01ee 00       		.byte	0
 408 01ef 07       		.uleb128 0x7
 409 01f0 AF010000 		.4byte	.LASF27
 410 01f4 03       		.byte	0x3
 411 01f5 84       		.byte	0x84
 412 01f6 7D000000 		.4byte	0x7d
 413 01fa 04       		.byte	0x4
 414 01fb 07       		.uleb128 0x7
 415 01fc 4E000000 		.4byte	.LASF28
 416 0200 03       		.byte	0x3
 417 0201 85       		.byte	0x85
 418 0202 7D000000 		.4byte	0x7d
 419 0206 08       		.byte	0x8
 420 0207 07       		.uleb128 0x7
 421 0208 BC010000 		.4byte	.LASF29
 422 020c 03       		.byte	0x3
 423 020d 86       		.byte	0x86
 424 020e 7D000000 		.4byte	0x7d
 425 0212 0C       		.byte	0xc
 426 0213 0E       		.uleb128 0xe
 427 0214 53435200 		.ascii	"SCR\000"
 428 0218 03       		.byte	0x3
 429 0219 87       		.byte	0x87
 430 021a 7D000000 		.4byte	0x7d
 431 021e 10       		.byte	0x10
 432 021f 0E       		.uleb128 0xe
 433 0220 43435200 		.ascii	"CCR\000"
 434 0224 03       		.byte	0x3
 435 0225 88       		.byte	0x88
 436 0226 7D000000 		.4byte	0x7d
 437 022a 14       		.byte	0x14
 438 022b 07       		.uleb128 0x7
 439 022c 5C020000 		.4byte	.LASF30
 440 0230 03       		.byte	0x3
 441 0231 89       		.byte	0x89
 442 0232 F0020000 		.4byte	0x2f0
 443 0236 18       		.byte	0x18
 444 0237 07       		.uleb128 0x7
 445 0238 44020000 		.4byte	.LASF31
 446 023c 03       		.byte	0x3
 447 023d 8A       		.byte	0x8a
 448 023e 7D000000 		.4byte	0x7d
 449 0242 24       		.byte	0x24
 450 0243 07       		.uleb128 0x7
 451 0244 B7000000 		.4byte	.LASF32
 452 0248 03       		.byte	0x3
 453 0249 8B       		.byte	0x8b
 454 024a 7D000000 		.4byte	0x7d
 455 024e 28       		.byte	0x28
 456 024f 07       		.uleb128 0x7
ARM GAS  /tmp/ccc58n6P.s 			page 9


 457 0250 55010000 		.4byte	.LASF33
 458 0254 03       		.byte	0x3
 459 0255 8C       		.byte	0x8c
 460 0256 7D000000 		.4byte	0x7d
 461 025a 2C       		.byte	0x2c
 462 025b 07       		.uleb128 0x7
 463 025c 93010000 		.4byte	.LASF34
 464 0260 03       		.byte	0x3
 465 0261 8D       		.byte	0x8d
 466 0262 7D000000 		.4byte	0x7d
 467 0266 30       		.byte	0x30
 468 0267 07       		.uleb128 0x7
 469 0268 FB010000 		.4byte	.LASF35
 470 026c 03       		.byte	0x3
 471 026d 8E       		.byte	0x8e
 472 026e 7D000000 		.4byte	0x7d
 473 0272 34       		.byte	0x34
 474 0273 07       		.uleb128 0x7
 475 0274 C2010000 		.4byte	.LASF36
 476 0278 03       		.byte	0x3
 477 0279 8F       		.byte	0x8f
 478 027a 7D000000 		.4byte	0x7d
 479 027e 38       		.byte	0x38
 480 027f 07       		.uleb128 0x7
 481 0280 F6010000 		.4byte	.LASF37
 482 0284 03       		.byte	0x3
 483 0285 90       		.byte	0x90
 484 0286 7D000000 		.4byte	0x7d
 485 028a 3C       		.byte	0x3c
 486 028b 0E       		.uleb128 0xe
 487 028c 50465200 		.ascii	"PFR\000"
 488 0290 03       		.byte	0x3
 489 0291 91       		.byte	0x91
 490 0292 05030000 		.4byte	0x305
 491 0296 40       		.byte	0x40
 492 0297 0E       		.uleb128 0xe
 493 0298 44465200 		.ascii	"DFR\000"
 494 029c 03       		.byte	0x3
 495 029d 92       		.byte	0x92
 496 029e 7D000000 		.4byte	0x7d
 497 02a2 48       		.byte	0x48
 498 02a3 0E       		.uleb128 0xe
 499 02a4 41445200 		.ascii	"ADR\000"
 500 02a8 03       		.byte	0x3
 501 02a9 93       		.byte	0x93
 502 02aa 7D000000 		.4byte	0x7d
 503 02ae 4C       		.byte	0x4c
 504 02af 07       		.uleb128 0x7
 505 02b0 0A000000 		.4byte	.LASF38
 506 02b4 03       		.byte	0x3
 507 02b5 94       		.byte	0x94
 508 02b6 1A030000 		.4byte	0x31a
 509 02ba 50       		.byte	0x50
 510 02bb 0E       		.uleb128 0xe
 511 02bc 53415200 		.ascii	"SAR\000"
 512 02c0 03       		.byte	0x3
 513 02c1 95       		.byte	0x95
ARM GAS  /tmp/ccc58n6P.s 			page 10


 514 02c2 2F030000 		.4byte	0x32f
 515 02c6 60       		.byte	0x60
 516 02c7 07       		.uleb128 0x7
 517 02c8 74000000 		.4byte	.LASF13
 518 02cc 03       		.byte	0x3
 519 02cd 96       		.byte	0x96
 520 02ce 34030000 		.4byte	0x334
 521 02d2 74       		.byte	0x74
 522 02d3 07       		.uleb128 0x7
 523 02d4 6C010000 		.4byte	.LASF39
 524 02d8 03       		.byte	0x3
 525 02d9 97       		.byte	0x97
 526 02da 7D000000 		.4byte	0x7d
 527 02de 88       		.byte	0x88
 528 02df 00       		.byte	0
 529 02e0 0A       		.uleb128 0xa
 530 02e1 7D000000 		.4byte	0x7d
 531 02e5 F0020000 		.4byte	0x2f0
 532 02e9 0B       		.uleb128 0xb
 533 02ea 4C010000 		.4byte	0x14c
 534 02ee 02       		.byte	0x2
 535 02ef 00       		.byte	0
 536 02f0 05       		.uleb128 0x5
 537 02f1 E0020000 		.4byte	0x2e0
 538 02f5 0A       		.uleb128 0xa
 539 02f6 7D000000 		.4byte	0x7d
 540 02fa 05030000 		.4byte	0x305
 541 02fe 0B       		.uleb128 0xb
 542 02ff 4C010000 		.4byte	0x14c
 543 0303 01       		.byte	0x1
 544 0304 00       		.byte	0
 545 0305 05       		.uleb128 0x5
 546 0306 F5020000 		.4byte	0x2f5
 547 030a 0A       		.uleb128 0xa
 548 030b 7D000000 		.4byte	0x7d
 549 030f 1A030000 		.4byte	0x31a
 550 0313 0B       		.uleb128 0xb
 551 0314 4C010000 		.4byte	0x14c
 552 0318 03       		.byte	0x3
 553 0319 00       		.byte	0
 554 031a 05       		.uleb128 0x5
 555 031b 0A030000 		.4byte	0x30a
 556 031f 0A       		.uleb128 0xa
 557 0320 7D000000 		.4byte	0x7d
 558 0324 2F030000 		.4byte	0x32f
 559 0328 0B       		.uleb128 0xb
 560 0329 4C010000 		.4byte	0x14c
 561 032d 04       		.byte	0x4
 562 032e 00       		.byte	0
 563 032f 05       		.uleb128 0x5
 564 0330 1F030000 		.4byte	0x31f
 565 0334 05       		.uleb128 0x5
 566 0335 1F030000 		.4byte	0x31f
 567 0339 04       		.uleb128 0x4
 568 033a B4010000 		.4byte	.LASF40
 569 033e 03       		.byte	0x3
 570 033f 98       		.byte	0x98
ARM GAS  /tmp/ccc58n6P.s 			page 11


 571 0340 DB010000 		.4byte	0x1db
 572 0344 03       		.uleb128 0x3
 573 0345 01       		.byte	0x1
 574 0346 08       		.byte	0x8
 575 0347 EC010000 		.4byte	.LASF41
 576 034b 0F       		.uleb128 0xf
 577 034c 8F020000 		.4byte	.LASF43
 578 0350 01       		.byte	0x1
 579 0351 27       		.byte	0x27
 580 0352 00000000 		.4byte	.LFB7
 581 0356 46000000 		.4byte	.LFE7-.LFB7
 582 035a 01       		.uleb128 0x1
 583 035b 9C       		.byte	0x9c
 584 035c 8B030000 		.4byte	0x38b
 585 0360 10       		.uleb128 0x10
 586 0361 6E00     		.ascii	"n\000"
 587 0363 01       		.byte	0x1
 588 0364 27       		.byte	0x27
 589 0365 56000000 		.4byte	0x56
 590 0369 00000000 		.4byte	.LLST0
 591 036d 11       		.uleb128 0x11
 592 036e 00000000 		.4byte	.LASF42
 593 0372 01       		.byte	0x1
 594 0373 27       		.byte	0x27
 595 0374 56000000 		.4byte	0x56
 596 0378 21000000 		.4byte	.LLST1
 597 037c 12       		.uleb128 0x12
 598 037d 736800   		.ascii	"sh\000"
 599 0380 01       		.byte	0x1
 600 0381 28       		.byte	0x28
 601 0382 2C000000 		.4byte	0x2c
 602 0386 42000000 		.4byte	.LLST2
 603 038a 00       		.byte	0
 604 038b 0F       		.uleb128 0xf
 605 038c 33000000 		.4byte	.LASF44
 606 0390 01       		.byte	0x1
 607 0391 35       		.byte	0x35
 608 0392 00000000 		.4byte	.LFB8
 609 0396 44000000 		.4byte	.LFE8-.LFB8
 610 039a 01       		.uleb128 0x1
 611 039b 9C       		.byte	0x9c
 612 039c BC030000 		.4byte	0x3bc
 613 03a0 10       		.uleb128 0x10
 614 03a1 6E00     		.ascii	"n\000"
 615 03a3 01       		.byte	0x1
 616 03a4 35       		.byte	0x35
 617 03a5 56000000 		.4byte	0x56
 618 03a9 89000000 		.4byte	.LLST3
 619 03ad 12       		.uleb128 0x12
 620 03ae 736800   		.ascii	"sh\000"
 621 03b1 01       		.byte	0x1
 622 03b2 36       		.byte	0x36
 623 03b3 2C000000 		.4byte	0x2c
 624 03b7 AA000000 		.4byte	.LLST4
 625 03bb 00       		.byte	0
 626 03bc 13       		.uleb128 0x13
 627 03bd 6D020000 		.4byte	.LASF49
ARM GAS  /tmp/ccc58n6P.s 			page 12


 628 03c1 01       		.byte	0x1
 629 03c2 43       		.byte	0x43
 630 03c3 00000000 		.4byte	.LFB9
 631 03c7 24000000 		.4byte	.LFE9-.LFB9
 632 03cb 01       		.uleb128 0x1
 633 03cc 9C       		.byte	0x9c
 634 03cd 11       		.uleb128 0x11
 635 03ce C7010000 		.4byte	.LASF45
 636 03d2 01       		.byte	0x1
 637 03d3 43       		.byte	0x43
 638 03d4 56000000 		.4byte	0x56
 639 03d8 F1000000 		.4byte	.LLST5
 640 03dc 11       		.uleb128 0x11
 641 03dd 00000000 		.4byte	.LASF42
 642 03e1 01       		.byte	0x1
 643 03e2 43       		.byte	0x43
 644 03e3 56000000 		.4byte	0x56
 645 03e7 12010000 		.4byte	.LLST6
 646 03eb 12       		.uleb128 0x12
 647 03ec 736800   		.ascii	"sh\000"
 648 03ef 01       		.byte	0x1
 649 03f0 44       		.byte	0x44
 650 03f1 2C000000 		.4byte	0x2c
 651 03f5 33010000 		.4byte	.LLST7
 652 03f9 00       		.byte	0
 653 03fa 00       		.byte	0
 654              		.section	.debug_abbrev,"",%progbits
 655              	.Ldebug_abbrev0:
 656 0000 01       		.uleb128 0x1
 657 0001 11       		.uleb128 0x11
 658 0002 01       		.byte	0x1
 659 0003 25       		.uleb128 0x25
 660 0004 0E       		.uleb128 0xe
 661 0005 13       		.uleb128 0x13
 662 0006 0B       		.uleb128 0xb
 663 0007 03       		.uleb128 0x3
 664 0008 0E       		.uleb128 0xe
 665 0009 1B       		.uleb128 0x1b
 666 000a 0E       		.uleb128 0xe
 667 000b 55       		.uleb128 0x55
 668 000c 17       		.uleb128 0x17
 669 000d 11       		.uleb128 0x11
 670 000e 01       		.uleb128 0x1
 671 000f 10       		.uleb128 0x10
 672 0010 17       		.uleb128 0x17
 673 0011 00       		.byte	0
 674 0012 00       		.byte	0
 675 0013 02       		.uleb128 0x2
 676 0014 24       		.uleb128 0x24
 677 0015 00       		.byte	0
 678 0016 0B       		.uleb128 0xb
 679 0017 0B       		.uleb128 0xb
 680 0018 3E       		.uleb128 0x3e
 681 0019 0B       		.uleb128 0xb
 682 001a 03       		.uleb128 0x3
 683 001b 08       		.uleb128 0x8
 684 001c 00       		.byte	0
ARM GAS  /tmp/ccc58n6P.s 			page 13


 685 001d 00       		.byte	0
 686 001e 03       		.uleb128 0x3
 687 001f 24       		.uleb128 0x24
 688 0020 00       		.byte	0
 689 0021 0B       		.uleb128 0xb
 690 0022 0B       		.uleb128 0xb
 691 0023 3E       		.uleb128 0x3e
 692 0024 0B       		.uleb128 0xb
 693 0025 03       		.uleb128 0x3
 694 0026 0E       		.uleb128 0xe
 695 0027 00       		.byte	0
 696 0028 00       		.byte	0
 697 0029 04       		.uleb128 0x4
 698 002a 16       		.uleb128 0x16
 699 002b 00       		.byte	0
 700 002c 03       		.uleb128 0x3
 701 002d 0E       		.uleb128 0xe
 702 002e 3A       		.uleb128 0x3a
 703 002f 0B       		.uleb128 0xb
 704 0030 3B       		.uleb128 0x3b
 705 0031 0B       		.uleb128 0xb
 706 0032 49       		.uleb128 0x49
 707 0033 13       		.uleb128 0x13
 708 0034 00       		.byte	0
 709 0035 00       		.byte	0
 710 0036 05       		.uleb128 0x5
 711 0037 35       		.uleb128 0x35
 712 0038 00       		.byte	0
 713 0039 49       		.uleb128 0x49
 714 003a 13       		.uleb128 0x13
 715 003b 00       		.byte	0
 716 003c 00       		.byte	0
 717 003d 06       		.uleb128 0x6
 718 003e 13       		.uleb128 0x13
 719 003f 01       		.byte	0x1
 720 0040 0B       		.uleb128 0xb
 721 0041 05       		.uleb128 0x5
 722 0042 3A       		.uleb128 0x3a
 723 0043 0B       		.uleb128 0xb
 724 0044 3B       		.uleb128 0x3b
 725 0045 0B       		.uleb128 0xb
 726 0046 01       		.uleb128 0x1
 727 0047 13       		.uleb128 0x13
 728 0048 00       		.byte	0
 729 0049 00       		.byte	0
 730 004a 07       		.uleb128 0x7
 731 004b 0D       		.uleb128 0xd
 732 004c 00       		.byte	0
 733 004d 03       		.uleb128 0x3
 734 004e 0E       		.uleb128 0xe
 735 004f 3A       		.uleb128 0x3a
 736 0050 0B       		.uleb128 0xb
 737 0051 3B       		.uleb128 0x3b
 738 0052 0B       		.uleb128 0xb
 739 0053 49       		.uleb128 0x49
 740 0054 13       		.uleb128 0x13
 741 0055 38       		.uleb128 0x38
ARM GAS  /tmp/ccc58n6P.s 			page 14


 742 0056 0B       		.uleb128 0xb
 743 0057 00       		.byte	0
 744 0058 00       		.byte	0
 745 0059 08       		.uleb128 0x8
 746 005a 0D       		.uleb128 0xd
 747 005b 00       		.byte	0
 748 005c 03       		.uleb128 0x3
 749 005d 0E       		.uleb128 0xe
 750 005e 3A       		.uleb128 0x3a
 751 005f 0B       		.uleb128 0xb
 752 0060 3B       		.uleb128 0x3b
 753 0061 0B       		.uleb128 0xb
 754 0062 49       		.uleb128 0x49
 755 0063 13       		.uleb128 0x13
 756 0064 38       		.uleb128 0x38
 757 0065 05       		.uleb128 0x5
 758 0066 00       		.byte	0
 759 0067 00       		.byte	0
 760 0068 09       		.uleb128 0x9
 761 0069 0D       		.uleb128 0xd
 762 006a 00       		.byte	0
 763 006b 03       		.uleb128 0x3
 764 006c 08       		.uleb128 0x8
 765 006d 3A       		.uleb128 0x3a
 766 006e 0B       		.uleb128 0xb
 767 006f 3B       		.uleb128 0x3b
 768 0070 0B       		.uleb128 0xb
 769 0071 49       		.uleb128 0x49
 770 0072 13       		.uleb128 0x13
 771 0073 38       		.uleb128 0x38
 772 0074 05       		.uleb128 0x5
 773 0075 00       		.byte	0
 774 0076 00       		.byte	0
 775 0077 0A       		.uleb128 0xa
 776 0078 01       		.uleb128 0x1
 777 0079 01       		.byte	0x1
 778 007a 49       		.uleb128 0x49
 779 007b 13       		.uleb128 0x13
 780 007c 01       		.uleb128 0x1
 781 007d 13       		.uleb128 0x13
 782 007e 00       		.byte	0
 783 007f 00       		.byte	0
 784 0080 0B       		.uleb128 0xb
 785 0081 21       		.uleb128 0x21
 786 0082 00       		.byte	0
 787 0083 49       		.uleb128 0x49
 788 0084 13       		.uleb128 0x13
 789 0085 2F       		.uleb128 0x2f
 790 0086 0B       		.uleb128 0xb
 791 0087 00       		.byte	0
 792 0088 00       		.byte	0
 793 0089 0C       		.uleb128 0xc
 794 008a 21       		.uleb128 0x21
 795 008b 00       		.byte	0
 796 008c 49       		.uleb128 0x49
 797 008d 13       		.uleb128 0x13
 798 008e 2F       		.uleb128 0x2f
ARM GAS  /tmp/ccc58n6P.s 			page 15


 799 008f 05       		.uleb128 0x5
 800 0090 00       		.byte	0
 801 0091 00       		.byte	0
 802 0092 0D       		.uleb128 0xd
 803 0093 13       		.uleb128 0x13
 804 0094 01       		.byte	0x1
 805 0095 0B       		.uleb128 0xb
 806 0096 0B       		.uleb128 0xb
 807 0097 3A       		.uleb128 0x3a
 808 0098 0B       		.uleb128 0xb
 809 0099 3B       		.uleb128 0x3b
 810 009a 0B       		.uleb128 0xb
 811 009b 01       		.uleb128 0x1
 812 009c 13       		.uleb128 0x13
 813 009d 00       		.byte	0
 814 009e 00       		.byte	0
 815 009f 0E       		.uleb128 0xe
 816 00a0 0D       		.uleb128 0xd
 817 00a1 00       		.byte	0
 818 00a2 03       		.uleb128 0x3
 819 00a3 08       		.uleb128 0x8
 820 00a4 3A       		.uleb128 0x3a
 821 00a5 0B       		.uleb128 0xb
 822 00a6 3B       		.uleb128 0x3b
 823 00a7 0B       		.uleb128 0xb
 824 00a8 49       		.uleb128 0x49
 825 00a9 13       		.uleb128 0x13
 826 00aa 38       		.uleb128 0x38
 827 00ab 0B       		.uleb128 0xb
 828 00ac 00       		.byte	0
 829 00ad 00       		.byte	0
 830 00ae 0F       		.uleb128 0xf
 831 00af 2E       		.uleb128 0x2e
 832 00b0 01       		.byte	0x1
 833 00b1 3F       		.uleb128 0x3f
 834 00b2 19       		.uleb128 0x19
 835 00b3 03       		.uleb128 0x3
 836 00b4 0E       		.uleb128 0xe
 837 00b5 3A       		.uleb128 0x3a
 838 00b6 0B       		.uleb128 0xb
 839 00b7 3B       		.uleb128 0x3b
 840 00b8 0B       		.uleb128 0xb
 841 00b9 27       		.uleb128 0x27
 842 00ba 19       		.uleb128 0x19
 843 00bb 11       		.uleb128 0x11
 844 00bc 01       		.uleb128 0x1
 845 00bd 12       		.uleb128 0x12
 846 00be 06       		.uleb128 0x6
 847 00bf 40       		.uleb128 0x40
 848 00c0 18       		.uleb128 0x18
 849 00c1 9742     		.uleb128 0x2117
 850 00c3 19       		.uleb128 0x19
 851 00c4 01       		.uleb128 0x1
 852 00c5 13       		.uleb128 0x13
 853 00c6 00       		.byte	0
 854 00c7 00       		.byte	0
 855 00c8 10       		.uleb128 0x10
ARM GAS  /tmp/ccc58n6P.s 			page 16


 856 00c9 05       		.uleb128 0x5
 857 00ca 00       		.byte	0
 858 00cb 03       		.uleb128 0x3
 859 00cc 08       		.uleb128 0x8
 860 00cd 3A       		.uleb128 0x3a
 861 00ce 0B       		.uleb128 0xb
 862 00cf 3B       		.uleb128 0x3b
 863 00d0 0B       		.uleb128 0xb
 864 00d1 49       		.uleb128 0x49
 865 00d2 13       		.uleb128 0x13
 866 00d3 02       		.uleb128 0x2
 867 00d4 17       		.uleb128 0x17
 868 00d5 00       		.byte	0
 869 00d6 00       		.byte	0
 870 00d7 11       		.uleb128 0x11
 871 00d8 05       		.uleb128 0x5
 872 00d9 00       		.byte	0
 873 00da 03       		.uleb128 0x3
 874 00db 0E       		.uleb128 0xe
 875 00dc 3A       		.uleb128 0x3a
 876 00dd 0B       		.uleb128 0xb
 877 00de 3B       		.uleb128 0x3b
 878 00df 0B       		.uleb128 0xb
 879 00e0 49       		.uleb128 0x49
 880 00e1 13       		.uleb128 0x13
 881 00e2 02       		.uleb128 0x2
 882 00e3 17       		.uleb128 0x17
 883 00e4 00       		.byte	0
 884 00e5 00       		.byte	0
 885 00e6 12       		.uleb128 0x12
 886 00e7 34       		.uleb128 0x34
 887 00e8 00       		.byte	0
 888 00e9 03       		.uleb128 0x3
 889 00ea 08       		.uleb128 0x8
 890 00eb 3A       		.uleb128 0x3a
 891 00ec 0B       		.uleb128 0xb
 892 00ed 3B       		.uleb128 0x3b
 893 00ee 0B       		.uleb128 0xb
 894 00ef 49       		.uleb128 0x49
 895 00f0 13       		.uleb128 0x13
 896 00f1 02       		.uleb128 0x2
 897 00f2 17       		.uleb128 0x17
 898 00f3 00       		.byte	0
 899 00f4 00       		.byte	0
 900 00f5 13       		.uleb128 0x13
 901 00f6 2E       		.uleb128 0x2e
 902 00f7 01       		.byte	0x1
 903 00f8 3F       		.uleb128 0x3f
 904 00f9 19       		.uleb128 0x19
 905 00fa 03       		.uleb128 0x3
 906 00fb 0E       		.uleb128 0xe
 907 00fc 3A       		.uleb128 0x3a
 908 00fd 0B       		.uleb128 0xb
 909 00fe 3B       		.uleb128 0x3b
 910 00ff 0B       		.uleb128 0xb
 911 0100 27       		.uleb128 0x27
 912 0101 19       		.uleb128 0x19
ARM GAS  /tmp/ccc58n6P.s 			page 17


 913 0102 11       		.uleb128 0x11
 914 0103 01       		.uleb128 0x1
 915 0104 12       		.uleb128 0x12
 916 0105 06       		.uleb128 0x6
 917 0106 40       		.uleb128 0x40
 918 0107 18       		.uleb128 0x18
 919 0108 9742     		.uleb128 0x2117
 920 010a 19       		.uleb128 0x19
 921 010b 00       		.byte	0
 922 010c 00       		.byte	0
 923 010d 00       		.byte	0
 924              		.section	.debug_loc,"",%progbits
 925              	.Ldebug_loc0:
 926              	.LLST0:
 927 0000 00000000 		.4byte	.LVL0
 928 0004 28000000 		.4byte	.LVL4
 929 0008 0100     		.2byte	0x1
 930 000a 50       		.byte	0x50
 931 000b 28000000 		.4byte	.LVL4
 932 000f 46000000 		.4byte	.LFE7
 933 0013 0400     		.2byte	0x4
 934 0015 F3       		.byte	0xf3
 935 0016 01       		.uleb128 0x1
 936 0017 50       		.byte	0x50
 937 0018 9F       		.byte	0x9f
 938 0019 00000000 		.4byte	0
 939 001d 00000000 		.4byte	0
 940              	.LLST1:
 941 0021 00000000 		.4byte	.LVL0
 942 0025 0E000000 		.4byte	.LVL2
 943 0029 0100     		.2byte	0x1
 944 002b 51       		.byte	0x51
 945 002c 0E000000 		.4byte	.LVL2
 946 0030 46000000 		.4byte	.LFE7
 947 0034 0400     		.2byte	0x4
 948 0036 F3       		.byte	0xf3
 949 0037 01       		.uleb128 0x1
 950 0038 51       		.byte	0x51
 951 0039 9F       		.byte	0x9f
 952 003a 00000000 		.4byte	0
 953 003e 00000000 		.4byte	0
 954              	.LLST2:
 955 0042 00000000 		.4byte	.LVL0
 956 0046 08000000 		.4byte	.LVL1
 957 004a 0700     		.2byte	0x7
 958 004c 70       		.byte	0x70
 959 004d 00       		.sleb128 0
 960 004e 33       		.byte	0x33
 961 004f 1A       		.byte	0x1a
 962 0050 33       		.byte	0x33
 963 0051 24       		.byte	0x24
 964 0052 9F       		.byte	0x9f
 965 0053 08000000 		.4byte	.LVL1
 966 0057 14000000 		.4byte	.LVL3
 967 005b 0100     		.2byte	0x1
 968 005d 53       		.byte	0x53
 969 005e 14000000 		.4byte	.LVL3
ARM GAS  /tmp/ccc58n6P.s 			page 18


 970 0062 28000000 		.4byte	.LVL4
 971 0066 0700     		.2byte	0x7
 972 0068 70       		.byte	0x70
 973 0069 00       		.sleb128 0
 974 006a 33       		.byte	0x33
 975 006b 1A       		.byte	0x1a
 976 006c 33       		.byte	0x33
 977 006d 24       		.byte	0x24
 978 006e 9F       		.byte	0x9f
 979 006f 28000000 		.4byte	.LVL4
 980 0073 46000000 		.4byte	.LFE7
 981 0077 0800     		.2byte	0x8
 982 0079 F3       		.byte	0xf3
 983 007a 01       		.uleb128 0x1
 984 007b 50       		.byte	0x50
 985 007c 33       		.byte	0x33
 986 007d 1A       		.byte	0x1a
 987 007e 33       		.byte	0x33
 988 007f 24       		.byte	0x24
 989 0080 9F       		.byte	0x9f
 990 0081 00000000 		.4byte	0
 991 0085 00000000 		.4byte	0
 992              	.LLST3:
 993 0089 00000000 		.4byte	.LVL5
 994 008d 20000000 		.4byte	.LVL8
 995 0091 0100     		.2byte	0x1
 996 0093 50       		.byte	0x50
 997 0094 20000000 		.4byte	.LVL8
 998 0098 44000000 		.4byte	.LFE8
 999 009c 0400     		.2byte	0x4
 1000 009e F3       		.byte	0xf3
 1001 009f 01       		.uleb128 0x1
 1002 00a0 50       		.byte	0x50
 1003 00a1 9F       		.byte	0x9f
 1004 00a2 00000000 		.4byte	0
 1005 00a6 00000000 		.4byte	0
 1006              	.LLST4:
 1007 00aa 00000000 		.4byte	.LVL5
 1008 00ae 12000000 		.4byte	.LVL6
 1009 00b2 0700     		.2byte	0x7
 1010 00b4 70       		.byte	0x70
 1011 00b5 00       		.sleb128 0
 1012 00b6 33       		.byte	0x33
 1013 00b7 1A       		.byte	0x1a
 1014 00b8 33       		.byte	0x33
 1015 00b9 24       		.byte	0x24
 1016 00ba 9F       		.byte	0x9f
 1017 00bb 12000000 		.4byte	.LVL6
 1018 00bf 16000000 		.4byte	.LVL7
 1019 00c3 0100     		.2byte	0x1
 1020 00c5 51       		.byte	0x51
 1021 00c6 16000000 		.4byte	.LVL7
 1022 00ca 20000000 		.4byte	.LVL8
 1023 00ce 0700     		.2byte	0x7
 1024 00d0 70       		.byte	0x70
 1025 00d1 00       		.sleb128 0
 1026 00d2 33       		.byte	0x33
ARM GAS  /tmp/ccc58n6P.s 			page 19


 1027 00d3 1A       		.byte	0x1a
 1028 00d4 33       		.byte	0x33
 1029 00d5 24       		.byte	0x24
 1030 00d6 9F       		.byte	0x9f
 1031 00d7 20000000 		.4byte	.LVL8
 1032 00db 44000000 		.4byte	.LFE8
 1033 00df 0800     		.2byte	0x8
 1034 00e1 F3       		.byte	0xf3
 1035 00e2 01       		.uleb128 0x1
 1036 00e3 50       		.byte	0x50
 1037 00e4 33       		.byte	0x33
 1038 00e5 1A       		.byte	0x1a
 1039 00e6 33       		.byte	0x33
 1040 00e7 24       		.byte	0x24
 1041 00e8 9F       		.byte	0x9f
 1042 00e9 00000000 		.4byte	0
 1043 00ed 00000000 		.4byte	0
 1044              	.LLST5:
 1045 00f1 00000000 		.4byte	.LVL9
 1046 00f5 10000000 		.4byte	.LVL12
 1047 00f9 0100     		.2byte	0x1
 1048 00fb 50       		.byte	0x50
 1049 00fc 10000000 		.4byte	.LVL12
 1050 0100 24000000 		.4byte	.LFE9
 1051 0104 0400     		.2byte	0x4
 1052 0106 F3       		.byte	0xf3
 1053 0107 01       		.uleb128 0x1
 1054 0108 50       		.byte	0x50
 1055 0109 9F       		.byte	0x9f
 1056 010a 00000000 		.4byte	0
 1057 010e 00000000 		.4byte	0
 1058              	.LLST6:
 1059 0112 00000000 		.4byte	.LVL9
 1060 0116 0C000000 		.4byte	.LVL11
 1061 011a 0100     		.2byte	0x1
 1062 011c 51       		.byte	0x51
 1063 011d 0C000000 		.4byte	.LVL11
 1064 0121 24000000 		.4byte	.LFE9
 1065 0125 0400     		.2byte	0x4
 1066 0127 F3       		.byte	0xf3
 1067 0128 01       		.uleb128 0x1
 1068 0129 51       		.byte	0x51
 1069 012a 9F       		.byte	0x9f
 1070 012b 00000000 		.4byte	0
 1071 012f 00000000 		.4byte	0
 1072              	.LLST7:
 1073 0133 00000000 		.4byte	.LVL9
 1074 0137 06000000 		.4byte	.LVL10
 1075 013b 0700     		.2byte	0x7
 1076 013d 70       		.byte	0x70
 1077 013e 00       		.sleb128 0
 1078 013f 33       		.byte	0x33
 1079 0140 1A       		.byte	0x1a
 1080 0141 33       		.byte	0x33
 1081 0142 24       		.byte	0x24
 1082 0143 9F       		.byte	0x9f
 1083 0144 06000000 		.4byte	.LVL10
ARM GAS  /tmp/ccc58n6P.s 			page 20


 1084 0148 1A000000 		.4byte	.LVL13
 1085 014c 0100     		.2byte	0x1
 1086 014e 53       		.byte	0x53
 1087 014f 1A000000 		.4byte	.LVL13
 1088 0153 24000000 		.4byte	.LFE9
 1089 0157 0800     		.2byte	0x8
 1090 0159 F3       		.byte	0xf3
 1091 015a 01       		.uleb128 0x1
 1092 015b 50       		.byte	0x50
 1093 015c 33       		.byte	0x33
 1094 015d 1A       		.byte	0x1a
 1095 015e 33       		.byte	0x33
 1096 015f 24       		.byte	0x24
 1097 0160 9F       		.byte	0x9f
 1098 0161 00000000 		.4byte	0
 1099 0165 00000000 		.4byte	0
 1100              		.section	.debug_aranges,"",%progbits
 1101 0000 2C000000 		.4byte	0x2c
 1102 0004 0200     		.2byte	0x2
 1103 0006 00000000 		.4byte	.Ldebug_info0
 1104 000a 04       		.byte	0x4
 1105 000b 00       		.byte	0
 1106 000c 0000     		.2byte	0
 1107 000e 0000     		.2byte	0
 1108 0010 00000000 		.4byte	.LFB7
 1109 0014 46000000 		.4byte	.LFE7-.LFB7
 1110 0018 00000000 		.4byte	.LFB8
 1111 001c 44000000 		.4byte	.LFE8-.LFB8
 1112 0020 00000000 		.4byte	.LFB9
 1113 0024 24000000 		.4byte	.LFE9-.LFB9
 1114 0028 00000000 		.4byte	0
 1115 002c 00000000 		.4byte	0
 1116              		.section	.debug_ranges,"",%progbits
 1117              	.Ldebug_ranges0:
 1118 0000 00000000 		.4byte	.LFB7
 1119 0004 46000000 		.4byte	.LFE7
 1120 0008 00000000 		.4byte	.LFB8
 1121 000c 44000000 		.4byte	.LFE8
 1122 0010 00000000 		.4byte	.LFB9
 1123 0014 24000000 		.4byte	.LFE9
 1124 0018 00000000 		.4byte	0
 1125 001c 00000000 		.4byte	0
 1126              		.section	.debug_line,"",%progbits
 1127              	.Ldebug_line0:
 1128 0000 D3000000 		.section	.debug_str,"MS",%progbits,1
 1128      02008400 
 1128      00000201 
 1128      FB0E0D00 
 1128      01010101 
 1129              	.LASF42:
 1130 0000 7072696F 		.ascii	"prio\000"
 1130      00
 1131              	.LASF18:
 1132 0005 49435052 		.ascii	"ICPR\000"
 1132      00
 1133              	.LASF38:
 1134 000a 4D4D4652 		.ascii	"MMFR\000"
ARM GAS  /tmp/ccc58n6P.s 			page 21


 1134      00
 1135              	.LASF47:
 1136 000f 2E2E2F2E 		.ascii	"../../os/ports/common/ARMCMx/nvic.c\000"
 1136      2E2F6F73 
 1136      2F706F72 
 1136      74732F63 
 1136      6F6D6D6F 
 1137              	.LASF44:
 1138 0033 6E766963 		.ascii	"nvicDisableVector\000"
 1138      44697361 
 1138      626C6556 
 1138      6563746F 
 1138      7200
 1139              	.LASF25:
 1140 0045 434D785F 		.ascii	"CMx_NVIC\000"
 1140      4E564943 
 1140      00
 1141              	.LASF28:
 1142 004e 56544F52 		.ascii	"VTOR\000"
 1142      00
 1143              	.LASF9:
 1144 0053 5F426F6F 		.ascii	"_Bool\000"
 1144      6C00
 1145              	.LASF14:
 1146 0059 49434552 		.ascii	"ICER\000"
 1146      00
 1147              	.LASF11:
 1148 005e 494F5245 		.ascii	"IOREG32\000"
 1148      47333200 
 1149              	.LASF2:
 1150 0066 756E7369 		.ascii	"unsigned char\000"
 1150      676E6564 
 1150      20636861 
 1150      7200
 1151              	.LASF13:
 1152 0074 756E7573 		.ascii	"unused1\000"
 1152      65643100 
 1153              	.LASF15:
 1154 007c 756E7573 		.ascii	"unused2\000"
 1154      65643200 
 1155              	.LASF17:
 1156 0084 756E7573 		.ascii	"unused3\000"
 1156      65643300 
 1157              	.LASF19:
 1158 008c 756E7573 		.ascii	"unused4\000"
 1158      65643400 
 1159              	.LASF21:
 1160 0094 756E7573 		.ascii	"unused5\000"
 1160      65643500 
 1161              	.LASF22:
 1162 009c 756E7573 		.ascii	"unused6\000"
 1162      65643600 
 1163              	.LASF4:
 1164 00a4 73686F72 		.ascii	"short unsigned int\000"
 1164      7420756E 
 1164      7369676E 
 1164      65642069 
ARM GAS  /tmp/ccc58n6P.s 			page 22


 1164      6E7400
 1165              	.LASF32:
 1166 00b7 43465352 		.ascii	"CFSR\000"
 1166      00
 1167              	.LASF46:
 1168 00bc 474E5520 		.ascii	"GNU C 4.8.1 -mcpu=cortex-m3 -mno-thumb-interwork -m"
 1168      4320342E 
 1168      382E3120 
 1168      2D6D6370 
 1168      753D636F 
 1169 00ef 7468756D 		.ascii	"thumb -mfloat-abi=soft -ggdb -O2 -fomit-frame-point"
 1169      62202D6D 
 1169      666C6F61 
 1169      742D6162 
 1169      693D736F 
 1170 0122 6572202D 		.ascii	"er -ffunction-sections -fdata-sections -fno-common\000"
 1170      6666756E 
 1170      6374696F 
 1170      6E2D7365 
 1170      6374696F 
 1171              	.LASF33:
 1172 0155 48465352 		.ascii	"HFSR\000"
 1172      00
 1173              	.LASF6:
 1174 015a 6C6F6E67 		.ascii	"long unsigned int\000"
 1174      20756E73 
 1174      69676E65 
 1174      6420696E 
 1174      7400
 1175              	.LASF39:
 1176 016c 43504143 		.ascii	"CPACR\000"
 1176      5200
 1177              	.LASF23:
 1178 0172 53544952 		.ascii	"STIR\000"
 1178      00
 1179              	.LASF3:
 1180 0177 73686F72 		.ascii	"short int\000"
 1180      7420696E 
 1180      7400
 1181              	.LASF0:
 1182 0181 756E7369 		.ascii	"unsigned int\000"
 1182      676E6564 
 1182      20696E74 
 1182      00
 1183              	.LASF16:
 1184 018e 49535052 		.ascii	"ISPR\000"
 1184      00
 1185              	.LASF34:
 1186 0193 44465352 		.ascii	"DFSR\000"
 1186      00
 1187              	.LASF8:
 1188 0198 6C6F6E67 		.ascii	"long long unsigned int\000"
 1188      206C6F6E 
 1188      6720756E 
 1188      7369676E 
 1188      65642069 
 1189              	.LASF27:
ARM GAS  /tmp/ccc58n6P.s 			page 23


 1190 01af 49435352 		.ascii	"ICSR\000"
 1190      00
 1191              	.LASF40:
 1192 01b4 434D785F 		.ascii	"CMx_SCB\000"
 1192      53434200 
 1193              	.LASF29:
 1194 01bc 41495243 		.ascii	"AIRCR\000"
 1194      5200
 1195              	.LASF36:
 1196 01c2 42464152 		.ascii	"BFAR\000"
 1196      00
 1197              	.LASF45:
 1198 01c7 68616E64 		.ascii	"handler\000"
 1198      6C657200 
 1199              	.LASF24:
 1200 01cf 73697A65 		.ascii	"sizetype\000"
 1200      74797065 
 1200      00
 1201              	.LASF7:
 1202 01d8 6C6F6E67 		.ascii	"long long int\000"
 1202      206C6F6E 
 1202      6720696E 
 1202      7400
 1203              	.LASF26:
 1204 01e6 43505549 		.ascii	"CPUID\000"
 1204      4400
 1205              	.LASF41:
 1206 01ec 63686172 		.ascii	"char\000"
 1206      00
 1207              	.LASF12:
 1208 01f1 49534552 		.ascii	"ISER\000"
 1208      00
 1209              	.LASF37:
 1210 01f6 41465352 		.ascii	"AFSR\000"
 1210      00
 1211              	.LASF35:
 1212 01fb 4D4D4641 		.ascii	"MMFAR\000"
 1212      5200
 1213              	.LASF48:
 1214 0201 2F686F6D 		.ascii	"/home/daniofb/Programming/ChibiOS-RT/demos/ARMCM3-L"
 1214      652F6461 
 1214      6E696F66 
 1214      622F5072 
 1214      6F677261 
 1215 0234 50433137 		.ascii	"PC1768-AKAIKABA\000"
 1215      36382D41 
 1215      4B41494B 
 1215      41424100 
 1216              	.LASF31:
 1217 0244 53484353 		.ascii	"SHCSR\000"
 1217      5200
 1218              	.LASF10:
 1219 024a 75696E74 		.ascii	"uint32_t\000"
 1219      33325F74 
 1219      00
 1220              	.LASF5:
 1221 0253 6C6F6E67 		.ascii	"long int\000"
ARM GAS  /tmp/ccc58n6P.s 			page 24


 1221      20696E74 
 1221      00
 1222              	.LASF30:
 1223 025c 53485052 		.ascii	"SHPR\000"
 1223      00
 1224              	.LASF1:
 1225 0261 7369676E 		.ascii	"signed char\000"
 1225      65642063 
 1225      68617200 
 1226              	.LASF49:
 1227 026d 6E766963 		.ascii	"nvicSetSystemHandlerPriority\000"
 1227      53657453 
 1227      79737465 
 1227      6D48616E 
 1227      646C6572 
 1228              	.LASF20:
 1229 028a 49414252 		.ascii	"IABR\000"
 1229      00
 1230              	.LASF43:
 1231 028f 6E766963 		.ascii	"nvicEnableVector\000"
 1231      456E6162 
 1231      6C655665 
 1231      63746F72 
 1231      00
 1232              		.ident	"GCC: (GNU) 4.8.1"
ARM GAS  /tmp/ccc58n6P.s 			page 25


DEFINED SYMBOLS
                            *ABS*:0000000000000000 nvic.c
     /tmp/ccc58n6P.s:19     .text.nvicEnableVector:0000000000000000 $t
     /tmp/ccc58n6P.s:24     .text.nvicEnableVector:0000000000000000 nvicEnableVector
     /tmp/ccc58n6P.s:80     .text.nvicDisableVector:0000000000000000 $t
     /tmp/ccc58n6P.s:85     .text.nvicDisableVector:0000000000000000 nvicDisableVector
     /tmp/ccc58n6P.s:133    .text.nvicSetSystemHandlerPriority:0000000000000000 $t
     /tmp/ccc58n6P.s:138    .text.nvicSetSystemHandlerPriority:0000000000000000 nvicSetSystemHandlerPriority
                     .debug_frame:0000000000000010 $d

NO UNDEFINED SYMBOLS
