ARM GAS  /tmp/ccrjkVYg.s 			page 1


   1              		.syntax unified
   2              		.cpu cortex-m3
   3              		.fpu softvfp
   4              		.eabi_attribute 20, 1
   5              		.eabi_attribute 21, 1
   6              		.eabi_attribute 23, 3
   7              		.eabi_attribute 24, 1
   8              		.eabi_attribute 25, 1
   9              		.eabi_attribute 26, 1
  10              		.eabi_attribute 30, 2
  11              		.eabi_attribute 34, 1
  12              		.eabi_attribute 18, 4
  13              		.thumb
  14              		.file	"system_LPC17xx.c"
  15              		.text
  16              	.Ltext0:
  17              		.cfi_sections	.debug_frame
  18              		.global	__aeabi_uldivmod
  19              		.section	.text.SystemCoreClockUpdate,"ax",%progbits
  20              		.align	2
  21              		.global	SystemCoreClockUpdate
  22              		.thumb
  23              		.thumb_func
  24              		.type	SystemCoreClockUpdate, %function
  25              	SystemCoreClockUpdate:
  26              	.LFB56:
  27              		.file 1 "../../boards/AKAIKABA_LPC1768/system_LPC17xx.c"
  28              		.loc 1 457 0
  29              		.cfi_startproc
  30              		@ args = 0, pretend = 0, frame = 0
  31              		@ frame_needed = 0, uses_anonymous_args = 0
  32              		.loc 1 459 0
  33 0000 4FF44043 		mov	r3, #49152
  34 0004 C4F20F03 		movt	r3, 16399
  35 0008 D3F88820 		ldr	r2, [r3, #136]
  36              		.loc 1 457 0
  37 000c 10B5     		push	{r4, lr}
  38              		.cfi_def_cfa_offset 8
  39              		.cfi_offset 4, -8
  40              		.cfi_offset 14, -4
  41              		.loc 1 459 0
  42 000e C2F30162 		ubfx	r2, r2, #24, #2
  43 0012 032A     		cmp	r2, #3
  44              		.loc 1 460 0
  45 0014 D3F80C21 		ldr	r2, [r3, #268]
  46 0018 02F00302 		and	r2, r2, #3
  47              		.loc 1 459 0
  48 001c 11D0     		beq	.L13
  49              		.loc 1 482 0
  50 001e 012A     		cmp	r2, #1
  51 0020 3FD0     		beq	.L8
  52 0022 022A     		cmp	r2, #2
  53 0024 2DD1     		bne	.L14
  54              		.loc 1 491 0
  55 0026 D3F80421 		ldr	r2, [r3, #260]
  56 002a 4FF40041 		mov	r1, #32768
  57 002e D2B2     		uxtb	r2, r2
ARM GAS  /tmp/ccrjkVYg.s 			page 2


  58 0030 0132     		adds	r2, r2, #1
  59 0032 40F20003 		movw	r3, #:lower16:.LANCHOR0
  60 0036 B1FBF2F2 		udiv	r2, r1, r2
  61 003a C0F20003 		movt	r3, #:upper16:.LANCHOR0
  62 003e 1A60     		str	r2, [r3]
  63 0040 10BD     		pop	{r4, pc}
  64              	.L13:
  65              		.loc 1 460 0
  66 0042 012A     		cmp	r2, #1
  67              		.loc 1 470 0
  68 0044 D3F88800 		ldr	r0, [r3, #136]
  69              		.loc 1 460 0
  70 0048 3BD0     		beq	.L4
  71 004a 022A     		cmp	r2, #2
  72              		.loc 1 476 0
  73 004c C0F30E00 		ubfx	r0, r0, #0, #15
  74              		.loc 1 477 0
  75 0050 D3F88820 		ldr	r2, [r3, #136]
  76              		.loc 1 460 0
  77 0054 47D1     		bne	.L15
  78              		.loc 1 476 0
  79 0056 0130     		adds	r0, r0, #1
  80              		.loc 1 477 0
  81 0058 C2F30742 		ubfx	r2, r2, #16, #8
  82              		.loc 1 476 0
  83 005c 0021     		movs	r1, #0
  84              		.loc 1 478 0
  85 005e D3F80441 		ldr	r4, [r3, #260]
  86              		.loc 1 476 0
  87 0062 0004     		lsls	r0, r0, #16
  88 0064 0132     		adds	r2, r2, #1
  89 0066 0B46     		mov	r3, r1
  90              	.L11:
  91              		.loc 1 470 0
  92 0068 FFF7FEFF 		bl	__aeabi_uldivmod
  93              	.LVL0:
  94              		.loc 1 472 0
  95 006c E2B2     		uxtb	r2, r4
  96              		.loc 1 471 0
  97 006e 0023     		movs	r3, #0
  98 0070 0132     		adds	r2, r2, #1
  99 0072 FFF7FEFF 		bl	__aeabi_uldivmod
 100              	.LVL1:
 101              		.loc 1 469 0
 102 0076 40F20003 		movw	r3, #:lower16:.LANCHOR0
 103 007a C0F20003 		movt	r3, #:upper16:.LANCHOR0
 104 007e 1860     		str	r0, [r3]
 105              		.loc 1 473 0
 106 0080 10BD     		pop	{r4, pc}
 107              	.L14:
 108              		.loc 1 485 0
 109 0082 D3F80411 		ldr	r1, [r3, #260]
 110 0086 4FF41062 		mov	r2, #2304
 111 008a C9B2     		uxtb	r1, r1
 112 008c 0131     		adds	r1, r1, #1
 113 008e C0F23D02 		movt	r2, 61
 114 0092 40F20003 		movw	r3, #:lower16:.LANCHOR0
ARM GAS  /tmp/ccrjkVYg.s 			page 3


 115 0096 B2FBF1F2 		udiv	r2, r2, r1
 116 009a C0F20003 		movt	r3, #:upper16:.LANCHOR0
 117 009e 1A60     		str	r2, [r3]
 118              		.loc 1 486 0
 119 00a0 10BD     		pop	{r4, pc}
 120              	.L8:
 121              		.loc 1 488 0
 122 00a2 D3F80411 		ldr	r1, [r3, #260]
 123 00a6 4FF4D852 		mov	r2, #6912
 124 00aa C9B2     		uxtb	r1, r1
 125 00ac 0131     		adds	r1, r1, #1
 126 00ae C0F2B702 		movt	r2, 183
 127 00b2 40F20003 		movw	r3, #:lower16:.LANCHOR0
 128 00b6 B2FBF1F2 		udiv	r2, r2, r1
 129 00ba C0F20003 		movt	r3, #:upper16:.LANCHOR0
 130 00be 1A60     		str	r2, [r3]
 131              		.loc 1 489 0
 132 00c0 10BD     		pop	{r4, pc}
 133              	.L4:
 134              		.loc 1 470 0
 135 00c2 C0F30E00 		ubfx	r0, r0, #0, #15
 136              		.loc 1 469 0
 137 00c6 4FF45851 		mov	r1, #13824
 138              		.loc 1 471 0
 139 00ca D3F88820 		ldr	r2, [r3, #136]
 140              		.loc 1 470 0
 141 00ce 0130     		adds	r0, r0, #1
 142              		.loc 1 469 0
 143 00d0 C0F26E11 		movt	r1, 366
 144              	.L10:
 145              		.loc 1 471 0
 146 00d4 C2F30742 		ubfx	r2, r2, #16, #8
 147              		.loc 1 472 0
 148 00d8 D3F80441 		ldr	r4, [r3, #260]
 149              		.loc 1 470 0
 150 00dc A0FB0101 		umull	r0, r1, r0, r1
 151 00e0 0132     		adds	r2, r2, #1
 152 00e2 0023     		movs	r3, #0
 153 00e4 C0E7     		b	.L11
 154              	.L15:
 155              		.loc 1 463 0
 156 00e6 4FF49051 		mov	r1, #4608
 157              		.loc 1 464 0
 158 00ea 0130     		adds	r0, r0, #1
 159              		.loc 1 463 0
 160 00ec C0F27A01 		movt	r1, 122
 161 00f0 F0E7     		b	.L10
 162              		.cfi_endproc
 163              	.LFE56:
 164              		.size	SystemCoreClockUpdate, .-SystemCoreClockUpdate
 165 00f2 00BF     		.section	.text.SystemInit,"ax",%progbits
 166              		.align	2
 167              		.global	SystemInit
 168              		.thumb
 169              		.thumb_func
 170              		.type	SystemInit, %function
 171              	SystemInit:
ARM GAS  /tmp/ccrjkVYg.s 			page 4


 172              	.LFB57:
 173              		.loc 1 508 0
 174              		.cfi_startproc
 175              		@ args = 0, pretend = 0, frame = 0
 176              		@ frame_needed = 0, uses_anonymous_args = 0
 177              		@ link register save eliminated.
 178              		.loc 1 510 0
 179 0000 4FF44042 		mov	r2, #49152
 180 0004 C4F20F02 		movt	r2, 16399
 181 0008 2023     		movs	r3, #32
 182              		.loc 1 508 0
 183 000a 70B4     		push	{r4, r5, r6}
 184              		.cfi_def_cfa_offset 12
 185              		.cfi_offset 4, -12
 186              		.cfi_offset 5, -8
 187              		.cfi_offset 6, -4
 188              		.loc 1 510 0
 189 000c C2F8A031 		str	r3, [r2, #416]
 190              		.loc 1 511 0
 191 0010 D2F8A031 		ldr	r3, [r2, #416]
 192 0014 9D06     		lsls	r5, r3, #26
 193 0016 7AD4     		bmi	.L18
 194              	.L17:
 195              		.loc 1 515 0
 196 0018 4FF44043 		mov	r3, #49152
 197 001c C4F20F03 		movt	r3, 16399
 198 0020 0221     		movs	r1, #2
 199              		.loc 1 519 0
 200 0022 0025     		movs	r5, #0
 201              		.loc 1 522 0
 202 0024 0124     		movs	r4, #1
 203              		.loc 1 526 0
 204 0026 AA20     		movs	r0, #170
 205              		.loc 1 527 0
 206 0028 5522     		movs	r2, #85
 207              		.loc 1 525 0
 208 002a 0E26     		movs	r6, #14
 209              		.loc 1 515 0
 210 002c C3F80411 		str	r1, [r3, #260]
 211              		.loc 1 519 0
 212 0030 C3F8A851 		str	r5, [r3, #424]
 213              		.loc 1 532 0
 214 0034 1946     		mov	r1, r3
 215              		.loc 1 520 0
 216 0036 C3F8AC51 		str	r5, [r3, #428]
 217              		.loc 1 522 0
 218 003a C3F80C41 		str	r4, [r3, #268]
 219              		.loc 1 525 0
 220 003e C3F88460 		str	r6, [r3, #132]
 221              		.loc 1 526 0
 222 0042 C3F88C00 		str	r0, [r3, #140]
 223              		.loc 1 527 0
 224 0046 C3F88C20 		str	r2, [r3, #140]
 225              		.loc 1 529 0
 226 004a C3F88040 		str	r4, [r3, #128]
 227              		.loc 1 530 0
 228 004e C3F88C00 		str	r0, [r3, #140]
ARM GAS  /tmp/ccrjkVYg.s 			page 5


 229              		.loc 1 531 0
 230 0052 C3F88C20 		str	r2, [r3, #140]
 231              	.L20:
 232              		.loc 1 532 0 discriminator 1
 233 0056 D1F88820 		ldr	r2, [r1, #136]
 234 005a 4FF44043 		mov	r3, #49152
 235 005e 5001     		lsls	r0, r2, #5
 236 0060 C4F20F03 		movt	r3, 16399
 237 0064 F7D5     		bpl	.L20
 238              		.loc 1 534 0
 239 0066 0321     		movs	r1, #3
 240              		.loc 1 535 0
 241 0068 AA20     		movs	r0, #170
 242              		.loc 1 536 0
 243 006a 5522     		movs	r2, #85
 244              		.loc 1 534 0
 245 006c C3F88010 		str	r1, [r3, #128]
 246              		.loc 1 535 0
 247 0070 C3F88C00 		str	r0, [r3, #140]
 248              		.loc 1 537 0
 249 0074 1946     		mov	r1, r3
 250              		.loc 1 536 0
 251 0076 C3F88C20 		str	r2, [r3, #140]
 252              	.L22:
 253              		.loc 1 537 0 discriminator 1
 254 007a D1F88820 		ldr	r2, [r1, #136]
 255 007e 4FF44043 		mov	r3, #49152
 256 0082 02F04072 		and	r2, r2, #50331648
 257 0086 B2F1407F 		cmp	r2, #50331648
 258 008a C4F20F03 		movt	r3, 16399
 259 008e F4D1     		bne	.L22
 260              		.loc 1 541 0
 261 0090 2321     		movs	r1, #35
 262              		.loc 1 542 0
 263 0092 AA20     		movs	r0, #170
 264              		.loc 1 543 0
 265 0094 5522     		movs	r2, #85
 266              		.loc 1 545 0
 267 0096 0124     		movs	r4, #1
 268              		.loc 1 541 0
 269 0098 C3F8A410 		str	r1, [r3, #164]
 270              		.loc 1 542 0
 271 009c C3F8AC00 		str	r0, [r3, #172]
 272              		.loc 1 548 0
 273 00a0 1946     		mov	r1, r3
 274              		.loc 1 543 0
 275 00a2 C3F8AC20 		str	r2, [r3, #172]
 276              		.loc 1 545 0
 277 00a6 C3F8A040 		str	r4, [r3, #160]
 278              		.loc 1 546 0
 279 00aa C3F8AC00 		str	r0, [r3, #172]
 280              		.loc 1 547 0
 281 00ae C3F8AC20 		str	r2, [r3, #172]
 282              	.L24:
 283              		.loc 1 548 0 discriminator 1
 284 00b2 D1F8A820 		ldr	r2, [r1, #168]
 285 00b6 4FF44043 		mov	r3, #49152
ARM GAS  /tmp/ccrjkVYg.s 			page 6


 286 00ba 5205     		lsls	r2, r2, #21
 287 00bc C4F20F03 		movt	r3, 16399
 288 00c0 F7D5     		bpl	.L24
 289              		.loc 1 550 0
 290 00c2 0321     		movs	r1, #3
 291              		.loc 1 551 0
 292 00c4 AA20     		movs	r0, #170
 293              		.loc 1 552 0
 294 00c6 5522     		movs	r2, #85
 295              		.loc 1 550 0
 296 00c8 C3F8A010 		str	r1, [r3, #160]
 297              		.loc 1 551 0
 298 00cc C3F8AC00 		str	r0, [r3, #172]
 299              		.loc 1 553 0
 300 00d0 1946     		mov	r1, r3
 301              		.loc 1 552 0
 302 00d2 C3F8AC20 		str	r2, [r3, #172]
 303              	.L26:
 304              		.loc 1 553 0 discriminator 1
 305 00d6 D1F8A820 		ldr	r2, [r1, #168]
 306 00da 4FF44043 		mov	r3, #49152
 307 00de 02F44072 		and	r2, r2, #768
 308 00e2 B2F5407F 		cmp	r2, #768
 309 00e6 C4F20F03 		movt	r3, 16399
 310 00ea F4D1     		bne	.L26
 311              		.loc 1 558 0
 312 00ec 48F2DE72 		movw	r2, #34782
 313 00f0 C0F22802 		movt	r2, 40
 314              		.loc 1 560 0
 315 00f4 0021     		movs	r1, #0
 316              		.loc 1 558 0
 317 00f6 C3F8C420 		str	r2, [r3, #196]
 318              		.loc 1 560 0
 319 00fa C3F8C811 		str	r1, [r3, #456]
 320              		.loc 1 564 0
 321 00fe 1A68     		ldr	r2, [r3]
 322              		.loc 1 566 0
 323 0100 70BC     		pop	{r4, r5, r6}
 324              		.loc 1 564 0
 325 0102 22F47042 		bic	r2, r2, #61440
 326 0106 42F48042 		orr	r2, r2, #16384
 327 010a 1A60     		str	r2, [r3]
 328              		.loc 1 566 0
 329 010c 7047     		bx	lr
 330              	.L18:
 331              		.loc 1 512 0
 332 010e D2F8A031 		ldr	r3, [r2, #416]
 333 0112 5C06     		lsls	r4, r3, #25
 334 0114 80D4     		bmi	.L17
 335 0116 D2F8A031 		ldr	r3, [r2, #416]
 336 011a 5C06     		lsls	r4, r3, #25
 337 011c F7D5     		bpl	.L18
 338 011e 7BE7     		b	.L17
 339              		.cfi_endproc
 340              	.LFE57:
 341              		.size	SystemInit, .-SystemInit
 342              		.global	SystemCoreClock
ARM GAS  /tmp/ccrjkVYg.s 			page 7


 343              		.section	.data.SystemCoreClock,"aw",%progbits
 344              		.align	2
 345              		.set	.LANCHOR0,. + 0
 346              		.type	SystemCoreClock, %object
 347              		.size	SystemCoreClock, 4
 348              	SystemCoreClock:
 349 0000 000E2707 		.word	120000000
 350              		.text
 351              	.Letext0:
 352              		.file 2 "/home/daniofb/arm-cm3-eabi/arm-cm3-eabi/sys-include/stdint.h"
 353              		.file 3 "../../boards/AKAIKABA_LPC1768/LPC17xx.h"
 354              		.file 4 "../../os/ports/common/ARMCMx/CMSIS/include/core_cm3.h"
 355              		.section	.debug_info,"",%progbits
 356              	.Ldebug_info0:
 357 0000 E6020000 		.4byte	0x2e6
 358 0004 0400     		.2byte	0x4
 359 0006 00000000 		.4byte	.Ldebug_abbrev0
 360 000a 04       		.byte	0x4
 361 000b 01       		.uleb128 0x1
 362 000c C6000000 		.4byte	.LASF50
 363 0010 01       		.byte	0x1
 364 0011 68010000 		.4byte	.LASF51
 365 0015 76020000 		.4byte	.LASF52
 366 0019 00000000 		.4byte	.Ldebug_ranges0+0
 367 001d 00000000 		.4byte	0
 368 0021 00000000 		.4byte	.Ldebug_line0
 369 0025 02       		.uleb128 0x2
 370 0026 01       		.byte	0x1
 371 0027 06       		.byte	0x6
 372 0028 E6020000 		.4byte	.LASF0
 373 002c 02       		.uleb128 0x2
 374 002d 01       		.byte	0x1
 375 002e 08       		.byte	0x8
 376 002f 7D000000 		.4byte	.LASF1
 377 0033 02       		.uleb128 0x2
 378 0034 02       		.byte	0x2
 379 0035 05       		.byte	0x5
 380 0036 6C020000 		.4byte	.LASF2
 381 003a 02       		.uleb128 0x2
 382 003b 02       		.byte	0x2
 383 003c 07       		.byte	0x7
 384 003d A6000000 		.4byte	.LASF3
 385 0041 03       		.uleb128 0x3
 386 0042 4D000000 		.4byte	.LASF5
 387 0046 02       		.byte	0x2
 388 0047 4F       		.byte	0x4f
 389 0048 4C000000 		.4byte	0x4c
 390 004c 02       		.uleb128 0x2
 391 004d 04       		.byte	0x4
 392 004e 05       		.byte	0x5
 393 004f CB020000 		.4byte	.LASF4
 394 0053 03       		.uleb128 0x3
 395 0054 C2020000 		.4byte	.LASF6
 396 0058 02       		.byte	0x2
 397 0059 50       		.byte	0x50
 398 005a 5E000000 		.4byte	0x5e
 399 005e 02       		.uleb128 0x2
ARM GAS  /tmp/ccrjkVYg.s 			page 8


 400 005f 04       		.byte	0x4
 401 0060 07       		.byte	0x7
 402 0061 4C020000 		.4byte	.LASF7
 403 0065 02       		.uleb128 0x2
 404 0066 08       		.byte	0x8
 405 0067 05       		.byte	0x5
 406 0068 06020000 		.4byte	.LASF8
 407 006c 02       		.uleb128 0x2
 408 006d 08       		.byte	0x8
 409 006e 07       		.byte	0x7
 410 006f BD010000 		.4byte	.LASF9
 411 0073 04       		.uleb128 0x4
 412 0074 04       		.byte	0x4
 413 0075 05       		.byte	0x5
 414 0076 696E7400 		.ascii	"int\000"
 415 007a 02       		.uleb128 0x2
 416 007b 04       		.byte	0x4
 417 007c 07       		.byte	0x7
 418 007d A7010000 		.4byte	.LASF10
 419 0081 02       		.uleb128 0x2
 420 0082 04       		.byte	0x4
 421 0083 07       		.byte	0x7
 422 0084 F5010000 		.4byte	.LASF11
 423 0088 05       		.uleb128 0x5
 424 0089 53000000 		.4byte	0x53
 425 008d 06       		.uleb128 0x6
 426 008e 88000000 		.4byte	0x88
 427 0092 07       		.uleb128 0x7
 428 0093 53000000 		.4byte	0x53
 429 0097 A2000000 		.4byte	0xa2
 430 009b 08       		.uleb128 0x8
 431 009c 81000000 		.4byte	0x81
 432 00a0 03       		.byte	0x3
 433 00a1 00       		.byte	0
 434 00a2 07       		.uleb128 0x7
 435 00a3 53000000 		.4byte	0x53
 436 00a7 B2000000 		.4byte	0xb2
 437 00ab 08       		.uleb128 0x8
 438 00ac 81000000 		.4byte	0x81
 439 00b0 0E       		.byte	0xe
 440 00b1 00       		.byte	0
 441 00b2 09       		.uleb128 0x9
 442 00b3 CC01     		.2byte	0x1cc
 443 00b5 03       		.byte	0x3
 444 00b6 6D       		.byte	0x6d
 445 00b7 67020000 		.4byte	0x267
 446 00bb 0A       		.uleb128 0xa
 447 00bc B9020000 		.4byte	.LASF12
 448 00c0 03       		.byte	0x3
 449 00c1 6F       		.byte	0x6f
 450 00c2 88000000 		.4byte	0x88
 451 00c6 00       		.byte	0
 452 00c7 0A       		.uleb128 0xa
 453 00c8 2F000000 		.4byte	.LASF13
 454 00cc 03       		.byte	0x3
 455 00cd 70       		.byte	0x70
 456 00ce 67020000 		.4byte	0x267
ARM GAS  /tmp/ccrjkVYg.s 			page 9


 457 00d2 04       		.byte	0x4
 458 00d3 0A       		.uleb128 0xa
 459 00d4 97010000 		.4byte	.LASF14
 460 00d8 03       		.byte	0x3
 461 00d9 71       		.byte	0x71
 462 00da 88000000 		.4byte	0x88
 463 00de 80       		.byte	0x80
 464 00df 0A       		.uleb128 0xa
 465 00e0 FE010000 		.4byte	.LASF15
 466 00e4 03       		.byte	0x3
 467 00e5 72       		.byte	0x72
 468 00e6 88000000 		.4byte	0x88
 469 00ea 84       		.byte	0x84
 470 00eb 0A       		.uleb128 0xa
 471 00ec 0A000000 		.4byte	.LASF16
 472 00f0 03       		.byte	0x3
 473 00f1 73       		.byte	0x73
 474 00f2 8D000000 		.4byte	0x8d
 475 00f6 88       		.byte	0x88
 476 00f7 0A       		.uleb128 0xa
 477 00f8 EC010000 		.4byte	.LASF17
 478 00fc 03       		.byte	0x3
 479 00fd 74       		.byte	0x74
 480 00fe 88000000 		.4byte	0x88
 481 0102 8C       		.byte	0x8c
 482 0103 0A       		.uleb128 0xa
 483 0104 39000000 		.4byte	.LASF18
 484 0108 03       		.byte	0x3
 485 0109 75       		.byte	0x75
 486 010a 92000000 		.4byte	0x92
 487 010e 90       		.byte	0x90
 488 010f 0A       		.uleb128 0xa
 489 0110 D4010000 		.4byte	.LASF19
 490 0114 03       		.byte	0x3
 491 0115 76       		.byte	0x76
 492 0116 88000000 		.4byte	0x88
 493 011a A0       		.byte	0xa0
 494 011b 0A       		.uleb128 0xa
 495 011c 01030000 		.4byte	.LASF20
 496 0120 03       		.byte	0x3
 497 0121 77       		.byte	0x77
 498 0122 88000000 		.4byte	0x88
 499 0126 A4       		.byte	0xa4
 500 0127 0A       		.uleb128 0xa
 501 0128 DD020000 		.4byte	.LASF21
 502 012c 03       		.byte	0x3
 503 012d 78       		.byte	0x78
 504 012e 8D000000 		.4byte	0x8d
 505 0132 A8       		.byte	0xa8
 506 0133 0A       		.uleb128 0xa
 507 0134 B4010000 		.4byte	.LASF22
 508 0138 03       		.byte	0x3
 509 0139 79       		.byte	0x79
 510 013a 88000000 		.4byte	0x88
 511 013e AC       		.byte	0xac
 512 013f 0A       		.uleb128 0xa
 513 0140 43000000 		.4byte	.LASF23
ARM GAS  /tmp/ccrjkVYg.s 			page 10


 514 0144 03       		.byte	0x3
 515 0145 7A       		.byte	0x7a
 516 0146 92000000 		.4byte	0x92
 517 014a B0       		.byte	0xb0
 518 014b 0A       		.uleb128 0xa
 519 014c 09030000 		.4byte	.LASF24
 520 0150 03       		.byte	0x3
 521 0151 7B       		.byte	0x7b
 522 0152 88000000 		.4byte	0x88
 523 0156 C0       		.byte	0xc0
 524 0157 0A       		.uleb128 0xa
 525 0158 66020000 		.4byte	.LASF25
 526 015c 03       		.byte	0x3
 527 015d 7C       		.byte	0x7c
 528 015e 88000000 		.4byte	0x88
 529 0162 C4       		.byte	0xc4
 530 0163 0A       		.uleb128 0xa
 531 0164 0E030000 		.4byte	.LASF26
 532 0168 03       		.byte	0x3
 533 0169 7D       		.byte	0x7d
 534 016a A2000000 		.4byte	0xa2
 535 016e C8       		.byte	0xc8
 536 016f 0B       		.uleb128 0xb
 537 0170 9F010000 		.4byte	.LASF27
 538 0174 03       		.byte	0x3
 539 0175 7E       		.byte	0x7e
 540 0176 88000000 		.4byte	0x88
 541 017a 0401     		.2byte	0x104
 542 017c 0B       		.uleb128 0xb
 543 017d 9C000000 		.4byte	.LASF28
 544 0181 03       		.byte	0x3
 545 0182 7F       		.byte	0x7f
 546 0183 88000000 		.4byte	0x88
 547 0187 0801     		.2byte	0x108
 548 0189 0B       		.uleb128 0xb
 549 018a 8B000000 		.4byte	.LASF29
 550 018e 03       		.byte	0x3
 551 018f 80       		.byte	0x80
 552 0190 88000000 		.4byte	0x88
 553 0194 0C01     		.2byte	0x10c
 554 0196 0B       		.uleb128 0xb
 555 0197 00000000 		.4byte	.LASF30
 556 019b 03       		.byte	0x3
 557 019c 81       		.byte	0x81
 558 019d 77020000 		.4byte	0x277
 559 01a1 1001     		.2byte	0x110
 560 01a3 0B       		.uleb128 0xb
 561 01a4 95000000 		.4byte	.LASF31
 562 01a8 03       		.byte	0x3
 563 01a9 82       		.byte	0x82
 564 01aa 88000000 		.4byte	0x88
 565 01ae 4001     		.2byte	0x140
 566 01b0 0B       		.uleb128 0xb
 567 01b1 55000000 		.4byte	.LASF32
 568 01b5 03       		.byte	0x3
 569 01b6 83       		.byte	0x83
 570 01b7 53000000 		.4byte	0x53
ARM GAS  /tmp/ccrjkVYg.s 			page 11


 571 01bb 4401     		.2byte	0x144
 572 01bd 0B       		.uleb128 0xb
 573 01be 5E020000 		.4byte	.LASF33
 574 01c2 03       		.byte	0x3
 575 01c3 84       		.byte	0x84
 576 01c4 88000000 		.4byte	0x88
 577 01c8 4801     		.2byte	0x148
 578 01ca 0B       		.uleb128 0xb
 579 01cb 5F010000 		.4byte	.LASF34
 580 01cf 03       		.byte	0x3
 581 01d0 85       		.byte	0x85
 582 01d1 88000000 		.4byte	0x88
 583 01d5 4C01     		.2byte	0x14c
 584 01d7 0B       		.uleb128 0xb
 585 01d8 5F000000 		.4byte	.LASF35
 586 01dc 03       		.byte	0x3
 587 01dd 86       		.byte	0x86
 588 01de 77020000 		.4byte	0x277
 589 01e2 5001     		.2byte	0x150
 590 01e4 0B       		.uleb128 0xb
 591 01e5 DC010000 		.4byte	.LASF36
 592 01e9 03       		.byte	0x3
 593 01ea 87       		.byte	0x87
 594 01eb 88000000 		.4byte	0x88
 595 01ef 8001     		.2byte	0x180
 596 01f1 0B       		.uleb128 0xb
 597 01f2 69000000 		.4byte	.LASF37
 598 01f6 03       		.byte	0x3
 599 01f7 88       		.byte	0x88
 600 01f8 87020000 		.4byte	0x287
 601 01fc 8401     		.2byte	0x184
 602 01fe 0C       		.uleb128 0xc
 603 01ff 53435300 		.ascii	"SCS\000"
 604 0203 03       		.byte	0x3
 605 0204 89       		.byte	0x89
 606 0205 88000000 		.4byte	0x88
 607 0209 A001     		.2byte	0x1a0
 608 020b 0B       		.uleb128 0xb
 609 020c 13000000 		.4byte	.LASF38
 610 0210 03       		.byte	0x3
 611 0211 8A       		.byte	0x8a
 612 0212 88000000 		.4byte	0x88
 613 0216 A401     		.2byte	0x1a4
 614 0218 0B       		.uleb128 0xb
 615 0219 14020000 		.4byte	.LASF39
 616 021d 03       		.byte	0x3
 617 021e 8B       		.byte	0x8b
 618 021f 88000000 		.4byte	0x88
 619 0223 A801     		.2byte	0x1a8
 620 0225 0B       		.uleb128 0xb
 621 0226 1D020000 		.4byte	.LASF40
 622 022a 03       		.byte	0x3
 623 022b 8C       		.byte	0x8c
 624 022c 88000000 		.4byte	0x88
 625 0230 AC01     		.2byte	0x1ac
 626 0232 0B       		.uleb128 0xb
 627 0233 73000000 		.4byte	.LASF41
ARM GAS  /tmp/ccrjkVYg.s 			page 12


 628 0237 03       		.byte	0x3
 629 0238 8D       		.byte	0x8d
 630 0239 92000000 		.4byte	0x92
 631 023d B001     		.2byte	0x1b0
 632 023f 0B       		.uleb128 0xb
 633 0240 D4020000 		.4byte	.LASF42
 634 0244 03       		.byte	0x3
 635 0245 8E       		.byte	0x8e
 636 0246 88000000 		.4byte	0x88
 637 024a C001     		.2byte	0x1c0
 638 024c 0B       		.uleb128 0xb
 639 024d 25000000 		.4byte	.LASF43
 640 0251 03       		.byte	0x3
 641 0252 8F       		.byte	0x8f
 642 0253 88000000 		.4byte	0x88
 643 0257 C401     		.2byte	0x1c4
 644 0259 0B       		.uleb128 0xb
 645 025a 1B000000 		.4byte	.LASF44
 646 025e 03       		.byte	0x3
 647 025f 90       		.byte	0x90
 648 0260 88000000 		.4byte	0x88
 649 0264 C801     		.2byte	0x1c8
 650 0266 00       		.byte	0
 651 0267 07       		.uleb128 0x7
 652 0268 53000000 		.4byte	0x53
 653 026c 77020000 		.4byte	0x277
 654 0270 08       		.uleb128 0x8
 655 0271 81000000 		.4byte	0x81
 656 0275 1E       		.byte	0x1e
 657 0276 00       		.byte	0
 658 0277 07       		.uleb128 0x7
 659 0278 53000000 		.4byte	0x53
 660 027c 87020000 		.4byte	0x287
 661 0280 08       		.uleb128 0x8
 662 0281 81000000 		.4byte	0x81
 663 0285 0B       		.byte	0xb
 664 0286 00       		.byte	0
 665 0287 07       		.uleb128 0x7
 666 0288 53000000 		.4byte	0x53
 667 028c 97020000 		.4byte	0x297
 668 0290 08       		.uleb128 0x8
 669 0291 81000000 		.4byte	0x81
 670 0295 06       		.byte	0x6
 671 0296 00       		.byte	0
 672 0297 03       		.uleb128 0x3
 673 0298 F2020000 		.4byte	.LASF45
 674 029c 03       		.byte	0x3
 675 029d 91       		.byte	0x91
 676 029e B2000000 		.4byte	0xb2
 677 02a2 0D       		.uleb128 0xd
 678 02a3 36020000 		.4byte	.LASF46
 679 02a7 01       		.byte	0x1
 680 02a8 C801     		.2byte	0x1c8
 681 02aa 00000000 		.4byte	.LFB56
 682 02ae F2000000 		.4byte	.LFE56-.LFB56
 683 02b2 01       		.uleb128 0x1
 684 02b3 9C       		.byte	0x9c
ARM GAS  /tmp/ccrjkVYg.s 			page 13


 685 02b4 0E       		.uleb128 0xe
 686 02b5 E1010000 		.4byte	.LASF47
 687 02b9 01       		.byte	0x1
 688 02ba FB01     		.2byte	0x1fb
 689 02bc 00000000 		.4byte	.LFB57
 690 02c0 20010000 		.4byte	.LFE57-.LFB57
 691 02c4 01       		.uleb128 0x1
 692 02c5 9C       		.byte	0x9c
 693 02c6 0F       		.uleb128 0xf
 694 02c7 B9000000 		.4byte	.LASF48
 695 02cb 04       		.byte	0x4
 696 02cc 0706     		.2byte	0x607
 697 02ce D2020000 		.4byte	0x2d2
 698 02d2 05       		.uleb128 0x5
 699 02d3 41000000 		.4byte	0x41
 700 02d7 10       		.uleb128 0x10
 701 02d8 26020000 		.4byte	.LASF49
 702 02dc 01       		.byte	0x1
 703 02dd B501     		.2byte	0x1b5
 704 02df 53000000 		.4byte	0x53
 705 02e3 05       		.uleb128 0x5
 706 02e4 03       		.byte	0x3
 707 02e5 00000000 		.4byte	SystemCoreClock
 708 02e9 00       		.byte	0
 709              		.section	.debug_abbrev,"",%progbits
 710              	.Ldebug_abbrev0:
 711 0000 01       		.uleb128 0x1
 712 0001 11       		.uleb128 0x11
 713 0002 01       		.byte	0x1
 714 0003 25       		.uleb128 0x25
 715 0004 0E       		.uleb128 0xe
 716 0005 13       		.uleb128 0x13
 717 0006 0B       		.uleb128 0xb
 718 0007 03       		.uleb128 0x3
 719 0008 0E       		.uleb128 0xe
 720 0009 1B       		.uleb128 0x1b
 721 000a 0E       		.uleb128 0xe
 722 000b 55       		.uleb128 0x55
 723 000c 17       		.uleb128 0x17
 724 000d 11       		.uleb128 0x11
 725 000e 01       		.uleb128 0x1
 726 000f 10       		.uleb128 0x10
 727 0010 17       		.uleb128 0x17
 728 0011 00       		.byte	0
 729 0012 00       		.byte	0
 730 0013 02       		.uleb128 0x2
 731 0014 24       		.uleb128 0x24
 732 0015 00       		.byte	0
 733 0016 0B       		.uleb128 0xb
 734 0017 0B       		.uleb128 0xb
 735 0018 3E       		.uleb128 0x3e
 736 0019 0B       		.uleb128 0xb
 737 001a 03       		.uleb128 0x3
 738 001b 0E       		.uleb128 0xe
 739 001c 00       		.byte	0
 740 001d 00       		.byte	0
 741 001e 03       		.uleb128 0x3
ARM GAS  /tmp/ccrjkVYg.s 			page 14


 742 001f 16       		.uleb128 0x16
 743 0020 00       		.byte	0
 744 0021 03       		.uleb128 0x3
 745 0022 0E       		.uleb128 0xe
 746 0023 3A       		.uleb128 0x3a
 747 0024 0B       		.uleb128 0xb
 748 0025 3B       		.uleb128 0x3b
 749 0026 0B       		.uleb128 0xb
 750 0027 49       		.uleb128 0x49
 751 0028 13       		.uleb128 0x13
 752 0029 00       		.byte	0
 753 002a 00       		.byte	0
 754 002b 04       		.uleb128 0x4
 755 002c 24       		.uleb128 0x24
 756 002d 00       		.byte	0
 757 002e 0B       		.uleb128 0xb
 758 002f 0B       		.uleb128 0xb
 759 0030 3E       		.uleb128 0x3e
 760 0031 0B       		.uleb128 0xb
 761 0032 03       		.uleb128 0x3
 762 0033 08       		.uleb128 0x8
 763 0034 00       		.byte	0
 764 0035 00       		.byte	0
 765 0036 05       		.uleb128 0x5
 766 0037 35       		.uleb128 0x35
 767 0038 00       		.byte	0
 768 0039 49       		.uleb128 0x49
 769 003a 13       		.uleb128 0x13
 770 003b 00       		.byte	0
 771 003c 00       		.byte	0
 772 003d 06       		.uleb128 0x6
 773 003e 26       		.uleb128 0x26
 774 003f 00       		.byte	0
 775 0040 49       		.uleb128 0x49
 776 0041 13       		.uleb128 0x13
 777 0042 00       		.byte	0
 778 0043 00       		.byte	0
 779 0044 07       		.uleb128 0x7
 780 0045 01       		.uleb128 0x1
 781 0046 01       		.byte	0x1
 782 0047 49       		.uleb128 0x49
 783 0048 13       		.uleb128 0x13
 784 0049 01       		.uleb128 0x1
 785 004a 13       		.uleb128 0x13
 786 004b 00       		.byte	0
 787 004c 00       		.byte	0
 788 004d 08       		.uleb128 0x8
 789 004e 21       		.uleb128 0x21
 790 004f 00       		.byte	0
 791 0050 49       		.uleb128 0x49
 792 0051 13       		.uleb128 0x13
 793 0052 2F       		.uleb128 0x2f
 794 0053 0B       		.uleb128 0xb
 795 0054 00       		.byte	0
 796 0055 00       		.byte	0
 797 0056 09       		.uleb128 0x9
 798 0057 13       		.uleb128 0x13
ARM GAS  /tmp/ccrjkVYg.s 			page 15


 799 0058 01       		.byte	0x1
 800 0059 0B       		.uleb128 0xb
 801 005a 05       		.uleb128 0x5
 802 005b 3A       		.uleb128 0x3a
 803 005c 0B       		.uleb128 0xb
 804 005d 3B       		.uleb128 0x3b
 805 005e 0B       		.uleb128 0xb
 806 005f 01       		.uleb128 0x1
 807 0060 13       		.uleb128 0x13
 808 0061 00       		.byte	0
 809 0062 00       		.byte	0
 810 0063 0A       		.uleb128 0xa
 811 0064 0D       		.uleb128 0xd
 812 0065 00       		.byte	0
 813 0066 03       		.uleb128 0x3
 814 0067 0E       		.uleb128 0xe
 815 0068 3A       		.uleb128 0x3a
 816 0069 0B       		.uleb128 0xb
 817 006a 3B       		.uleb128 0x3b
 818 006b 0B       		.uleb128 0xb
 819 006c 49       		.uleb128 0x49
 820 006d 13       		.uleb128 0x13
 821 006e 38       		.uleb128 0x38
 822 006f 0B       		.uleb128 0xb
 823 0070 00       		.byte	0
 824 0071 00       		.byte	0
 825 0072 0B       		.uleb128 0xb
 826 0073 0D       		.uleb128 0xd
 827 0074 00       		.byte	0
 828 0075 03       		.uleb128 0x3
 829 0076 0E       		.uleb128 0xe
 830 0077 3A       		.uleb128 0x3a
 831 0078 0B       		.uleb128 0xb
 832 0079 3B       		.uleb128 0x3b
 833 007a 0B       		.uleb128 0xb
 834 007b 49       		.uleb128 0x49
 835 007c 13       		.uleb128 0x13
 836 007d 38       		.uleb128 0x38
 837 007e 05       		.uleb128 0x5
 838 007f 00       		.byte	0
 839 0080 00       		.byte	0
 840 0081 0C       		.uleb128 0xc
 841 0082 0D       		.uleb128 0xd
 842 0083 00       		.byte	0
 843 0084 03       		.uleb128 0x3
 844 0085 08       		.uleb128 0x8
 845 0086 3A       		.uleb128 0x3a
 846 0087 0B       		.uleb128 0xb
 847 0088 3B       		.uleb128 0x3b
 848 0089 0B       		.uleb128 0xb
 849 008a 49       		.uleb128 0x49
 850 008b 13       		.uleb128 0x13
 851 008c 38       		.uleb128 0x38
 852 008d 05       		.uleb128 0x5
 853 008e 00       		.byte	0
 854 008f 00       		.byte	0
 855 0090 0D       		.uleb128 0xd
ARM GAS  /tmp/ccrjkVYg.s 			page 16


 856 0091 2E       		.uleb128 0x2e
 857 0092 00       		.byte	0
 858 0093 3F       		.uleb128 0x3f
 859 0094 19       		.uleb128 0x19
 860 0095 03       		.uleb128 0x3
 861 0096 0E       		.uleb128 0xe
 862 0097 3A       		.uleb128 0x3a
 863 0098 0B       		.uleb128 0xb
 864 0099 3B       		.uleb128 0x3b
 865 009a 05       		.uleb128 0x5
 866 009b 27       		.uleb128 0x27
 867 009c 19       		.uleb128 0x19
 868 009d 11       		.uleb128 0x11
 869 009e 01       		.uleb128 0x1
 870 009f 12       		.uleb128 0x12
 871 00a0 06       		.uleb128 0x6
 872 00a1 40       		.uleb128 0x40
 873 00a2 18       		.uleb128 0x18
 874 00a3 9642     		.uleb128 0x2116
 875 00a5 19       		.uleb128 0x19
 876 00a6 00       		.byte	0
 877 00a7 00       		.byte	0
 878 00a8 0E       		.uleb128 0xe
 879 00a9 2E       		.uleb128 0x2e
 880 00aa 00       		.byte	0
 881 00ab 3F       		.uleb128 0x3f
 882 00ac 19       		.uleb128 0x19
 883 00ad 03       		.uleb128 0x3
 884 00ae 0E       		.uleb128 0xe
 885 00af 3A       		.uleb128 0x3a
 886 00b0 0B       		.uleb128 0xb
 887 00b1 3B       		.uleb128 0x3b
 888 00b2 05       		.uleb128 0x5
 889 00b3 27       		.uleb128 0x27
 890 00b4 19       		.uleb128 0x19
 891 00b5 11       		.uleb128 0x11
 892 00b6 01       		.uleb128 0x1
 893 00b7 12       		.uleb128 0x12
 894 00b8 06       		.uleb128 0x6
 895 00b9 40       		.uleb128 0x40
 896 00ba 18       		.uleb128 0x18
 897 00bb 9742     		.uleb128 0x2117
 898 00bd 19       		.uleb128 0x19
 899 00be 00       		.byte	0
 900 00bf 00       		.byte	0
 901 00c0 0F       		.uleb128 0xf
 902 00c1 34       		.uleb128 0x34
 903 00c2 00       		.byte	0
 904 00c3 03       		.uleb128 0x3
 905 00c4 0E       		.uleb128 0xe
 906 00c5 3A       		.uleb128 0x3a
 907 00c6 0B       		.uleb128 0xb
 908 00c7 3B       		.uleb128 0x3b
 909 00c8 05       		.uleb128 0x5
 910 00c9 49       		.uleb128 0x49
 911 00ca 13       		.uleb128 0x13
 912 00cb 3F       		.uleb128 0x3f
ARM GAS  /tmp/ccrjkVYg.s 			page 17


 913 00cc 19       		.uleb128 0x19
 914 00cd 3C       		.uleb128 0x3c
 915 00ce 19       		.uleb128 0x19
 916 00cf 00       		.byte	0
 917 00d0 00       		.byte	0
 918 00d1 10       		.uleb128 0x10
 919 00d2 34       		.uleb128 0x34
 920 00d3 00       		.byte	0
 921 00d4 03       		.uleb128 0x3
 922 00d5 0E       		.uleb128 0xe
 923 00d6 3A       		.uleb128 0x3a
 924 00d7 0B       		.uleb128 0xb
 925 00d8 3B       		.uleb128 0x3b
 926 00d9 05       		.uleb128 0x5
 927 00da 49       		.uleb128 0x49
 928 00db 13       		.uleb128 0x13
 929 00dc 3F       		.uleb128 0x3f
 930 00dd 19       		.uleb128 0x19
 931 00de 02       		.uleb128 0x2
 932 00df 18       		.uleb128 0x18
 933 00e0 00       		.byte	0
 934 00e1 00       		.byte	0
 935 00e2 00       		.byte	0
 936              		.section	.debug_aranges,"",%progbits
 937 0000 24000000 		.4byte	0x24
 938 0004 0200     		.2byte	0x2
 939 0006 00000000 		.4byte	.Ldebug_info0
 940 000a 04       		.byte	0x4
 941 000b 00       		.byte	0
 942 000c 0000     		.2byte	0
 943 000e 0000     		.2byte	0
 944 0010 00000000 		.4byte	.LFB56
 945 0014 F2000000 		.4byte	.LFE56-.LFB56
 946 0018 00000000 		.4byte	.LFB57
 947 001c 20010000 		.4byte	.LFE57-.LFB57
 948 0020 00000000 		.4byte	0
 949 0024 00000000 		.4byte	0
 950              		.section	.debug_ranges,"",%progbits
 951              	.Ldebug_ranges0:
 952 0000 00000000 		.4byte	.LFB56
 953 0004 F2000000 		.4byte	.LFE56
 954 0008 00000000 		.4byte	.LFB57
 955 000c 20010000 		.4byte	.LFE57
 956 0010 00000000 		.4byte	0
 957 0014 00000000 		.4byte	0
 958              		.section	.debug_line,"",%progbits
 959              	.Ldebug_line0:
 960 0000 82010000 		.section	.debug_str,"MS",%progbits,1
 960      0200CB00 
 960      00000201 
 960      FB0E0D00 
 960      01010101 
 961              	.LASF30:
 962 0000 52455345 		.ascii	"RESERVED4\000"
 962      52564544 
 962      3400
 963              	.LASF16:
ARM GAS  /tmp/ccrjkVYg.s 			page 18


 964 000a 504C4C30 		.ascii	"PLL0STAT\000"
 964      53544154 
 964      00
 965              	.LASF38:
 966 0013 49524354 		.ascii	"IRCTRIM\000"
 966      52494D00 
 967              	.LASF44:
 968 001b 434C4B4F 		.ascii	"CLKOUTCFG\000"
 968      55544346 
 968      4700
 969              	.LASF43:
 970 0025 444D4152 		.ascii	"DMAREQSEL\000"
 970      45515345 
 970      4C00
 971              	.LASF13:
 972 002f 52455345 		.ascii	"RESERVED0\000"
 972      52564544 
 972      3000
 973              	.LASF18:
 974 0039 52455345 		.ascii	"RESERVED1\000"
 974      52564544 
 974      3100
 975              	.LASF23:
 976 0043 52455345 		.ascii	"RESERVED2\000"
 976      52564544 
 976      3200
 977              	.LASF5:
 978 004d 696E7433 		.ascii	"int32_t\000"
 978      325F7400 
 979              	.LASF32:
 980 0055 52455345 		.ascii	"RESERVED5\000"
 980      52564544 
 980      3500
 981              	.LASF35:
 982 005f 52455345 		.ascii	"RESERVED6\000"
 982      52564544 
 982      3600
 983              	.LASF37:
 984 0069 52455345 		.ascii	"RESERVED7\000"
 984      52564544 
 984      3700
 985              	.LASF41:
 986 0073 52455345 		.ascii	"RESERVED8\000"
 986      52564544 
 986      3800
 987              	.LASF1:
 988 007d 756E7369 		.ascii	"unsigned char\000"
 988      676E6564 
 988      20636861 
 988      7200
 989              	.LASF29:
 990 008b 434C4B53 		.ascii	"CLKSRCSEL\000"
 990      52435345 
 990      4C00
 991              	.LASF31:
 992 0095 45585449 		.ascii	"EXTINT\000"
 992      4E5400
ARM GAS  /tmp/ccrjkVYg.s 			page 19


 993              	.LASF28:
 994 009c 55534243 		.ascii	"USBCLKCFG\000"
 994      4C4B4346 
 994      4700
 995              	.LASF3:
 996 00a6 73686F72 		.ascii	"short unsigned int\000"
 996      7420756E 
 996      7369676E 
 996      65642069 
 996      6E7400
 997              	.LASF48:
 998 00b9 49544D5F 		.ascii	"ITM_RxBuffer\000"
 998      52784275 
 998      66666572 
 998      00
 999              	.LASF50:
 1000 00c6 474E5520 		.ascii	"GNU C 4.8.1 -mcpu=cortex-m3 -mno-thumb-interwork -m"
 1000      4320342E 
 1000      382E3120 
 1000      2D6D6370 
 1000      753D636F 
 1001 00f9 7468756D 		.ascii	"thumb -mfloat-abi=soft -ggdb -O2 -fomit-frame-point"
 1001      62202D6D 
 1001      666C6F61 
 1001      742D6162 
 1001      693D736F 
 1002 012c 6572202D 		.ascii	"er -ffunction-sections -fdata-sections -fno-common\000"
 1002      6666756E 
 1002      6374696F 
 1002      6E2D7365 
 1002      6374696F 
 1003              	.LASF34:
 1004 015f 45585450 		.ascii	"EXTPOLAR\000"
 1004      4F4C4152 
 1004      00
 1005              	.LASF51:
 1006 0168 2E2E2F2E 		.ascii	"../../boards/AKAIKABA_LPC1768/system_LPC17xx.c\000"
 1006      2E2F626F 
 1006      61726473 
 1006      2F414B41 
 1006      494B4142 
 1007              	.LASF14:
 1008 0197 504C4C30 		.ascii	"PLL0CON\000"
 1008      434F4E00 
 1009              	.LASF27:
 1010 019f 43434C4B 		.ascii	"CCLKCFG\000"
 1010      43464700 
 1011              	.LASF10:
 1012 01a7 756E7369 		.ascii	"unsigned int\000"
 1012      676E6564 
 1012      20696E74 
 1012      00
 1013              	.LASF22:
 1014 01b4 504C4C31 		.ascii	"PLL1FEED\000"
 1014      46454544 
 1014      00
 1015              	.LASF9:
ARM GAS  /tmp/ccrjkVYg.s 			page 20


 1016 01bd 6C6F6E67 		.ascii	"long long unsigned int\000"
 1016      206C6F6E 
 1016      6720756E 
 1016      7369676E 
 1016      65642069 
 1017              	.LASF19:
 1018 01d4 504C4C31 		.ascii	"PLL1CON\000"
 1018      434F4E00 
 1019              	.LASF36:
 1020 01dc 52534944 		.ascii	"RSID\000"
 1020      00
 1021              	.LASF47:
 1022 01e1 53797374 		.ascii	"SystemInit\000"
 1022      656D496E 
 1022      697400
 1023              	.LASF17:
 1024 01ec 504C4C30 		.ascii	"PLL0FEED\000"
 1024      46454544 
 1024      00
 1025              	.LASF11:
 1026 01f5 73697A65 		.ascii	"sizetype\000"
 1026      74797065 
 1026      00
 1027              	.LASF15:
 1028 01fe 504C4C30 		.ascii	"PLL0CFG\000"
 1028      43464700 
 1029              	.LASF8:
 1030 0206 6C6F6E67 		.ascii	"long long int\000"
 1030      206C6F6E 
 1030      6720696E 
 1030      7400
 1031              	.LASF39:
 1032 0214 50434C4B 		.ascii	"PCLKSEL0\000"
 1032      53454C30 
 1032      00
 1033              	.LASF40:
 1034 021d 50434C4B 		.ascii	"PCLKSEL1\000"
 1034      53454C31 
 1034      00
 1035              	.LASF49:
 1036 0226 53797374 		.ascii	"SystemCoreClock\000"
 1036      656D436F 
 1036      7265436C 
 1036      6F636B00 
 1037              	.LASF46:
 1038 0236 53797374 		.ascii	"SystemCoreClockUpdate\000"
 1038      656D436F 
 1038      7265436C 
 1038      6F636B55 
 1038      70646174 
 1039              	.LASF7:
 1040 024c 6C6F6E67 		.ascii	"long unsigned int\000"
 1040      20756E73 
 1040      69676E65 
 1040      6420696E 
 1040      7400
 1041              	.LASF33:
ARM GAS  /tmp/ccrjkVYg.s 			page 21


 1042 025e 4558544D 		.ascii	"EXTMODE\000"
 1042      4F444500 
 1043              	.LASF25:
 1044 0266 50434F4E 		.ascii	"PCONP\000"
 1044      5000
 1045              	.LASF2:
 1046 026c 73686F72 		.ascii	"short int\000"
 1046      7420696E 
 1046      7400
 1047              	.LASF52:
 1048 0276 2F686F6D 		.ascii	"/home/daniofb/Programming/ChibiOS-RT/demos/ARMCM3-L"
 1048      652F6461 
 1048      6E696F66 
 1048      622F5072 
 1048      6F677261 
 1049 02a9 50433137 		.ascii	"PC1768-AKAIKABA\000"
 1049      36382D41 
 1049      4B41494B 
 1049      41424100 
 1050              	.LASF12:
 1051 02b9 464C4153 		.ascii	"FLASHCFG\000"
 1051      48434647 
 1051      00
 1052              	.LASF6:
 1053 02c2 75696E74 		.ascii	"uint32_t\000"
 1053      33325F74 
 1053      00
 1054              	.LASF4:
 1055 02cb 6C6F6E67 		.ascii	"long int\000"
 1055      20696E74 
 1055      00
 1056              	.LASF42:
 1057 02d4 55534249 		.ascii	"USBIntSt\000"
 1057      6E745374 
 1057      00
 1058              	.LASF21:
 1059 02dd 504C4C31 		.ascii	"PLL1STAT\000"
 1059      53544154 
 1059      00
 1060              	.LASF0:
 1061 02e6 7369676E 		.ascii	"signed char\000"
 1061      65642063 
 1061      68617200 
 1062              	.LASF45:
 1063 02f2 4C50435F 		.ascii	"LPC_SC_TypeDef\000"
 1063      53435F54 
 1063      79706544 
 1063      656600
 1064              	.LASF20:
 1065 0301 504C4C31 		.ascii	"PLL1CFG\000"
 1065      43464700 
 1066              	.LASF24:
 1067 0309 50434F4E 		.ascii	"PCON\000"
 1067      00
 1068              	.LASF26:
 1069 030e 52455345 		.ascii	"RESERVED3\000"
 1069      52564544 
ARM GAS  /tmp/ccrjkVYg.s 			page 22


 1069      3300
 1070              		.ident	"GCC: (GNU) 4.8.1"
ARM GAS  /tmp/ccrjkVYg.s 			page 23


DEFINED SYMBOLS
                            *ABS*:0000000000000000 system_LPC17xx.c
     /tmp/ccrjkVYg.s:20     .text.SystemCoreClockUpdate:0000000000000000 $t
     /tmp/ccrjkVYg.s:25     .text.SystemCoreClockUpdate:0000000000000000 SystemCoreClockUpdate
     /tmp/ccrjkVYg.s:345    .data.SystemCoreClock:0000000000000000 .LANCHOR0
     /tmp/ccrjkVYg.s:166    .text.SystemInit:0000000000000000 $t
     /tmp/ccrjkVYg.s:171    .text.SystemInit:0000000000000000 SystemInit
     /tmp/ccrjkVYg.s:348    .data.SystemCoreClock:0000000000000000 SystemCoreClock
     /tmp/ccrjkVYg.s:344    .data.SystemCoreClock:0000000000000000 $d
                     .debug_frame:0000000000000010 $d

UNDEFINED SYMBOLS
__aeabi_uldivmod
