ARM GAS  /tmp/ccKp6nXF.s 			page 1


   1              		.syntax unified
   2              		.cpu cortex-m3
   3              		.fpu softvfp
   4              		.eabi_attribute 20, 1
   5              		.eabi_attribute 21, 1
   6              		.eabi_attribute 23, 3
   7              		.eabi_attribute 24, 1
   8              		.eabi_attribute 25, 1
   9              		.eabi_attribute 26, 1
  10              		.eabi_attribute 30, 2
  11              		.eabi_attribute 34, 1
  12              		.eabi_attribute 18, 4
  13              		.thumb
  14              		.file	"vectors.c"
  15              		.text
  16              	.Ltext0:
  17              		.cfi_sections	.debug_frame
  18              		.section	.text._unhandled_exception,"ax",%progbits
  19              		.align	2
  20              		.global	_unhandled_exception
  21              		.thumb
  22              		.thumb_func
  23              		.type	_unhandled_exception, %function
  24              	_unhandled_exception:
  25              	.LFB7:
  26              		.file 1 "../../os/ports/GCC/ARMCMx/LPC17xx/vectors.c"
  27              		.loc 1 149 0
  28              		.cfi_startproc
  29              		@ Naked Function: prologue and epilogue provided by programmer.
  30              		@ Volatile: function does not return.
  31              		@ args = 0, pretend = 0, frame = 0
  32              		@ frame_needed = 0, uses_anonymous_args = 0
  33              	.L2:
  34 0000 FEE7     		b	.L2
  35              		.cfi_endproc
  36              	.LFE7:
  37              		.size	_unhandled_exception, .-_unhandled_exception
  38              		.weak	NMIVector
  39              		.thumb_set NMIVector,_unhandled_exception
  40              		.weak	HardFaultVector
  41              		.thumb_set HardFaultVector,_unhandled_exception
  42              		.weak	MemManageVector
  43              		.thumb_set MemManageVector,_unhandled_exception
  44              		.weak	BusFaultVector
  45              		.thumb_set BusFaultVector,_unhandled_exception
  46              		.weak	UsageFaultVector
  47              		.thumb_set UsageFaultVector,_unhandled_exception
  48              		.weak	Vector1C
  49              		.thumb_set Vector1C,_unhandled_exception
  50              		.weak	Vector20
  51              		.thumb_set Vector20,_unhandled_exception
  52              		.weak	Vector24
  53              		.thumb_set Vector24,_unhandled_exception
  54              		.weak	Vector28
  55              		.thumb_set Vector28,_unhandled_exception
  56              		.weak	SVCallVector
  57              		.thumb_set SVCallVector,_unhandled_exception
ARM GAS  /tmp/ccKp6nXF.s 			page 2


  58              		.weak	DebugMonitorVector
  59              		.thumb_set DebugMonitorVector,_unhandled_exception
  60              		.weak	Vector34
  61              		.thumb_set Vector34,_unhandled_exception
  62              		.weak	PendSVVector
  63              		.thumb_set PendSVVector,_unhandled_exception
  64              		.weak	SysTickVector
  65              		.thumb_set SysTickVector,_unhandled_exception
  66              		.weak	Vector40
  67              		.thumb_set Vector40,_unhandled_exception
  68              		.weak	Vector44
  69              		.thumb_set Vector44,_unhandled_exception
  70              		.weak	Vector48
  71              		.thumb_set Vector48,_unhandled_exception
  72              		.weak	Vector4C
  73              		.thumb_set Vector4C,_unhandled_exception
  74              		.weak	Vector50
  75              		.thumb_set Vector50,_unhandled_exception
  76              		.weak	Vector54
  77              		.thumb_set Vector54,_unhandled_exception
  78              		.weak	Vector58
  79              		.thumb_set Vector58,_unhandled_exception
  80              		.weak	Vector5C
  81              		.thumb_set Vector5C,_unhandled_exception
  82              		.weak	Vector60
  83              		.thumb_set Vector60,_unhandled_exception
  84              		.weak	Vector64
  85              		.thumb_set Vector64,_unhandled_exception
  86              		.weak	Vector68
  87              		.thumb_set Vector68,_unhandled_exception
  88              		.weak	Vector6C
  89              		.thumb_set Vector6C,_unhandled_exception
  90              		.weak	Vector70
  91              		.thumb_set Vector70,_unhandled_exception
  92              		.weak	Vector74
  93              		.thumb_set Vector74,_unhandled_exception
  94              		.weak	Vector78
  95              		.thumb_set Vector78,_unhandled_exception
  96              		.weak	Vector7C
  97              		.thumb_set Vector7C,_unhandled_exception
  98              		.weak	Vector80
  99              		.thumb_set Vector80,_unhandled_exception
 100              		.weak	Vector84
 101              		.thumb_set Vector84,_unhandled_exception
 102              		.weak	Vector88
 103              		.thumb_set Vector88,_unhandled_exception
 104              		.weak	Vector8C
 105              		.thumb_set Vector8C,_unhandled_exception
 106              		.weak	Vector90
 107              		.thumb_set Vector90,_unhandled_exception
 108              		.weak	Vector94
 109              		.thumb_set Vector94,_unhandled_exception
 110              		.weak	Vector98
 111              		.thumb_set Vector98,_unhandled_exception
 112              		.weak	Vector9C
 113              		.thumb_set Vector9C,_unhandled_exception
 114              		.weak	VectorA0
ARM GAS  /tmp/ccKp6nXF.s 			page 3


 115              		.thumb_set VectorA0,_unhandled_exception
 116              		.weak	VectorA4
 117              		.thumb_set VectorA4,_unhandled_exception
 118              		.weak	VectorA8
 119              		.thumb_set VectorA8,_unhandled_exception
 120              		.weak	VectorAC
 121              		.thumb_set VectorAC,_unhandled_exception
 122              		.weak	VectorB0
 123              		.thumb_set VectorB0,_unhandled_exception
 124              		.weak	VectorB4
 125              		.thumb_set VectorB4,_unhandled_exception
 126              		.weak	VectorB8
 127              		.thumb_set VectorB8,_unhandled_exception
 128              		.weak	VectorBC
 129              		.thumb_set VectorBC,_unhandled_exception
 130              		.weak	VectorC0
 131              		.thumb_set VectorC0,_unhandled_exception
 132              		.weak	VectorC4
 133              		.thumb_set VectorC4,_unhandled_exception
 134              		.weak	VectorC8
 135              		.thumb_set VectorC8,_unhandled_exception
 136              		.global	_vectors
 137 0002 00BF     		.section	vectors,"aw",%progbits
 138              		.align	2
 139              		.type	_vectors, %object
 140              		.size	_vectors, 204
 141              	_vectors:
 142 0000 00000000 		.word	__main_stack_end__
 143 0004 00000000 		.word	ResetHandler
 144 0008 00000000 		.word	NMIVector
 145 000c 00000000 		.word	HardFaultVector
 146 0010 00000000 		.word	MemManageVector
 147 0014 00000000 		.word	BusFaultVector
 148 0018 00000000 		.word	UsageFaultVector
 149 001c 00000000 		.word	Vector1C
 150 0020 00000000 		.word	Vector20
 151 0024 00000000 		.word	Vector24
 152 0028 00000000 		.word	Vector28
 153 002c 00000000 		.word	SVCallVector
 154 0030 00000000 		.word	DebugMonitorVector
 155 0034 00000000 		.word	Vector34
 156 0038 00000000 		.word	PendSVVector
 157 003c 00000000 		.word	SysTickVector
 158 0040 00000000 		.word	Vector40
 159 0044 00000000 		.word	Vector44
 160 0048 00000000 		.word	Vector48
 161 004c 00000000 		.word	Vector4C
 162 0050 00000000 		.word	Vector50
 163 0054 00000000 		.word	Vector54
 164 0058 00000000 		.word	Vector58
 165 005c 00000000 		.word	Vector5C
 166 0060 00000000 		.word	Vector60
 167 0064 00000000 		.word	Vector64
 168 0068 00000000 		.word	Vector68
 169 006c 00000000 		.word	Vector6C
 170 0070 00000000 		.word	Vector70
 171 0074 00000000 		.word	Vector74
ARM GAS  /tmp/ccKp6nXF.s 			page 4


 172 0078 00000000 		.word	Vector78
 173 007c 00000000 		.word	Vector7C
 174 0080 00000000 		.word	Vector80
 175 0084 00000000 		.word	Vector84
 176 0088 00000000 		.word	Vector88
 177 008c 00000000 		.word	Vector8C
 178 0090 00000000 		.word	Vector90
 179 0094 00000000 		.word	Vector94
 180 0098 00000000 		.word	Vector98
 181 009c 00000000 		.word	Vector9C
 182 00a0 00000000 		.word	VectorA0
 183 00a4 00000000 		.word	VectorA4
 184 00a8 00000000 		.word	VectorA8
 185 00ac 00000000 		.word	VectorAC
 186 00b0 00000000 		.word	VectorB0
 187 00b4 00000000 		.word	VectorB4
 188 00b8 00000000 		.word	VectorB8
 189 00bc 00000000 		.word	VectorBC
 190 00c0 00000000 		.word	VectorC0
 191 00c4 00000000 		.word	VectorC4
 192 00c8 00000000 		.word	VectorC8
 193              		.text
 194              	.Letext0:
 195              		.file 2 "/home/daniofb/arm-cm3-eabi/arm-cm3-eabi/sys-include/stdint.h"
 196              		.section	.debug_info,"",%progbits
 197              	.Ldebug_info0:
 198 0000 BD010000 		.4byte	0x1bd
 199 0004 0400     		.2byte	0x4
 200 0006 00000000 		.4byte	.Ldebug_abbrev0
 201 000a 04       		.byte	0x4
 202 000b 01       		.uleb128 0x1
 203 000c 81000000 		.4byte	.LASF34
 204 0010 01       		.byte	0x1
 205 0011 7A010000 		.4byte	.LASF35
 206 0015 35020000 		.4byte	.LASF36
 207 0019 00000000 		.4byte	.Ldebug_ranges0+0
 208 001d 00000000 		.4byte	0
 209 0021 00000000 		.4byte	.Ldebug_line0
 210 0025 02       		.uleb128 0x2
 211 0026 04       		.byte	0x4
 212 0027 05       		.byte	0x5
 213 0028 696E7400 		.ascii	"int\000"
 214 002c 03       		.uleb128 0x3
 215 002d 04       		.byte	0x4
 216 002e 07       		.byte	0x7
 217 002f 32010000 		.4byte	.LASF0
 218 0033 03       		.uleb128 0x3
 219 0034 01       		.byte	0x1
 220 0035 06       		.byte	0x6
 221 0036 8A020000 		.4byte	.LASF1
 222 003a 03       		.uleb128 0x3
 223 003b 01       		.byte	0x1
 224 003c 08       		.byte	0x8
 225 003d 41000000 		.4byte	.LASF2
 226 0041 03       		.uleb128 0x3
 227 0042 02       		.byte	0x2
 228 0043 05       		.byte	0x5
ARM GAS  /tmp/ccKp6nXF.s 			page 5


 229 0044 2B020000 		.4byte	.LASF3
 230 0048 03       		.uleb128 0x3
 231 0049 02       		.byte	0x2
 232 004a 07       		.byte	0x7
 233 004b 6E000000 		.4byte	.LASF4
 234 004f 03       		.uleb128 0x3
 235 0050 04       		.byte	0x4
 236 0051 05       		.byte	0x5
 237 0052 81020000 		.4byte	.LASF5
 238 0056 04       		.uleb128 0x4
 239 0057 78020000 		.4byte	.LASF12
 240 005b 02       		.byte	0x2
 241 005c 50       		.byte	0x50
 242 005d 61000000 		.4byte	0x61
 243 0061 03       		.uleb128 0x3
 244 0062 04       		.byte	0x4
 245 0063 07       		.byte	0x7
 246 0064 5C000000 		.4byte	.LASF6
 247 0068 03       		.uleb128 0x3
 248 0069 08       		.byte	0x8
 249 006a 05       		.byte	0x5
 250 006b EA010000 		.4byte	.LASF7
 251 006f 03       		.uleb128 0x3
 252 0070 08       		.byte	0x8
 253 0071 07       		.byte	0x7
 254 0072 4A010000 		.4byte	.LASF8
 255 0076 03       		.uleb128 0x3
 256 0077 01       		.byte	0x1
 257 0078 02       		.byte	0x2
 258 0079 B3020000 		.4byte	.LASF9
 259 007d 03       		.uleb128 0x3
 260 007e 04       		.byte	0x4
 261 007f 07       		.byte	0x7
 262 0080 C2010000 		.4byte	.LASF10
 263 0084 03       		.uleb128 0x3
 264 0085 01       		.byte	0x1
 265 0086 08       		.byte	0x8
 266 0087 F8010000 		.4byte	.LASF11
 267 008b 04       		.uleb128 0x4
 268 008c 09000000 		.4byte	.LASF13
 269 0090 01       		.byte	0x1
 270 0091 24       		.byte	0x24
 271 0092 96000000 		.4byte	0x96
 272 0096 05       		.uleb128 0x5
 273 0097 04       		.byte	0x4
 274 0098 9C000000 		.4byte	0x9c
 275 009c 06       		.uleb128 0x6
 276 009d 07       		.uleb128 0x7
 277 009e CC       		.byte	0xcc
 278 009f 01       		.byte	0x1
 279 00a0 29       		.byte	0x29
 280 00a1 72010000 		.4byte	0x172
 281 00a5 08       		.uleb128 0x8
 282 00a6 28000000 		.4byte	.LASF14
 283 00aa 01       		.byte	0x1
 284 00ab 2A       		.byte	0x2a
 285 00ac 72010000 		.4byte	0x172
ARM GAS  /tmp/ccKp6nXF.s 			page 6


 286 00b0 00       		.byte	0
 287 00b1 08       		.uleb128 0x8
 288 00b2 4F000000 		.4byte	.LASF15
 289 00b6 01       		.byte	0x1
 290 00b7 2B       		.byte	0x2b
 291 00b8 8B000000 		.4byte	0x8b
 292 00bc 04       		.byte	0x4
 293 00bd 08       		.uleb128 0x8
 294 00be 3F010000 		.4byte	.LASF16
 295 00c2 01       		.byte	0x1
 296 00c3 2C       		.byte	0x2c
 297 00c4 8B000000 		.4byte	0x8b
 298 00c8 08       		.byte	0x8
 299 00c9 08       		.uleb128 0x8
 300 00ca D9010000 		.4byte	.LASF17
 301 00ce 01       		.byte	0x1
 302 00cf 2D       		.byte	0x2d
 303 00d0 8B000000 		.4byte	0x8b
 304 00d4 0C       		.byte	0xc
 305 00d5 08       		.uleb128 0x8
 306 00d6 FD010000 		.4byte	.LASF18
 307 00da 01       		.byte	0x1
 308 00db 2E       		.byte	0x2e
 309 00dc 8B000000 		.4byte	0x8b
 310 00e0 10       		.byte	0x10
 311 00e1 08       		.uleb128 0x8
 312 00e2 61010000 		.4byte	.LASF19
 313 00e6 01       		.byte	0x1
 314 00e7 2F       		.byte	0x2f
 315 00e8 8B000000 		.4byte	0x8b
 316 00ec 14       		.byte	0x14
 317 00ed 08       		.uleb128 0x8
 318 00ee A6010000 		.4byte	.LASF20
 319 00f2 01       		.byte	0x1
 320 00f3 30       		.byte	0x30
 321 00f4 8B000000 		.4byte	0x8b
 322 00f8 18       		.byte	0x18
 323 00f9 08       		.uleb128 0x8
 324 00fa 1A010000 		.4byte	.LASF21
 325 00fe 01       		.byte	0x1
 326 00ff 31       		.byte	0x31
 327 0100 8B000000 		.4byte	0x8b
 328 0104 1C       		.byte	0x1c
 329 0105 08       		.uleb128 0x8
 330 0106 AA020000 		.4byte	.LASF22
 331 010a 01       		.byte	0x1
 332 010b 32       		.byte	0x32
 333 010c 8B000000 		.4byte	0x8b
 334 0110 20       		.byte	0x20
 335 0111 08       		.uleb128 0x8
 336 0112 00000000 		.4byte	.LASF23
 337 0116 01       		.byte	0x1
 338 0117 33       		.byte	0x33
 339 0118 8B000000 		.4byte	0x8b
 340 011c 24       		.byte	0x24
 341 011d 08       		.uleb128 0x8
 342 011e 71010000 		.4byte	.LASF24
ARM GAS  /tmp/ccKp6nXF.s 			page 7


 343 0122 01       		.byte	0x1
 344 0123 34       		.byte	0x34
 345 0124 8B000000 		.4byte	0x8b
 346 0128 28       		.byte	0x28
 347 0129 08       		.uleb128 0x8
 348 012a 33000000 		.4byte	.LASF25
 349 012e 01       		.byte	0x1
 350 012f 35       		.byte	0x35
 351 0130 8B000000 		.4byte	0x8b
 352 0134 2C       		.byte	0x2c
 353 0135 08       		.uleb128 0x8
 354 0136 96020000 		.4byte	.LASF26
 355 013a 01       		.byte	0x1
 356 013b 36       		.byte	0x36
 357 013c 8B000000 		.4byte	0x8b
 358 0140 30       		.byte	0x30
 359 0141 08       		.uleb128 0x8
 360 0142 16000000 		.4byte	.LASF27
 361 0146 01       		.byte	0x1
 362 0147 37       		.byte	0x37
 363 0148 8B000000 		.4byte	0x8b
 364 014c 34       		.byte	0x34
 365 014d 08       		.uleb128 0x8
 366 014e CB010000 		.4byte	.LASF28
 367 0152 01       		.byte	0x1
 368 0153 38       		.byte	0x38
 369 0154 8B000000 		.4byte	0x8b
 370 0158 38       		.byte	0x38
 371 0159 08       		.uleb128 0x8
 372 015a 23010000 		.4byte	.LASF29
 373 015e 01       		.byte	0x1
 374 015f 39       		.byte	0x39
 375 0160 8B000000 		.4byte	0x8b
 376 0164 3C       		.byte	0x3c
 377 0165 08       		.uleb128 0x8
 378 0166 23020000 		.4byte	.LASF30
 379 016a 01       		.byte	0x1
 380 016b 3A       		.byte	0x3a
 381 016c 78010000 		.4byte	0x178
 382 0170 40       		.byte	0x40
 383 0171 00       		.byte	0
 384 0172 05       		.uleb128 0x5
 385 0173 04       		.byte	0x4
 386 0174 56000000 		.4byte	0x56
 387 0178 09       		.uleb128 0x9
 388 0179 8B000000 		.4byte	0x8b
 389 017d 88010000 		.4byte	0x188
 390 0181 0A       		.uleb128 0xa
 391 0182 7D000000 		.4byte	0x7d
 392 0186 22       		.byte	0x22
 393 0187 00       		.byte	0
 394 0188 04       		.uleb128 0x4
 395 0189 B8010000 		.4byte	.LASF31
 396 018d 01       		.byte	0x1
 397 018e 3B       		.byte	0x3b
 398 018f 9D000000 		.4byte	0x9d
 399 0193 0B       		.uleb128 0xb
ARM GAS  /tmp/ccKp6nXF.s 			page 8


 400 0194 0E020000 		.4byte	.LASF37
 401 0198 01       		.byte	0x1
 402 0199 95       		.byte	0x95
 403 019a 00000000 		.4byte	.LFB7
 404 019e 02000000 		.4byte	.LFE7-.LFB7
 405 01a2 01       		.uleb128 0x1
 406 01a3 9C       		.byte	0x9c
 407 01a4 0C       		.uleb128 0xc
 408 01a5 B9020000 		.4byte	.LASF32
 409 01a9 01       		.byte	0x1
 410 01aa 3E       		.byte	0x3e
 411 01ab 56000000 		.4byte	0x56
 412 01af 0D       		.uleb128 0xd
 413 01b0 1F000000 		.4byte	.LASF33
 414 01b4 01       		.byte	0x1
 415 01b5 79       		.byte	0x79
 416 01b6 88010000 		.4byte	0x188
 417 01ba 05       		.uleb128 0x5
 418 01bb 03       		.byte	0x3
 419 01bc 00000000 		.4byte	_vectors
 420 01c0 00       		.byte	0
 421              		.section	.debug_abbrev,"",%progbits
 422              	.Ldebug_abbrev0:
 423 0000 01       		.uleb128 0x1
 424 0001 11       		.uleb128 0x11
 425 0002 01       		.byte	0x1
 426 0003 25       		.uleb128 0x25
 427 0004 0E       		.uleb128 0xe
 428 0005 13       		.uleb128 0x13
 429 0006 0B       		.uleb128 0xb
 430 0007 03       		.uleb128 0x3
 431 0008 0E       		.uleb128 0xe
 432 0009 1B       		.uleb128 0x1b
 433 000a 0E       		.uleb128 0xe
 434 000b 55       		.uleb128 0x55
 435 000c 17       		.uleb128 0x17
 436 000d 11       		.uleb128 0x11
 437 000e 01       		.uleb128 0x1
 438 000f 10       		.uleb128 0x10
 439 0010 17       		.uleb128 0x17
 440 0011 00       		.byte	0
 441 0012 00       		.byte	0
 442 0013 02       		.uleb128 0x2
 443 0014 24       		.uleb128 0x24
 444 0015 00       		.byte	0
 445 0016 0B       		.uleb128 0xb
 446 0017 0B       		.uleb128 0xb
 447 0018 3E       		.uleb128 0x3e
 448 0019 0B       		.uleb128 0xb
 449 001a 03       		.uleb128 0x3
 450 001b 08       		.uleb128 0x8
 451 001c 00       		.byte	0
 452 001d 00       		.byte	0
 453 001e 03       		.uleb128 0x3
 454 001f 24       		.uleb128 0x24
 455 0020 00       		.byte	0
 456 0021 0B       		.uleb128 0xb
ARM GAS  /tmp/ccKp6nXF.s 			page 9


 457 0022 0B       		.uleb128 0xb
 458 0023 3E       		.uleb128 0x3e
 459 0024 0B       		.uleb128 0xb
 460 0025 03       		.uleb128 0x3
 461 0026 0E       		.uleb128 0xe
 462 0027 00       		.byte	0
 463 0028 00       		.byte	0
 464 0029 04       		.uleb128 0x4
 465 002a 16       		.uleb128 0x16
 466 002b 00       		.byte	0
 467 002c 03       		.uleb128 0x3
 468 002d 0E       		.uleb128 0xe
 469 002e 3A       		.uleb128 0x3a
 470 002f 0B       		.uleb128 0xb
 471 0030 3B       		.uleb128 0x3b
 472 0031 0B       		.uleb128 0xb
 473 0032 49       		.uleb128 0x49
 474 0033 13       		.uleb128 0x13
 475 0034 00       		.byte	0
 476 0035 00       		.byte	0
 477 0036 05       		.uleb128 0x5
 478 0037 0F       		.uleb128 0xf
 479 0038 00       		.byte	0
 480 0039 0B       		.uleb128 0xb
 481 003a 0B       		.uleb128 0xb
 482 003b 49       		.uleb128 0x49
 483 003c 13       		.uleb128 0x13
 484 003d 00       		.byte	0
 485 003e 00       		.byte	0
 486 003f 06       		.uleb128 0x6
 487 0040 15       		.uleb128 0x15
 488 0041 00       		.byte	0
 489 0042 27       		.uleb128 0x27
 490 0043 19       		.uleb128 0x19
 491 0044 00       		.byte	0
 492 0045 00       		.byte	0
 493 0046 07       		.uleb128 0x7
 494 0047 13       		.uleb128 0x13
 495 0048 01       		.byte	0x1
 496 0049 0B       		.uleb128 0xb
 497 004a 0B       		.uleb128 0xb
 498 004b 3A       		.uleb128 0x3a
 499 004c 0B       		.uleb128 0xb
 500 004d 3B       		.uleb128 0x3b
 501 004e 0B       		.uleb128 0xb
 502 004f 01       		.uleb128 0x1
 503 0050 13       		.uleb128 0x13
 504 0051 00       		.byte	0
 505 0052 00       		.byte	0
 506 0053 08       		.uleb128 0x8
 507 0054 0D       		.uleb128 0xd
 508 0055 00       		.byte	0
 509 0056 03       		.uleb128 0x3
 510 0057 0E       		.uleb128 0xe
 511 0058 3A       		.uleb128 0x3a
 512 0059 0B       		.uleb128 0xb
 513 005a 3B       		.uleb128 0x3b
ARM GAS  /tmp/ccKp6nXF.s 			page 10


 514 005b 0B       		.uleb128 0xb
 515 005c 49       		.uleb128 0x49
 516 005d 13       		.uleb128 0x13
 517 005e 38       		.uleb128 0x38
 518 005f 0B       		.uleb128 0xb
 519 0060 00       		.byte	0
 520 0061 00       		.byte	0
 521 0062 09       		.uleb128 0x9
 522 0063 01       		.uleb128 0x1
 523 0064 01       		.byte	0x1
 524 0065 49       		.uleb128 0x49
 525 0066 13       		.uleb128 0x13
 526 0067 01       		.uleb128 0x1
 527 0068 13       		.uleb128 0x13
 528 0069 00       		.byte	0
 529 006a 00       		.byte	0
 530 006b 0A       		.uleb128 0xa
 531 006c 21       		.uleb128 0x21
 532 006d 00       		.byte	0
 533 006e 49       		.uleb128 0x49
 534 006f 13       		.uleb128 0x13
 535 0070 2F       		.uleb128 0x2f
 536 0071 0B       		.uleb128 0xb
 537 0072 00       		.byte	0
 538 0073 00       		.byte	0
 539 0074 0B       		.uleb128 0xb
 540 0075 2E       		.uleb128 0x2e
 541 0076 00       		.byte	0
 542 0077 3F       		.uleb128 0x3f
 543 0078 19       		.uleb128 0x19
 544 0079 03       		.uleb128 0x3
 545 007a 0E       		.uleb128 0xe
 546 007b 3A       		.uleb128 0x3a
 547 007c 0B       		.uleb128 0xb
 548 007d 3B       		.uleb128 0x3b
 549 007e 0B       		.uleb128 0xb
 550 007f 27       		.uleb128 0x27
 551 0080 19       		.uleb128 0x19
 552 0081 11       		.uleb128 0x11
 553 0082 01       		.uleb128 0x1
 554 0083 12       		.uleb128 0x12
 555 0084 06       		.uleb128 0x6
 556 0085 40       		.uleb128 0x40
 557 0086 18       		.uleb128 0x18
 558 0087 9742     		.uleb128 0x2117
 559 0089 19       		.uleb128 0x19
 560 008a 00       		.byte	0
 561 008b 00       		.byte	0
 562 008c 0C       		.uleb128 0xc
 563 008d 34       		.uleb128 0x34
 564 008e 00       		.byte	0
 565 008f 03       		.uleb128 0x3
 566 0090 0E       		.uleb128 0xe
 567 0091 3A       		.uleb128 0x3a
 568 0092 0B       		.uleb128 0xb
 569 0093 3B       		.uleb128 0x3b
 570 0094 0B       		.uleb128 0xb
ARM GAS  /tmp/ccKp6nXF.s 			page 11


 571 0095 49       		.uleb128 0x49
 572 0096 13       		.uleb128 0x13
 573 0097 3F       		.uleb128 0x3f
 574 0098 19       		.uleb128 0x19
 575 0099 3C       		.uleb128 0x3c
 576 009a 19       		.uleb128 0x19
 577 009b 00       		.byte	0
 578 009c 00       		.byte	0
 579 009d 0D       		.uleb128 0xd
 580 009e 34       		.uleb128 0x34
 581 009f 00       		.byte	0
 582 00a0 03       		.uleb128 0x3
 583 00a1 0E       		.uleb128 0xe
 584 00a2 3A       		.uleb128 0x3a
 585 00a3 0B       		.uleb128 0xb
 586 00a4 3B       		.uleb128 0x3b
 587 00a5 0B       		.uleb128 0xb
 588 00a6 49       		.uleb128 0x49
 589 00a7 13       		.uleb128 0x13
 590 00a8 3F       		.uleb128 0x3f
 591 00a9 19       		.uleb128 0x19
 592 00aa 02       		.uleb128 0x2
 593 00ab 18       		.uleb128 0x18
 594 00ac 00       		.byte	0
 595 00ad 00       		.byte	0
 596 00ae 00       		.byte	0
 597              		.section	.debug_aranges,"",%progbits
 598 0000 1C000000 		.4byte	0x1c
 599 0004 0200     		.2byte	0x2
 600 0006 00000000 		.4byte	.Ldebug_info0
 601 000a 04       		.byte	0x4
 602 000b 00       		.byte	0
 603 000c 0000     		.2byte	0
 604 000e 0000     		.2byte	0
 605 0010 00000000 		.4byte	.LFB7
 606 0014 02000000 		.4byte	.LFE7-.LFB7
 607 0018 00000000 		.4byte	0
 608 001c 00000000 		.4byte	0
 609              		.section	.debug_ranges,"",%progbits
 610              	.Ldebug_ranges0:
 611 0000 00000000 		.4byte	.LFB7
 612 0004 02000000 		.4byte	.LFE7
 613 0008 00000000 		.4byte	0
 614 000c 00000000 		.4byte	0
 615              		.section	.debug_line,"",%progbits
 616              	.Ldebug_line0:
 617 0000 98000000 		.section	.debug_str,"MS",%progbits,1
 617      02008200 
 617      00000201 
 617      FB0E0D00 
 617      01010101 
 618              	.LASF23:
 619 0000 76656374 		.ascii	"vector24\000"
 619      6F723234 
 619      00
 620              	.LASF13:
 621 0009 6972715F 		.ascii	"irq_vector_t\000"
ARM GAS  /tmp/ccKp6nXF.s 			page 12


 621      76656374 
 621      6F725F74 
 621      00
 622              	.LASF27:
 623 0016 76656374 		.ascii	"vector34\000"
 623      6F723334 
 623      00
 624              	.LASF33:
 625 001f 5F766563 		.ascii	"_vectors\000"
 625      746F7273 
 625      00
 626              	.LASF14:
 627 0028 696E6974 		.ascii	"init_stack\000"
 627      5F737461 
 627      636B00
 628              	.LASF25:
 629 0033 73766361 		.ascii	"svcall_vector\000"
 629      6C6C5F76 
 629      6563746F 
 629      7200
 630              	.LASF2:
 631 0041 756E7369 		.ascii	"unsigned char\000"
 631      676E6564 
 631      20636861 
 631      7200
 632              	.LASF15:
 633 004f 72657365 		.ascii	"reset_vector\000"
 633      745F7665 
 633      63746F72 
 633      00
 634              	.LASF6:
 635 005c 6C6F6E67 		.ascii	"long unsigned int\000"
 635      20756E73 
 635      69676E65 
 635      6420696E 
 635      7400
 636              	.LASF4:
 637 006e 73686F72 		.ascii	"short unsigned int\000"
 637      7420756E 
 637      7369676E 
 637      65642069 
 637      6E7400
 638              	.LASF34:
 639 0081 474E5520 		.ascii	"GNU C 4.8.1 -mcpu=cortex-m3 -mno-thumb-interwork -m"
 639      4320342E 
 639      382E3120 
 639      2D6D6370 
 639      753D636F 
 640 00b4 7468756D 		.ascii	"thumb -mfloat-abi=soft -ggdb -O2 -fomit-frame-point"
 640      62202D6D 
 640      666C6F61 
 640      742D6162 
 640      693D736F 
 641 00e7 6572202D 		.ascii	"er -ffunction-sections -fdata-sections -fno-common\000"
 641      6666756E 
 641      6374696F 
 641      6E2D7365 
ARM GAS  /tmp/ccKp6nXF.s 			page 13


 641      6374696F 
 642              	.LASF21:
 643 011a 76656374 		.ascii	"vector1c\000"
 643      6F723163 
 643      00
 644              	.LASF29:
 645 0123 73797374 		.ascii	"systick_vector\000"
 645      69636B5F 
 645      76656374 
 645      6F7200
 646              	.LASF0:
 647 0132 756E7369 		.ascii	"unsigned int\000"
 647      676E6564 
 647      20696E74 
 647      00
 648              	.LASF16:
 649 013f 6E6D695F 		.ascii	"nmi_vector\000"
 649      76656374 
 649      6F7200
 650              	.LASF8:
 651 014a 6C6F6E67 		.ascii	"long long unsigned int\000"
 651      206C6F6E 
 651      6720756E 
 651      7369676E 
 651      65642069 
 652              	.LASF19:
 653 0161 62757366 		.ascii	"busfault_vector\000"
 653      61756C74 
 653      5F766563 
 653      746F7200 
 654              	.LASF24:
 655 0171 76656374 		.ascii	"vector28\000"
 655      6F723238 
 655      00
 656              	.LASF35:
 657 017a 2E2E2F2E 		.ascii	"../../os/ports/GCC/ARMCMx/LPC17xx/vectors.c\000"
 657      2E2F6F73 
 657      2F706F72 
 657      74732F47 
 657      43432F41 
 658              	.LASF20:
 659 01a6 75736167 		.ascii	"usagefault_vector\000"
 659      65666175 
 659      6C745F76 
 659      6563746F 
 659      7200
 660              	.LASF31:
 661 01b8 76656374 		.ascii	"vectors_t\000"
 661      6F72735F 
 661      7400
 662              	.LASF10:
 663 01c2 73697A65 		.ascii	"sizetype\000"
 663      74797065 
 663      00
 664              	.LASF28:
 665 01cb 70656E64 		.ascii	"pendsv_vector\000"
 665      73765F76 
ARM GAS  /tmp/ccKp6nXF.s 			page 14


 665      6563746F 
 665      7200
 666              	.LASF17:
 667 01d9 68617264 		.ascii	"hardfault_vector\000"
 667      6661756C 
 667      745F7665 
 667      63746F72 
 667      00
 668              	.LASF7:
 669 01ea 6C6F6E67 		.ascii	"long long int\000"
 669      206C6F6E 
 669      6720696E 
 669      7400
 670              	.LASF11:
 671 01f8 63686172 		.ascii	"char\000"
 671      00
 672              	.LASF18:
 673 01fd 6D656D6D 		.ascii	"memmanage_vector\000"
 673      616E6167 
 673      655F7665 
 673      63746F72 
 673      00
 674              	.LASF37:
 675 020e 5F756E68 		.ascii	"_unhandled_exception\000"
 675      616E646C 
 675      65645F65 
 675      78636570 
 675      74696F6E 
 676              	.LASF30:
 677 0223 76656374 		.ascii	"vectors\000"
 677      6F727300 
 678              	.LASF3:
 679 022b 73686F72 		.ascii	"short int\000"
 679      7420696E 
 679      7400
 680              	.LASF36:
 681 0235 2F686F6D 		.ascii	"/home/daniofb/Programming/ChibiOS-RT/demos/ARMCM3-L"
 681      652F6461 
 681      6E696F66 
 681      622F5072 
 681      6F677261 
 682 0268 50433137 		.ascii	"PC1768-AKAIKABA\000"
 682      36382D41 
 682      4B41494B 
 682      41424100 
 683              	.LASF12:
 684 0278 75696E74 		.ascii	"uint32_t\000"
 684      33325F74 
 684      00
 685              	.LASF5:
 686 0281 6C6F6E67 		.ascii	"long int\000"
 686      20696E74 
 686      00
 687              	.LASF1:
 688 028a 7369676E 		.ascii	"signed char\000"
 688      65642063 
 688      68617200 
ARM GAS  /tmp/ccKp6nXF.s 			page 15


 689              	.LASF26:
 690 0296 64656275 		.ascii	"debugmonitor_vector\000"
 690      676D6F6E 
 690      69746F72 
 690      5F766563 
 690      746F7200 
 691              	.LASF22:
 692 02aa 76656374 		.ascii	"vector20\000"
 692      6F723230 
 692      00
 693              	.LASF9:
 694 02b3 5F426F6F 		.ascii	"_Bool\000"
 694      6C00
 695              	.LASF32:
 696 02b9 5F5F6D61 		.ascii	"__main_stack_end__\000"
 696      696E5F73 
 696      7461636B 
 696      5F656E64 
 696      5F5F00
 697              		.ident	"GCC: (GNU) 4.8.1"
ARM GAS  /tmp/ccKp6nXF.s 			page 16


DEFINED SYMBOLS
                            *ABS*:0000000000000000 vectors.c
     /tmp/ccKp6nXF.s:19     .text._unhandled_exception:0000000000000000 $t
     /tmp/ccKp6nXF.s:24     .text._unhandled_exception:0000000000000000 _unhandled_exception
     /tmp/ccKp6nXF.s:24     .text._unhandled_exception:0000000000000000 NMIVector
     /tmp/ccKp6nXF.s:24     .text._unhandled_exception:0000000000000000 HardFaultVector
     /tmp/ccKp6nXF.s:24     .text._unhandled_exception:0000000000000000 MemManageVector
     /tmp/ccKp6nXF.s:24     .text._unhandled_exception:0000000000000000 BusFaultVector
     /tmp/ccKp6nXF.s:24     .text._unhandled_exception:0000000000000000 UsageFaultVector
     /tmp/ccKp6nXF.s:24     .text._unhandled_exception:0000000000000000 Vector1C
     /tmp/ccKp6nXF.s:24     .text._unhandled_exception:0000000000000000 Vector20
     /tmp/ccKp6nXF.s:24     .text._unhandled_exception:0000000000000000 Vector24
     /tmp/ccKp6nXF.s:24     .text._unhandled_exception:0000000000000000 Vector28
     /tmp/ccKp6nXF.s:24     .text._unhandled_exception:0000000000000000 SVCallVector
     /tmp/ccKp6nXF.s:24     .text._unhandled_exception:0000000000000000 DebugMonitorVector
     /tmp/ccKp6nXF.s:24     .text._unhandled_exception:0000000000000000 Vector34
     /tmp/ccKp6nXF.s:24     .text._unhandled_exception:0000000000000000 PendSVVector
     /tmp/ccKp6nXF.s:24     .text._unhandled_exception:0000000000000000 SysTickVector
     /tmp/ccKp6nXF.s:24     .text._unhandled_exception:0000000000000000 Vector40
     /tmp/ccKp6nXF.s:24     .text._unhandled_exception:0000000000000000 Vector44
     /tmp/ccKp6nXF.s:24     .text._unhandled_exception:0000000000000000 Vector48
     /tmp/ccKp6nXF.s:24     .text._unhandled_exception:0000000000000000 Vector4C
     /tmp/ccKp6nXF.s:24     .text._unhandled_exception:0000000000000000 Vector50
     /tmp/ccKp6nXF.s:24     .text._unhandled_exception:0000000000000000 Vector54
     /tmp/ccKp6nXF.s:24     .text._unhandled_exception:0000000000000000 Vector58
     /tmp/ccKp6nXF.s:24     .text._unhandled_exception:0000000000000000 Vector5C
     /tmp/ccKp6nXF.s:24     .text._unhandled_exception:0000000000000000 Vector60
     /tmp/ccKp6nXF.s:24     .text._unhandled_exception:0000000000000000 Vector64
     /tmp/ccKp6nXF.s:24     .text._unhandled_exception:0000000000000000 Vector68
     /tmp/ccKp6nXF.s:24     .text._unhandled_exception:0000000000000000 Vector6C
     /tmp/ccKp6nXF.s:24     .text._unhandled_exception:0000000000000000 Vector70
     /tmp/ccKp6nXF.s:24     .text._unhandled_exception:0000000000000000 Vector74
     /tmp/ccKp6nXF.s:24     .text._unhandled_exception:0000000000000000 Vector78
     /tmp/ccKp6nXF.s:24     .text._unhandled_exception:0000000000000000 Vector7C
     /tmp/ccKp6nXF.s:24     .text._unhandled_exception:0000000000000000 Vector80
     /tmp/ccKp6nXF.s:24     .text._unhandled_exception:0000000000000000 Vector84
     /tmp/ccKp6nXF.s:24     .text._unhandled_exception:0000000000000000 Vector88
     /tmp/ccKp6nXF.s:24     .text._unhandled_exception:0000000000000000 Vector8C
     /tmp/ccKp6nXF.s:24     .text._unhandled_exception:0000000000000000 Vector90
     /tmp/ccKp6nXF.s:24     .text._unhandled_exception:0000000000000000 Vector94
     /tmp/ccKp6nXF.s:24     .text._unhandled_exception:0000000000000000 Vector98
     /tmp/ccKp6nXF.s:24     .text._unhandled_exception:0000000000000000 Vector9C
     /tmp/ccKp6nXF.s:24     .text._unhandled_exception:0000000000000000 VectorA0
     /tmp/ccKp6nXF.s:24     .text._unhandled_exception:0000000000000000 VectorA4
     /tmp/ccKp6nXF.s:24     .text._unhandled_exception:0000000000000000 VectorA8
     /tmp/ccKp6nXF.s:24     .text._unhandled_exception:0000000000000000 VectorAC
     /tmp/ccKp6nXF.s:24     .text._unhandled_exception:0000000000000000 VectorB0
     /tmp/ccKp6nXF.s:24     .text._unhandled_exception:0000000000000000 VectorB4
     /tmp/ccKp6nXF.s:24     .text._unhandled_exception:0000000000000000 VectorB8
     /tmp/ccKp6nXF.s:24     .text._unhandled_exception:0000000000000000 VectorBC
     /tmp/ccKp6nXF.s:24     .text._unhandled_exception:0000000000000000 VectorC0
     /tmp/ccKp6nXF.s:24     .text._unhandled_exception:0000000000000000 VectorC4
     /tmp/ccKp6nXF.s:24     .text._unhandled_exception:0000000000000000 VectorC8
     /tmp/ccKp6nXF.s:141    vectors:0000000000000000 _vectors
     /tmp/ccKp6nXF.s:138    vectors:0000000000000000 $d
                     .debug_frame:0000000000000010 $d

ARM GAS  /tmp/ccKp6nXF.s 			page 17


UNDEFINED SYMBOLS
__main_stack_end__
ResetHandler
